[0.011s] Invoking command in '/home/sangwon/ROS2_turtlesim_ws/build/turtle_demo_controller': CMAKE_PREFIX_PATH=${CMAKE_PREFIX_PATH}:/opt/ros/foxy /usr/bin/cmake /home/sangwon/ROS2_turtlesim_ws/src/turtle_demo_controller -DCMAKE_INSTALL_PREFIX=/home/sangwon/ROS2_turtlesim_ws/install/turtle_demo_controller
[0.197s] -- The C compiler identification is GNU 9.4.0
[0.413s] -- The CXX compiler identification is GNU 9.4.0
[0.471s] -- Check for working C compiler: /usr/bin/cc
[0.584s] -- Check for working C compiler: /usr/bin/cc -- works
[0.585s] -- Detecting C compiler ABI info
[0.698s] -- Detecting C compiler ABI info - done
[0.705s] -- Detecting C compile features
[0.705s] -- Detecting C compile features - done
[0.707s] -- Check for working CXX compiler: /usr/bin/c++
[0.831s] -- Check for working CXX compiler: /usr/bin/c++ -- works
[0.832s] -- Detecting CXX compiler ABI info
[0.946s] -- Detecting CXX compiler ABI info - done
[0.953s] -- Detecting CXX compile features
[0.953s] -- Detecting CXX compile features - done
[0.960s] -- Found ament_cmake: 0.9.12 (/opt/ros/foxy/share/ament_cmake/cmake)
[0.977s] -- Found PythonInterp: /usr/bin/python3 (found suitable version "3.8.10", minimum required is "3") 
[0.977s] -- Using PYTHON_EXECUTABLE: /usr/bin/python3
[1.104s] -- Found rclpy: 1.0.13 (/opt/ros/foxy/share/rclpy/cmake)
[1.106s] -- Found geometry_msgs: 2.0.5 (/opt/ros/foxy/share/geometry_msgs/cmake)
[1.191s] -- Using all available rosidl_typesupport_c: rosidl_typesupport_fastrtps_c;rosidl_typesupport_introspection_c
[1.195s] -- Found rosidl_adapter: 1.3.1 (/opt/ros/foxy/share/rosidl_adapter/cmake)
[1.828s] -- Found OpenSSL: /usr/lib/x86_64-linux-gnu/libcrypto.so (found version "1.1.1f")  
[2.429s] -- Found FastRTPS: /opt/ros/foxy/include  
[3.536s] -- Using all available rosidl_typesupport_cpp: rosidl_typesupport_fastrtps_cpp;rosidl_typesupport_introspection_cpp
[3.585s] -- Found turtlesim: 1.2.6 (/opt/ros/foxy/share/turtlesim/cmake)
[3.645s] -- Found rosidl_default_generators: 1.0.1 (/opt/ros/foxy/share/rosidl_default_generators/cmake)
[3.668s] -- Found PythonInterp: /usr/bin/python3 (found version "3.8.10") 
[3.775s] -- Found ament_cmake_ros: 0.9.2 (/opt/ros/foxy/share/ament_cmake_ros/cmake)
[6.073s] -- Using all available rosidl_typesupport_c: rosidl_typesupport_fastrtps_c;rosidl_typesupport_introspection_c
[6.135s] -- Using all available rosidl_typesupport_cpp: rosidl_typesupport_fastrtps_cpp;rosidl_typesupport_introspection_cpp
[6.153s] -- Found PythonInterp: /usr/bin/python3 (found suitable version "3.8.10", minimum required is "3.5") 
[6.156s] -- Found python_cmake_module: 0.8.1 (/opt/ros/foxy/share/python_cmake_module/cmake)
[6.391s] -- Found PythonLibs: /usr/lib/x86_64-linux-gnu/libpython3.8.so (found suitable version "3.8.10", minimum required is "3.5") 
[6.391s] -- Using PYTHON_EXECUTABLE: /usr/bin/python3
[6.391s] -- Using PYTHON_INCLUDE_DIRS: /usr/include/python3.8
[6.391s] -- Using PYTHON_LIBRARIES: /usr/lib/x86_64-linux-gnu/libpython3.8.so
[6.406s] -- Found PythonExtra: .so  
[6.486s] -- Configuring done
[6.541s] -- Generating done
[6.544s] -- Build files have been written to: /home/sangwon/ROS2_turtlesim_ws/build/turtle_demo_controller
[6.552s] Invoked command in '/home/sangwon/ROS2_turtlesim_ws/build/turtle_demo_controller' returned '0': CMAKE_PREFIX_PATH=${CMAKE_PREFIX_PATH}:/opt/ros/foxy /usr/bin/cmake /home/sangwon/ROS2_turtlesim_ws/src/turtle_demo_controller -DCMAKE_INSTALL_PREFIX=/home/sangwon/ROS2_turtlesim_ws/install/turtle_demo_controller
[6.555s] Invoking command in '/home/sangwon/ROS2_turtlesim_ws/build/turtle_demo_controller': CMAKE_PREFIX_PATH=${CMAKE_PREFIX_PATH}:/opt/ros/foxy /usr/bin/cmake --build /home/sangwon/ROS2_turtlesim_ws/build/turtle_demo_controller -- -j12 -l12
[6.591s] [35m[1mScanning dependencies of target turtle_demo_controller__cpp[0m
[6.592s] [  3%] [34m[1mGenerating C code for ROS interfaces[0m
[6.601s] [  6%] [34m[1mGenerating C++ code for ROS interfaces[0m
[6.732s] [35m[1mScanning dependencies of target turtle_demo_controller__rosidl_generator_c[0m
[6.742s] [  6%] Built target turtle_demo_controller__cpp
[6.745s] [  9%] [32mBuilding C object CMakeFiles/turtle_demo_controller__rosidl_generator_c.dir/rosidl_generator_c/turtle_demo_controller/msg/detail/encrypted_data__functions.c.o[0m
[6.752s] [ 12%] [34m[1mGenerating C++ type support for eProsima Fast-RTPS[0m
[6.753s] [ 19%] [34m[1mGenerating C++ introspection for ROS interfaces[0m
[6.753s] [ 19%] [34m[1mGenerating C++ type support dispatch for ROS interfaces[0m
[6.799s] [ 22%] [32m[1mLinking C shared library libturtle_demo_controller__rosidl_generator_c.so[0m
[6.887s] [35m[1mScanning dependencies of target turtle_demo_controller__rosidl_typesupport_introspection_cpp[0m
[6.888s] [ 22%] Built target turtle_demo_controller__rosidl_generator_c
[6.890s] [35m[1mScanning dependencies of target turtle_demo_controller__rosidl_typesupport_cpp[0m
[6.898s] [35m[1mScanning dependencies of target turtle_demo_controller__rosidl_typesupport_fastrtps_cpp[0m
[6.898s] [ 25%] [34m[1mGenerating C type support dispatch for ROS interfaces[0m
[6.899s] [ 29%] [34m[1mGenerating C introspection for ROS interfaces[0m
[6.903s] [ 32%] [32mBuilding CXX object CMakeFiles/turtle_demo_controller__rosidl_typesupport_introspection_cpp.dir/rosidl_typesupport_introspection_cpp/turtle_demo_controller/msg/detail/encrypted_data__type_support.cpp.o[0m
[6.904s] [ 35%] [32mBuilding CXX object CMakeFiles/turtle_demo_controller__rosidl_typesupport_cpp.dir/rosidl_typesupport_cpp/turtle_demo_controller/msg/encrypted_data__type_support.cpp.o[0m
[6.917s] [ 38%] [32mBuilding CXX object CMakeFiles/turtle_demo_controller__rosidl_typesupport_fastrtps_cpp.dir/rosidl_typesupport_fastrtps_cpp/turtle_demo_controller/msg/detail/dds_fastrtps/encrypted_data__type_support.cpp.o[0m
[7.029s] [35m[1mScanning dependencies of target turtle_demo_controller__rosidl_typesupport_c[0m
[7.043s] [ 41%] [32mBuilding CXX object CMakeFiles/turtle_demo_controller__rosidl_typesupport_c.dir/rosidl_typesupport_c/turtle_demo_controller/msg/encrypted_data__type_support.cpp.o[0m
[7.057s] [35m[1mScanning dependencies of target turtle_demo_controller__rosidl_typesupport_introspection_c[0m
[7.070s] [ 45%] [32mBuilding C object CMakeFiles/turtle_demo_controller__rosidl_typesupport_introspection_c.dir/rosidl_typesupport_introspection_c/turtle_demo_controller/msg/detail/encrypted_data__type_support.c.o[0m
[7.079s] [ 48%] [32m[1mLinking CXX shared library libturtle_demo_controller__rosidl_typesupport_c.so[0m
[7.103s] [ 51%] [32m[1mLinking C shared library libturtle_demo_controller__rosidl_typesupport_introspection_c.so[0m
[7.122s] [ 54%] [32m[1mLinking CXX shared library libturtle_demo_controller__rosidl_typesupport_introspection_cpp.so[0m
[7.138s] [ 58%] [32m[1mLinking CXX shared library libturtle_demo_controller__rosidl_typesupport_cpp.so[0m
[7.166s] [ 58%] Built target turtle_demo_controller__rosidl_typesupport_c
[7.182s] [ 58%] Built target turtle_demo_controller__rosidl_typesupport_introspection_c
[7.209s] [ 61%] [32m[1mLinking CXX shared library libturtle_demo_controller__rosidl_typesupport_fastrtps_cpp.so[0m
[7.220s] [ 61%] Built target turtle_demo_controller__rosidl_typesupport_introspection_cpp
[7.220s] [ 61%] Built target turtle_demo_controller__rosidl_typesupport_cpp
[7.321s] [ 61%] Built target turtle_demo_controller__rosidl_typesupport_fastrtps_cpp
[7.330s] [ 64%] [34m[1mGenerating C type support for eProsima Fast-RTPS[0m
[7.459s] [35m[1mScanning dependencies of target turtle_demo_controller__rosidl_typesupport_fastrtps_c[0m
[7.474s] [ 67%] [32mBuilding CXX object CMakeFiles/turtle_demo_controller__rosidl_typesupport_fastrtps_c.dir/rosidl_typesupport_fastrtps_c/turtle_demo_controller/msg/detail/encrypted_data__type_support_c.cpp.o[0m
[7.692s] [ 70%] [32m[1mLinking CXX shared library libturtle_demo_controller__rosidl_typesupport_fastrtps_c.so[0m
[7.811s] [ 70%] Built target turtle_demo_controller__rosidl_typesupport_fastrtps_c
[7.821s] [35m[1mScanning dependencies of target turtle_demo_controller[0m
[7.831s] [ 70%] Built target turtle_demo_controller
[7.840s] [35m[1mScanning dependencies of target turtle_demo_controller__py[0m
[7.850s] [ 74%] [34m[1mGenerating Python code for ROS interfaces[0m
[8.073s] [ 74%] Built target turtle_demo_controller__py
[8.083s] [35m[1mScanning dependencies of target turtle_demo_controller__python[0m
[8.119s] [ 77%] [32mBuilding C object CMakeFiles/turtle_demo_controller__python.dir/rosidl_generator_py/turtle_demo_controller/msg/_encrypted_data_s.c.o[0m
[8.198s] [ 80%] [32m[1mLinking C shared library rosidl_generator_py/turtle_demo_controller/libturtle_demo_controller__python.so[0m
[8.277s] [ 80%] Built target turtle_demo_controller__python
[8.287s] [35m[1mScanning dependencies of target turtle_demo_controller__rosidl_typesupport_introspection_c__pyext[0m
[8.287s] [35m[1mScanning dependencies of target turtle_demo_controller__rosidl_typesupport_fastrtps_c__pyext[0m
[8.287s] [35m[1mScanning dependencies of target turtle_demo_controller__rosidl_typesupport_c__pyext[0m
[8.303s] [ 87%] [32mBuilding C object CMakeFiles/turtle_demo_controller__rosidl_typesupport_c__pyext.dir/rosidl_generator_py/turtle_demo_controller/_turtle_demo_controller_s.ep.rosidl_typesupport_c.c.o[0m
[8.303s] [ 87%] [32mBuilding C object CMakeFiles/turtle_demo_controller__rosidl_typesupport_fastrtps_c__pyext.dir/rosidl_generator_py/turtle_demo_controller/_turtle_demo_controller_s.ep.rosidl_typesupport_fastrtps_c.c.o[0m
[8.303s] [ 90%] [32mBuilding C object CMakeFiles/turtle_demo_controller__rosidl_typesupport_introspection_c__pyext.dir/rosidl_generator_py/turtle_demo_controller/_turtle_demo_controller_s.ep.rosidl_typesupport_introspection_c.c.o[0m
[8.364s] [ 96%] [32m[1mLinking C shared library rosidl_generator_py/turtle_demo_controller/turtle_demo_controller_s__rosidl_typesupport_c.cpython-38-x86_64-linux-gnu.so[0m
[8.364s] [ 96%] [32m[1mLinking C shared library rosidl_generator_py/turtle_demo_controller/turtle_demo_controller_s__rosidl_typesupport_introspection_c.cpython-38-x86_64-linux-gnu.so[0m
[8.364s] [100%] [32m[1mLinking CXX shared library rosidl_generator_py/turtle_demo_controller/turtle_demo_controller_s__rosidl_typesupport_fastrtps_c.cpython-38-x86_64-linux-gnu.so[0m
[8.432s] [100%] Built target turtle_demo_controller__rosidl_typesupport_c__pyext
[8.432s] [100%] Built target turtle_demo_controller__rosidl_typesupport_introspection_c__pyext
[8.456s] [100%] Built target turtle_demo_controller__rosidl_typesupport_fastrtps_c__pyext
[8.468s] Invoked command in '/home/sangwon/ROS2_turtlesim_ws/build/turtle_demo_controller' returned '0': CMAKE_PREFIX_PATH=${CMAKE_PREFIX_PATH}:/opt/ros/foxy /usr/bin/cmake --build /home/sangwon/ROS2_turtlesim_ws/build/turtle_demo_controller -- -j12 -l12
[8.537s] Invoking command in '/home/sangwon/ROS2_turtlesim_ws/build/turtle_demo_controller': CMAKE_PREFIX_PATH=${CMAKE_PREFIX_PATH}:/opt/ros/foxy /usr/bin/cmake --install /home/sangwon/ROS2_turtlesim_ws/build/turtle_demo_controller
[8.545s] -- Install configuration: ""
[8.547s] -- Installing: /home/sangwon/ROS2_turtlesim_ws/install/turtle_demo_controller/share/ament_index/resource_index/rosidl_interfaces/turtle_demo_controller
[8.547s] -- Installing: /home/sangwon/ROS2_turtlesim_ws/install/turtle_demo_controller/include/turtle_demo_controller
[8.547s] -- Installing: /home/sangwon/ROS2_turtlesim_ws/install/turtle_demo_controller/include/turtle_demo_controller/msg
[8.548s] -- Installing: /home/sangwon/ROS2_turtlesim_ws/install/turtle_demo_controller/include/turtle_demo_controller/msg/detail
[8.548s] -- Installing: /home/sangwon/ROS2_turtlesim_ws/install/turtle_demo_controller/include/turtle_demo_controller/msg/detail/encrypted_data__type_support.h
[8.549s] -- Installing: /home/sangwon/ROS2_turtlesim_ws/install/turtle_demo_controller/include/turtle_demo_controller/msg/detail/encrypted_data__functions.c
[8.549s] -- Installing: /home/sangwon/ROS2_turtlesim_ws/install/turtle_demo_controller/include/turtle_demo_controller/msg/detail/encrypted_data__struct.h
[8.549s] -- Installing: /home/sangwon/ROS2_turtlesim_ws/install/turtle_demo_controller/include/turtle_demo_controller/msg/detail/encrypted_data__functions.h
[8.549s] -- Installing: /home/sangwon/ROS2_turtlesim_ws/install/turtle_demo_controller/include/turtle_demo_controller/msg/rosidl_generator_c__visibility_control.h
[8.549s] -- Installing: /home/sangwon/ROS2_turtlesim_ws/install/turtle_demo_controller/include/turtle_demo_controller/msg/encrypted_data.h
[8.550s] -- Installing: /home/sangwon/ROS2_turtlesim_ws/install/turtle_demo_controller/share/turtle_demo_controller/environment/library_path.sh
[8.550s] -- Installing: /home/sangwon/ROS2_turtlesim_ws/install/turtle_demo_controller/share/turtle_demo_controller/environment/library_path.dsv
[8.551s] -- Installing: /home/sangwon/ROS2_turtlesim_ws/install/turtle_demo_controller/lib/libturtle_demo_controller__rosidl_generator_c.so
[8.551s] -- Set runtime path of "/home/sangwon/ROS2_turtlesim_ws/install/turtle_demo_controller/lib/libturtle_demo_controller__rosidl_generator_c.so" to ""
[8.551s] -- Up-to-date: /home/sangwon/ROS2_turtlesim_ws/install/turtle_demo_controller/include/turtle_demo_controller
[8.551s] -- Up-to-date: /home/sangwon/ROS2_turtlesim_ws/install/turtle_demo_controller/include/turtle_demo_controller/msg
[8.551s] -- Installing: /home/sangwon/ROS2_turtlesim_ws/install/turtle_demo_controller/include/turtle_demo_controller/msg/rosidl_typesupport_fastrtps_c__visibility_control.h
[8.551s] -- Up-to-date: /home/sangwon/ROS2_turtlesim_ws/install/turtle_demo_controller/include/turtle_demo_controller/msg/detail
[8.552s] -- Installing: /home/sangwon/ROS2_turtlesim_ws/install/turtle_demo_controller/include/turtle_demo_controller/msg/detail/encrypted_data__rosidl_typesupport_fastrtps_c.h
[8.552s] -- Installing: /home/sangwon/ROS2_turtlesim_ws/install/turtle_demo_controller/lib/libturtle_demo_controller__rosidl_typesupport_fastrtps_c.so
[8.552s] -- Set runtime path of "/home/sangwon/ROS2_turtlesim_ws/install/turtle_demo_controller/lib/libturtle_demo_controller__rosidl_typesupport_fastrtps_c.so" to ""
[8.552s] -- Up-to-date: /home/sangwon/ROS2_turtlesim_ws/install/turtle_demo_controller/include/turtle_demo_controller
[8.552s] -- Up-to-date: /home/sangwon/ROS2_turtlesim_ws/install/turtle_demo_controller/include/turtle_demo_controller/msg
[8.552s] -- Up-to-date: /home/sangwon/ROS2_turtlesim_ws/install/turtle_demo_controller/include/turtle_demo_controller/msg/detail
[8.552s] -- Installing: /home/sangwon/ROS2_turtlesim_ws/install/turtle_demo_controller/include/turtle_demo_controller/msg/detail/dds_fastrtps
[8.553s] -- Installing: /home/sangwon/ROS2_turtlesim_ws/install/turtle_demo_controller/include/turtle_demo_controller/msg/detail/encrypted_data__rosidl_typesupport_fastrtps_cpp.hpp
[8.553s] -- Installing: /home/sangwon/ROS2_turtlesim_ws/install/turtle_demo_controller/include/turtle_demo_controller/msg/rosidl_typesupport_fastrtps_cpp__visibility_control.h
[8.553s] -- Installing: /home/sangwon/ROS2_turtlesim_ws/install/turtle_demo_controller/lib/libturtle_demo_controller__rosidl_typesupport_fastrtps_cpp.so
[8.553s] -- Set runtime path of "/home/sangwon/ROS2_turtlesim_ws/install/turtle_demo_controller/lib/libturtle_demo_controller__rosidl_typesupport_fastrtps_cpp.so" to ""
[8.554s] -- Up-to-date: /home/sangwon/ROS2_turtlesim_ws/install/turtle_demo_controller/include/turtle_demo_controller
[8.554s] -- Up-to-date: /home/sangwon/ROS2_turtlesim_ws/install/turtle_demo_controller/include/turtle_demo_controller/msg
[8.554s] -- Installing: /home/sangwon/ROS2_turtlesim_ws/install/turtle_demo_controller/include/turtle_demo_controller/msg/rosidl_typesupport_introspection_c__visibility_control.h
[8.554s] -- Up-to-date: /home/sangwon/ROS2_turtlesim_ws/install/turtle_demo_controller/include/turtle_demo_controller/msg/detail
[8.554s] -- Installing: /home/sangwon/ROS2_turtlesim_ws/install/turtle_demo_controller/include/turtle_demo_controller/msg/detail/encrypted_data__type_support.c
[8.554s] -- Installing: /home/sangwon/ROS2_turtlesim_ws/install/turtle_demo_controller/include/turtle_demo_controller/msg/detail/encrypted_data__rosidl_typesupport_introspection_c.h
[8.554s] -- Installing: /home/sangwon/ROS2_turtlesim_ws/install/turtle_demo_controller/lib/libturtle_demo_controller__rosidl_typesupport_introspection_c.so
[8.555s] -- Set runtime path of "/home/sangwon/ROS2_turtlesim_ws/install/turtle_demo_controller/lib/libturtle_demo_controller__rosidl_typesupport_introspection_c.so" to ""
[8.555s] -- Installing: /home/sangwon/ROS2_turtlesim_ws/install/turtle_demo_controller/lib/libturtle_demo_controller__rosidl_typesupport_c.so
[8.555s] -- Set runtime path of "/home/sangwon/ROS2_turtlesim_ws/install/turtle_demo_controller/lib/libturtle_demo_controller__rosidl_typesupport_c.so" to ""
[8.555s] -- Up-to-date: /home/sangwon/ROS2_turtlesim_ws/install/turtle_demo_controller/include/turtle_demo_controller
[8.555s] -- Up-to-date: /home/sangwon/ROS2_turtlesim_ws/install/turtle_demo_controller/include/turtle_demo_controller/msg
[8.556s] -- Up-to-date: /home/sangwon/ROS2_turtlesim_ws/install/turtle_demo_controller/include/turtle_demo_controller/msg/detail
[8.556s] -- Installing: /home/sangwon/ROS2_turtlesim_ws/install/turtle_demo_controller/include/turtle_demo_controller/msg/detail/encrypted_data__traits.hpp
[8.556s] -- Installing: /home/sangwon/ROS2_turtlesim_ws/install/turtle_demo_controller/include/turtle_demo_controller/msg/detail/encrypted_data__struct.hpp
[8.556s] -- Installing: /home/sangwon/ROS2_turtlesim_ws/install/turtle_demo_controller/include/turtle_demo_controller/msg/detail/encrypted_data__type_support.hpp
[8.556s] -- Installing: /home/sangwon/ROS2_turtlesim_ws/install/turtle_demo_controller/include/turtle_demo_controller/msg/detail/encrypted_data__builder.hpp
[8.556s] -- Installing: /home/sangwon/ROS2_turtlesim_ws/install/turtle_demo_controller/include/turtle_demo_controller/msg/encrypted_data.hpp
[8.556s] -- Installing: /home/sangwon/ROS2_turtlesim_ws/install/turtle_demo_controller/include/turtle_demo_controller/msg/rosidl_generator_cpp__visibility_control.hpp
[8.556s] -- Up-to-date: /home/sangwon/ROS2_turtlesim_ws/install/turtle_demo_controller/include/turtle_demo_controller
[8.557s] -- Up-to-date: /home/sangwon/ROS2_turtlesim_ws/install/turtle_demo_controller/include/turtle_demo_controller/msg
[8.557s] -- Up-to-date: /home/sangwon/ROS2_turtlesim_ws/install/turtle_demo_controller/include/turtle_demo_controller/msg/detail
[8.557s] -- Installing: /home/sangwon/ROS2_turtlesim_ws/install/turtle_demo_controller/include/turtle_demo_controller/msg/detail/encrypted_data__type_support.cpp
[8.557s] -- Installing: /home/sangwon/ROS2_turtlesim_ws/install/turtle_demo_controller/include/turtle_demo_controller/msg/detail/encrypted_data__rosidl_typesupport_introspection_cpp.hpp
[8.557s] -- Installing: /home/sangwon/ROS2_turtlesim_ws/install/turtle_demo_controller/lib/libturtle_demo_controller__rosidl_typesupport_introspection_cpp.so
[8.557s] -- Set runtime path of "/home/sangwon/ROS2_turtlesim_ws/install/turtle_demo_controller/lib/libturtle_demo_controller__rosidl_typesupport_introspection_cpp.so" to ""
[8.557s] -- Installing: /home/sangwon/ROS2_turtlesim_ws/install/turtle_demo_controller/lib/libturtle_demo_controller__rosidl_typesupport_cpp.so
[8.558s] -- Set runtime path of "/home/sangwon/ROS2_turtlesim_ws/install/turtle_demo_controller/lib/libturtle_demo_controller__rosidl_typesupport_cpp.so" to ""
[8.558s] -- Installing: /home/sangwon/ROS2_turtlesim_ws/install/turtle_demo_controller/share/turtle_demo_controller/environment/pythonpath.sh
[8.558s] -- Installing: /home/sangwon/ROS2_turtlesim_ws/install/turtle_demo_controller/share/turtle_demo_controller/environment/pythonpath.dsv
[8.559s] -- Installing: /home/sangwon/ROS2_turtlesim_ws/install/turtle_demo_controller/lib/python3.8/site-packages/turtle_demo_controller/__init__.py
[8.580s] Compiling '/home/sangwon/ROS2_turtlesim_ws/install/turtle_demo_controller/lib/python3.8/site-packages/turtle_demo_controller/__init__.py'...
[8.583s] -- Installing: /home/sangwon/ROS2_turtlesim_ws/install/turtle_demo_controller/lib/python3.8/site-packages/turtle_demo_controller/msg
[8.583s] -- Installing: /home/sangwon/ROS2_turtlesim_ws/install/turtle_demo_controller/lib/python3.8/site-packages/turtle_demo_controller/msg/__init__.py
[8.584s] -- Installing: /home/sangwon/ROS2_turtlesim_ws/install/turtle_demo_controller/lib/python3.8/site-packages/turtle_demo_controller/msg/_encrypted_data_s.c
[8.584s] -- Installing: /home/sangwon/ROS2_turtlesim_ws/install/turtle_demo_controller/lib/python3.8/site-packages/turtle_demo_controller/msg/_encrypted_data.py
[8.584s] -- Installing: /home/sangwon/ROS2_turtlesim_ws/install/turtle_demo_controller/lib/python3.8/site-packages/turtle_demo_controller/turtle_demo_controller_s__rosidl_typesupport_fastrtps_c.cpython-38-x86_64-linux-gnu.so
[8.585s] -- Set runtime path of "/home/sangwon/ROS2_turtlesim_ws/install/turtle_demo_controller/lib/python3.8/site-packages/turtle_demo_controller/turtle_demo_controller_s__rosidl_typesupport_fastrtps_c.cpython-38-x86_64-linux-gnu.so" to ""
[8.585s] -- Installing: /home/sangwon/ROS2_turtlesim_ws/install/turtle_demo_controller/lib/python3.8/site-packages/turtle_demo_controller/turtle_demo_controller_s__rosidl_typesupport_introspection_c.cpython-38-x86_64-linux-gnu.so
[8.586s] -- Set runtime path of "/home/sangwon/ROS2_turtlesim_ws/install/turtle_demo_controller/lib/python3.8/site-packages/turtle_demo_controller/turtle_demo_controller_s__rosidl_typesupport_introspection_c.cpython-38-x86_64-linux-gnu.so" to ""
[8.586s] -- Installing: /home/sangwon/ROS2_turtlesim_ws/install/turtle_demo_controller/lib/python3.8/site-packages/turtle_demo_controller/turtle_demo_controller_s__rosidl_typesupport_c.cpython-38-x86_64-linux-gnu.so
[8.586s] -- Set runtime path of "/home/sangwon/ROS2_turtlesim_ws/install/turtle_demo_controller/lib/python3.8/site-packages/turtle_demo_controller/turtle_demo_controller_s__rosidl_typesupport_c.cpython-38-x86_64-linux-gnu.so" to ""
[8.587s] -- Installing: /home/sangwon/ROS2_turtlesim_ws/install/turtle_demo_controller/lib/libturtle_demo_controller__python.so
[8.587s] -- Set runtime path of "/home/sangwon/ROS2_turtlesim_ws/install/turtle_demo_controller/lib/libturtle_demo_controller__python.so" to ""
[8.587s] -- Installing: /home/sangwon/ROS2_turtlesim_ws/install/turtle_demo_controller/share/turtle_demo_controller/msg/EncryptedData.idl
[8.587s] -- Installing: /home/sangwon/ROS2_turtlesim_ws/install/turtle_demo_controller/share/turtle_demo_controller/msg/EncryptedData.msg
[8.588s] -- Up-to-date: /home/sangwon/ROS2_turtlesim_ws/install/turtle_demo_controller/lib/python3.8/site-packages/turtle_demo_controller
[8.588s] -- Installing: /home/sangwon/ROS2_turtlesim_ws/install/turtle_demo_controller/lib/python3.8/site-packages/turtle_demo_controller/enc_turtle_controller.py
[8.588s] -- Installing: /home/sangwon/ROS2_turtlesim_ws/install/turtle_demo_controller/lib/python3.8/site-packages/turtle_demo_controller/turtle_plant.py
[8.588s] -- Installing: /home/sangwon/ROS2_turtlesim_ws/install/turtle_demo_controller/lib/python3.8/site-packages/turtle_demo_controller/turtle_controller.py
[8.588s] -- Installing: /home/sangwon/ROS2_turtlesim_ws/install/turtle_demo_controller/lib/python3.8/site-packages/turtle_demo_controller/__init__.py
[8.588s] -- Installing: /home/sangwon/ROS2_turtlesim_ws/install/turtle_demo_controller/lib/python3.8/site-packages/turtle_demo_controller/simple_test.py
[8.589s] -- Installing: /home/sangwon/ROS2_turtlesim_ws/install/turtle_demo_controller/lib/python3.8/site-packages/turtle_demo_controller/enc_turtle_plant.py
[8.612s] Listing '/home/sangwon/ROS2_turtlesim_ws/install/turtle_demo_controller/lib/python3.8/site-packages/turtle_demo_controller'...
[8.612s] Compiling '/home/sangwon/ROS2_turtlesim_ws/install/turtle_demo_controller/lib/python3.8/site-packages/turtle_demo_controller/__init__.py'...
[8.613s] Compiling '/home/sangwon/ROS2_turtlesim_ws/install/turtle_demo_controller/lib/python3.8/site-packages/turtle_demo_controller/enc_turtle_controller.py'...
[8.613s] Compiling '/home/sangwon/ROS2_turtlesim_ws/install/turtle_demo_controller/lib/python3.8/site-packages/turtle_demo_controller/enc_turtle_plant.py'...
[8.613s] Listing '/home/sangwon/ROS2_turtlesim_ws/install/turtle_demo_controller/lib/python3.8/site-packages/turtle_demo_controller/msg'...
[8.613s] Compiling '/home/sangwon/ROS2_turtlesim_ws/install/turtle_demo_controller/lib/python3.8/site-packages/turtle_demo_controller/msg/__init__.py'...
[8.613s] Compiling '/home/sangwon/ROS2_turtlesim_ws/install/turtle_demo_controller/lib/python3.8/site-packages/turtle_demo_controller/msg/_encrypted_data.py'...
[8.613s] Compiling '/home/sangwon/ROS2_turtlesim_ws/install/turtle_demo_controller/lib/python3.8/site-packages/turtle_demo_controller/simple_test.py'...
[8.613s] Compiling '/home/sangwon/ROS2_turtlesim_ws/install/turtle_demo_controller/lib/python3.8/site-packages/turtle_demo_controller/turtle_controller.py'...
[8.613s] Compiling '/home/sangwon/ROS2_turtlesim_ws/install/turtle_demo_controller/lib/python3.8/site-packages/turtle_demo_controller/turtle_plant.py'...
[8.615s] -- Installing: /home/sangwon/ROS2_turtlesim_ws/install/turtle_demo_controller/lib/turtle_demo_controller/turtle_plant.py
[8.616s] -- Installing: /home/sangwon/ROS2_turtlesim_ws/install/turtle_demo_controller/lib/turtle_demo_controller/turtle_controller.py
[8.616s] -- Installing: /home/sangwon/ROS2_turtlesim_ws/install/turtle_demo_controller/lib/turtle_demo_controller/simple_test.py
[8.616s] -- Installing: /home/sangwon/ROS2_turtlesim_ws/install/turtle_demo_controller/lib/turtle_demo_controller/enc_turtle_plant.py
[8.616s] -- Installing: /home/sangwon/ROS2_turtlesim_ws/install/turtle_demo_controller/lib/turtle_demo_controller/enc_turtle_controller.py
[8.616s] -- Installing: /home/sangwon/ROS2_turtlesim_ws/install/turtle_demo_controller/share/turtle_demo_controller//launch
[8.617s] -- Installing: /home/sangwon/ROS2_turtlesim_ws/install/turtle_demo_controller/share/turtle_demo_controller//launch/two_turtle.launch.py
[8.617s] -- Installing: /home/sangwon/ROS2_turtlesim_ws/install/turtle_demo_controller/share/turtle_demo_controller//launch/enc_two_turtle.launch.py
[8.618s] -- Installing: /home/sangwon/ROS2_turtlesim_ws/install/turtle_demo_controller/share/ament_index/resource_index/package_run_dependencies/turtle_demo_controller
[8.618s] -- Installing: /home/sangwon/ROS2_turtlesim_ws/install/turtle_demo_controller/share/ament_index/resource_index/parent_prefix_path/turtle_demo_controller
[8.619s] -- Installing: /home/sangwon/ROS2_turtlesim_ws/install/turtle_demo_controller/share/turtle_demo_controller/environment/ament_prefix_path.sh
[8.619s] -- Installing: /home/sangwon/ROS2_turtlesim_ws/install/turtle_demo_controller/share/turtle_demo_controller/environment/ament_prefix_path.dsv
[8.619s] -- Installing: /home/sangwon/ROS2_turtlesim_ws/install/turtle_demo_controller/share/turtle_demo_controller/environment/path.sh
[8.619s] -- Installing: /home/sangwon/ROS2_turtlesim_ws/install/turtle_demo_controller/share/turtle_demo_controller/environment/path.dsv
[8.619s] -- Installing: /home/sangwon/ROS2_turtlesim_ws/install/turtle_demo_controller/share/turtle_demo_controller/local_setup.bash
[8.619s] -- Installing: /home/sangwon/ROS2_turtlesim_ws/install/turtle_demo_controller/share/turtle_demo_controller/local_setup.sh
[8.620s] -- Installing: /home/sangwon/ROS2_turtlesim_ws/install/turtle_demo_controller/share/turtle_demo_controller/local_setup.zsh
[8.620s] -- Installing: /home/sangwon/ROS2_turtlesim_ws/install/turtle_demo_controller/share/turtle_demo_controller/local_setup.dsv
[8.620s] -- Installing: /home/sangwon/ROS2_turtlesim_ws/install/turtle_demo_controller/share/turtle_demo_controller/package.dsv
[8.621s] -- Installing: /home/sangwon/ROS2_turtlesim_ws/install/turtle_demo_controller/share/ament_index/resource_index/packages/turtle_demo_controller
[8.621s] -- Installing: /home/sangwon/ROS2_turtlesim_ws/install/turtle_demo_controller/share/turtle_demo_controller/cmake/turtle_demo_controller__rosidl_generator_cExport.cmake
[8.621s] -- Installing: /home/sangwon/ROS2_turtlesim_ws/install/turtle_demo_controller/share/turtle_demo_controller/cmake/turtle_demo_controller__rosidl_generator_cExport-noconfig.cmake
[8.622s] -- Installing: /home/sangwon/ROS2_turtlesim_ws/install/turtle_demo_controller/share/turtle_demo_controller/cmake/turtle_demo_controller__rosidl_typesupport_introspection_cExport.cmake
[8.622s] -- Installing: /home/sangwon/ROS2_turtlesim_ws/install/turtle_demo_controller/share/turtle_demo_controller/cmake/turtle_demo_controller__rosidl_typesupport_introspection_cExport-noconfig.cmake
[8.622s] -- Installing: /home/sangwon/ROS2_turtlesim_ws/install/turtle_demo_controller/share/turtle_demo_controller/cmake/turtle_demo_controller__rosidl_typesupport_cExport.cmake
[8.622s] -- Installing: /home/sangwon/ROS2_turtlesim_ws/install/turtle_demo_controller/share/turtle_demo_controller/cmake/turtle_demo_controller__rosidl_typesupport_cExport-noconfig.cmake
[8.622s] -- Installing: /home/sangwon/ROS2_turtlesim_ws/install/turtle_demo_controller/share/turtle_demo_controller/cmake/turtle_demo_controller__rosidl_generator_cppExport.cmake
[8.623s] -- Installing: /home/sangwon/ROS2_turtlesim_ws/install/turtle_demo_controller/share/turtle_demo_controller/cmake/turtle_demo_controller__rosidl_typesupport_introspection_cppExport.cmake
[8.623s] -- Installing: /home/sangwon/ROS2_turtlesim_ws/install/turtle_demo_controller/share/turtle_demo_controller/cmake/turtle_demo_controller__rosidl_typesupport_introspection_cppExport-noconfig.cmake
[8.623s] -- Installing: /home/sangwon/ROS2_turtlesim_ws/install/turtle_demo_controller/share/turtle_demo_controller/cmake/turtle_demo_controller__rosidl_typesupport_cppExport.cmake
[8.623s] -- Installing: /home/sangwon/ROS2_turtlesim_ws/install/turtle_demo_controller/share/turtle_demo_controller/cmake/turtle_demo_controller__rosidl_typesupport_cppExport-noconfig.cmake
[8.624s] -- Installing: /home/sangwon/ROS2_turtlesim_ws/install/turtle_demo_controller/share/turtle_demo_controller/cmake/rosidl_cmake-extras.cmake
[8.624s] -- Installing: /home/sangwon/ROS2_turtlesim_ws/install/turtle_demo_controller/share/turtle_demo_controller/cmake/ament_cmake_export_dependencies-extras.cmake
[8.624s] -- Installing: /home/sangwon/ROS2_turtlesim_ws/install/turtle_demo_controller/share/turtle_demo_controller/cmake/ament_cmake_export_libraries-extras.cmake
[8.624s] -- Installing: /home/sangwon/ROS2_turtlesim_ws/install/turtle_demo_controller/share/turtle_demo_controller/cmake/ament_cmake_export_targets-extras.cmake
[8.625s] -- Installing: /home/sangwon/ROS2_turtlesim_ws/install/turtle_demo_controller/share/turtle_demo_controller/cmake/ament_cmake_export_include_directories-extras.cmake
[8.625s] -- Installing: /home/sangwon/ROS2_turtlesim_ws/install/turtle_demo_controller/share/turtle_demo_controller/cmake/rosidl_cmake_export_typesupport_libraries-extras.cmake
[8.625s] -- Installing: /home/sangwon/ROS2_turtlesim_ws/install/turtle_demo_controller/share/turtle_demo_controller/cmake/rosidl_cmake_export_typesupport_targets-extras.cmake
[8.625s] -- Installing: /home/sangwon/ROS2_turtlesim_ws/install/turtle_demo_controller/share/turtle_demo_controller/cmake/turtle_demo_controllerConfig.cmake
[8.626s] -- Installing: /home/sangwon/ROS2_turtlesim_ws/install/turtle_demo_controller/share/turtle_demo_controller/cmake/turtle_demo_controllerConfig-version.cmake
[8.626s] -- Installing: /home/sangwon/ROS2_turtlesim_ws/install/turtle_demo_controller/share/turtle_demo_controller/package.xml
[8.629s] Invoked command in '/home/sangwon/ROS2_turtlesim_ws/build/turtle_demo_controller' returned '0': CMAKE_PREFIX_PATH=${CMAKE_PREFIX_PATH}:/opt/ros/foxy /usr/bin/cmake --install /home/sangwon/ROS2_turtlesim_ws/build/turtle_demo_controller
