[0.154s] DEBUG:colcon:Command line arguments: ['/usr/bin/colcon', 'build', '--symlink-install']
[0.154s] DEBUG:colcon:Parsed command line arguments: Namespace(allow_overriding=[], ament_cmake_args=None, base_paths=['.'], build_base='build', catkin_cmake_args=None, catkin_skip_building_tests=False, cmake_args=None, cmake_clean_cache=False, cmake_clean_first=False, cmake_force_configure=False, cmake_target=None, cmake_target_skip_unavailable=False, continue_on_error=False, event_handlers=None, executor='parallel', ignore_user_meta=False, install_base='install', log_base=None, log_level=None, main=<bound method BuildVerb.main of <colcon_core.verb.build.BuildVerb object at 0x7b37fcd83be0>>, merge_install=False, metas=['./colcon.meta'], packages_above=None, packages_above_and_dependencies=None, packages_above_depth=None, packages_end=None, packages_ignore=None, packages_ignore_regex=None, packages_select=None, packages_select_build_failed=False, packages_select_by_dep=None, packages_select_regex=None, packages_select_test_failures=False, packages_skip=None, packages_skip_build_finished=False, packages_skip_by_dep=None, packages_skip_regex=None, packages_skip_test_passed=False, packages_skip_up_to=None, packages_start=None, packages_up_to=None, packages_up_to_regex=None, parallel_workers=12, paths=None, symlink_install=True, test_result_base=None, verb_extension=<colcon_core.verb.build.BuildVerb object at 0x7b37fcd83be0>, verb_name='build', verb_parser=<colcon_defaults.argument_parser.defaults.DefaultArgumentsDecorator object at 0x7b37fcc90a00>)
[0.236s] Level 1:colcon.colcon_core.package_discovery:discover_packages(colcon_meta) check parameters
[0.236s] Level 1:colcon.colcon_core.package_discovery:discover_packages(recursive) check parameters
[0.236s] Level 1:colcon.colcon_core.package_discovery:discover_packages(ignore) check parameters
[0.236s] Level 1:colcon.colcon_core.package_discovery:discover_packages(path) check parameters
[0.236s] Level 1:colcon.colcon_core.package_discovery:discover_packages(colcon_meta) discover
[0.236s] Level 1:colcon.colcon_core.package_discovery:discover_packages(recursive) discover
[0.236s] INFO:colcon.colcon_core.package_discovery:Crawling recursively for packages in '/home/sangwon/ROS2_turtlesim_ws'
[0.236s] Level 1:colcon.colcon_core.package_identification:_identify(.) by extensions ['ignore', 'ignore_ament_install']
[0.236s] Level 1:colcon.colcon_core.package_identification:_identify(.) by extension 'ignore'
[0.236s] Level 1:colcon.colcon_core.package_identification:_identify(.) by extension 'ignore_ament_install'
[0.236s] Level 1:colcon.colcon_core.package_identification:_identify(.) by extensions ['colcon_pkg']
[0.236s] Level 1:colcon.colcon_core.package_identification:_identify(.) by extension 'colcon_pkg'
[0.236s] Level 1:colcon.colcon_core.package_identification:_identify(.) by extensions ['colcon_meta']
[0.236s] Level 1:colcon.colcon_core.package_identification:_identify(.) by extension 'colcon_meta'
[0.236s] Level 1:colcon.colcon_core.package_identification:_identify(.) by extensions ['ros']
[0.237s] Level 1:colcon.colcon_core.package_identification:_identify(.) by extension 'ros'
[0.243s] Level 1:colcon.colcon_core.package_identification:_identify(.) by extensions ['cmake', 'python']
[0.243s] Level 1:colcon.colcon_core.package_identification:_identify(.) by extension 'cmake'
[0.243s] Level 1:colcon.colcon_core.package_identification:_identify(.) by extension 'python'
[0.243s] Level 1:colcon.colcon_core.package_identification:_identify(.) by extensions ['python_setup_py']
[0.243s] Level 1:colcon.colcon_core.package_identification:_identify(.) by extension 'python_setup_py'
[0.243s] Level 1:colcon.colcon_core.package_identification:_identify(build) by extensions ['ignore', 'ignore_ament_install']
[0.243s] Level 1:colcon.colcon_core.package_identification:_identify(build) by extension 'ignore'
[0.243s] Level 1:colcon.colcon_core.package_identification:_identify(build) ignored
[0.243s] Level 1:colcon.colcon_core.package_identification:_identify(install) by extensions ['ignore', 'ignore_ament_install']
[0.244s] Level 1:colcon.colcon_core.package_identification:_identify(install) by extension 'ignore'
[0.244s] Level 1:colcon.colcon_core.package_identification:_identify(install) ignored
[0.244s] Level 1:colcon.colcon_core.package_identification:_identify(log) by extensions ['ignore', 'ignore_ament_install']
[0.244s] Level 1:colcon.colcon_core.package_identification:_identify(log) by extension 'ignore'
[0.244s] Level 1:colcon.colcon_core.package_identification:_identify(log) ignored
[0.244s] Level 1:colcon.colcon_core.package_identification:_identify(src) by extensions ['ignore', 'ignore_ament_install']
[0.244s] Level 1:colcon.colcon_core.package_identification:_identify(src) by extension 'ignore'
[0.244s] Level 1:colcon.colcon_core.package_identification:_identify(src) by extension 'ignore_ament_install'
[0.244s] Level 1:colcon.colcon_core.package_identification:_identify(src) by extensions ['colcon_pkg']
[0.244s] Level 1:colcon.colcon_core.package_identification:_identify(src) by extension 'colcon_pkg'
[0.244s] Level 1:colcon.colcon_core.package_identification:_identify(src) by extensions ['colcon_meta']
[0.244s] Level 1:colcon.colcon_core.package_identification:_identify(src) by extension 'colcon_meta'
[0.244s] Level 1:colcon.colcon_core.package_identification:_identify(src) by extensions ['ros']
[0.244s] Level 1:colcon.colcon_core.package_identification:_identify(src) by extension 'ros'
[0.244s] Level 1:colcon.colcon_core.package_identification:_identify(src) by extensions ['cmake', 'python']
[0.244s] Level 1:colcon.colcon_core.package_identification:_identify(src) by extension 'cmake'
[0.244s] Level 1:colcon.colcon_core.package_identification:_identify(src) by extension 'python'
[0.244s] Level 1:colcon.colcon_core.package_identification:_identify(src) by extensions ['python_setup_py']
[0.244s] Level 1:colcon.colcon_core.package_identification:_identify(src) by extension 'python_setup_py'
[0.244s] Level 1:colcon.colcon_core.package_identification:_identify(src/enc_turtle_cpp) by extensions ['ignore', 'ignore_ament_install']
[0.244s] Level 1:colcon.colcon_core.package_identification:_identify(src/enc_turtle_cpp) by extension 'ignore'
[0.244s] Level 1:colcon.colcon_core.package_identification:_identify(src/enc_turtle_cpp) by extension 'ignore_ament_install'
[0.244s] Level 1:colcon.colcon_core.package_identification:_identify(src/enc_turtle_cpp) by extensions ['colcon_pkg']
[0.244s] Level 1:colcon.colcon_core.package_identification:_identify(src/enc_turtle_cpp) by extension 'colcon_pkg'
[0.244s] Level 1:colcon.colcon_core.package_identification:_identify(src/enc_turtle_cpp) by extensions ['colcon_meta']
[0.244s] Level 1:colcon.colcon_core.package_identification:_identify(src/enc_turtle_cpp) by extension 'colcon_meta'
[0.244s] Level 1:colcon.colcon_core.package_identification:_identify(src/enc_turtle_cpp) by extensions ['ros']
[0.244s] Level 1:colcon.colcon_core.package_identification:_identify(src/enc_turtle_cpp) by extension 'ros'
[0.246s] DEBUG:colcon.colcon_core.package_identification:Package 'src/enc_turtle_cpp' with type 'ros.ament_cmake' and name 'enc_turtle_cpp'
[0.246s] Level 1:colcon.colcon_core.package_identification:_identify(src/turtle_demo_controller) by extensions ['ignore', 'ignore_ament_install']
[0.246s] Level 1:colcon.colcon_core.package_identification:_identify(src/turtle_demo_controller) by extension 'ignore'
[0.246s] Level 1:colcon.colcon_core.package_identification:_identify(src/turtle_demo_controller) by extension 'ignore_ament_install'
[0.246s] Level 1:colcon.colcon_core.package_identification:_identify(src/turtle_demo_controller) by extensions ['colcon_pkg']
[0.246s] Level 1:colcon.colcon_core.package_identification:_identify(src/turtle_demo_controller) by extension 'colcon_pkg'
[0.246s] Level 1:colcon.colcon_core.package_identification:_identify(src/turtle_demo_controller) by extensions ['colcon_meta']
[0.246s] Level 1:colcon.colcon_core.package_identification:_identify(src/turtle_demo_controller) by extension 'colcon_meta'
[0.246s] Level 1:colcon.colcon_core.package_identification:_identify(src/turtle_demo_controller) by extensions ['ros']
[0.246s] Level 1:colcon.colcon_core.package_identification:_identify(src/turtle_demo_controller) by extension 'ros'
[0.247s] DEBUG:colcon.colcon_core.package_identification:Package 'src/turtle_demo_controller' with type 'ros.ament_cmake' and name 'turtle_demo_controller'
[0.247s] Level 1:colcon.colcon_core.package_discovery:discover_packages(recursive) using defaults
[0.247s] Level 1:colcon.colcon_core.package_discovery:discover_packages(ignore) discover
[0.247s] Level 1:colcon.colcon_core.package_discovery:discover_packages(ignore) using defaults
[0.247s] Level 1:colcon.colcon_core.package_discovery:discover_packages(path) discover
[0.247s] Level 1:colcon.colcon_core.package_discovery:discover_packages(path) using defaults
[0.259s] Level 1:colcon.colcon_core.package_discovery:discover_packages(prefix_path) check parameters
[0.259s] Level 1:colcon.colcon_core.package_discovery:discover_packages(prefix_path) discover
[0.260s] DEBUG:colcon.colcon_installed_package_information.package_discovery:Found 2 installed packages in /home/sangwon/ROS2_turtlesim_ws/install
[0.261s] DEBUG:colcon.colcon_installed_package_information.package_discovery:Found 308 installed packages in /opt/ros/foxy
[0.262s] Level 1:colcon.colcon_core.package_discovery:discover_packages(prefix_path) using defaults
[0.304s] Level 5:colcon.colcon_core.verb:set package 'enc_turtle_cpp' build argument 'cmake_args' from command line to 'None'
[0.304s] Level 5:colcon.colcon_core.verb:set package 'enc_turtle_cpp' build argument 'cmake_target' from command line to 'None'
[0.304s] Level 5:colcon.colcon_core.verb:set package 'enc_turtle_cpp' build argument 'cmake_target_skip_unavailable' from command line to 'False'
[0.304s] Level 5:colcon.colcon_core.verb:set package 'enc_turtle_cpp' build argument 'cmake_clean_cache' from command line to 'False'
[0.304s] Level 5:colcon.colcon_core.verb:set package 'enc_turtle_cpp' build argument 'cmake_clean_first' from command line to 'False'
[0.304s] Level 5:colcon.colcon_core.verb:set package 'enc_turtle_cpp' build argument 'cmake_force_configure' from command line to 'False'
[0.304s] Level 5:colcon.colcon_core.verb:set package 'enc_turtle_cpp' build argument 'ament_cmake_args' from command line to 'None'
[0.304s] Level 5:colcon.colcon_core.verb:set package 'enc_turtle_cpp' build argument 'catkin_cmake_args' from command line to 'None'
[0.304s] Level 5:colcon.colcon_core.verb:set package 'enc_turtle_cpp' build argument 'catkin_skip_building_tests' from command line to 'False'
[0.304s] DEBUG:colcon.colcon_core.verb:Building package 'enc_turtle_cpp' with the following arguments: {'ament_cmake_args': None, 'build_base': '/home/sangwon/ROS2_turtlesim_ws/build/enc_turtle_cpp', 'catkin_cmake_args': None, 'catkin_skip_building_tests': False, 'cmake_args': None, 'cmake_clean_cache': False, 'cmake_clean_first': False, 'cmake_force_configure': False, 'cmake_target': None, 'cmake_target_skip_unavailable': False, 'install_base': '/home/sangwon/ROS2_turtlesim_ws/install/enc_turtle_cpp', 'merge_install': False, 'path': '/home/sangwon/ROS2_turtlesim_ws/src/enc_turtle_cpp', 'symlink_install': True, 'test_result_base': None}
[0.304s] Level 5:colcon.colcon_core.verb:set package 'turtle_demo_controller' build argument 'cmake_args' from command line to 'None'
[0.304s] Level 5:colcon.colcon_core.verb:set package 'turtle_demo_controller' build argument 'cmake_target' from command line to 'None'
[0.304s] Level 5:colcon.colcon_core.verb:set package 'turtle_demo_controller' build argument 'cmake_target_skip_unavailable' from command line to 'False'
[0.304s] Level 5:colcon.colcon_core.verb:set package 'turtle_demo_controller' build argument 'cmake_clean_cache' from command line to 'False'
[0.304s] Level 5:colcon.colcon_core.verb:set package 'turtle_demo_controller' build argument 'cmake_clean_first' from command line to 'False'
[0.304s] Level 5:colcon.colcon_core.verb:set package 'turtle_demo_controller' build argument 'cmake_force_configure' from command line to 'False'
[0.304s] Level 5:colcon.colcon_core.verb:set package 'turtle_demo_controller' build argument 'ament_cmake_args' from command line to 'None'
[0.304s] Level 5:colcon.colcon_core.verb:set package 'turtle_demo_controller' build argument 'catkin_cmake_args' from command line to 'None'
[0.304s] Level 5:colcon.colcon_core.verb:set package 'turtle_demo_controller' build argument 'catkin_skip_building_tests' from command line to 'False'
[0.304s] DEBUG:colcon.colcon_core.verb:Building package 'turtle_demo_controller' with the following arguments: {'ament_cmake_args': None, 'build_base': '/home/sangwon/ROS2_turtlesim_ws/build/turtle_demo_controller', 'catkin_cmake_args': None, 'catkin_skip_building_tests': False, 'cmake_args': None, 'cmake_clean_cache': False, 'cmake_clean_first': False, 'cmake_force_configure': False, 'cmake_target': None, 'cmake_target_skip_unavailable': False, 'install_base': '/home/sangwon/ROS2_turtlesim_ws/install/turtle_demo_controller', 'merge_install': False, 'path': '/home/sangwon/ROS2_turtlesim_ws/src/turtle_demo_controller', 'symlink_install': True, 'test_result_base': None}
[0.304s] INFO:colcon.colcon_core.executor:Executing jobs using 'parallel' executor
[0.305s] DEBUG:colcon.colcon_parallel_executor.executor.parallel:run_until_complete
[0.306s] INFO:colcon.colcon_ros.task.ament_cmake.build:Building ROS package in '/home/sangwon/ROS2_turtlesim_ws/src/enc_turtle_cpp' with build type 'ament_cmake'
[0.306s] INFO:colcon.colcon_cmake.task.cmake.build:Building CMake package in '/home/sangwon/ROS2_turtlesim_ws/src/enc_turtle_cpp'
[0.307s] INFO:colcon.colcon_core.plugin_system:Skipping extension 'colcon_core.shell.bat': Not used on non-Windows systems
[0.307s] INFO:colcon.colcon_core.shell:Skip shell extension 'powershell' for command environment: Not usable outside of PowerShell
[0.307s] DEBUG:colcon.colcon_core.shell:Skip shell extension 'dsv' for command environment
[0.311s] INFO:colcon.colcon_ros.task.ament_cmake.build:Building ROS package in '/home/sangwon/ROS2_turtlesim_ws/src/turtle_demo_controller' with build type 'ament_cmake'
[0.312s] INFO:colcon.colcon_cmake.task.cmake.build:Building CMake package in '/home/sangwon/ROS2_turtlesim_ws/src/turtle_demo_controller'
[0.312s] INFO:colcon.colcon_core.shell:Skip shell extension 'powershell' for command environment: Not usable outside of PowerShell
[0.312s] DEBUG:colcon.colcon_core.shell:Skip shell extension 'dsv' for command environment
[0.322s] DEBUG:colcon.colcon_core.event_handler.log_command:Invoking command in '/home/sangwon/ROS2_turtlesim_ws/build/enc_turtle_cpp': CMAKE_PREFIX_PATH=${CMAKE_PREFIX_PATH}:/opt/ros/foxy /usr/bin/cmake --build /home/sangwon/ROS2_turtlesim_ws/build/enc_turtle_cpp -- -j12 -l12
[0.328s] DEBUG:colcon.colcon_core.event_handler.log_command:Invoking command in '/home/sangwon/ROS2_turtlesim_ws/build/turtle_demo_controller': CMAKE_PREFIX_PATH=${CMAKE_PREFIX_PATH}:/opt/ros/foxy /usr/bin/cmake --build /home/sangwon/ROS2_turtlesim_ws/build/turtle_demo_controller -- -j12 -l12
[0.544s] DEBUG:colcon.colcon_core.event_handler.log_command:Invoked command in '/home/sangwon/ROS2_turtlesim_ws/build/turtle_demo_controller' returned '0': CMAKE_PREFIX_PATH=${CMAKE_PREFIX_PATH}:/opt/ros/foxy /usr/bin/cmake --build /home/sangwon/ROS2_turtlesim_ws/build/turtle_demo_controller -- -j12 -l12
[0.620s] DEBUG:colcon.colcon_core.event_handler.log_command:Invoking command in '/home/sangwon/ROS2_turtlesim_ws/build/turtle_demo_controller': CMAKE_PREFIX_PATH=${CMAKE_PREFIX_PATH}:/opt/ros/foxy /usr/bin/cmake --install /home/sangwon/ROS2_turtlesim_ws/build/turtle_demo_controller
[0.740s] Level 1:colcon.colcon_core.environment:create_environment_scripts_only(turtle_demo_controller)
[0.741s] DEBUG:colcon.colcon_core.event_handler.log_command:Invoked command in '/home/sangwon/ROS2_turtlesim_ws/build/turtle_demo_controller' returned '0': CMAKE_PREFIX_PATH=${CMAKE_PREFIX_PATH}:/opt/ros/foxy /usr/bin/cmake --install /home/sangwon/ROS2_turtlesim_ws/build/turtle_demo_controller
[0.742s] Level 1:colcon.colcon_core.environment:checking '/home/sangwon/ROS2_turtlesim_ws/install/turtle_demo_controller' for CMake module files
[0.743s] Level 1:colcon.colcon_core.environment:checking '/home/sangwon/ROS2_turtlesim_ws/install/turtle_demo_controller' for CMake config files
[0.744s] Level 1:colcon.colcon_core.shell:create_environment_hook('turtle_demo_controller', 'cmake_prefix_path')
[0.744s] INFO:colcon.colcon_core.shell:Creating environment hook '/home/sangwon/ROS2_turtlesim_ws/install/turtle_demo_controller/share/turtle_demo_controller/hook/cmake_prefix_path.ps1'
[0.745s] INFO:colcon.colcon_core.shell:Creating environment descriptor '/home/sangwon/ROS2_turtlesim_ws/install/turtle_demo_controller/share/turtle_demo_controller/hook/cmake_prefix_path.dsv'
[0.745s] INFO:colcon.colcon_core.shell:Creating environment hook '/home/sangwon/ROS2_turtlesim_ws/install/turtle_demo_controller/share/turtle_demo_controller/hook/cmake_prefix_path.sh'
[0.746s] Level 1:colcon.colcon_core.environment:checking '/home/sangwon/ROS2_turtlesim_ws/install/turtle_demo_controller/lib'
[0.746s] Level 1:colcon.colcon_core.shell:create_environment_hook('turtle_demo_controller', 'ld_library_path_lib')
[0.746s] INFO:colcon.colcon_core.shell:Creating environment hook '/home/sangwon/ROS2_turtlesim_ws/install/turtle_demo_controller/share/turtle_demo_controller/hook/ld_library_path_lib.ps1'
[0.746s] INFO:colcon.colcon_core.shell:Creating environment descriptor '/home/sangwon/ROS2_turtlesim_ws/install/turtle_demo_controller/share/turtle_demo_controller/hook/ld_library_path_lib.dsv'
[0.747s] INFO:colcon.colcon_core.shell:Creating environment hook '/home/sangwon/ROS2_turtlesim_ws/install/turtle_demo_controller/share/turtle_demo_controller/hook/ld_library_path_lib.sh'
[0.747s] Level 1:colcon.colcon_core.environment:checking '/home/sangwon/ROS2_turtlesim_ws/install/turtle_demo_controller/bin'
[0.747s] Level 1:colcon.colcon_core.environment:checking '/home/sangwon/ROS2_turtlesim_ws/install/turtle_demo_controller/lib/pkgconfig/turtle_demo_controller.pc'
[0.747s] Level 1:colcon.colcon_core.environment:checking '/home/sangwon/ROS2_turtlesim_ws/install/turtle_demo_controller/lib/python3.8/site-packages'
[0.747s] Level 1:colcon.colcon_core.shell:create_environment_hook('turtle_demo_controller', 'pythonpath')
[0.747s] INFO:colcon.colcon_core.shell:Creating environment hook '/home/sangwon/ROS2_turtlesim_ws/install/turtle_demo_controller/share/turtle_demo_controller/hook/pythonpath.ps1'
[0.747s] INFO:colcon.colcon_core.shell:Creating environment descriptor '/home/sangwon/ROS2_turtlesim_ws/install/turtle_demo_controller/share/turtle_demo_controller/hook/pythonpath.dsv'
[0.748s] INFO:colcon.colcon_core.shell:Creating environment hook '/home/sangwon/ROS2_turtlesim_ws/install/turtle_demo_controller/share/turtle_demo_controller/hook/pythonpath.sh'
[0.748s] Level 1:colcon.colcon_core.environment:checking '/home/sangwon/ROS2_turtlesim_ws/install/turtle_demo_controller/bin'
[0.748s] INFO:colcon.colcon_core.shell:Creating package script '/home/sangwon/ROS2_turtlesim_ws/install/turtle_demo_controller/share/turtle_demo_controller/package.ps1'
[0.749s] INFO:colcon.colcon_core.shell:Creating package descriptor '/home/sangwon/ROS2_turtlesim_ws/install/turtle_demo_controller/share/turtle_demo_controller/package.dsv'
[0.749s] INFO:colcon.colcon_core.shell:Creating package script '/home/sangwon/ROS2_turtlesim_ws/install/turtle_demo_controller/share/turtle_demo_controller/package.sh'
[0.750s] INFO:colcon.colcon_core.shell:Creating package script '/home/sangwon/ROS2_turtlesim_ws/install/turtle_demo_controller/share/turtle_demo_controller/package.bash'
[0.750s] INFO:colcon.colcon_core.shell:Creating package script '/home/sangwon/ROS2_turtlesim_ws/install/turtle_demo_controller/share/turtle_demo_controller/package.zsh'
[0.751s] Level 1:colcon.colcon_core.environment:create_file_with_runtime_dependencies(/home/sangwon/ROS2_turtlesim_ws/install/turtle_demo_controller/share/colcon-core/packages/turtle_demo_controller)
[0.814s] Level 1:colcon.colcon_core.environment:create_environment_scripts_only(turtle_demo_controller)
[0.814s] Level 1:colcon.colcon_core.environment:checking '/home/sangwon/ROS2_turtlesim_ws/install/turtle_demo_controller' for CMake module files
[0.815s] Level 1:colcon.colcon_core.environment:checking '/home/sangwon/ROS2_turtlesim_ws/install/turtle_demo_controller' for CMake config files
[0.815s] Level 1:colcon.colcon_core.shell:create_environment_hook('turtle_demo_controller', 'cmake_prefix_path')
[0.816s] INFO:colcon.colcon_core.shell:Creating environment hook '/home/sangwon/ROS2_turtlesim_ws/install/turtle_demo_controller/share/turtle_demo_controller/hook/cmake_prefix_path.ps1'
[0.816s] INFO:colcon.colcon_core.shell:Creating environment descriptor '/home/sangwon/ROS2_turtlesim_ws/install/turtle_demo_controller/share/turtle_demo_controller/hook/cmake_prefix_path.dsv'
[0.816s] INFO:colcon.colcon_core.shell:Creating environment hook '/home/sangwon/ROS2_turtlesim_ws/install/turtle_demo_controller/share/turtle_demo_controller/hook/cmake_prefix_path.sh'
[0.817s] Level 1:colcon.colcon_core.environment:checking '/home/sangwon/ROS2_turtlesim_ws/install/turtle_demo_controller/lib'
[0.817s] Level 1:colcon.colcon_core.shell:create_environment_hook('turtle_demo_controller', 'ld_library_path_lib')
[0.817s] INFO:colcon.colcon_core.shell:Creating environment hook '/home/sangwon/ROS2_turtlesim_ws/install/turtle_demo_controller/share/turtle_demo_controller/hook/ld_library_path_lib.ps1'
[0.817s] INFO:colcon.colcon_core.shell:Creating environment descriptor '/home/sangwon/ROS2_turtlesim_ws/install/turtle_demo_controller/share/turtle_demo_controller/hook/ld_library_path_lib.dsv'
[0.817s] INFO:colcon.colcon_core.shell:Creating environment hook '/home/sangwon/ROS2_turtlesim_ws/install/turtle_demo_controller/share/turtle_demo_controller/hook/ld_library_path_lib.sh'
[0.818s] Level 1:colcon.colcon_core.environment:checking '/home/sangwon/ROS2_turtlesim_ws/install/turtle_demo_controller/bin'
[0.818s] Level 1:colcon.colcon_core.environment:checking '/home/sangwon/ROS2_turtlesim_ws/install/turtle_demo_controller/lib/pkgconfig/turtle_demo_controller.pc'
[0.818s] Level 1:colcon.colcon_core.environment:checking '/home/sangwon/ROS2_turtlesim_ws/install/turtle_demo_controller/lib/python3.8/site-packages'
[0.818s] Level 1:colcon.colcon_core.shell:create_environment_hook('turtle_demo_controller', 'pythonpath')
[0.818s] INFO:colcon.colcon_core.shell:Creating environment hook '/home/sangwon/ROS2_turtlesim_ws/install/turtle_demo_controller/share/turtle_demo_controller/hook/pythonpath.ps1'
[0.818s] INFO:colcon.colcon_core.shell:Creating environment descriptor '/home/sangwon/ROS2_turtlesim_ws/install/turtle_demo_controller/share/turtle_demo_controller/hook/pythonpath.dsv'
[0.818s] INFO:colcon.colcon_core.shell:Creating environment hook '/home/sangwon/ROS2_turtlesim_ws/install/turtle_demo_controller/share/turtle_demo_controller/hook/pythonpath.sh'
[0.819s] Level 1:colcon.colcon_core.environment:checking '/home/sangwon/ROS2_turtlesim_ws/install/turtle_demo_controller/bin'
[0.819s] INFO:colcon.colcon_core.shell:Creating package script '/home/sangwon/ROS2_turtlesim_ws/install/turtle_demo_controller/share/turtle_demo_controller/package.ps1'
[0.819s] INFO:colcon.colcon_core.shell:Creating package descriptor '/home/sangwon/ROS2_turtlesim_ws/install/turtle_demo_controller/share/turtle_demo_controller/package.dsv'
[0.820s] INFO:colcon.colcon_core.shell:Creating package script '/home/sangwon/ROS2_turtlesim_ws/install/turtle_demo_controller/share/turtle_demo_controller/package.sh'
[0.820s] INFO:colcon.colcon_core.shell:Creating package script '/home/sangwon/ROS2_turtlesim_ws/install/turtle_demo_controller/share/turtle_demo_controller/package.bash'
[0.820s] INFO:colcon.colcon_core.shell:Creating package script '/home/sangwon/ROS2_turtlesim_ws/install/turtle_demo_controller/share/turtle_demo_controller/package.zsh'
[0.821s] Level 1:colcon.colcon_core.environment:create_file_with_runtime_dependencies(/home/sangwon/ROS2_turtlesim_ws/install/turtle_demo_controller/share/colcon-core/packages/turtle_demo_controller)
[16.861s] DEBUG:colcon.colcon_core.event_handler.log_command:Invoked command in '/home/sangwon/ROS2_turtlesim_ws/build/enc_turtle_cpp' returned '0': CMAKE_PREFIX_PATH=${CMAKE_PREFIX_PATH}:/opt/ros/foxy /usr/bin/cmake --build /home/sangwon/ROS2_turtlesim_ws/build/enc_turtle_cpp -- -j12 -l12
[16.939s] DEBUG:colcon.colcon_core.event_handler.log_command:Invoking command in '/home/sangwon/ROS2_turtlesim_ws/build/enc_turtle_cpp': CMAKE_PREFIX_PATH=${CMAKE_PREFIX_PATH}:/opt/ros/foxy /usr/bin/cmake --install /home/sangwon/ROS2_turtlesim_ws/build/enc_turtle_cpp
[17.000s] Level 1:colcon.colcon_core.environment:create_environment_scripts_only(enc_turtle_cpp)
[17.001s] Level 1:colcon.colcon_core.environment:checking '/home/sangwon/ROS2_turtlesim_ws/install/enc_turtle_cpp' for CMake module files
[17.001s] DEBUG:colcon.colcon_core.event_handler.log_command:Invoked command in '/home/sangwon/ROS2_turtlesim_ws/build/enc_turtle_cpp' returned '0': CMAKE_PREFIX_PATH=${CMAKE_PREFIX_PATH}:/opt/ros/foxy /usr/bin/cmake --install /home/sangwon/ROS2_turtlesim_ws/build/enc_turtle_cpp
[17.002s] Level 1:colcon.colcon_core.environment:checking '/home/sangwon/ROS2_turtlesim_ws/install/enc_turtle_cpp' for CMake config files
[17.003s] Level 1:colcon.colcon_core.shell:create_environment_hook('enc_turtle_cpp', 'cmake_prefix_path')
[17.003s] INFO:colcon.colcon_core.shell:Creating environment hook '/home/sangwon/ROS2_turtlesim_ws/install/enc_turtle_cpp/share/enc_turtle_cpp/hook/cmake_prefix_path.ps1'
[17.004s] INFO:colcon.colcon_core.shell:Creating environment descriptor '/home/sangwon/ROS2_turtlesim_ws/install/enc_turtle_cpp/share/enc_turtle_cpp/hook/cmake_prefix_path.dsv'
[17.004s] INFO:colcon.colcon_core.shell:Creating environment hook '/home/sangwon/ROS2_turtlesim_ws/install/enc_turtle_cpp/share/enc_turtle_cpp/hook/cmake_prefix_path.sh'
[17.004s] Level 1:colcon.colcon_core.environment:checking '/home/sangwon/ROS2_turtlesim_ws/install/enc_turtle_cpp/lib'
[17.004s] Level 1:colcon.colcon_core.shell:create_environment_hook('enc_turtle_cpp', 'ld_library_path_lib')
[17.004s] INFO:colcon.colcon_core.shell:Creating environment hook '/home/sangwon/ROS2_turtlesim_ws/install/enc_turtle_cpp/share/enc_turtle_cpp/hook/ld_library_path_lib.ps1'
[17.005s] INFO:colcon.colcon_core.shell:Creating environment descriptor '/home/sangwon/ROS2_turtlesim_ws/install/enc_turtle_cpp/share/enc_turtle_cpp/hook/ld_library_path_lib.dsv'
[17.005s] INFO:colcon.colcon_core.shell:Creating environment hook '/home/sangwon/ROS2_turtlesim_ws/install/enc_turtle_cpp/share/enc_turtle_cpp/hook/ld_library_path_lib.sh'
[17.005s] Level 1:colcon.colcon_core.environment:checking '/home/sangwon/ROS2_turtlesim_ws/install/enc_turtle_cpp/bin'
[17.005s] Level 1:colcon.colcon_core.environment:checking '/home/sangwon/ROS2_turtlesim_ws/install/enc_turtle_cpp/lib/pkgconfig/enc_turtle_cpp.pc'
[17.005s] Level 1:colcon.colcon_core.environment:checking '/home/sangwon/ROS2_turtlesim_ws/install/enc_turtle_cpp/lib/python3.8/site-packages'
[17.005s] Level 1:colcon.colcon_core.shell:create_environment_hook('enc_turtle_cpp', 'pythonpath')
[17.006s] INFO:colcon.colcon_core.shell:Creating environment hook '/home/sangwon/ROS2_turtlesim_ws/install/enc_turtle_cpp/share/enc_turtle_cpp/hook/pythonpath.ps1'
[17.006s] INFO:colcon.colcon_core.shell:Creating environment descriptor '/home/sangwon/ROS2_turtlesim_ws/install/enc_turtle_cpp/share/enc_turtle_cpp/hook/pythonpath.dsv'
[17.006s] INFO:colcon.colcon_core.shell:Creating environment hook '/home/sangwon/ROS2_turtlesim_ws/install/enc_turtle_cpp/share/enc_turtle_cpp/hook/pythonpath.sh'
[17.006s] Level 1:colcon.colcon_core.environment:checking '/home/sangwon/ROS2_turtlesim_ws/install/enc_turtle_cpp/bin'
[17.007s] INFO:colcon.colcon_core.shell:Creating package script '/home/sangwon/ROS2_turtlesim_ws/install/enc_turtle_cpp/share/enc_turtle_cpp/package.ps1'
[17.007s] INFO:colcon.colcon_core.shell:Creating package descriptor '/home/sangwon/ROS2_turtlesim_ws/install/enc_turtle_cpp/share/enc_turtle_cpp/package.dsv'
[17.007s] INFO:colcon.colcon_core.shell:Creating package script '/home/sangwon/ROS2_turtlesim_ws/install/enc_turtle_cpp/share/enc_turtle_cpp/package.sh'
[17.008s] INFO:colcon.colcon_core.shell:Creating package script '/home/sangwon/ROS2_turtlesim_ws/install/enc_turtle_cpp/share/enc_turtle_cpp/package.bash'
[17.008s] INFO:colcon.colcon_core.shell:Creating package script '/home/sangwon/ROS2_turtlesim_ws/install/enc_turtle_cpp/share/enc_turtle_cpp/package.zsh'
[17.008s] Level 1:colcon.colcon_core.environment:create_file_with_runtime_dependencies(/home/sangwon/ROS2_turtlesim_ws/install/enc_turtle_cpp/share/colcon-core/packages/enc_turtle_cpp)
[17.083s] Level 1:colcon.colcon_core.environment:create_environment_scripts_only(enc_turtle_cpp)
[17.083s] Level 1:colcon.colcon_core.environment:checking '/home/sangwon/ROS2_turtlesim_ws/install/enc_turtle_cpp' for CMake module files
[17.084s] Level 1:colcon.colcon_core.environment:checking '/home/sangwon/ROS2_turtlesim_ws/install/enc_turtle_cpp' for CMake config files
[17.085s] Level 1:colcon.colcon_core.shell:create_environment_hook('enc_turtle_cpp', 'cmake_prefix_path')
[17.085s] INFO:colcon.colcon_core.shell:Creating environment hook '/home/sangwon/ROS2_turtlesim_ws/install/enc_turtle_cpp/share/enc_turtle_cpp/hook/cmake_prefix_path.ps1'
[17.085s] INFO:colcon.colcon_core.shell:Creating environment descriptor '/home/sangwon/ROS2_turtlesim_ws/install/enc_turtle_cpp/share/enc_turtle_cpp/hook/cmake_prefix_path.dsv'
[17.086s] INFO:colcon.colcon_core.shell:Creating environment hook '/home/sangwon/ROS2_turtlesim_ws/install/enc_turtle_cpp/share/enc_turtle_cpp/hook/cmake_prefix_path.sh'
[17.086s] Level 1:colcon.colcon_core.environment:checking '/home/sangwon/ROS2_turtlesim_ws/install/enc_turtle_cpp/lib'
[17.086s] Level 1:colcon.colcon_core.shell:create_environment_hook('enc_turtle_cpp', 'ld_library_path_lib')
[17.086s] INFO:colcon.colcon_core.shell:Creating environment hook '/home/sangwon/ROS2_turtlesim_ws/install/enc_turtle_cpp/share/enc_turtle_cpp/hook/ld_library_path_lib.ps1'
[17.087s] INFO:colcon.colcon_core.shell:Creating environment descriptor '/home/sangwon/ROS2_turtlesim_ws/install/enc_turtle_cpp/share/enc_turtle_cpp/hook/ld_library_path_lib.dsv'
[17.087s] INFO:colcon.colcon_core.shell:Creating environment hook '/home/sangwon/ROS2_turtlesim_ws/install/enc_turtle_cpp/share/enc_turtle_cpp/hook/ld_library_path_lib.sh'
[17.087s] Level 1:colcon.colcon_core.environment:checking '/home/sangwon/ROS2_turtlesim_ws/install/enc_turtle_cpp/bin'
[17.087s] Level 1:colcon.colcon_core.environment:checking '/home/sangwon/ROS2_turtlesim_ws/install/enc_turtle_cpp/lib/pkgconfig/enc_turtle_cpp.pc'
[17.087s] Level 1:colcon.colcon_core.environment:checking '/home/sangwon/ROS2_turtlesim_ws/install/enc_turtle_cpp/lib/python3.8/site-packages'
[17.087s] Level 1:colcon.colcon_core.shell:create_environment_hook('enc_turtle_cpp', 'pythonpath')
[17.087s] INFO:colcon.colcon_core.shell:Creating environment hook '/home/sangwon/ROS2_turtlesim_ws/install/enc_turtle_cpp/share/enc_turtle_cpp/hook/pythonpath.ps1'
[17.088s] INFO:colcon.colcon_core.shell:Creating environment descriptor '/home/sangwon/ROS2_turtlesim_ws/install/enc_turtle_cpp/share/enc_turtle_cpp/hook/pythonpath.dsv'
[17.088s] INFO:colcon.colcon_core.shell:Creating environment hook '/home/sangwon/ROS2_turtlesim_ws/install/enc_turtle_cpp/share/enc_turtle_cpp/hook/pythonpath.sh'
[17.088s] Level 1:colcon.colcon_core.environment:checking '/home/sangwon/ROS2_turtlesim_ws/install/enc_turtle_cpp/bin'
[17.089s] INFO:colcon.colcon_core.shell:Creating package script '/home/sangwon/ROS2_turtlesim_ws/install/enc_turtle_cpp/share/enc_turtle_cpp/package.ps1'
[17.089s] INFO:colcon.colcon_core.shell:Creating package descriptor '/home/sangwon/ROS2_turtlesim_ws/install/enc_turtle_cpp/share/enc_turtle_cpp/package.dsv'
[17.090s] INFO:colcon.colcon_core.shell:Creating package script '/home/sangwon/ROS2_turtlesim_ws/install/enc_turtle_cpp/share/enc_turtle_cpp/package.sh'
[17.090s] INFO:colcon.colcon_core.shell:Creating package script '/home/sangwon/ROS2_turtlesim_ws/install/enc_turtle_cpp/share/enc_turtle_cpp/package.bash'
[17.090s] INFO:colcon.colcon_core.shell:Creating package script '/home/sangwon/ROS2_turtlesim_ws/install/enc_turtle_cpp/share/enc_turtle_cpp/package.zsh'
[17.091s] Level 1:colcon.colcon_core.environment:create_file_with_runtime_dependencies(/home/sangwon/ROS2_turtlesim_ws/install/enc_turtle_cpp/share/colcon-core/packages/enc_turtle_cpp)
[17.091s] DEBUG:colcon.colcon_parallel_executor.executor.parallel:closing loop
[17.092s] DEBUG:colcon.colcon_parallel_executor.executor.parallel:loop closed
[17.092s] DEBUG:colcon.colcon_parallel_executor.executor.parallel:run_until_complete finished with '0'
[17.092s] DEBUG:colcon.colcon_core.event_reactor:joining thread
[17.119s] INFO:colcon.colcon_core.plugin_system:Skipping extension 'colcon_notification.desktop_notification.notify_send': Could not find 'notify-send'
[17.119s] INFO:colcon.colcon_core.plugin_system:Skipping extension 'colcon_notification.desktop_notification.terminal_notifier': Not used on non-Darwin systems
[17.119s] INFO:colcon.colcon_core.plugin_system:Skipping extension 'colcon_notification.desktop_notification.win32': Not used on non-Windows systems
[17.119s] INFO:colcon.colcon_notification.desktop_notification:Sending desktop notification using 'notify2'
[17.120s] DEBUG:colcon.colcon_notification.desktop_notification.notify2:Failed to initialize notify2: org.freedesktop.DBus.Error.ServiceUnknown: The name org.freedesktop.Notifications was not provided by any .service files
[17.120s] DEBUG:colcon.colcon_core.event_reactor:joined thread
[17.120s] INFO:colcon.colcon_core.shell:Creating prefix script '/home/sangwon/ROS2_turtlesim_ws/install/local_setup.ps1'
[17.121s] INFO:colcon.colcon_core.shell:Creating prefix util module '/home/sangwon/ROS2_turtlesim_ws/install/_local_setup_util_ps1.py'
[17.122s] INFO:colcon.colcon_core.shell:Creating prefix chain script '/home/sangwon/ROS2_turtlesim_ws/install/setup.ps1'
[17.122s] INFO:colcon.colcon_core.shell:Creating prefix script '/home/sangwon/ROS2_turtlesim_ws/install/local_setup.sh'
[17.123s] INFO:colcon.colcon_core.shell:Creating prefix util module '/home/sangwon/ROS2_turtlesim_ws/install/_local_setup_util_sh.py'
[17.123s] INFO:colcon.colcon_core.shell:Creating prefix chain script '/home/sangwon/ROS2_turtlesim_ws/install/setup.sh'
[17.124s] INFO:colcon.colcon_core.shell:Creating prefix script '/home/sangwon/ROS2_turtlesim_ws/install/local_setup.bash'
[17.124s] INFO:colcon.colcon_core.shell:Creating prefix chain script '/home/sangwon/ROS2_turtlesim_ws/install/setup.bash'
[17.125s] INFO:colcon.colcon_core.shell:Creating prefix script '/home/sangwon/ROS2_turtlesim_ws/install/local_setup.zsh'
[17.125s] INFO:colcon.colcon_core.shell:Creating prefix chain script '/home/sangwon/ROS2_turtlesim_ws/install/setup.zsh'
