[0.012s] Invoking command in '/home/sangwon/ROS2_turtlesim_ws/build/turtle_demo_controller': CMAKE_PREFIX_PATH=${CMAKE_PREFIX_PATH}:/opt/ros/foxy /usr/bin/cmake --build /home/sangwon/ROS2_turtlesim_ws/build/turtle_demo_controller -- -j12 -l12
[0.062s] [  6%] Built target turtle_demo_controller__cpp
[0.063s] [ 12%] Built target turtle_demo_controller__rosidl_generator_c
[0.083s] [ 32%] Built target turtle_demo_controller__rosidl_typesupport_c
[0.084s] [ 32%] Built target turtle_demo_controller__rosidl_typesupport_introspection_c
[0.106s] [ 51%] Built target turtle_demo_controller__rosidl_typesupport_cpp
[0.106s] [ 51%] Built target turtle_demo_controller__rosidl_typesupport_introspection_cpp
[0.108s] [ 61%] Built target turtle_demo_controller__rosidl_typesupport_fastrtps_cpp
[0.133s] [ 70%] Built target turtle_demo_controller__rosidl_typesupport_fastrtps_c
[0.152s] [ 70%] Built target turtle_demo_controller
[0.171s] [ 74%] Built target turtle_demo_controller__py
[0.194s] [ 80%] Built target turtle_demo_controller__python
[0.219s] [ 93%] Built target turtle_demo_controller__rosidl_typesupport_c__pyext
[0.219s] [ 93%] Built target turtle_demo_controller__rosidl_typesupport_fastrtps_c__pyext
[0.220s] [100%] Built target turtle_demo_controller__rosidl_typesupport_introspection_c__pyext
[0.236s] Invoked command in '/home/sangwon/ROS2_turtlesim_ws/build/turtle_demo_controller' returned '0': CMAKE_PREFIX_PATH=${CMAKE_PREFIX_PATH}:/opt/ros/foxy /usr/bin/cmake --build /home/sangwon/ROS2_turtlesim_ws/build/turtle_demo_controller -- -j12 -l12
[0.306s] Invoking command in '/home/sangwon/ROS2_turtlesim_ws/build/turtle_demo_controller': CMAKE_PREFIX_PATH=${CMAKE_PREFIX_PATH}:/opt/ros/foxy /usr/bin/cmake --install /home/sangwon/ROS2_turtlesim_ws/build/turtle_demo_controller
[0.313s] -- Install configuration: ""
[0.314s] -- Execute custom install script
[0.314s] -- Up-to-date symlink: /home/sangwon/ROS2_turtlesim_ws/install/turtle_demo_controller/share/ament_index/resource_index/rosidl_interfaces/turtle_demo_controller
[0.314s] -- Up-to-date symlink: /home/sangwon/ROS2_turtlesim_ws/install/turtle_demo_controller/include/turtle_demo_controller/msg/detail/encrypted_data__functions.h
[0.314s] -- Up-to-date symlink: /home/sangwon/ROS2_turtlesim_ws/install/turtle_demo_controller/include/turtle_demo_controller/msg/detail/encrypted_data__struct.h
[0.315s] -- Up-to-date symlink: /home/sangwon/ROS2_turtlesim_ws/install/turtle_demo_controller/include/turtle_demo_controller/msg/detail/encrypted_data__type_support.h
[0.315s] -- Up-to-date symlink: /home/sangwon/ROS2_turtlesim_ws/install/turtle_demo_controller/include/turtle_demo_controller/msg/encrypted_data.h
[0.315s] -- Up-to-date symlink: /home/sangwon/ROS2_turtlesim_ws/install/turtle_demo_controller/include/turtle_demo_controller/msg/rosidl_generator_c__visibility_control.h
[0.315s] -- Up-to-date symlink: /home/sangwon/ROS2_turtlesim_ws/install/turtle_demo_controller/share/turtle_demo_controller/environment/library_path.sh
[0.315s] -- Up-to-date symlink: /home/sangwon/ROS2_turtlesim_ws/install/turtle_demo_controller/share/turtle_demo_controller/environment/library_path.dsv
[0.316s] -- Up-to-date symlink: /home/sangwon/ROS2_turtlesim_ws/install/turtle_demo_controller/include/turtle_demo_controller/msg/detail/encrypted_data__rosidl_typesupport_fastrtps_c.h
[0.316s] -- Up-to-date symlink: /home/sangwon/ROS2_turtlesim_ws/install/turtle_demo_controller/include/turtle_demo_controller/msg/rosidl_typesupport_fastrtps_c__visibility_control.h
[0.316s] -- Up-to-date symlink: /home/sangwon/ROS2_turtlesim_ws/install/turtle_demo_controller/lib/libturtle_demo_controller__rosidl_typesupport_fastrtps_c.so
[0.317s] -- Up-to-date symlink: /home/sangwon/ROS2_turtlesim_ws/install/turtle_demo_controller/include/turtle_demo_controller/msg/detail/encrypted_data__rosidl_typesupport_fastrtps_cpp.hpp
[0.317s] -- Up-to-date symlink: /home/sangwon/ROS2_turtlesim_ws/install/turtle_demo_controller/include/turtle_demo_controller/msg/rosidl_typesupport_fastrtps_cpp__visibility_control.h
[0.317s] -- Up-to-date symlink: /home/sangwon/ROS2_turtlesim_ws/install/turtle_demo_controller/lib/libturtle_demo_controller__rosidl_typesupport_fastrtps_cpp.so
[0.318s] -- Up-to-date symlink: /home/sangwon/ROS2_turtlesim_ws/install/turtle_demo_controller/include/turtle_demo_controller/msg/detail/encrypted_data__rosidl_typesupport_introspection_c.h
[0.318s] -- Up-to-date symlink: /home/sangwon/ROS2_turtlesim_ws/install/turtle_demo_controller/include/turtle_demo_controller/msg/rosidl_typesupport_introspection_c__visibility_control.h
[0.318s] -- Up-to-date symlink: /home/sangwon/ROS2_turtlesim_ws/install/turtle_demo_controller/include/turtle_demo_controller/msg/detail/encrypted_data__builder.hpp
[0.319s] -- Up-to-date symlink: /home/sangwon/ROS2_turtlesim_ws/install/turtle_demo_controller/include/turtle_demo_controller/msg/detail/encrypted_data__struct.hpp
[0.319s] -- Up-to-date symlink: /home/sangwon/ROS2_turtlesim_ws/install/turtle_demo_controller/include/turtle_demo_controller/msg/detail/encrypted_data__traits.hpp
[0.319s] -- Up-to-date symlink: /home/sangwon/ROS2_turtlesim_ws/install/turtle_demo_controller/include/turtle_demo_controller/msg/detail/encrypted_data__type_support.hpp
[0.319s] -- Up-to-date symlink: /home/sangwon/ROS2_turtlesim_ws/install/turtle_demo_controller/include/turtle_demo_controller/msg/encrypted_data.hpp
[0.319s] -- Up-to-date symlink: /home/sangwon/ROS2_turtlesim_ws/install/turtle_demo_controller/include/turtle_demo_controller/msg/rosidl_generator_cpp__visibility_control.hpp
[0.320s] -- Up-to-date symlink: /home/sangwon/ROS2_turtlesim_ws/install/turtle_demo_controller/include/turtle_demo_controller/msg/detail/encrypted_data__rosidl_typesupport_introspection_cpp.hpp
[0.320s] -- Up-to-date symlink: /home/sangwon/ROS2_turtlesim_ws/install/turtle_demo_controller/share/turtle_demo_controller/environment/pythonpath.sh
[0.320s] -- Up-to-date symlink: /home/sangwon/ROS2_turtlesim_ws/install/turtle_demo_controller/share/turtle_demo_controller/environment/pythonpath.dsv
[0.320s] -- Symlinking: /home/sangwon/ROS2_turtlesim_ws/install/turtle_demo_controller/lib/python3.8/site-packages/turtle_demo_controller/__init__.py
[0.330s] -- Up-to-date symlink: /home/sangwon/ROS2_turtlesim_ws/install/turtle_demo_controller/lib/python3.8/site-packages/turtle_demo_controller/msg/__init__.py
[0.330s] -- Up-to-date symlink: /home/sangwon/ROS2_turtlesim_ws/install/turtle_demo_controller/lib/python3.8/site-packages/turtle_demo_controller/msg/_encrypted_data.py
[0.330s] -- Up-to-date symlink: /home/sangwon/ROS2_turtlesim_ws/install/turtle_demo_controller/lib/python3.8/site-packages/turtle_demo_controller/turtle_demo_controller_s__rosidl_typesupport_fastrtps_c.cpython-38-x86_64-linux-gnu.so
[0.331s] -- Up-to-date symlink: /home/sangwon/ROS2_turtlesim_ws/install/turtle_demo_controller/lib/python3.8/site-packages/turtle_demo_controller/turtle_demo_controller_s__rosidl_typesupport_introspection_c.cpython-38-x86_64-linux-gnu.so
[0.331s] -- Up-to-date symlink: /home/sangwon/ROS2_turtlesim_ws/install/turtle_demo_controller/lib/python3.8/site-packages/turtle_demo_controller/turtle_demo_controller_s__rosidl_typesupport_c.cpython-38-x86_64-linux-gnu.so
[0.332s] -- Up-to-date symlink: /home/sangwon/ROS2_turtlesim_ws/install/turtle_demo_controller/lib/libturtle_demo_controller__python.so
[0.332s] -- Up-to-date symlink: /home/sangwon/ROS2_turtlesim_ws/install/turtle_demo_controller/share/turtle_demo_controller/msg/EncryptedData.idl
[0.332s] -- Up-to-date symlink: /home/sangwon/ROS2_turtlesim_ws/install/turtle_demo_controller/share/turtle_demo_controller/msg/EncryptedData.msg
[0.333s] -- Symlinking: /home/sangwon/ROS2_turtlesim_ws/install/turtle_demo_controller/lib/python3.8/site-packages/turtle_demo_controller/__init__.py
[0.342s] -- Up-to-date symlink: /home/sangwon/ROS2_turtlesim_ws/install/turtle_demo_controller/lib/python3.8/site-packages/turtle_demo_controller/enc_turtle_controller.py
[0.342s] -- Up-to-date symlink: /home/sangwon/ROS2_turtlesim_ws/install/turtle_demo_controller/lib/python3.8/site-packages/turtle_demo_controller/enc_turtle_plant.py
[0.342s] -- Up-to-date symlink: /home/sangwon/ROS2_turtlesim_ws/install/turtle_demo_controller/lib/python3.8/site-packages/turtle_demo_controller/simple_test.py
[0.342s] -- Up-to-date symlink: /home/sangwon/ROS2_turtlesim_ws/install/turtle_demo_controller/lib/python3.8/site-packages/turtle_demo_controller/turtle_controller.py
[0.343s] -- Up-to-date symlink: /home/sangwon/ROS2_turtlesim_ws/install/turtle_demo_controller/lib/python3.8/site-packages/turtle_demo_controller/turtle_plant.py
[0.343s] -- Up-to-date symlink: /home/sangwon/ROS2_turtlesim_ws/install/turtle_demo_controller/lib/turtle_demo_controller/turtle_plant.py
[0.343s] -- Up-to-date symlink: /home/sangwon/ROS2_turtlesim_ws/install/turtle_demo_controller/lib/turtle_demo_controller/turtle_controller.py
[0.343s] -- Up-to-date symlink: /home/sangwon/ROS2_turtlesim_ws/install/turtle_demo_controller/lib/turtle_demo_controller/simple_test.py
[0.343s] -- Up-to-date symlink: /home/sangwon/ROS2_turtlesim_ws/install/turtle_demo_controller/lib/turtle_demo_controller/enc_turtle_plant.py
[0.344s] -- Up-to-date symlink: /home/sangwon/ROS2_turtlesim_ws/install/turtle_demo_controller/lib/turtle_demo_controller/enc_turtle_controller.py
[0.344s] -- Up-to-date symlink: /home/sangwon/ROS2_turtlesim_ws/install/turtle_demo_controller/share/turtle_demo_controller//launch/enc_two_turtle.launch.py
[0.344s] -- Up-to-date symlink: /home/sangwon/ROS2_turtlesim_ws/install/turtle_demo_controller/share/turtle_demo_controller//launch/two_turtle.launch.py
[0.344s] -- Up-to-date symlink: /home/sangwon/ROS2_turtlesim_ws/install/turtle_demo_controller/share/ament_index/resource_index/package_run_dependencies/turtle_demo_controller
[0.345s] -- Up-to-date symlink: /home/sangwon/ROS2_turtlesim_ws/install/turtle_demo_controller/share/ament_index/resource_index/parent_prefix_path/turtle_demo_controller
[0.345s] -- Up-to-date symlink: /home/sangwon/ROS2_turtlesim_ws/install/turtle_demo_controller/share/turtle_demo_controller/environment/ament_prefix_path.sh
[0.345s] -- Up-to-date symlink: /home/sangwon/ROS2_turtlesim_ws/install/turtle_demo_controller/share/turtle_demo_controller/environment/ament_prefix_path.dsv
[0.345s] -- Up-to-date symlink: /home/sangwon/ROS2_turtlesim_ws/install/turtle_demo_controller/share/turtle_demo_controller/environment/path.sh
[0.346s] -- Up-to-date symlink: /home/sangwon/ROS2_turtlesim_ws/install/turtle_demo_controller/share/turtle_demo_controller/environment/path.dsv
[0.346s] -- Up-to-date symlink: /home/sangwon/ROS2_turtlesim_ws/install/turtle_demo_controller/share/turtle_demo_controller/local_setup.bash
[0.346s] -- Up-to-date symlink: /home/sangwon/ROS2_turtlesim_ws/install/turtle_demo_controller/share/turtle_demo_controller/local_setup.sh
[0.346s] -- Up-to-date symlink: /home/sangwon/ROS2_turtlesim_ws/install/turtle_demo_controller/share/turtle_demo_controller/local_setup.zsh
[0.346s] -- Up-to-date symlink: /home/sangwon/ROS2_turtlesim_ws/install/turtle_demo_controller/share/turtle_demo_controller/local_setup.dsv
[0.347s] -- Symlinking: /home/sangwon/ROS2_turtlesim_ws/install/turtle_demo_controller/share/turtle_demo_controller/package.dsv
[0.356s] -- Up-to-date symlink: /home/sangwon/ROS2_turtlesim_ws/install/turtle_demo_controller/share/ament_index/resource_index/packages/turtle_demo_controller
[0.356s] -- Up-to-date symlink: /home/sangwon/ROS2_turtlesim_ws/install/turtle_demo_controller/share/turtle_demo_controller/cmake/rosidl_cmake-extras.cmake
[0.356s] -- Up-to-date symlink: /home/sangwon/ROS2_turtlesim_ws/install/turtle_demo_controller/share/turtle_demo_controller/cmake/ament_cmake_export_dependencies-extras.cmake
[0.357s] -- Up-to-date symlink: /home/sangwon/ROS2_turtlesim_ws/install/turtle_demo_controller/share/turtle_demo_controller/cmake/ament_cmake_export_libraries-extras.cmake
[0.357s] -- Up-to-date symlink: /home/sangwon/ROS2_turtlesim_ws/install/turtle_demo_controller/share/turtle_demo_controller/cmake/ament_cmake_export_targets-extras.cmake
[0.357s] -- Up-to-date symlink: /home/sangwon/ROS2_turtlesim_ws/install/turtle_demo_controller/share/turtle_demo_controller/cmake/ament_cmake_export_include_directories-extras.cmake
[0.357s] -- Up-to-date symlink: /home/sangwon/ROS2_turtlesim_ws/install/turtle_demo_controller/share/turtle_demo_controller/cmake/rosidl_cmake_export_typesupport_libraries-extras.cmake
[0.358s] -- Up-to-date symlink: /home/sangwon/ROS2_turtlesim_ws/install/turtle_demo_controller/share/turtle_demo_controller/cmake/rosidl_cmake_export_typesupport_targets-extras.cmake
[0.358s] -- Up-to-date symlink: /home/sangwon/ROS2_turtlesim_ws/install/turtle_demo_controller/share/turtle_demo_controller/cmake/turtle_demo_controllerConfig.cmake
[0.358s] -- Up-to-date symlink: /home/sangwon/ROS2_turtlesim_ws/install/turtle_demo_controller/share/turtle_demo_controller/cmake/turtle_demo_controllerConfig-version.cmake
[0.358s] -- Up-to-date symlink: /home/sangwon/ROS2_turtlesim_ws/install/turtle_demo_controller/share/turtle_demo_controller/package.xml
[0.359s] -- Up-to-date: /home/sangwon/ROS2_turtlesim_ws/install/turtle_demo_controller/lib/libturtle_demo_controller__rosidl_generator_c.so
[0.359s] -- Up-to-date: /home/sangwon/ROS2_turtlesim_ws/install/turtle_demo_controller/lib/libturtle_demo_controller__rosidl_typesupport_introspection_c.so
[0.359s] -- Up-to-date: /home/sangwon/ROS2_turtlesim_ws/install/turtle_demo_controller/lib/libturtle_demo_controller__rosidl_typesupport_c.so
[0.360s] -- Up-to-date: /home/sangwon/ROS2_turtlesim_ws/install/turtle_demo_controller/lib/libturtle_demo_controller__rosidl_typesupport_introspection_cpp.so
[0.360s] -- Up-to-date: /home/sangwon/ROS2_turtlesim_ws/install/turtle_demo_controller/lib/libturtle_demo_controller__rosidl_typesupport_cpp.so
[0.403s] Listing '/home/sangwon/ROS2_turtlesim_ws/install/turtle_demo_controller/lib/python3.8/site-packages/turtle_demo_controller'...
[0.403s] Compiling '/home/sangwon/ROS2_turtlesim_ws/install/turtle_demo_controller/lib/python3.8/site-packages/turtle_demo_controller/enc_turtle_controller.py'...
[0.403s] Compiling '/home/sangwon/ROS2_turtlesim_ws/install/turtle_demo_controller/lib/python3.8/site-packages/turtle_demo_controller/enc_turtle_plant.py'...
[0.403s] Listing '/home/sangwon/ROS2_turtlesim_ws/install/turtle_demo_controller/lib/python3.8/site-packages/turtle_demo_controller/msg'...
[0.406s] -- Up-to-date: /home/sangwon/ROS2_turtlesim_ws/install/turtle_demo_controller/share/turtle_demo_controller/cmake/turtle_demo_controller__rosidl_generator_cExport.cmake
[0.406s] -- Up-to-date: /home/sangwon/ROS2_turtlesim_ws/install/turtle_demo_controller/share/turtle_demo_controller/cmake/turtle_demo_controller__rosidl_generator_cExport-noconfig.cmake
[0.406s] -- Up-to-date: /home/sangwon/ROS2_turtlesim_ws/install/turtle_demo_controller/share/turtle_demo_controller/cmake/turtle_demo_controller__rosidl_typesupport_introspection_cExport.cmake
[0.406s] -- Up-to-date: /home/sangwon/ROS2_turtlesim_ws/install/turtle_demo_controller/share/turtle_demo_controller/cmake/turtle_demo_controller__rosidl_typesupport_introspection_cExport-noconfig.cmake
[0.406s] -- Up-to-date: /home/sangwon/ROS2_turtlesim_ws/install/turtle_demo_controller/share/turtle_demo_controller/cmake/turtle_demo_controller__rosidl_typesupport_cExport.cmake
[0.406s] -- Up-to-date: /home/sangwon/ROS2_turtlesim_ws/install/turtle_demo_controller/share/turtle_demo_controller/cmake/turtle_demo_controller__rosidl_typesupport_cExport-noconfig.cmake
[0.407s] -- Up-to-date: /home/sangwon/ROS2_turtlesim_ws/install/turtle_demo_controller/share/turtle_demo_controller/cmake/turtle_demo_controller__rosidl_generator_cppExport.cmake
[0.407s] -- Up-to-date: /home/sangwon/ROS2_turtlesim_ws/install/turtle_demo_controller/share/turtle_demo_controller/cmake/turtle_demo_controller__rosidl_typesupport_introspection_cppExport.cmake
[0.407s] -- Up-to-date: /home/sangwon/ROS2_turtlesim_ws/install/turtle_demo_controller/share/turtle_demo_controller/cmake/turtle_demo_controller__rosidl_typesupport_introspection_cppExport-noconfig.cmake
[0.407s] -- Up-to-date: /home/sangwon/ROS2_turtlesim_ws/install/turtle_demo_controller/share/turtle_demo_controller/cmake/turtle_demo_controller__rosidl_typesupport_cppExport.cmake
[0.407s] -- Up-to-date: /home/sangwon/ROS2_turtlesim_ws/install/turtle_demo_controller/share/turtle_demo_controller/cmake/turtle_demo_controller__rosidl_typesupport_cppExport-noconfig.cmake
[0.410s] Invoked command in '/home/sangwon/ROS2_turtlesim_ws/build/turtle_demo_controller' returned '0': CMAKE_PREFIX_PATH=${CMAKE_PREFIX_PATH}:/opt/ros/foxy /usr/bin/cmake --install /home/sangwon/ROS2_turtlesim_ws/build/turtle_demo_controller
