[0.293s] DEBUG:colcon:Command line arguments: ['/usr/bin/colcon', 'build', '--packages-select', 'turtle_demo_controller']
[0.294s] DEBUG:colcon:Parsed command line arguments: Namespace(allow_overriding=[], ament_cmake_args=None, base_paths=['.'], build_base='build', catkin_cmake_args=None, catkin_skip_building_tests=False, cmake_args=None, cmake_clean_cache=False, cmake_clean_first=False, cmake_force_configure=False, cmake_target=None, cmake_target_skip_unavailable=False, continue_on_error=False, event_handlers=None, executor='parallel', ignore_user_meta=False, install_base='install', log_base=None, log_level=None, main=<bound method BuildVerb.main of <colcon_core.verb.build.BuildVerb object at 0x7c4438ec5e20>>, merge_install=False, metas=['./colcon.meta'], packages_above=None, packages_above_and_dependencies=None, packages_above_depth=None, packages_end=None, packages_ignore=None, packages_ignore_regex=None, packages_select=['turtle_demo_controller'], packages_select_build_failed=False, packages_select_by_dep=None, packages_select_regex=None, packages_select_test_failures=False, packages_skip=None, packages_skip_build_finished=False, packages_skip_by_dep=None, packages_skip_regex=None, packages_skip_test_passed=False, packages_skip_up_to=None, packages_start=None, packages_up_to=None, packages_up_to_regex=None, parallel_workers=12, paths=None, symlink_install=False, test_result_base=None, verb_extension=<colcon_core.verb.build.BuildVerb object at 0x7c4438ec5e20>, verb_name='build', verb_parser=<colcon_defaults.argument_parser.defaults.DefaultArgumentsDecorator object at 0x7c4438d7c520>)
[0.449s] Level 1:colcon.colcon_core.package_discovery:discover_packages(colcon_meta) check parameters
[0.450s] Level 1:colcon.colcon_core.package_discovery:discover_packages(recursive) check parameters
[0.450s] Level 1:colcon.colcon_core.package_discovery:discover_packages(ignore) check parameters
[0.450s] Level 1:colcon.colcon_core.package_discovery:discover_packages(path) check parameters
[0.450s] Level 1:colcon.colcon_core.package_discovery:discover_packages(colcon_meta) discover
[0.450s] Level 1:colcon.colcon_core.package_discovery:discover_packages(recursive) discover
[0.450s] INFO:colcon.colcon_core.package_discovery:Crawling recursively for packages in '/home/sangwon/ROS2_turtlesim_ws'
[0.450s] Level 1:colcon.colcon_core.package_identification:_identify(.) by extensions ['ignore', 'ignore_ament_install']
[0.450s] Level 1:colcon.colcon_core.package_identification:_identify(.) by extension 'ignore'
[0.450s] Level 1:colcon.colcon_core.package_identification:_identify(.) by extension 'ignore_ament_install'
[0.450s] Level 1:colcon.colcon_core.package_identification:_identify(.) by extensions ['colcon_pkg']
[0.450s] Level 1:colcon.colcon_core.package_identification:_identify(.) by extension 'colcon_pkg'
[0.450s] Level 1:colcon.colcon_core.package_identification:_identify(.) by extensions ['colcon_meta']
[0.450s] Level 1:colcon.colcon_core.package_identification:_identify(.) by extension 'colcon_meta'
[0.450s] Level 1:colcon.colcon_core.package_identification:_identify(.) by extensions ['ros']
[0.450s] Level 1:colcon.colcon_core.package_identification:_identify(.) by extension 'ros'
[0.459s] Level 1:colcon.colcon_core.package_identification:_identify(.) by extensions ['cmake', 'python']
[0.459s] Level 1:colcon.colcon_core.package_identification:_identify(.) by extension 'cmake'
[0.459s] Level 1:colcon.colcon_core.package_identification:_identify(.) by extension 'python'
[0.459s] Level 1:colcon.colcon_core.package_identification:_identify(.) by extensions ['python_setup_py']
[0.459s] Level 1:colcon.colcon_core.package_identification:_identify(.) by extension 'python_setup_py'
[0.460s] Level 1:colcon.colcon_core.package_identification:_identify(build) by extensions ['ignore', 'ignore_ament_install']
[0.460s] Level 1:colcon.colcon_core.package_identification:_identify(build) by extension 'ignore'
[0.460s] Level 1:colcon.colcon_core.package_identification:_identify(build) ignored
[0.460s] Level 1:colcon.colcon_core.package_identification:_identify(install) by extensions ['ignore', 'ignore_ament_install']
[0.460s] Level 1:colcon.colcon_core.package_identification:_identify(install) by extension 'ignore'
[0.460s] Level 1:colcon.colcon_core.package_identification:_identify(install) ignored
[0.460s] Level 1:colcon.colcon_core.package_identification:_identify(log) by extensions ['ignore', 'ignore_ament_install']
[0.460s] Level 1:colcon.colcon_core.package_identification:_identify(log) by extension 'ignore'
[0.460s] Level 1:colcon.colcon_core.package_identification:_identify(log) ignored
[0.460s] Level 1:colcon.colcon_core.package_identification:_identify(src) by extensions ['ignore', 'ignore_ament_install']
[0.460s] Level 1:colcon.colcon_core.package_identification:_identify(src) by extension 'ignore'
[0.460s] Level 1:colcon.colcon_core.package_identification:_identify(src) by extension 'ignore_ament_install'
[0.460s] Level 1:colcon.colcon_core.package_identification:_identify(src) by extensions ['colcon_pkg']
[0.460s] Level 1:colcon.colcon_core.package_identification:_identify(src) by extension 'colcon_pkg'
[0.460s] Level 1:colcon.colcon_core.package_identification:_identify(src) by extensions ['colcon_meta']
[0.460s] Level 1:colcon.colcon_core.package_identification:_identify(src) by extension 'colcon_meta'
[0.460s] Level 1:colcon.colcon_core.package_identification:_identify(src) by extensions ['ros']
[0.460s] Level 1:colcon.colcon_core.package_identification:_identify(src) by extension 'ros'
[0.460s] Level 1:colcon.colcon_core.package_identification:_identify(src) by extensions ['cmake', 'python']
[0.460s] Level 1:colcon.colcon_core.package_identification:_identify(src) by extension 'cmake'
[0.460s] Level 1:colcon.colcon_core.package_identification:_identify(src) by extension 'python'
[0.460s] Level 1:colcon.colcon_core.package_identification:_identify(src) by extensions ['python_setup_py']
[0.460s] Level 1:colcon.colcon_core.package_identification:_identify(src) by extension 'python_setup_py'
[0.460s] Level 1:colcon.colcon_core.package_identification:_identify(src/turtle_demo_controller) by extensions ['ignore', 'ignore_ament_install']
[0.460s] Level 1:colcon.colcon_core.package_identification:_identify(src/turtle_demo_controller) by extension 'ignore'
[0.460s] Level 1:colcon.colcon_core.package_identification:_identify(src/turtle_demo_controller) by extension 'ignore_ament_install'
[0.460s] Level 1:colcon.colcon_core.package_identification:_identify(src/turtle_demo_controller) by extensions ['colcon_pkg']
[0.460s] Level 1:colcon.colcon_core.package_identification:_identify(src/turtle_demo_controller) by extension 'colcon_pkg'
[0.460s] Level 1:colcon.colcon_core.package_identification:_identify(src/turtle_demo_controller) by extensions ['colcon_meta']
[0.460s] Level 1:colcon.colcon_core.package_identification:_identify(src/turtle_demo_controller) by extension 'colcon_meta'
[0.460s] Level 1:colcon.colcon_core.package_identification:_identify(src/turtle_demo_controller) by extensions ['ros']
[0.460s] Level 1:colcon.colcon_core.package_identification:_identify(src/turtle_demo_controller) by extension 'ros'
[0.462s] DEBUG:colcon.colcon_core.package_identification:Package 'src/turtle_demo_controller' with type 'ros.ament_cmake' and name 'turtle_demo_controller'
[0.463s] Level 1:colcon.colcon_core.package_discovery:discover_packages(recursive) using defaults
[0.463s] Level 1:colcon.colcon_core.package_discovery:discover_packages(ignore) discover
[0.463s] Level 1:colcon.colcon_core.package_discovery:discover_packages(ignore) using defaults
[0.463s] Level 1:colcon.colcon_core.package_discovery:discover_packages(path) discover
[0.463s] Level 1:colcon.colcon_core.package_discovery:discover_packages(path) using defaults
[0.482s] Level 1:colcon.colcon_core.package_discovery:discover_packages(prefix_path) check parameters
[0.482s] Level 1:colcon.colcon_core.package_discovery:discover_packages(prefix_path) discover
[0.484s] WARNING:colcon.colcon_ros.prefix_path.ament:The path '/home/sangwon/ROS2_turtlesim_ws/install/turtle_demo_controller' in the environment variable AMENT_PREFIX_PATH doesn't exist
[0.484s] WARNING:colcon.colcon_ros.prefix_path.catkin:The path '/home/sangwon/ROS2_turtlesim_ws/install/turtle_demo_controller' in the environment variable CMAKE_PREFIX_PATH doesn't exist
[0.485s] DEBUG:colcon.colcon_installed_package_information.package_discovery:Found 0 installed packages in /home/sangwon/ROS2_turtlesim_ws/install
[0.487s] DEBUG:colcon.colcon_installed_package_information.package_discovery:Found 308 installed packages in /opt/ros/foxy
[0.488s] Level 1:colcon.colcon_core.package_discovery:discover_packages(prefix_path) using defaults
[0.589s] Level 5:colcon.colcon_core.verb:set package 'turtle_demo_controller' build argument 'cmake_args' from command line to 'None'
[0.589s] Level 5:colcon.colcon_core.verb:set package 'turtle_demo_controller' build argument 'cmake_target' from command line to 'None'
[0.589s] Level 5:colcon.colcon_core.verb:set package 'turtle_demo_controller' build argument 'cmake_target_skip_unavailable' from command line to 'False'
[0.589s] Level 5:colcon.colcon_core.verb:set package 'turtle_demo_controller' build argument 'cmake_clean_cache' from command line to 'False'
[0.589s] Level 5:colcon.colcon_core.verb:set package 'turtle_demo_controller' build argument 'cmake_clean_first' from command line to 'False'
[0.589s] Level 5:colcon.colcon_core.verb:set package 'turtle_demo_controller' build argument 'cmake_force_configure' from command line to 'False'
[0.589s] Level 5:colcon.colcon_core.verb:set package 'turtle_demo_controller' build argument 'ament_cmake_args' from command line to 'None'
[0.589s] Level 5:colcon.colcon_core.verb:set package 'turtle_demo_controller' build argument 'catkin_cmake_args' from command line to 'None'
[0.589s] Level 5:colcon.colcon_core.verb:set package 'turtle_demo_controller' build argument 'catkin_skip_building_tests' from command line to 'False'
[0.589s] DEBUG:colcon.colcon_core.verb:Building package 'turtle_demo_controller' with the following arguments: {'ament_cmake_args': None, 'build_base': '/home/sangwon/ROS2_turtlesim_ws/build/turtle_demo_controller', 'catkin_cmake_args': None, 'catkin_skip_building_tests': False, 'cmake_args': None, 'cmake_clean_cache': False, 'cmake_clean_first': False, 'cmake_force_configure': False, 'cmake_target': None, 'cmake_target_skip_unavailable': False, 'install_base': '/home/sangwon/ROS2_turtlesim_ws/install/turtle_demo_controller', 'merge_install': False, 'path': '/home/sangwon/ROS2_turtlesim_ws/src/turtle_demo_controller', 'symlink_install': False, 'test_result_base': None}
[0.589s] INFO:colcon.colcon_core.executor:Executing jobs using 'parallel' executor
[0.590s] DEBUG:colcon.colcon_parallel_executor.executor.parallel:run_until_complete
[0.590s] INFO:colcon.colcon_ros.task.ament_cmake.build:Building ROS package in '/home/sangwon/ROS2_turtlesim_ws/src/turtle_demo_controller' with build type 'ament_cmake'
[0.590s] INFO:colcon.colcon_cmake.task.cmake.build:Building CMake package in '/home/sangwon/ROS2_turtlesim_ws/src/turtle_demo_controller'
[0.594s] INFO:colcon.colcon_core.plugin_system:Skipping extension 'colcon_core.shell.bat': Not used on non-Windows systems
[0.594s] INFO:colcon.colcon_core.shell:Skip shell extension 'powershell' for command environment: Not usable outside of PowerShell
[0.594s] DEBUG:colcon.colcon_core.shell:Skip shell extension 'dsv' for command environment
[0.602s] DEBUG:colcon.colcon_core.event_handler.log_command:Invoking command in '/home/sangwon/ROS2_turtlesim_ws/build/turtle_demo_controller': CMAKE_PREFIX_PATH=${CMAKE_PREFIX_PATH}:/opt/ros/foxy /usr/bin/cmake /home/sangwon/ROS2_turtlesim_ws/src/turtle_demo_controller -DCMAKE_INSTALL_PREFIX=/home/sangwon/ROS2_turtlesim_ws/install/turtle_demo_controller
[7.044s] DEBUG:colcon.colcon_core.event_handler.log_command:Invoked command in '/home/sangwon/ROS2_turtlesim_ws/build/turtle_demo_controller' returned '0': CMAKE_PREFIX_PATH=${CMAKE_PREFIX_PATH}:/opt/ros/foxy /usr/bin/cmake /home/sangwon/ROS2_turtlesim_ws/src/turtle_demo_controller -DCMAKE_INSTALL_PREFIX=/home/sangwon/ROS2_turtlesim_ws/install/turtle_demo_controller
[7.048s] DEBUG:colcon.colcon_core.event_handler.log_command:Invoking command in '/home/sangwon/ROS2_turtlesim_ws/build/turtle_demo_controller': CMAKE_PREFIX_PATH=${CMAKE_PREFIX_PATH}:/opt/ros/foxy /usr/bin/cmake --build /home/sangwon/ROS2_turtlesim_ws/build/turtle_demo_controller -- -j12 -l12
[8.984s] DEBUG:colcon.colcon_core.event_handler.log_command:Invoked command in '/home/sangwon/ROS2_turtlesim_ws/build/turtle_demo_controller' returned '0': CMAKE_PREFIX_PATH=${CMAKE_PREFIX_PATH}:/opt/ros/foxy /usr/bin/cmake --build /home/sangwon/ROS2_turtlesim_ws/build/turtle_demo_controller -- -j12 -l12
[9.049s] DEBUG:colcon.colcon_core.event_handler.log_command:Invoking command in '/home/sangwon/ROS2_turtlesim_ws/build/turtle_demo_controller': CMAKE_PREFIX_PATH=${CMAKE_PREFIX_PATH}:/opt/ros/foxy /usr/bin/cmake --install /home/sangwon/ROS2_turtlesim_ws/build/turtle_demo_controller
[9.138s] Level 1:colcon.colcon_core.environment:create_environment_scripts_only(turtle_demo_controller)
[9.139s] DEBUG:colcon.colcon_core.event_handler.log_command:Invoked command in '/home/sangwon/ROS2_turtlesim_ws/build/turtle_demo_controller' returned '0': CMAKE_PREFIX_PATH=${CMAKE_PREFIX_PATH}:/opt/ros/foxy /usr/bin/cmake --install /home/sangwon/ROS2_turtlesim_ws/build/turtle_demo_controller
[9.143s] Level 1:colcon.colcon_core.environment:checking '/home/sangwon/ROS2_turtlesim_ws/install/turtle_demo_controller' for CMake module files
[9.144s] Level 1:colcon.colcon_core.environment:checking '/home/sangwon/ROS2_turtlesim_ws/install/turtle_demo_controller' for CMake config files
[9.144s] Level 1:colcon.colcon_core.shell:create_environment_hook('turtle_demo_controller', 'cmake_prefix_path')
[9.144s] INFO:colcon.colcon_core.shell:Creating environment hook '/home/sangwon/ROS2_turtlesim_ws/install/turtle_demo_controller/share/turtle_demo_controller/hook/cmake_prefix_path.ps1'
[9.145s] INFO:colcon.colcon_core.shell:Creating environment descriptor '/home/sangwon/ROS2_turtlesim_ws/install/turtle_demo_controller/share/turtle_demo_controller/hook/cmake_prefix_path.dsv'
[9.146s] INFO:colcon.colcon_core.shell:Creating environment hook '/home/sangwon/ROS2_turtlesim_ws/install/turtle_demo_controller/share/turtle_demo_controller/hook/cmake_prefix_path.sh'
[9.147s] Level 1:colcon.colcon_core.environment:checking '/home/sangwon/ROS2_turtlesim_ws/install/turtle_demo_controller/lib'
[9.147s] Level 1:colcon.colcon_core.shell:create_environment_hook('turtle_demo_controller', 'ld_library_path_lib')
[9.147s] INFO:colcon.colcon_core.shell:Creating environment hook '/home/sangwon/ROS2_turtlesim_ws/install/turtle_demo_controller/share/turtle_demo_controller/hook/ld_library_path_lib.ps1'
[9.147s] INFO:colcon.colcon_core.shell:Creating environment descriptor '/home/sangwon/ROS2_turtlesim_ws/install/turtle_demo_controller/share/turtle_demo_controller/hook/ld_library_path_lib.dsv'
[9.147s] INFO:colcon.colcon_core.shell:Creating environment hook '/home/sangwon/ROS2_turtlesim_ws/install/turtle_demo_controller/share/turtle_demo_controller/hook/ld_library_path_lib.sh'
[9.148s] Level 1:colcon.colcon_core.environment:checking '/home/sangwon/ROS2_turtlesim_ws/install/turtle_demo_controller/bin'
[9.148s] Level 1:colcon.colcon_core.environment:checking '/home/sangwon/ROS2_turtlesim_ws/install/turtle_demo_controller/lib/pkgconfig/turtle_demo_controller.pc'
[9.148s] Level 1:colcon.colcon_core.environment:checking '/home/sangwon/ROS2_turtlesim_ws/install/turtle_demo_controller/lib/python3.8/site-packages'
[9.148s] Level 1:colcon.colcon_core.shell:create_environment_hook('turtle_demo_controller', 'pythonpath')
[9.148s] INFO:colcon.colcon_core.shell:Creating environment hook '/home/sangwon/ROS2_turtlesim_ws/install/turtle_demo_controller/share/turtle_demo_controller/hook/pythonpath.ps1'
[9.148s] INFO:colcon.colcon_core.shell:Creating environment descriptor '/home/sangwon/ROS2_turtlesim_ws/install/turtle_demo_controller/share/turtle_demo_controller/hook/pythonpath.dsv'
[9.148s] INFO:colcon.colcon_core.shell:Creating environment hook '/home/sangwon/ROS2_turtlesim_ws/install/turtle_demo_controller/share/turtle_demo_controller/hook/pythonpath.sh'
[9.149s] Level 1:colcon.colcon_core.environment:checking '/home/sangwon/ROS2_turtlesim_ws/install/turtle_demo_controller/bin'
[9.149s] INFO:colcon.colcon_core.shell:Creating package script '/home/sangwon/ROS2_turtlesim_ws/install/turtle_demo_controller/share/turtle_demo_controller/package.ps1'
[9.150s] INFO:colcon.colcon_core.shell:Creating package descriptor '/home/sangwon/ROS2_turtlesim_ws/install/turtle_demo_controller/share/turtle_demo_controller/package.dsv'
[9.150s] INFO:colcon.colcon_core.shell:Creating package script '/home/sangwon/ROS2_turtlesim_ws/install/turtle_demo_controller/share/turtle_demo_controller/package.sh'
[9.151s] INFO:colcon.colcon_core.shell:Creating package script '/home/sangwon/ROS2_turtlesim_ws/install/turtle_demo_controller/share/turtle_demo_controller/package.bash'
[9.151s] INFO:colcon.colcon_core.shell:Creating package script '/home/sangwon/ROS2_turtlesim_ws/install/turtle_demo_controller/share/turtle_demo_controller/package.zsh'
[9.152s] Level 1:colcon.colcon_core.environment:create_file_with_runtime_dependencies(/home/sangwon/ROS2_turtlesim_ws/install/turtle_demo_controller/share/colcon-core/packages/turtle_demo_controller)
[9.208s] Level 1:colcon.colcon_core.environment:create_environment_scripts_only(turtle_demo_controller)
[9.208s] Level 1:colcon.colcon_core.environment:checking '/home/sangwon/ROS2_turtlesim_ws/install/turtle_demo_controller' for CMake module files
[9.209s] Level 1:colcon.colcon_core.environment:checking '/home/sangwon/ROS2_turtlesim_ws/install/turtle_demo_controller' for CMake config files
[9.210s] Level 1:colcon.colcon_core.shell:create_environment_hook('turtle_demo_controller', 'cmake_prefix_path')
[9.210s] INFO:colcon.colcon_core.shell:Creating environment hook '/home/sangwon/ROS2_turtlesim_ws/install/turtle_demo_controller/share/turtle_demo_controller/hook/cmake_prefix_path.ps1'
[9.210s] INFO:colcon.colcon_core.shell:Creating environment descriptor '/home/sangwon/ROS2_turtlesim_ws/install/turtle_demo_controller/share/turtle_demo_controller/hook/cmake_prefix_path.dsv'
[9.211s] INFO:colcon.colcon_core.shell:Creating environment hook '/home/sangwon/ROS2_turtlesim_ws/install/turtle_demo_controller/share/turtle_demo_controller/hook/cmake_prefix_path.sh'
[9.211s] Level 1:colcon.colcon_core.environment:checking '/home/sangwon/ROS2_turtlesim_ws/install/turtle_demo_controller/lib'
[9.211s] Level 1:colcon.colcon_core.shell:create_environment_hook('turtle_demo_controller', 'ld_library_path_lib')
[9.211s] INFO:colcon.colcon_core.shell:Creating environment hook '/home/sangwon/ROS2_turtlesim_ws/install/turtle_demo_controller/share/turtle_demo_controller/hook/ld_library_path_lib.ps1'
[9.212s] INFO:colcon.colcon_core.shell:Creating environment descriptor '/home/sangwon/ROS2_turtlesim_ws/install/turtle_demo_controller/share/turtle_demo_controller/hook/ld_library_path_lib.dsv'
[9.212s] INFO:colcon.colcon_core.shell:Creating environment hook '/home/sangwon/ROS2_turtlesim_ws/install/turtle_demo_controller/share/turtle_demo_controller/hook/ld_library_path_lib.sh'
[9.212s] Level 1:colcon.colcon_core.environment:checking '/home/sangwon/ROS2_turtlesim_ws/install/turtle_demo_controller/bin'
[9.212s] Level 1:colcon.colcon_core.environment:checking '/home/sangwon/ROS2_turtlesim_ws/install/turtle_demo_controller/lib/pkgconfig/turtle_demo_controller.pc'
[9.213s] Level 1:colcon.colcon_core.environment:checking '/home/sangwon/ROS2_turtlesim_ws/install/turtle_demo_controller/lib/python3.8/site-packages'
[9.213s] Level 1:colcon.colcon_core.shell:create_environment_hook('turtle_demo_controller', 'pythonpath')
[9.213s] INFO:colcon.colcon_core.shell:Creating environment hook '/home/sangwon/ROS2_turtlesim_ws/install/turtle_demo_controller/share/turtle_demo_controller/hook/pythonpath.ps1'
[9.213s] INFO:colcon.colcon_core.shell:Creating environment descriptor '/home/sangwon/ROS2_turtlesim_ws/install/turtle_demo_controller/share/turtle_demo_controller/hook/pythonpath.dsv'
[9.213s] INFO:colcon.colcon_core.shell:Creating environment hook '/home/sangwon/ROS2_turtlesim_ws/install/turtle_demo_controller/share/turtle_demo_controller/hook/pythonpath.sh'
[9.214s] Level 1:colcon.colcon_core.environment:checking '/home/sangwon/ROS2_turtlesim_ws/install/turtle_demo_controller/bin'
[9.214s] INFO:colcon.colcon_core.shell:Creating package script '/home/sangwon/ROS2_turtlesim_ws/install/turtle_demo_controller/share/turtle_demo_controller/package.ps1'
[9.214s] INFO:colcon.colcon_core.shell:Creating package descriptor '/home/sangwon/ROS2_turtlesim_ws/install/turtle_demo_controller/share/turtle_demo_controller/package.dsv'
[9.215s] INFO:colcon.colcon_core.shell:Creating package script '/home/sangwon/ROS2_turtlesim_ws/install/turtle_demo_controller/share/turtle_demo_controller/package.sh'
[9.215s] INFO:colcon.colcon_core.shell:Creating package script '/home/sangwon/ROS2_turtlesim_ws/install/turtle_demo_controller/share/turtle_demo_controller/package.bash'
[9.215s] INFO:colcon.colcon_core.shell:Creating package script '/home/sangwon/ROS2_turtlesim_ws/install/turtle_demo_controller/share/turtle_demo_controller/package.zsh'
[9.215s] Level 1:colcon.colcon_core.environment:create_file_with_runtime_dependencies(/home/sangwon/ROS2_turtlesim_ws/install/turtle_demo_controller/share/colcon-core/packages/turtle_demo_controller)
[9.216s] DEBUG:colcon.colcon_parallel_executor.executor.parallel:closing loop
[9.216s] DEBUG:colcon.colcon_parallel_executor.executor.parallel:loop closed
[9.216s] DEBUG:colcon.colcon_parallel_executor.executor.parallel:run_until_complete finished with '0'
[9.216s] DEBUG:colcon.colcon_core.event_reactor:joining thread
[9.245s] INFO:colcon.colcon_core.plugin_system:Skipping extension 'colcon_notification.desktop_notification.notify_send': Could not find 'notify-send'
[9.245s] INFO:colcon.colcon_core.plugin_system:Skipping extension 'colcon_notification.desktop_notification.terminal_notifier': Not used on non-Darwin systems
[9.245s] INFO:colcon.colcon_core.plugin_system:Skipping extension 'colcon_notification.desktop_notification.win32': Not used on non-Windows systems
[9.245s] INFO:colcon.colcon_notification.desktop_notification:Sending desktop notification using 'notify2'
[9.246s] DEBUG:colcon.colcon_notification.desktop_notification.notify2:Failed to initialize notify2: org.freedesktop.DBus.Error.ServiceUnknown: The name org.freedesktop.Notifications was not provided by any .service files
[9.246s] DEBUG:colcon.colcon_core.event_reactor:joined thread
[9.247s] INFO:colcon.colcon_core.shell:Creating prefix script '/home/sangwon/ROS2_turtlesim_ws/install/local_setup.ps1'
[9.247s] INFO:colcon.colcon_core.shell:Creating prefix util module '/home/sangwon/ROS2_turtlesim_ws/install/_local_setup_util_ps1.py'
[9.248s] INFO:colcon.colcon_core.shell:Creating prefix chain script '/home/sangwon/ROS2_turtlesim_ws/install/setup.ps1'
[9.249s] INFO:colcon.colcon_core.shell:Creating prefix script '/home/sangwon/ROS2_turtlesim_ws/install/local_setup.sh'
[9.250s] INFO:colcon.colcon_core.shell:Creating prefix util module '/home/sangwon/ROS2_turtlesim_ws/install/_local_setup_util_sh.py'
[9.250s] INFO:colcon.colcon_core.shell:Creating prefix chain script '/home/sangwon/ROS2_turtlesim_ws/install/setup.sh'
[9.251s] INFO:colcon.colcon_core.shell:Creating prefix script '/home/sangwon/ROS2_turtlesim_ws/install/local_setup.bash'
[9.251s] INFO:colcon.colcon_core.shell:Creating prefix chain script '/home/sangwon/ROS2_turtlesim_ws/install/setup.bash'
[9.252s] INFO:colcon.colcon_core.shell:Creating prefix script '/home/sangwon/ROS2_turtlesim_ws/install/local_setup.zsh'
[9.253s] INFO:colcon.colcon_core.shell:Creating prefix chain script '/home/sangwon/ROS2_turtlesim_ws/install/setup.zsh'
