[0.020s] Invoking command in '/home/sangwon/ROS2_turtlesim_ws/build/enc_turtle_cpp': CMAKE_PREFIX_PATH=${CMAKE_PREFIX_PATH}:/opt/ros/foxy /usr/bin/cmake --build /home/sangwon/ROS2_turtlesim_ws/build/enc_turtle_cpp -- -j12 -l12
[0.071s] [  7%] Built target enc_turtle_cpp__rosidl_generator_c
[0.071s] [  9%] Built target enc_turtle_cpp__cpp
[0.073s] [ 14%] Built target bgv_test
[0.084s] [ 19%] Built target turtle_plant
[0.084s] [ 24%] Built target turtle_controller
[0.098s] [ 39%] Built target enc_turtle_cpp__rosidl_typesupport_introspection_cpp
[0.098s] [ 39%] Built target enc_turtle_cpp__rosidl_typesupport_c
[0.098s] [ 46%] Built target enc_turtle_cpp__rosidl_typesupport_introspection_c
[0.098s] [ 53%] Built target enc_turtle_cpp__rosidl_typesupport_cpp
[0.101s] [ 60%] Built target enc_turtle_cpp__rosidl_typesupport_fastrtps_cpp
[0.126s] [ 68%] Built target enc_turtle_cpp__rosidl_typesupport_fastrtps_c
[0.150s] [ 68%] Built target enc_turtle_cpp
[0.169s] [35m[1mScanning dependencies of target enc_turtle_plant[0m
[0.179s] [ 70%] Built target enc_turtle_cpp__py
[0.197s] [ 75%] Built target enc_turtle_controller
[0.208s] [ 78%] [32mBuilding CXX object CMakeFiles/enc_turtle_plant.dir/src/enc_turtle_plant.cpp.o[0m
[0.218s] [ 82%] Built target enc_turtle_cpp__python
[0.248s] [ 87%] Built target enc_turtle_cpp__rosidl_typesupport_fastrtps_c__pyext
[0.248s] [ 92%] Built target enc_turtle_cpp__rosidl_typesupport_introspection_c__pyext
[0.248s] [ 97%] Built target enc_turtle_cpp__rosidl_typesupport_c__pyext
[2.130s] [01m[K/home/sangwon/ROS2_turtlesim_ws/src/enc_turtle_cpp/src/enc_turtle_plant.cpp:10:55:[m[K [01;35m[Kwarning: [m[Kextra ‘[01m[K;[m[K’ [[01;35m[K-Wpedantic[m[K]
[2.131s]    10 | CEREAL_REGISTER_TYPE(lbcrypto::CryptoParametersBGVRNS)[01;35m[K;[m[K
[2.131s]       |                                                       [01;35m[K^[m[K
[2.131s] [01m[K/home/sangwon/ROS2_turtlesim_ws/src/enc_turtle_cpp/src/enc_turtle_plant.cpp:11:41:[m[K [01;35m[Kwarning: [m[Kextra ‘[01m[K;[m[K’ [[01;35m[K-Wpedantic[m[K]
[2.131s]    11 | CEREAL_REGISTER_TYPE(lbcrypto::DCRTPoly)[01;35m[K;[m[K
[2.131s]       |                                         [01;35m[K^[m[K
[2.131s] [01m[K/home/sangwon/ROS2_turtlesim_ws/src/enc_turtle_cpp/src/enc_turtle_plant.cpp:12:45:[m[K [01;35m[Kwarning: [m[Kextra ‘[01m[K;[m[K’ [[01;35m[K-Wpedantic[m[K]
[2.131s]    12 | CEREAL_REGISTER_TYPE(lbcrypto::SchemeBGVRNS)[01;35m[K;[m[K
[2.131s]       |                                             [01;35m[K^[m[K
[2.131s] [01m[K/home/sangwon/ROS2_turtlesim_ws/src/enc_turtle_cpp/src/enc_turtle_plant.cpp:13:67:[m[K [01;35m[Kwarning: [m[Kextra ‘[01m[K;[m[K’ [[01;35m[K-Wpedantic[m[K]
[2.131s]    13 | CEREAL_REGISTER_TYPE(lbcrypto::CiphertextImpl<lbcrypto::DCRTPoly>)[01;35m[K;[m[K
[2.131s]       |                                                                   [01;35m[K^[m[K
[2.131s] [01m[K/home/sangwon/ROS2_turtlesim_ws/src/enc_turtle_cpp/src/enc_turtle_plant.cpp:14:123:[m[K [01;35m[Kwarning: [m[Kextra ‘[01m[K;[m[K’ [[01;35m[K-Wpedantic[m[K]
[2.131s]    14 | CEREAL_REGISTER_POLYMORPHIC_RELATION(lbcrypto::CryptoParametersBase<lbcrypto::DCRTPoly>, lbcrypto::CryptoParametersBGVRNS)[01;35m[K;[m[K
[2.131s]       |                                                                                                                           [01;35m[K^[m[K
[2.131s] [01m[K/home/sangwon/ROS2_turtlesim_ws/src/enc_turtle_cpp/src/enc_turtle_plant.cpp:15:103:[m[K [01;35m[Kwarning: [m[Kextra ‘[01m[K;[m[K’ [[01;35m[K-Wpedantic[m[K]
[2.131s]    15 | CEREAL_REGISTER_POLYMORPHIC_RELATION(lbcrypto::SchemeBase<lbcrypto::DCRTPoly>, lbcrypto::SchemeBGVRNS)[01;35m[K;[m[K
[2.131s]       |                                                                                                       [01;35m[K^[m[K
[21.920s] [100%] [32m[1mLinking CXX executable enc_turtle_plant[0m
[22.119s] [100%] Built target enc_turtle_plant
[22.133s] Invoked command in '/home/sangwon/ROS2_turtlesim_ws/build/enc_turtle_cpp' returned '0': CMAKE_PREFIX_PATH=${CMAKE_PREFIX_PATH}:/opt/ros/foxy /usr/bin/cmake --build /home/sangwon/ROS2_turtlesim_ws/build/enc_turtle_cpp -- -j12 -l12
[22.208s] Invoking command in '/home/sangwon/ROS2_turtlesim_ws/build/enc_turtle_cpp': CMAKE_PREFIX_PATH=${CMAKE_PREFIX_PATH}:/opt/ros/foxy /usr/bin/cmake --install /home/sangwon/ROS2_turtlesim_ws/build/enc_turtle_cpp
[22.215s] -- Install configuration: ""
[22.216s] -- Execute custom install script
[22.216s] -- Up-to-date symlink: /home/sangwon/ROS2_turtlesim_ws/install/enc_turtle_cpp/share/ament_index/resource_index/rosidl_interfaces/enc_turtle_cpp
[22.217s] -- Up-to-date symlink: /home/sangwon/ROS2_turtlesim_ws/install/enc_turtle_cpp/include/enc_turtle_cpp/msg/detail/encrypted_data__functions.h
[22.217s] -- Up-to-date symlink: /home/sangwon/ROS2_turtlesim_ws/install/enc_turtle_cpp/include/enc_turtle_cpp/msg/detail/encrypted_data__struct.h
[22.217s] -- Up-to-date symlink: /home/sangwon/ROS2_turtlesim_ws/install/enc_turtle_cpp/include/enc_turtle_cpp/msg/detail/encrypted_data__type_support.h
[22.217s] -- Up-to-date symlink: /home/sangwon/ROS2_turtlesim_ws/install/enc_turtle_cpp/include/enc_turtle_cpp/msg/encrypted_data.h
[22.217s] -- Up-to-date symlink: /home/sangwon/ROS2_turtlesim_ws/install/enc_turtle_cpp/include/enc_turtle_cpp/msg/rosidl_generator_c__visibility_control.h
[22.218s] -- Up-to-date symlink: /home/sangwon/ROS2_turtlesim_ws/install/enc_turtle_cpp/share/enc_turtle_cpp/environment/library_path.sh
[22.218s] -- Up-to-date symlink: /home/sangwon/ROS2_turtlesim_ws/install/enc_turtle_cpp/share/enc_turtle_cpp/environment/library_path.dsv
[22.218s] -- Up-to-date symlink: /home/sangwon/ROS2_turtlesim_ws/install/enc_turtle_cpp/include/enc_turtle_cpp/msg/detail/encrypted_data__rosidl_typesupport_fastrtps_c.h
[22.218s] -- Up-to-date symlink: /home/sangwon/ROS2_turtlesim_ws/install/enc_turtle_cpp/include/enc_turtle_cpp/msg/rosidl_typesupport_fastrtps_c__visibility_control.h
[22.219s] -- Up-to-date symlink: /home/sangwon/ROS2_turtlesim_ws/install/enc_turtle_cpp/lib/libenc_turtle_cpp__rosidl_typesupport_fastrtps_c.so
[22.219s] -- Up-to-date symlink: /home/sangwon/ROS2_turtlesim_ws/install/enc_turtle_cpp/include/enc_turtle_cpp/msg/detail/encrypted_data__rosidl_typesupport_fastrtps_cpp.hpp
[22.219s] -- Up-to-date symlink: /home/sangwon/ROS2_turtlesim_ws/install/enc_turtle_cpp/include/enc_turtle_cpp/msg/rosidl_typesupport_fastrtps_cpp__visibility_control.h
[22.220s] -- Up-to-date symlink: /home/sangwon/ROS2_turtlesim_ws/install/enc_turtle_cpp/lib/libenc_turtle_cpp__rosidl_typesupport_fastrtps_cpp.so
[22.220s] -- Up-to-date symlink: /home/sangwon/ROS2_turtlesim_ws/install/enc_turtle_cpp/include/enc_turtle_cpp/msg/detail/encrypted_data__rosidl_typesupport_introspection_c.h
[22.220s] -- Up-to-date symlink: /home/sangwon/ROS2_turtlesim_ws/install/enc_turtle_cpp/include/enc_turtle_cpp/msg/rosidl_typesupport_introspection_c__visibility_control.h
[22.221s] -- Up-to-date symlink: /home/sangwon/ROS2_turtlesim_ws/install/enc_turtle_cpp/include/enc_turtle_cpp/msg/detail/encrypted_data__builder.hpp
[22.221s] -- Up-to-date symlink: /home/sangwon/ROS2_turtlesim_ws/install/enc_turtle_cpp/include/enc_turtle_cpp/msg/detail/encrypted_data__struct.hpp
[22.221s] -- Up-to-date symlink: /home/sangwon/ROS2_turtlesim_ws/install/enc_turtle_cpp/include/enc_turtle_cpp/msg/detail/encrypted_data__traits.hpp
[22.221s] -- Up-to-date symlink: /home/sangwon/ROS2_turtlesim_ws/install/enc_turtle_cpp/include/enc_turtle_cpp/msg/detail/encrypted_data__type_support.hpp
[22.222s] -- Up-to-date symlink: /home/sangwon/ROS2_turtlesim_ws/install/enc_turtle_cpp/include/enc_turtle_cpp/msg/encrypted_data.hpp
[22.222s] -- Up-to-date symlink: /home/sangwon/ROS2_turtlesim_ws/install/enc_turtle_cpp/include/enc_turtle_cpp/msg/rosidl_generator_cpp__visibility_control.hpp
[22.222s] -- Up-to-date symlink: /home/sangwon/ROS2_turtlesim_ws/install/enc_turtle_cpp/include/enc_turtle_cpp/msg/detail/encrypted_data__rosidl_typesupport_introspection_cpp.hpp
[22.222s] -- Up-to-date symlink: /home/sangwon/ROS2_turtlesim_ws/install/enc_turtle_cpp/share/enc_turtle_cpp/environment/pythonpath.sh
[22.223s] -- Up-to-date symlink: /home/sangwon/ROS2_turtlesim_ws/install/enc_turtle_cpp/share/enc_turtle_cpp/environment/pythonpath.dsv
[22.223s] -- Up-to-date symlink: /home/sangwon/ROS2_turtlesim_ws/install/enc_turtle_cpp/lib/python3.8/site-packages/enc_turtle_cpp/__init__.py
[22.223s] -- Up-to-date symlink: /home/sangwon/ROS2_turtlesim_ws/install/enc_turtle_cpp/lib/python3.8/site-packages/enc_turtle_cpp/msg/__init__.py
[22.223s] -- Up-to-date symlink: /home/sangwon/ROS2_turtlesim_ws/install/enc_turtle_cpp/lib/python3.8/site-packages/enc_turtle_cpp/msg/_encrypted_data.py
[22.224s] -- Up-to-date symlink: /home/sangwon/ROS2_turtlesim_ws/install/enc_turtle_cpp/lib/python3.8/site-packages/enc_turtle_cpp/enc_turtle_cpp_s__rosidl_typesupport_fastrtps_c.cpython-38-x86_64-linux-gnu.so
[22.224s] -- Up-to-date symlink: /home/sangwon/ROS2_turtlesim_ws/install/enc_turtle_cpp/lib/python3.8/site-packages/enc_turtle_cpp/enc_turtle_cpp_s__rosidl_typesupport_introspection_c.cpython-38-x86_64-linux-gnu.so
[22.224s] -- Up-to-date symlink: /home/sangwon/ROS2_turtlesim_ws/install/enc_turtle_cpp/lib/python3.8/site-packages/enc_turtle_cpp/enc_turtle_cpp_s__rosidl_typesupport_c.cpython-38-x86_64-linux-gnu.so
[22.224s] -- Up-to-date symlink: /home/sangwon/ROS2_turtlesim_ws/install/enc_turtle_cpp/lib/libenc_turtle_cpp__python.so
[22.225s] -- Up-to-date symlink: /home/sangwon/ROS2_turtlesim_ws/install/enc_turtle_cpp/share/enc_turtle_cpp/msg/EncryptedData.idl
[22.225s] -- Up-to-date symlink: /home/sangwon/ROS2_turtlesim_ws/install/enc_turtle_cpp/share/enc_turtle_cpp/msg/EncryptedData.msg
[22.225s] -- Up-to-date symlink: /home/sangwon/ROS2_turtlesim_ws/install/enc_turtle_cpp/share/enc_turtle_cpp/launch/enc_turtle_demo.launch.py
[22.226s] -- Up-to-date symlink: /home/sangwon/ROS2_turtlesim_ws/install/enc_turtle_cpp/share/enc_turtle_cpp/launch/turtle_demo.launch.py
[22.226s] -- Up-to-date symlink: /home/sangwon/ROS2_turtlesim_ws/install/enc_turtle_cpp/lib/enc_turtle_cpp/enc_turtle_plant
[22.226s] -- Up-to-date symlink: /home/sangwon/ROS2_turtlesim_ws/install/enc_turtle_cpp/lib/enc_turtle_cpp/enc_turtle_controller
[22.226s] -- Up-to-date symlink: /home/sangwon/ROS2_turtlesim_ws/install/enc_turtle_cpp/lib/enc_turtle_cpp/bgv_test
[22.226s] -- Up-to-date symlink: /home/sangwon/ROS2_turtlesim_ws/install/enc_turtle_cpp/share/ament_index/resource_index/package_run_dependencies/enc_turtle_cpp
[22.227s] -- Up-to-date symlink: /home/sangwon/ROS2_turtlesim_ws/install/enc_turtle_cpp/share/ament_index/resource_index/parent_prefix_path/enc_turtle_cpp
[22.227s] -- Up-to-date symlink: /home/sangwon/ROS2_turtlesim_ws/install/enc_turtle_cpp/share/enc_turtle_cpp/environment/ament_prefix_path.sh
[22.227s] -- Up-to-date symlink: /home/sangwon/ROS2_turtlesim_ws/install/enc_turtle_cpp/share/enc_turtle_cpp/environment/ament_prefix_path.dsv
[22.227s] -- Up-to-date symlink: /home/sangwon/ROS2_turtlesim_ws/install/enc_turtle_cpp/share/enc_turtle_cpp/environment/path.sh
[22.227s] -- Up-to-date symlink: /home/sangwon/ROS2_turtlesim_ws/install/enc_turtle_cpp/share/enc_turtle_cpp/environment/path.dsv
[22.228s] -- Up-to-date symlink: /home/sangwon/ROS2_turtlesim_ws/install/enc_turtle_cpp/share/enc_turtle_cpp/local_setup.bash
[22.228s] -- Up-to-date symlink: /home/sangwon/ROS2_turtlesim_ws/install/enc_turtle_cpp/share/enc_turtle_cpp/local_setup.sh
[22.228s] -- Up-to-date symlink: /home/sangwon/ROS2_turtlesim_ws/install/enc_turtle_cpp/share/enc_turtle_cpp/local_setup.zsh
[22.228s] -- Up-to-date symlink: /home/sangwon/ROS2_turtlesim_ws/install/enc_turtle_cpp/share/enc_turtle_cpp/local_setup.dsv
[22.228s] -- Symlinking: /home/sangwon/ROS2_turtlesim_ws/install/enc_turtle_cpp/share/enc_turtle_cpp/package.dsv
[22.238s] -- Up-to-date symlink: /home/sangwon/ROS2_turtlesim_ws/install/enc_turtle_cpp/share/ament_index/resource_index/packages/enc_turtle_cpp
[22.238s] -- Up-to-date symlink: /home/sangwon/ROS2_turtlesim_ws/install/enc_turtle_cpp/share/enc_turtle_cpp/cmake/rosidl_cmake-extras.cmake
[22.239s] -- Up-to-date symlink: /home/sangwon/ROS2_turtlesim_ws/install/enc_turtle_cpp/share/enc_turtle_cpp/cmake/ament_cmake_export_dependencies-extras.cmake
[22.239s] -- Up-to-date symlink: /home/sangwon/ROS2_turtlesim_ws/install/enc_turtle_cpp/share/enc_turtle_cpp/cmake/ament_cmake_export_libraries-extras.cmake
[22.239s] -- Up-to-date symlink: /home/sangwon/ROS2_turtlesim_ws/install/enc_turtle_cpp/share/enc_turtle_cpp/cmake/ament_cmake_export_targets-extras.cmake
[22.239s] -- Up-to-date symlink: /home/sangwon/ROS2_turtlesim_ws/install/enc_turtle_cpp/share/enc_turtle_cpp/cmake/ament_cmake_export_include_directories-extras.cmake
[22.240s] -- Up-to-date symlink: /home/sangwon/ROS2_turtlesim_ws/install/enc_turtle_cpp/share/enc_turtle_cpp/cmake/rosidl_cmake_export_typesupport_libraries-extras.cmake
[22.240s] -- Up-to-date symlink: /home/sangwon/ROS2_turtlesim_ws/install/enc_turtle_cpp/share/enc_turtle_cpp/cmake/rosidl_cmake_export_typesupport_targets-extras.cmake
[22.240s] -- Up-to-date symlink: /home/sangwon/ROS2_turtlesim_ws/install/enc_turtle_cpp/share/enc_turtle_cpp/cmake/enc_turtle_cppConfig.cmake
[22.240s] -- Up-to-date symlink: /home/sangwon/ROS2_turtlesim_ws/install/enc_turtle_cpp/share/enc_turtle_cpp/cmake/enc_turtle_cppConfig-version.cmake
[22.241s] -- Up-to-date symlink: /home/sangwon/ROS2_turtlesim_ws/install/enc_turtle_cpp/share/enc_turtle_cpp/package.xml
[22.241s] -- Up-to-date: /home/sangwon/ROS2_turtlesim_ws/install/enc_turtle_cpp/lib/libenc_turtle_cpp__rosidl_generator_c.so
[22.241s] -- Up-to-date: /home/sangwon/ROS2_turtlesim_ws/install/enc_turtle_cpp/lib/libenc_turtle_cpp__rosidl_typesupport_introspection_c.so
[22.242s] -- Up-to-date: /home/sangwon/ROS2_turtlesim_ws/install/enc_turtle_cpp/lib/libenc_turtle_cpp__rosidl_typesupport_c.so
[22.242s] -- Up-to-date: /home/sangwon/ROS2_turtlesim_ws/install/enc_turtle_cpp/lib/libenc_turtle_cpp__rosidl_typesupport_introspection_cpp.so
[22.242s] -- Up-to-date: /home/sangwon/ROS2_turtlesim_ws/install/enc_turtle_cpp/lib/libenc_turtle_cpp__rosidl_typesupport_cpp.so
[22.265s] -- Up-to-date: /home/sangwon/ROS2_turtlesim_ws/install/enc_turtle_cpp/share/enc_turtle_cpp/cmake/enc_turtle_cpp__rosidl_generator_cExport.cmake
[22.265s] -- Up-to-date: /home/sangwon/ROS2_turtlesim_ws/install/enc_turtle_cpp/share/enc_turtle_cpp/cmake/enc_turtle_cpp__rosidl_generator_cExport-noconfig.cmake
[22.266s] -- Up-to-date: /home/sangwon/ROS2_turtlesim_ws/install/enc_turtle_cpp/share/enc_turtle_cpp/cmake/enc_turtle_cpp__rosidl_typesupport_introspection_cExport.cmake
[22.266s] -- Up-to-date: /home/sangwon/ROS2_turtlesim_ws/install/enc_turtle_cpp/share/enc_turtle_cpp/cmake/enc_turtle_cpp__rosidl_typesupport_introspection_cExport-noconfig.cmake
[22.266s] -- Up-to-date: /home/sangwon/ROS2_turtlesim_ws/install/enc_turtle_cpp/share/enc_turtle_cpp/cmake/enc_turtle_cpp__rosidl_typesupport_cExport.cmake
[22.266s] -- Up-to-date: /home/sangwon/ROS2_turtlesim_ws/install/enc_turtle_cpp/share/enc_turtle_cpp/cmake/enc_turtle_cpp__rosidl_typesupport_cExport-noconfig.cmake
[22.266s] -- Up-to-date: /home/sangwon/ROS2_turtlesim_ws/install/enc_turtle_cpp/share/enc_turtle_cpp/cmake/enc_turtle_cpp__rosidl_generator_cppExport.cmake
[22.266s] -- Up-to-date: /home/sangwon/ROS2_turtlesim_ws/install/enc_turtle_cpp/share/enc_turtle_cpp/cmake/enc_turtle_cpp__rosidl_typesupport_introspection_cppExport.cmake
[22.266s] -- Up-to-date: /home/sangwon/ROS2_turtlesim_ws/install/enc_turtle_cpp/share/enc_turtle_cpp/cmake/enc_turtle_cpp__rosidl_typesupport_introspection_cppExport-noconfig.cmake
[22.266s] -- Up-to-date: /home/sangwon/ROS2_turtlesim_ws/install/enc_turtle_cpp/share/enc_turtle_cpp/cmake/enc_turtle_cpp__rosidl_typesupport_cppExport.cmake
[22.266s] -- Up-to-date: /home/sangwon/ROS2_turtlesim_ws/install/enc_turtle_cpp/share/enc_turtle_cpp/cmake/enc_turtle_cpp__rosidl_typesupport_cppExport-noconfig.cmake
[22.269s] Invoked command in '/home/sangwon/ROS2_turtlesim_ws/build/enc_turtle_cpp' returned '0': CMAKE_PREFIX_PATH=${CMAKE_PREFIX_PATH}:/opt/ros/foxy /usr/bin/cmake --install /home/sangwon/ROS2_turtlesim_ws/build/enc_turtle_cpp
