[0.014s] Invoking command in '/home/sangwon/ROS2_turtlesim_ws/build/turtle_demo_controller': CMAKE_PREFIX_PATH=${CMAKE_PREFIX_PATH}:/opt/ros/foxy /usr/bin/cmake --build /home/sangwon/ROS2_turtlesim_ws/build/turtle_demo_controller -- -j12 -l12
[0.039s] -- Found ament_cmake: 0.9.12 (/opt/ros/foxy/share/ament_cmake/cmake)
[0.058s] -- Found PythonInterp: /usr/bin/python3 (found suitable version "3.8.10", minimum required is "3") 
[0.058s] -- Using PYTHON_EXECUTABLE: /usr/bin/python3
[0.165s] -- Override CMake install command with custom implementation using symlinks instead of copying resources
[0.180s] -- Found rclpy: 1.0.13 (/opt/ros/foxy/share/rclpy/cmake)
[0.181s] -- Found geometry_msgs: 2.0.5 (/opt/ros/foxy/share/geometry_msgs/cmake)
[0.279s] -- Using all available rosidl_typesupport_c: rosidl_typesupport_fastrtps_c;rosidl_typesupport_introspection_c
[0.282s] -- Found rosidl_adapter: 1.3.1 (/opt/ros/foxy/share/rosidl_adapter/cmake)
[2.574s] -- Using all available rosidl_typesupport_cpp: rosidl_typesupport_fastrtps_cpp;rosidl_typesupport_introspection_cpp
[2.634s] -- Found turtlesim: 1.2.6 (/opt/ros/foxy/share/turtlesim/cmake)
[2.702s] -- Found rosidl_default_generators: 1.0.1 (/opt/ros/foxy/share/rosidl_default_generators/cmake)
[2.725s] -- Found PythonInterp: /usr/bin/python3 (found version "3.8.10") 
[2.834s] -- Found ament_cmake_ros: 0.9.2 (/opt/ros/foxy/share/ament_cmake_ros/cmake)
[4.953s] -- Using all available rosidl_typesupport_c: rosidl_typesupport_fastrtps_c;rosidl_typesupport_introspection_c
[5.016s] -- Using all available rosidl_typesupport_cpp: rosidl_typesupport_fastrtps_cpp;rosidl_typesupport_introspection_cpp
[5.035s] -- Found PythonInterp: /usr/bin/python3 (found suitable version "3.8.10", minimum required is "3.5") 
[5.035s] -- Found python_cmake_module: 0.8.1 (/opt/ros/foxy/share/python_cmake_module/cmake)
[5.053s] -- Using PYTHON_EXECUTABLE: /usr/bin/python3
[5.053s] -- Using PYTHON_INCLUDE_DIRS: /usr/include/python3.8
[5.053s] -- Using PYTHON_LIBRARIES: /usr/lib/x86_64-linux-gnu/libpython3.8.so
[5.101s] -- Configuring done
[5.153s] -- Generating done
[5.157s] -- Build files have been written to: /home/sangwon/ROS2_turtlesim_ws/build/turtle_demo_controller
[5.191s] [  3%] Built target turtle_demo_controller__cpp
[5.192s] [ 12%] Built target turtle_demo_controller__rosidl_generator_c
[5.213s] [ 32%] Built target turtle_demo_controller__rosidl_typesupport_introspection_cpp
[5.213s] [ 32%] Built target turtle_demo_controller__rosidl_typesupport_introspection_c
[5.214s] [ 41%] Built target turtle_demo_controller__rosidl_typesupport_cpp
[5.215s] [ 51%] Built target turtle_demo_controller__rosidl_typesupport_c
[5.215s] [ 61%] Built target turtle_demo_controller__rosidl_typesupport_fastrtps_cpp
[5.240s] [ 70%] Built target turtle_demo_controller__rosidl_typesupport_fastrtps_c
[5.261s] [ 70%] Built target turtle_demo_controller
[5.280s] [ 74%] Built target turtle_demo_controller__py
[5.305s] [ 80%] Built target turtle_demo_controller__python
[5.327s] [ 87%] Built target turtle_demo_controller__rosidl_typesupport_c__pyext
[5.328s] [ 93%] Built target turtle_demo_controller__rosidl_typesupport_introspection_c__pyext
[5.328s] [100%] Built target turtle_demo_controller__rosidl_typesupport_fastrtps_c__pyext
[5.340s] Invoked command in '/home/sangwon/ROS2_turtlesim_ws/build/turtle_demo_controller' returned '0': CMAKE_PREFIX_PATH=${CMAKE_PREFIX_PATH}:/opt/ros/foxy /usr/bin/cmake --build /home/sangwon/ROS2_turtlesim_ws/build/turtle_demo_controller -- -j12 -l12
[5.412s] Invoking command in '/home/sangwon/ROS2_turtlesim_ws/build/turtle_demo_controller': CMAKE_PREFIX_PATH=${CMAKE_PREFIX_PATH}:/opt/ros/foxy /usr/bin/cmake --install /home/sangwon/ROS2_turtlesim_ws/build/turtle_demo_controller
[5.422s] -- Install configuration: ""
[5.422s] -- Execute custom install script
[5.422s] -- Up-to-date symlink: /home/sangwon/ROS2_turtlesim_ws/install/turtle_demo_controller/share/ament_index/resource_index/rosidl_interfaces/turtle_demo_controller
[5.423s] -- Up-to-date symlink: /home/sangwon/ROS2_turtlesim_ws/install/turtle_demo_controller/include/turtle_demo_controller/msg/detail/encrypted_data__functions.h
[5.423s] -- Up-to-date symlink: /home/sangwon/ROS2_turtlesim_ws/install/turtle_demo_controller/include/turtle_demo_controller/msg/detail/encrypted_data__struct.h
[5.423s] -- Up-to-date symlink: /home/sangwon/ROS2_turtlesim_ws/install/turtle_demo_controller/include/turtle_demo_controller/msg/detail/encrypted_data__type_support.h
[5.423s] -- Up-to-date symlink: /home/sangwon/ROS2_turtlesim_ws/install/turtle_demo_controller/include/turtle_demo_controller/msg/encrypted_data.h
[5.424s] -- Up-to-date symlink: /home/sangwon/ROS2_turtlesim_ws/install/turtle_demo_controller/include/turtle_demo_controller/msg/rosidl_generator_c__visibility_control.h
[5.424s] -- Up-to-date symlink: /home/sangwon/ROS2_turtlesim_ws/install/turtle_demo_controller/share/turtle_demo_controller/environment/library_path.sh
[5.424s] -- Up-to-date symlink: /home/sangwon/ROS2_turtlesim_ws/install/turtle_demo_controller/share/turtle_demo_controller/environment/library_path.dsv
[5.424s] -- Up-to-date symlink: /home/sangwon/ROS2_turtlesim_ws/install/turtle_demo_controller/include/turtle_demo_controller/msg/detail/encrypted_data__rosidl_typesupport_fastrtps_c.h
[5.424s] -- Up-to-date symlink: /home/sangwon/ROS2_turtlesim_ws/install/turtle_demo_controller/include/turtle_demo_controller/msg/rosidl_typesupport_fastrtps_c__visibility_control.h
[5.425s] -- Up-to-date symlink: /home/sangwon/ROS2_turtlesim_ws/install/turtle_demo_controller/lib/libturtle_demo_controller__rosidl_typesupport_fastrtps_c.so
[5.425s] -- Up-to-date symlink: /home/sangwon/ROS2_turtlesim_ws/install/turtle_demo_controller/include/turtle_demo_controller/msg/detail/encrypted_data__rosidl_typesupport_fastrtps_cpp.hpp
[5.425s] -- Up-to-date symlink: /home/sangwon/ROS2_turtlesim_ws/install/turtle_demo_controller/include/turtle_demo_controller/msg/rosidl_typesupport_fastrtps_cpp__visibility_control.h
[5.426s] -- Up-to-date symlink: /home/sangwon/ROS2_turtlesim_ws/install/turtle_demo_controller/lib/libturtle_demo_controller__rosidl_typesupport_fastrtps_cpp.so
[5.426s] -- Up-to-date symlink: /home/sangwon/ROS2_turtlesim_ws/install/turtle_demo_controller/include/turtle_demo_controller/msg/detail/encrypted_data__rosidl_typesupport_introspection_c.h
[5.426s] -- Up-to-date symlink: /home/sangwon/ROS2_turtlesim_ws/install/turtle_demo_controller/include/turtle_demo_controller/msg/rosidl_typesupport_introspection_c__visibility_control.h
[5.427s] -- Up-to-date symlink: /home/sangwon/ROS2_turtlesim_ws/install/turtle_demo_controller/include/turtle_demo_controller/msg/detail/encrypted_data__builder.hpp
[5.427s] -- Up-to-date symlink: /home/sangwon/ROS2_turtlesim_ws/install/turtle_demo_controller/include/turtle_demo_controller/msg/detail/encrypted_data__struct.hpp
[5.427s] -- Up-to-date symlink: /home/sangwon/ROS2_turtlesim_ws/install/turtle_demo_controller/include/turtle_demo_controller/msg/detail/encrypted_data__traits.hpp
[5.427s] -- Up-to-date symlink: /home/sangwon/ROS2_turtlesim_ws/install/turtle_demo_controller/include/turtle_demo_controller/msg/detail/encrypted_data__type_support.hpp
[5.427s] -- Up-to-date symlink: /home/sangwon/ROS2_turtlesim_ws/install/turtle_demo_controller/include/turtle_demo_controller/msg/encrypted_data.hpp
[5.428s] -- Up-to-date symlink: /home/sangwon/ROS2_turtlesim_ws/install/turtle_demo_controller/include/turtle_demo_controller/msg/rosidl_generator_cpp__visibility_control.hpp
[5.428s] -- Up-to-date symlink: /home/sangwon/ROS2_turtlesim_ws/install/turtle_demo_controller/include/turtle_demo_controller/msg/detail/encrypted_data__rosidl_typesupport_introspection_cpp.hpp
[5.428s] -- Up-to-date symlink: /home/sangwon/ROS2_turtlesim_ws/install/turtle_demo_controller/share/turtle_demo_controller/environment/pythonpath.sh
[5.428s] -- Up-to-date symlink: /home/sangwon/ROS2_turtlesim_ws/install/turtle_demo_controller/share/turtle_demo_controller/environment/pythonpath.dsv
[5.428s] -- Symlinking: /home/sangwon/ROS2_turtlesim_ws/install/turtle_demo_controller/lib/python3.8/site-packages/turtle_demo_controller/__init__.py
[5.438s] -- Up-to-date symlink: /home/sangwon/ROS2_turtlesim_ws/install/turtle_demo_controller/lib/python3.8/site-packages/turtle_demo_controller/msg/__init__.py
[5.439s] -- Up-to-date symlink: /home/sangwon/ROS2_turtlesim_ws/install/turtle_demo_controller/lib/python3.8/site-packages/turtle_demo_controller/msg/_encrypted_data.py
[5.439s] -- Up-to-date symlink: /home/sangwon/ROS2_turtlesim_ws/install/turtle_demo_controller/lib/python3.8/site-packages/turtle_demo_controller/turtle_demo_controller_s__rosidl_typesupport_fastrtps_c.cpython-38-x86_64-linux-gnu.so
[5.440s] -- Up-to-date symlink: /home/sangwon/ROS2_turtlesim_ws/install/turtle_demo_controller/lib/python3.8/site-packages/turtle_demo_controller/turtle_demo_controller_s__rosidl_typesupport_introspection_c.cpython-38-x86_64-linux-gnu.so
[5.440s] -- Up-to-date symlink: /home/sangwon/ROS2_turtlesim_ws/install/turtle_demo_controller/lib/python3.8/site-packages/turtle_demo_controller/turtle_demo_controller_s__rosidl_typesupport_c.cpython-38-x86_64-linux-gnu.so
[5.440s] -- Up-to-date symlink: /home/sangwon/ROS2_turtlesim_ws/install/turtle_demo_controller/lib/libturtle_demo_controller__python.so
[5.441s] -- Up-to-date symlink: /home/sangwon/ROS2_turtlesim_ws/install/turtle_demo_controller/share/turtle_demo_controller/msg/EncryptedData.idl
[5.441s] -- Up-to-date symlink: /home/sangwon/ROS2_turtlesim_ws/install/turtle_demo_controller/share/turtle_demo_controller/msg/EncryptedData.msg
[5.441s] -- Symlinking: /home/sangwon/ROS2_turtlesim_ws/install/turtle_demo_controller/lib/python3.8/site-packages/turtle_demo_controller/__init__.py
[5.451s] -- Up-to-date symlink: /home/sangwon/ROS2_turtlesim_ws/install/turtle_demo_controller/lib/python3.8/site-packages/turtle_demo_controller/enc_turtle_controller.py
[5.451s] -- Up-to-date symlink: /home/sangwon/ROS2_turtlesim_ws/install/turtle_demo_controller/lib/python3.8/site-packages/turtle_demo_controller/enc_turtle_plant.py
[5.451s] -- Up-to-date symlink: /home/sangwon/ROS2_turtlesim_ws/install/turtle_demo_controller/lib/python3.8/site-packages/turtle_demo_controller/simple_test.py
[5.451s] -- Up-to-date symlink: /home/sangwon/ROS2_turtlesim_ws/install/turtle_demo_controller/lib/python3.8/site-packages/turtle_demo_controller/turtle_controller.py
[5.452s] -- Up-to-date symlink: /home/sangwon/ROS2_turtlesim_ws/install/turtle_demo_controller/lib/python3.8/site-packages/turtle_demo_controller/turtle_plant.py
[5.452s] -- Up-to-date symlink: /home/sangwon/ROS2_turtlesim_ws/install/turtle_demo_controller/lib/turtle_demo_controller/turtle_plant.py
[5.452s] -- Up-to-date symlink: /home/sangwon/ROS2_turtlesim_ws/install/turtle_demo_controller/lib/turtle_demo_controller/turtle_controller.py
[5.452s] -- Up-to-date symlink: /home/sangwon/ROS2_turtlesim_ws/install/turtle_demo_controller/lib/turtle_demo_controller/simple_test.py
[5.452s] -- Up-to-date symlink: /home/sangwon/ROS2_turtlesim_ws/install/turtle_demo_controller/lib/turtle_demo_controller/enc_turtle_plant.py
[5.453s] -- Up-to-date symlink: /home/sangwon/ROS2_turtlesim_ws/install/turtle_demo_controller/lib/turtle_demo_controller/enc_turtle_controller.py
[5.453s] -- Up-to-date symlink: /home/sangwon/ROS2_turtlesim_ws/install/turtle_demo_controller/share/turtle_demo_controller//launch/enc_two_turtle.launch.py
[5.453s] -- Up-to-date symlink: /home/sangwon/ROS2_turtlesim_ws/install/turtle_demo_controller/share/turtle_demo_controller//launch/two_turtle.launch.py
[5.454s] -- Up-to-date symlink: /home/sangwon/ROS2_turtlesim_ws/install/turtle_demo_controller/share/ament_index/resource_index/package_run_dependencies/turtle_demo_controller
[5.454s] -- Up-to-date symlink: /home/sangwon/ROS2_turtlesim_ws/install/turtle_demo_controller/share/ament_index/resource_index/parent_prefix_path/turtle_demo_controller
[5.454s] -- Up-to-date symlink: /home/sangwon/ROS2_turtlesim_ws/install/turtle_demo_controller/share/turtle_demo_controller/environment/ament_prefix_path.sh
[5.454s] -- Up-to-date symlink: /home/sangwon/ROS2_turtlesim_ws/install/turtle_demo_controller/share/turtle_demo_controller/environment/ament_prefix_path.dsv
[5.454s] -- Up-to-date symlink: /home/sangwon/ROS2_turtlesim_ws/install/turtle_demo_controller/share/turtle_demo_controller/environment/path.sh
[5.455s] -- Up-to-date symlink: /home/sangwon/ROS2_turtlesim_ws/install/turtle_demo_controller/share/turtle_demo_controller/environment/path.dsv
[5.455s] -- Up-to-date symlink: /home/sangwon/ROS2_turtlesim_ws/install/turtle_demo_controller/share/turtle_demo_controller/local_setup.bash
[5.455s] -- Up-to-date symlink: /home/sangwon/ROS2_turtlesim_ws/install/turtle_demo_controller/share/turtle_demo_controller/local_setup.sh
[5.455s] -- Up-to-date symlink: /home/sangwon/ROS2_turtlesim_ws/install/turtle_demo_controller/share/turtle_demo_controller/local_setup.zsh
[5.455s] -- Up-to-date symlink: /home/sangwon/ROS2_turtlesim_ws/install/turtle_demo_controller/share/turtle_demo_controller/local_setup.dsv
[5.456s] -- Symlinking: /home/sangwon/ROS2_turtlesim_ws/install/turtle_demo_controller/share/turtle_demo_controller/package.dsv
[5.465s] -- Up-to-date symlink: /home/sangwon/ROS2_turtlesim_ws/install/turtle_demo_controller/share/ament_index/resource_index/packages/turtle_demo_controller
[5.466s] -- Up-to-date symlink: /home/sangwon/ROS2_turtlesim_ws/install/turtle_demo_controller/share/turtle_demo_controller/cmake/rosidl_cmake-extras.cmake
[5.466s] -- Up-to-date symlink: /home/sangwon/ROS2_turtlesim_ws/install/turtle_demo_controller/share/turtle_demo_controller/cmake/ament_cmake_export_dependencies-extras.cmake
[5.466s] -- Up-to-date symlink: /home/sangwon/ROS2_turtlesim_ws/install/turtle_demo_controller/share/turtle_demo_controller/cmake/ament_cmake_export_libraries-extras.cmake
[5.466s] -- Up-to-date symlink: /home/sangwon/ROS2_turtlesim_ws/install/turtle_demo_controller/share/turtle_demo_controller/cmake/ament_cmake_export_targets-extras.cmake
[5.467s] -- Up-to-date symlink: /home/sangwon/ROS2_turtlesim_ws/install/turtle_demo_controller/share/turtle_demo_controller/cmake/ament_cmake_export_include_directories-extras.cmake
[5.467s] -- Up-to-date symlink: /home/sangwon/ROS2_turtlesim_ws/install/turtle_demo_controller/share/turtle_demo_controller/cmake/rosidl_cmake_export_typesupport_libraries-extras.cmake
[5.467s] -- Up-to-date symlink: /home/sangwon/ROS2_turtlesim_ws/install/turtle_demo_controller/share/turtle_demo_controller/cmake/rosidl_cmake_export_typesupport_targets-extras.cmake
[5.467s] -- Up-to-date symlink: /home/sangwon/ROS2_turtlesim_ws/install/turtle_demo_controller/share/turtle_demo_controller/cmake/turtle_demo_controllerConfig.cmake
[5.468s] -- Up-to-date symlink: /home/sangwon/ROS2_turtlesim_ws/install/turtle_demo_controller/share/turtle_demo_controller/cmake/turtle_demo_controllerConfig-version.cmake
[5.468s] -- Up-to-date symlink: /home/sangwon/ROS2_turtlesim_ws/install/turtle_demo_controller/share/turtle_demo_controller/package.xml
[5.468s] -- Up-to-date: /home/sangwon/ROS2_turtlesim_ws/install/turtle_demo_controller/lib/libturtle_demo_controller__rosidl_generator_c.so
[5.468s] -- Up-to-date: /home/sangwon/ROS2_turtlesim_ws/install/turtle_demo_controller/lib/libturtle_demo_controller__rosidl_typesupport_introspection_c.so
[5.469s] -- Up-to-date: /home/sangwon/ROS2_turtlesim_ws/install/turtle_demo_controller/lib/libturtle_demo_controller__rosidl_typesupport_c.so
[5.469s] -- Up-to-date: /home/sangwon/ROS2_turtlesim_ws/install/turtle_demo_controller/lib/libturtle_demo_controller__rosidl_typesupport_introspection_cpp.so
[5.470s] -- Up-to-date: /home/sangwon/ROS2_turtlesim_ws/install/turtle_demo_controller/lib/libturtle_demo_controller__rosidl_typesupport_cpp.so
[5.517s] Listing '/home/sangwon/ROS2_turtlesim_ws/install/turtle_demo_controller/lib/python3.8/site-packages/turtle_demo_controller'...
[5.517s] Compiling '/home/sangwon/ROS2_turtlesim_ws/install/turtle_demo_controller/lib/python3.8/site-packages/turtle_demo_controller/enc_turtle_controller.py'...
[5.517s] Compiling '/home/sangwon/ROS2_turtlesim_ws/install/turtle_demo_controller/lib/python3.8/site-packages/turtle_demo_controller/enc_turtle_plant.py'...
[5.517s] Listing '/home/sangwon/ROS2_turtlesim_ws/install/turtle_demo_controller/lib/python3.8/site-packages/turtle_demo_controller/msg'...
[5.517s] Compiling '/home/sangwon/ROS2_turtlesim_ws/install/turtle_demo_controller/lib/python3.8/site-packages/turtle_demo_controller/turtle_plant.py'...
[5.522s] -- Up-to-date: /home/sangwon/ROS2_turtlesim_ws/install/turtle_demo_controller/share/turtle_demo_controller/cmake/turtle_demo_controller__rosidl_generator_cExport.cmake
[5.522s] -- Installing: /home/sangwon/ROS2_turtlesim_ws/install/turtle_demo_controller/share/turtle_demo_controller/cmake/turtle_demo_controller__rosidl_generator_cExport-noconfig.cmake
[5.522s] -- Up-to-date: /home/sangwon/ROS2_turtlesim_ws/install/turtle_demo_controller/share/turtle_demo_controller/cmake/turtle_demo_controller__rosidl_typesupport_introspection_cExport.cmake
[5.523s] -- Installing: /home/sangwon/ROS2_turtlesim_ws/install/turtle_demo_controller/share/turtle_demo_controller/cmake/turtle_demo_controller__rosidl_typesupport_introspection_cExport-noconfig.cmake
[5.523s] -- Up-to-date: /home/sangwon/ROS2_turtlesim_ws/install/turtle_demo_controller/share/turtle_demo_controller/cmake/turtle_demo_controller__rosidl_typesupport_cExport.cmake
[5.523s] -- Installing: /home/sangwon/ROS2_turtlesim_ws/install/turtle_demo_controller/share/turtle_demo_controller/cmake/turtle_demo_controller__rosidl_typesupport_cExport-noconfig.cmake
[5.524s] -- Up-to-date: /home/sangwon/ROS2_turtlesim_ws/install/turtle_demo_controller/share/turtle_demo_controller/cmake/turtle_demo_controller__rosidl_generator_cppExport.cmake
[5.524s] -- Up-to-date: /home/sangwon/ROS2_turtlesim_ws/install/turtle_demo_controller/share/turtle_demo_controller/cmake/turtle_demo_controller__rosidl_typesupport_introspection_cppExport.cmake
[5.524s] -- Installing: /home/sangwon/ROS2_turtlesim_ws/install/turtle_demo_controller/share/turtle_demo_controller/cmake/turtle_demo_controller__rosidl_typesupport_introspection_cppExport-noconfig.cmake
[5.525s] -- Up-to-date: /home/sangwon/ROS2_turtlesim_ws/install/turtle_demo_controller/share/turtle_demo_controller/cmake/turtle_demo_controller__rosidl_typesupport_cppExport.cmake
[5.525s] -- Installing: /home/sangwon/ROS2_turtlesim_ws/install/turtle_demo_controller/share/turtle_demo_controller/cmake/turtle_demo_controller__rosidl_typesupport_cppExport-noconfig.cmake
[5.529s] Invoked command in '/home/sangwon/ROS2_turtlesim_ws/build/turtle_demo_controller' returned '0': CMAKE_PREFIX_PATH=${CMAKE_PREFIX_PATH}:/opt/ros/foxy /usr/bin/cmake --install /home/sangwon/ROS2_turtlesim_ws/build/turtle_demo_controller
