[0.018s] Invoking command in '/home/sangwon/ROS2_turtlesim_ws/build/enc_turtle_cpp': CMAKE_PREFIX_PATH=${CMAKE_PREFIX_PATH}:/opt/ros/foxy /usr/bin/cmake --build /home/sangwon/ROS2_turtlesim_ws/build/enc_turtle_cpp -- -j12 -l12
[0.071s] [  2%] Built target enc_turtle_cpp__cpp
[0.072s] [ 12%] Built target bgv_test
[0.072s] [ 14%] Built target enc_turtle_cpp__rosidl_generator_c
[0.076s] [ 19%] Built target turtle_controller
[0.081s] [ 24%] Built target turtle_plant
[0.095s] [ 31%] Built target enc_turtle_cpp__rosidl_typesupport_cpp
[0.096s] [ 39%] Built target enc_turtle_cpp__rosidl_typesupport_introspection_cpp
[0.097s] [ 46%] Built target enc_turtle_cpp__rosidl_typesupport_introspection_c
[0.098s] [ 53%] Built target enc_turtle_cpp__rosidl_typesupport_fastrtps_cpp
[0.099s] [ 60%] Built target enc_turtle_cpp__rosidl_typesupport_c
[0.124s] [ 68%] Built target enc_turtle_cpp__rosidl_typesupport_fastrtps_c
[0.144s] [ 68%] Built target enc_turtle_cpp
[0.155s] [35m[1mScanning dependencies of target enc_turtle_controller[0m
[0.155s] [35m[1mScanning dependencies of target enc_turtle_plant[0m
[0.163s] [ 70%] Built target enc_turtle_cpp__py
[0.185s] [ 73%] [32mBuilding CXX object CMakeFiles/enc_turtle_plant.dir/src/enc_turtle_plant.cpp.o[0m
[0.185s] [ 75%] [32mBuilding CXX object CMakeFiles/enc_turtle_controller.dir/src/enc_turtle_controller.cpp.o[0m
[0.186s] [ 80%] Built target enc_turtle_cpp__python
[0.215s] [ 85%] Built target enc_turtle_cpp__rosidl_typesupport_fastrtps_c__pyext
[0.216s] [ 90%] Built target enc_turtle_cpp__rosidl_typesupport_c__pyext
[0.216s] [ 95%] Built target enc_turtle_cpp__rosidl_typesupport_introspection_c__pyext
[2.120s] [01m[K/home/sangwon/ROS2_turtlesim_ws/src/enc_turtle_cpp/src/enc_turtle_controller.cpp:7:55:[m[K [01;35m[Kwarning: [m[Kextra ‘[01m[K;[m[K’ [[01;35m[K-Wpedantic[m[K]
[2.120s]     7 | CEREAL_REGISTER_TYPE(lbcrypto::CryptoParametersBGVRNS)[01;35m[K;[m[K
[2.120s]       |                                                       [01;35m[K^[m[K
[2.120s] [01m[K/home/sangwon/ROS2_turtlesim_ws/src/enc_turtle_cpp/src/enc_turtle_controller.cpp:8:41:[m[K [01;35m[Kwarning: [m[Kextra ‘[01m[K;[m[K’ [[01;35m[K-Wpedantic[m[K]
[2.120s]     8 | CEREAL_REGISTER_TYPE(lbcrypto::DCRTPoly)[01;35m[K;[m[K
[2.120s]       |                                         [01;35m[K^[m[K
[2.120s] [01m[K/home/sangwon/ROS2_turtlesim_ws/src/enc_turtle_cpp/src/enc_turtle_controller.cpp:9:123:[m[K [01;35m[Kwarning: [m[Kextra ‘[01m[K;[m[K’ [[01;35m[K-Wpedantic[m[K]
[2.120s]     9 | bcrypto::DCRTPoly>, lbcrypto::CryptoParametersBGVRNS)[01;35m[K;[m[K
[2.120s]       |                                                      [01;35m[K^[m[K
[2.120s] 
[2.143s] [01m[K/home/sangwon/ROS2_turtlesim_ws/src/enc_turtle_cpp/src/enc_turtle_plant.cpp:8:55:[m[K [01;35m[Kwarning: [m[Kextra ‘[01m[K;[m[K’ [[01;35m[K-Wpedantic[m[K]
[2.143s]     8 | CEREAL_REGISTER_TYPE(lbcrypto::CryptoParametersBGVRNS)[01;35m[K;[m[K
[2.143s]       |                                                       [01;35m[K^[m[K
[2.143s] [01m[K/home/sangwon/ROS2_turtlesim_ws/src/enc_turtle_cpp/src/enc_turtle_plant.cpp:9:41:[m[K [01;35m[Kwarning: [m[Kextra ‘[01m[K;[m[K’ [[01;35m[K-Wpedantic[m[K]
[2.144s]     9 | CEREAL_REGISTER_TYPE(lbcrypto::DCRTPoly)[01;35m[K;[m[K
[2.144s]       |                                         [01;35m[K^[m[K
[2.144s] [01m[K/home/sangwon/ROS2_turtlesim_ws/src/enc_turtle_cpp/src/enc_turtle_plant.cpp:10:123:[m[K [01;35m[Kwarning: [m[Kextra ‘[01m[K;[m[K’ [[01;35m[K-Wpedantic[m[K]
[2.144s]    10 | CEREAL_REGISTER_POLYMORPHIC_RELATION(lbcrypto::CryptoParametersBase<lbcrypto::DCRTPoly>, lbcrypto::CryptoParametersBGVRNS)[01;35m[K;[m[K
[2.144s]       |                                                                                                                           [01;35m[K^[m[K
[18.981s] [ 97%] [32m[1mLinking CXX executable enc_turtle_controller[0m
[19.163s] [ 97%] Built target enc_turtle_controller
[20.510s] [100%] [32m[1mLinking CXX executable enc_turtle_plant[0m
[20.693s] [100%] Built target enc_turtle_plant
[20.707s] Invoked command in '/home/sangwon/ROS2_turtlesim_ws/build/enc_turtle_cpp' returned '0': CMAKE_PREFIX_PATH=${CMAKE_PREFIX_PATH}:/opt/ros/foxy /usr/bin/cmake --build /home/sangwon/ROS2_turtlesim_ws/build/enc_turtle_cpp -- -j12 -l12
[20.784s] Invoking command in '/home/sangwon/ROS2_turtlesim_ws/build/enc_turtle_cpp': CMAKE_PREFIX_PATH=${CMAKE_PREFIX_PATH}:/opt/ros/foxy /usr/bin/cmake --install /home/sangwon/ROS2_turtlesim_ws/build/enc_turtle_cpp
[20.792s] -- Install configuration: ""
[20.792s] -- Execute custom install script
[20.792s] -- Up-to-date symlink: /home/sangwon/ROS2_turtlesim_ws/install/enc_turtle_cpp/share/ament_index/resource_index/rosidl_interfaces/enc_turtle_cpp
[20.793s] -- Up-to-date symlink: /home/sangwon/ROS2_turtlesim_ws/install/enc_turtle_cpp/include/enc_turtle_cpp/msg/detail/encrypted_data__functions.h
[20.793s] -- Up-to-date symlink: /home/sangwon/ROS2_turtlesim_ws/install/enc_turtle_cpp/include/enc_turtle_cpp/msg/detail/encrypted_data__struct.h
[20.793s] -- Up-to-date symlink: /home/sangwon/ROS2_turtlesim_ws/install/enc_turtle_cpp/include/enc_turtle_cpp/msg/detail/encrypted_data__type_support.h
[20.793s] -- Up-to-date symlink: /home/sangwon/ROS2_turtlesim_ws/install/enc_turtle_cpp/include/enc_turtle_cpp/msg/encrypted_data.h
[20.794s] -- Up-to-date symlink: /home/sangwon/ROS2_turtlesim_ws/install/enc_turtle_cpp/include/enc_turtle_cpp/msg/rosidl_generator_c__visibility_control.h
[20.794s] -- Up-to-date symlink: /home/sangwon/ROS2_turtlesim_ws/install/enc_turtle_cpp/share/enc_turtle_cpp/environment/library_path.sh
[20.794s] -- Up-to-date symlink: /home/sangwon/ROS2_turtlesim_ws/install/enc_turtle_cpp/share/enc_turtle_cpp/environment/library_path.dsv
[20.794s] -- Up-to-date symlink: /home/sangwon/ROS2_turtlesim_ws/install/enc_turtle_cpp/include/enc_turtle_cpp/msg/detail/encrypted_data__rosidl_typesupport_fastrtps_c.h
[20.795s] -- Up-to-date symlink: /home/sangwon/ROS2_turtlesim_ws/install/enc_turtle_cpp/include/enc_turtle_cpp/msg/rosidl_typesupport_fastrtps_c__visibility_control.h
[20.795s] -- Up-to-date symlink: /home/sangwon/ROS2_turtlesim_ws/install/enc_turtle_cpp/lib/libenc_turtle_cpp__rosidl_typesupport_fastrtps_c.so
[20.795s] -- Up-to-date symlink: /home/sangwon/ROS2_turtlesim_ws/install/enc_turtle_cpp/include/enc_turtle_cpp/msg/detail/encrypted_data__rosidl_typesupport_fastrtps_cpp.hpp
[20.796s] -- Up-to-date symlink: /home/sangwon/ROS2_turtlesim_ws/install/enc_turtle_cpp/include/enc_turtle_cpp/msg/rosidl_typesupport_fastrtps_cpp__visibility_control.h
[20.796s] -- Up-to-date symlink: /home/sangwon/ROS2_turtlesim_ws/install/enc_turtle_cpp/lib/libenc_turtle_cpp__rosidl_typesupport_fastrtps_cpp.so
[20.796s] -- Up-to-date symlink: /home/sangwon/ROS2_turtlesim_ws/install/enc_turtle_cpp/include/enc_turtle_cpp/msg/detail/encrypted_data__rosidl_typesupport_introspection_c.h
[20.796s] -- Up-to-date symlink: /home/sangwon/ROS2_turtlesim_ws/install/enc_turtle_cpp/include/enc_turtle_cpp/msg/rosidl_typesupport_introspection_c__visibility_control.h
[20.797s] -- Up-to-date symlink: /home/sangwon/ROS2_turtlesim_ws/install/enc_turtle_cpp/include/enc_turtle_cpp/msg/detail/encrypted_data__builder.hpp
[20.797s] -- Up-to-date symlink: /home/sangwon/ROS2_turtlesim_ws/install/enc_turtle_cpp/include/enc_turtle_cpp/msg/detail/encrypted_data__struct.hpp
[20.797s] -- Up-to-date symlink: /home/sangwon/ROS2_turtlesim_ws/install/enc_turtle_cpp/include/enc_turtle_cpp/msg/detail/encrypted_data__traits.hpp
[20.797s] -- Up-to-date symlink: /home/sangwon/ROS2_turtlesim_ws/install/enc_turtle_cpp/include/enc_turtle_cpp/msg/detail/encrypted_data__type_support.hpp
[20.798s] -- Up-to-date symlink: /home/sangwon/ROS2_turtlesim_ws/install/enc_turtle_cpp/include/enc_turtle_cpp/msg/encrypted_data.hpp
[20.798s] -- Up-to-date symlink: /home/sangwon/ROS2_turtlesim_ws/install/enc_turtle_cpp/include/enc_turtle_cpp/msg/rosidl_generator_cpp__visibility_control.hpp
[20.798s] -- Up-to-date symlink: /home/sangwon/ROS2_turtlesim_ws/install/enc_turtle_cpp/include/enc_turtle_cpp/msg/detail/encrypted_data__rosidl_typesupport_introspection_cpp.hpp
[20.798s] -- Up-to-date symlink: /home/sangwon/ROS2_turtlesim_ws/install/enc_turtle_cpp/share/enc_turtle_cpp/environment/pythonpath.sh
[20.799s] -- Up-to-date symlink: /home/sangwon/ROS2_turtlesim_ws/install/enc_turtle_cpp/share/enc_turtle_cpp/environment/pythonpath.dsv
[20.799s] -- Up-to-date symlink: /home/sangwon/ROS2_turtlesim_ws/install/enc_turtle_cpp/lib/python3.8/site-packages/enc_turtle_cpp/__init__.py
[20.799s] -- Up-to-date symlink: /home/sangwon/ROS2_turtlesim_ws/install/enc_turtle_cpp/lib/python3.8/site-packages/enc_turtle_cpp/msg/__init__.py
[20.799s] -- Up-to-date symlink: /home/sangwon/ROS2_turtlesim_ws/install/enc_turtle_cpp/lib/python3.8/site-packages/enc_turtle_cpp/msg/_encrypted_data.py
[20.800s] -- Up-to-date symlink: /home/sangwon/ROS2_turtlesim_ws/install/enc_turtle_cpp/lib/python3.8/site-packages/enc_turtle_cpp/enc_turtle_cpp_s__rosidl_typesupport_fastrtps_c.cpython-38-x86_64-linux-gnu.so
[20.800s] -- Up-to-date symlink: /home/sangwon/ROS2_turtlesim_ws/install/enc_turtle_cpp/lib/python3.8/site-packages/enc_turtle_cpp/enc_turtle_cpp_s__rosidl_typesupport_introspection_c.cpython-38-x86_64-linux-gnu.so
[20.801s] -- Up-to-date symlink: /home/sangwon/ROS2_turtlesim_ws/install/enc_turtle_cpp/lib/python3.8/site-packages/enc_turtle_cpp/enc_turtle_cpp_s__rosidl_typesupport_c.cpython-38-x86_64-linux-gnu.so
[20.801s] -- Up-to-date symlink: /home/sangwon/ROS2_turtlesim_ws/install/enc_turtle_cpp/lib/libenc_turtle_cpp__python.so
[20.801s] -- Up-to-date symlink: /home/sangwon/ROS2_turtlesim_ws/install/enc_turtle_cpp/share/enc_turtle_cpp/msg/EncryptedData.idl
[20.802s] -- Up-to-date symlink: /home/sangwon/ROS2_turtlesim_ws/install/enc_turtle_cpp/share/enc_turtle_cpp/msg/EncryptedData.msg
[20.802s] -- Up-to-date symlink: /home/sangwon/ROS2_turtlesim_ws/install/enc_turtle_cpp/share/enc_turtle_cpp/launch/enc_turtle_demo.launch.py
[20.802s] -- Up-to-date symlink: /home/sangwon/ROS2_turtlesim_ws/install/enc_turtle_cpp/share/enc_turtle_cpp/launch/turtle_demo.launch.py
[20.802s] -- Up-to-date symlink: /home/sangwon/ROS2_turtlesim_ws/install/enc_turtle_cpp/lib/enc_turtle_cpp/enc_turtle_plant
[20.803s] -- Up-to-date symlink: /home/sangwon/ROS2_turtlesim_ws/install/enc_turtle_cpp/lib/enc_turtle_cpp/enc_turtle_controller
[20.803s] -- Up-to-date symlink: /home/sangwon/ROS2_turtlesim_ws/install/enc_turtle_cpp/lib/enc_turtle_cpp/bgv_test
[20.803s] -- Up-to-date symlink: /home/sangwon/ROS2_turtlesim_ws/install/enc_turtle_cpp/share/ament_index/resource_index/package_run_dependencies/enc_turtle_cpp
[20.803s] -- Up-to-date symlink: /home/sangwon/ROS2_turtlesim_ws/install/enc_turtle_cpp/share/ament_index/resource_index/parent_prefix_path/enc_turtle_cpp
[20.803s] -- Up-to-date symlink: /home/sangwon/ROS2_turtlesim_ws/install/enc_turtle_cpp/share/enc_turtle_cpp/environment/ament_prefix_path.sh
[20.804s] -- Up-to-date symlink: /home/sangwon/ROS2_turtlesim_ws/install/enc_turtle_cpp/share/enc_turtle_cpp/environment/ament_prefix_path.dsv
[20.804s] -- Up-to-date symlink: /home/sangwon/ROS2_turtlesim_ws/install/enc_turtle_cpp/share/enc_turtle_cpp/environment/path.sh
[20.804s] -- Up-to-date symlink: /home/sangwon/ROS2_turtlesim_ws/install/enc_turtle_cpp/share/enc_turtle_cpp/environment/path.dsv
[20.804s] -- Up-to-date symlink: /home/sangwon/ROS2_turtlesim_ws/install/enc_turtle_cpp/share/enc_turtle_cpp/local_setup.bash
[20.805s] -- Up-to-date symlink: /home/sangwon/ROS2_turtlesim_ws/install/enc_turtle_cpp/share/enc_turtle_cpp/local_setup.sh
[20.805s] -- Up-to-date symlink: /home/sangwon/ROS2_turtlesim_ws/install/enc_turtle_cpp/share/enc_turtle_cpp/local_setup.zsh
[20.805s] -- Up-to-date symlink: /home/sangwon/ROS2_turtlesim_ws/install/enc_turtle_cpp/share/enc_turtle_cpp/local_setup.dsv
[20.805s] -- Symlinking: /home/sangwon/ROS2_turtlesim_ws/install/enc_turtle_cpp/share/enc_turtle_cpp/package.dsv
[20.814s] -- Up-to-date symlink: /home/sangwon/ROS2_turtlesim_ws/install/enc_turtle_cpp/share/ament_index/resource_index/packages/enc_turtle_cpp
[20.814s] -- Up-to-date symlink: /home/sangwon/ROS2_turtlesim_ws/install/enc_turtle_cpp/share/enc_turtle_cpp/cmake/rosidl_cmake-extras.cmake
[20.815s] -- Up-to-date symlink: /home/sangwon/ROS2_turtlesim_ws/install/enc_turtle_cpp/share/enc_turtle_cpp/cmake/ament_cmake_export_dependencies-extras.cmake
[20.815s] -- Up-to-date symlink: /home/sangwon/ROS2_turtlesim_ws/install/enc_turtle_cpp/share/enc_turtle_cpp/cmake/ament_cmake_export_libraries-extras.cmake
[20.815s] -- Up-to-date symlink: /home/sangwon/ROS2_turtlesim_ws/install/enc_turtle_cpp/share/enc_turtle_cpp/cmake/ament_cmake_export_targets-extras.cmake
[20.815s] -- Up-to-date symlink: /home/sangwon/ROS2_turtlesim_ws/install/enc_turtle_cpp/share/enc_turtle_cpp/cmake/ament_cmake_export_include_directories-extras.cmake
[20.816s] -- Up-to-date symlink: /home/sangwon/ROS2_turtlesim_ws/install/enc_turtle_cpp/share/enc_turtle_cpp/cmake/rosidl_cmake_export_typesupport_libraries-extras.cmake
[20.816s] -- Up-to-date symlink: /home/sangwon/ROS2_turtlesim_ws/install/enc_turtle_cpp/share/enc_turtle_cpp/cmake/rosidl_cmake_export_typesupport_targets-extras.cmake
[20.816s] -- Up-to-date symlink: /home/sangwon/ROS2_turtlesim_ws/install/enc_turtle_cpp/share/enc_turtle_cpp/cmake/enc_turtle_cppConfig.cmake
[20.816s] -- Up-to-date symlink: /home/sangwon/ROS2_turtlesim_ws/install/enc_turtle_cpp/share/enc_turtle_cpp/cmake/enc_turtle_cppConfig-version.cmake
[20.817s] -- Up-to-date symlink: /home/sangwon/ROS2_turtlesim_ws/install/enc_turtle_cpp/share/enc_turtle_cpp/package.xml
[20.817s] -- Up-to-date: /home/sangwon/ROS2_turtlesim_ws/install/enc_turtle_cpp/lib/libenc_turtle_cpp__rosidl_generator_c.so
[20.817s] -- Up-to-date: /home/sangwon/ROS2_turtlesim_ws/install/enc_turtle_cpp/lib/libenc_turtle_cpp__rosidl_typesupport_introspection_c.so
[20.818s] -- Up-to-date: /home/sangwon/ROS2_turtlesim_ws/install/enc_turtle_cpp/lib/libenc_turtle_cpp__rosidl_typesupport_c.so
[20.818s] -- Up-to-date: /home/sangwon/ROS2_turtlesim_ws/install/enc_turtle_cpp/lib/libenc_turtle_cpp__rosidl_typesupport_introspection_cpp.so
[20.818s] -- Up-to-date: /home/sangwon/ROS2_turtlesim_ws/install/enc_turtle_cpp/lib/libenc_turtle_cpp__rosidl_typesupport_cpp.so
[20.842s] -- Up-to-date: /home/sangwon/ROS2_turtlesim_ws/install/enc_turtle_cpp/share/enc_turtle_cpp/cmake/enc_turtle_cpp__rosidl_generator_cExport.cmake
[20.842s] -- Up-to-date: /home/sangwon/ROS2_turtlesim_ws/install/enc_turtle_cpp/share/enc_turtle_cpp/cmake/enc_turtle_cpp__rosidl_generator_cExport-noconfig.cmake
[20.842s] -- Up-to-date: /home/sangwon/ROS2_turtlesim_ws/install/enc_turtle_cpp/share/enc_turtle_cpp/cmake/enc_turtle_cpp__rosidl_typesupport_introspection_cExport.cmake
[20.842s] -- Up-to-date: /home/sangwon/ROS2_turtlesim_ws/install/enc_turtle_cpp/share/enc_turtle_cpp/cmake/enc_turtle_cpp__rosidl_typesupport_introspection_cExport-noconfig.cmake
[20.842s] -- Up-to-date: /home/sangwon/ROS2_turtlesim_ws/install/enc_turtle_cpp/share/enc_turtle_cpp/cmake/enc_turtle_cpp__rosidl_typesupport_cExport.cmake
[20.843s] -- Up-to-date: /home/sangwon/ROS2_turtlesim_ws/install/enc_turtle_cpp/share/enc_turtle_cpp/cmake/enc_turtle_cpp__rosidl_typesupport_cExport-noconfig.cmake
[20.843s] -- Up-to-date: /home/sangwon/ROS2_turtlesim_ws/install/enc_turtle_cpp/share/enc_turtle_cpp/cmake/enc_turtle_cpp__rosidl_generator_cppExport.cmake
[20.843s] -- Up-to-date: /home/sangwon/ROS2_turtlesim_ws/install/enc_turtle_cpp/share/enc_turtle_cpp/cmake/enc_turtle_cpp__rosidl_typesupport_introspection_cppExport.cmake
[20.843s] -- Up-to-date: /home/sangwon/ROS2_turtlesim_ws/install/enc_turtle_cpp/share/enc_turtle_cpp/cmake/enc_turtle_cpp__rosidl_typesupport_introspection_cppExport-noconfig.cmake
[20.843s] -- Up-to-date: /home/sangwon/ROS2_turtlesim_ws/install/enc_turtle_cpp/share/enc_turtle_cpp/cmake/enc_turtle_cpp__rosidl_typesupport_cppExport.cmake
[20.843s] -- Up-to-date: /home/sangwon/ROS2_turtlesim_ws/install/enc_turtle_cpp/share/enc_turtle_cpp/cmake/enc_turtle_cpp__rosidl_typesupport_cppExport-noconfig.cmake
[20.846s] Invoked command in '/home/sangwon/ROS2_turtlesim_ws/build/enc_turtle_cpp' returned '0': CMAKE_PREFIX_PATH=${CMAKE_PREFIX_PATH}:/opt/ros/foxy /usr/bin/cmake --install /home/sangwon/ROS2_turtlesim_ws/build/enc_turtle_cpp
