[0.015s] Invoking command in '/home/sangwon/ROS2_turtlesim_ws/src/turtle_demo_controller/build/turtle_demo_controller': CMAKE_PREFIX_PATH=${CMAKE_PREFIX_PATH}:/opt/ros/foxy /usr/bin/cmake /home/sangwon/ROS2_turtlesim_ws/src/turtle_demo_controller -DAMENT_CMAKE_SYMLINK_INSTALL=1 -DCMAKE_INSTALL_PREFIX=/home/sangwon/ROS2_turtlesim_ws/src/turtle_demo_controller/install/turtle_demo_controller
[0.234s] -- The C compiler identification is GNU 9.4.0
[0.449s] -- The CXX compiler identification is GNU 9.4.0
[0.516s] -- Check for working C compiler: /usr/bin/cc
[0.627s] -- Check for working C compiler: /usr/bin/cc -- works
[0.628s] -- Detecting C compiler ABI info
[0.739s] -- Detecting C compiler ABI info - done
[0.746s] -- Detecting C compile features
[0.746s] -- Detecting C compile features - done
[0.749s] -- Check for working CXX compiler: /usr/bin/c++
[0.864s] -- Check for working CXX compiler: /usr/bin/c++ -- works
[0.865s] -- Detecting CXX compiler ABI info
[0.977s] -- Detecting CXX compiler ABI info - done
[0.983s] -- Detecting CXX compile features
[0.983s] -- Detecting CXX compile features - done
[0.993s] -- Found ament_cmake: 0.9.12 (/opt/ros/foxy/share/ament_cmake/cmake)
[1.015s] -- Found PythonInterp: /usr/bin/python3 (found suitable version "3.8.10", minimum required is "3") 
[1.015s] -- Using PYTHON_EXECUTABLE: /usr/bin/python3
[1.130s] -- Override CMake install command with custom implementation using symlinks instead of copying resources
[1.161s] -- Found rclpy: 1.0.13 (/opt/ros/foxy/share/rclpy/cmake)
[1.162s] -- Found geometry_msgs: 2.0.5 (/opt/ros/foxy/share/geometry_msgs/cmake)
[1.274s] -- Using all available rosidl_typesupport_c: rosidl_typesupport_fastrtps_c;rosidl_typesupport_introspection_c
[1.281s] -- Found rosidl_adapter: 1.3.1 (/opt/ros/foxy/share/rosidl_adapter/cmake)
[1.905s] -- Found OpenSSL: /usr/lib/x86_64-linux-gnu/libcrypto.so (found version "1.1.1f")  
[2.461s] -- Found FastRTPS: /opt/ros/foxy/include  
[3.492s] -- Using all available rosidl_typesupport_cpp: rosidl_typesupport_fastrtps_cpp;rosidl_typesupport_introspection_cpp
[3.557s] -- Found turtlesim: 1.2.6 (/opt/ros/foxy/share/turtlesim/cmake)
[3.630s] -- Found rosidl_default_generators: 1.0.1 (/opt/ros/foxy/share/rosidl_default_generators/cmake)
[3.654s] -- Found PythonInterp: /usr/bin/python3 (found version "3.8.10") 
[3.739s] -- Found ament_cmake_ros: 0.9.2 (/opt/ros/foxy/share/ament_cmake_ros/cmake)
[5.844s] -- Using all available rosidl_typesupport_c: rosidl_typesupport_fastrtps_c;rosidl_typesupport_introspection_c
[5.852s] -- Using all available rosidl_typesupport_cpp: rosidl_typesupport_fastrtps_cpp;rosidl_typesupport_introspection_cpp
[5.869s] -- Found PythonInterp: /usr/bin/python3 (found suitable version "3.8.10", minimum required is "3.5") 
[5.871s] -- Found python_cmake_module: 0.8.1 (/opt/ros/foxy/share/python_cmake_module/cmake)
[6.089s] -- Found PythonLibs: /usr/lib/x86_64-linux-gnu/libpython3.8.so (found suitable version "3.8.10", minimum required is "3.5") 
[6.089s] -- Using PYTHON_EXECUTABLE: /usr/bin/python3
[6.089s] -- Using PYTHON_INCLUDE_DIRS: /usr/include/python3.8
[6.089s] -- Using PYTHON_LIBRARIES: /usr/lib/x86_64-linux-gnu/libpython3.8.so
[6.105s] -- Found PythonExtra: .so  
[6.176s] -- Configuring done
[6.219s] -- Generating done
[6.222s] -- Build files have been written to: /home/sangwon/ROS2_turtlesim_ws/src/turtle_demo_controller/build/turtle_demo_controller
[6.229s] Invoked command in '/home/sangwon/ROS2_turtlesim_ws/src/turtle_demo_controller/build/turtle_demo_controller' returned '0': CMAKE_PREFIX_PATH=${CMAKE_PREFIX_PATH}:/opt/ros/foxy /usr/bin/cmake /home/sangwon/ROS2_turtlesim_ws/src/turtle_demo_controller -DAMENT_CMAKE_SYMLINK_INSTALL=1 -DCMAKE_INSTALL_PREFIX=/home/sangwon/ROS2_turtlesim_ws/src/turtle_demo_controller/install/turtle_demo_controller
[6.233s] Invoking command in '/home/sangwon/ROS2_turtlesim_ws/src/turtle_demo_controller/build/turtle_demo_controller': CMAKE_PREFIX_PATH=${CMAKE_PREFIX_PATH}:/opt/ros/foxy /usr/bin/cmake --build /home/sangwon/ROS2_turtlesim_ws/src/turtle_demo_controller/build/turtle_demo_controller -- -j12 -l12
[6.269s] [35m[1mScanning dependencies of target turtle_demo_controller__cpp[0m
[6.270s] [  3%] [34m[1mGenerating C code for ROS interfaces[0m
[6.279s] [  6%] [34m[1mGenerating C++ code for ROS interfaces[0m
[6.431s] [  6%] Built target turtle_demo_controller__cpp
[6.432s] [35m[1mScanning dependencies of target turtle_demo_controller__rosidl_generator_c[0m
[6.444s] [ 16%] [34m[1mGenerating C++ type support for eProsima Fast-RTPS[0m
[6.444s] [ 16%] [34m[1mGenerating C++ type support dispatch for ROS interfaces[0m
[6.444s] [ 16%] [34m[1mGenerating C++ introspection for ROS interfaces[0m
[6.448s] [ 19%] [32mBuilding C object CMakeFiles/turtle_demo_controller__rosidl_generator_c.dir/rosidl_generator_c/turtle_demo_controller/msg/detail/encrypted_data__functions.c.o[0m
[6.506s] [ 22%] [32m[1mLinking C shared library libturtle_demo_controller__rosidl_generator_c.so[0m
[6.580s] [35m[1mScanning dependencies of target turtle_demo_controller__rosidl_typesupport_cpp[0m
[6.585s] [ 22%] Built target turtle_demo_controller__rosidl_generator_c
[6.593s] [35m[1mScanning dependencies of target turtle_demo_controller__rosidl_typesupport_introspection_cpp[0m
[6.594s] [ 25%] [32mBuilding CXX object CMakeFiles/turtle_demo_controller__rosidl_typesupport_cpp.dir/rosidl_typesupport_cpp/turtle_demo_controller/msg/encrypted_data__type_support.cpp.o[0m
[6.594s] [35m[1mScanning dependencies of target turtle_demo_controller__rosidl_typesupport_fastrtps_cpp[0m
[6.594s] [ 29%] [34m[1mGenerating C type support dispatch for ROS interfaces[0m
[6.595s] [ 32%] [34m[1mGenerating C introspection for ROS interfaces[0m
[6.609s] [ 35%] [32mBuilding CXX object CMakeFiles/turtle_demo_controller__rosidl_typesupport_introspection_cpp.dir/rosidl_typesupport_introspection_cpp/turtle_demo_controller/msg/detail/encrypted_data__type_support.cpp.o[0m
[6.610s] [ 38%] [32mBuilding CXX object CMakeFiles/turtle_demo_controller__rosidl_typesupport_fastrtps_cpp.dir/rosidl_typesupport_fastrtps_cpp/turtle_demo_controller/msg/detail/dds_fastrtps/encrypted_data__type_support.cpp.o[0m
[6.743s] [35m[1mScanning dependencies of target turtle_demo_controller__rosidl_typesupport_c[0m
[6.759s] [ 41%] [32mBuilding CXX object CMakeFiles/turtle_demo_controller__rosidl_typesupport_c.dir/rosidl_typesupport_c/turtle_demo_controller/msg/encrypted_data__type_support.cpp.o[0m
[6.761s] [35m[1mScanning dependencies of target turtle_demo_controller__rosidl_typesupport_introspection_c[0m
[6.774s] [ 45%] [32mBuilding C object CMakeFiles/turtle_demo_controller__rosidl_typesupport_introspection_c.dir/rosidl_typesupport_introspection_c/turtle_demo_controller/msg/detail/encrypted_data__type_support.c.o[0m
[6.792s] [ 48%] [32m[1mLinking CXX shared library libturtle_demo_controller__rosidl_typesupport_c.so[0m
[6.812s] [ 51%] [32m[1mLinking C shared library libturtle_demo_controller__rosidl_typesupport_introspection_c.so[0m
[6.816s] [ 54%] [32m[1mLinking CXX shared library libturtle_demo_controller__rosidl_typesupport_cpp.so[0m
[6.825s] [ 58%] [32m[1mLinking CXX shared library libturtle_demo_controller__rosidl_typesupport_introspection_cpp.so[0m
[6.867s] [ 58%] Built target turtle_demo_controller__rosidl_typesupport_c
[6.875s] [ 58%] Built target turtle_demo_controller__rosidl_typesupport_introspection_c
[6.883s] [ 58%] Built target turtle_demo_controller__rosidl_typesupport_cpp
[6.918s] [ 61%] [32m[1mLinking CXX shared library libturtle_demo_controller__rosidl_typesupport_fastrtps_cpp.so[0m
[6.919s] [ 61%] Built target turtle_demo_controller__rosidl_typesupport_introspection_cpp
[7.026s] [ 61%] Built target turtle_demo_controller__rosidl_typesupport_fastrtps_cpp
[7.036s] [ 64%] [34m[1mGenerating C type support for eProsima Fast-RTPS[0m
[7.175s] [35m[1mScanning dependencies of target turtle_demo_controller__rosidl_typesupport_fastrtps_c[0m
[7.190s] [ 67%] [32mBuilding CXX object CMakeFiles/turtle_demo_controller__rosidl_typesupport_fastrtps_c.dir/rosidl_typesupport_fastrtps_c/turtle_demo_controller/msg/detail/encrypted_data__type_support_c.cpp.o[0m
[7.396s] [ 70%] [32m[1mLinking CXX shared library libturtle_demo_controller__rosidl_typesupport_fastrtps_c.so[0m
[7.504s] [ 70%] Built target turtle_demo_controller__rosidl_typesupport_fastrtps_c
[7.513s] [35m[1mScanning dependencies of target turtle_demo_controller[0m
[7.523s] [ 70%] Built target turtle_demo_controller
[7.532s] [35m[1mScanning dependencies of target turtle_demo_controller__py[0m
[7.543s] [ 74%] [34m[1mGenerating Python code for ROS interfaces[0m
[7.796s] [ 74%] Built target turtle_demo_controller__py
[7.805s] [35m[1mScanning dependencies of target turtle_demo_controller__python[0m
[7.842s] [ 77%] [32mBuilding C object CMakeFiles/turtle_demo_controller__python.dir/rosidl_generator_py/turtle_demo_controller/msg/_encrypted_data_s.c.o[0m
[7.916s] [ 80%] [32m[1mLinking C shared library rosidl_generator_py/turtle_demo_controller/libturtle_demo_controller__python.so[0m
[7.992s] [ 80%] Built target turtle_demo_controller__python
[8.002s] [35m[1mScanning dependencies of target turtle_demo_controller__rosidl_typesupport_c__pyext[0m
[8.002s] [35m[1mScanning dependencies of target turtle_demo_controller__rosidl_typesupport_fastrtps_c__pyext[0m
[8.002s] [35m[1mScanning dependencies of target turtle_demo_controller__rosidl_typesupport_introspection_c__pyext[0m
[8.017s] [ 83%] [32mBuilding C object CMakeFiles/turtle_demo_controller__rosidl_typesupport_introspection_c__pyext.dir/rosidl_generator_py/turtle_demo_controller/_turtle_demo_controller_s.ep.rosidl_typesupport_introspection_c.c.o[0m
[8.018s] [ 87%] [32mBuilding C object CMakeFiles/turtle_demo_controller__rosidl_typesupport_fastrtps_c__pyext.dir/rosidl_generator_py/turtle_demo_controller/_turtle_demo_controller_s.ep.rosidl_typesupport_fastrtps_c.c.o[0m
[8.018s] [ 90%] [32mBuilding C object CMakeFiles/turtle_demo_controller__rosidl_typesupport_c__pyext.dir/rosidl_generator_py/turtle_demo_controller/_turtle_demo_controller_s.ep.rosidl_typesupport_c.c.o[0m
[8.078s] [ 93%] [32m[1mLinking CXX shared library rosidl_generator_py/turtle_demo_controller/turtle_demo_controller_s__rosidl_typesupport_fastrtps_c.cpython-38-x86_64-linux-gnu.so[0m
[8.078s] [ 96%] [32m[1mLinking C shared library rosidl_generator_py/turtle_demo_controller/turtle_demo_controller_s__rosidl_typesupport_c.cpython-38-x86_64-linux-gnu.so[0m
[8.079s] [100%] [32m[1mLinking C shared library rosidl_generator_py/turtle_demo_controller/turtle_demo_controller_s__rosidl_typesupport_introspection_c.cpython-38-x86_64-linux-gnu.so[0m
[8.141s] [100%] Built target turtle_demo_controller__rosidl_typesupport_introspection_c__pyext
[8.141s] [100%] Built target turtle_demo_controller__rosidl_typesupport_c__pyext
[8.164s] [100%] Built target turtle_demo_controller__rosidl_typesupport_fastrtps_c__pyext
[8.178s] Invoked command in '/home/sangwon/ROS2_turtlesim_ws/src/turtle_demo_controller/build/turtle_demo_controller' returned '0': CMAKE_PREFIX_PATH=${CMAKE_PREFIX_PATH}:/opt/ros/foxy /usr/bin/cmake --build /home/sangwon/ROS2_turtlesim_ws/src/turtle_demo_controller/build/turtle_demo_controller -- -j12 -l12
[8.245s] Invoking command in '/home/sangwon/ROS2_turtlesim_ws/src/turtle_demo_controller/build/turtle_demo_controller': CMAKE_PREFIX_PATH=${CMAKE_PREFIX_PATH}:/opt/ros/foxy /usr/bin/cmake --install /home/sangwon/ROS2_turtlesim_ws/src/turtle_demo_controller/build/turtle_demo_controller
[8.253s] -- Install configuration: ""
[8.253s] -- Execute custom install script
[8.256s] -- Symlinking: /home/sangwon/ROS2_turtlesim_ws/src/turtle_demo_controller/install/turtle_demo_controller/share/ament_index/resource_index/rosidl_interfaces/turtle_demo_controller
[8.266s] -- Symlinking: /home/sangwon/ROS2_turtlesim_ws/src/turtle_demo_controller/install/turtle_demo_controller/include/turtle_demo_controller/msg/detail/encrypted_data__functions.h
[8.275s] -- Symlinking: /home/sangwon/ROS2_turtlesim_ws/src/turtle_demo_controller/install/turtle_demo_controller/include/turtle_demo_controller/msg/detail/encrypted_data__struct.h
[8.284s] -- Symlinking: /home/sangwon/ROS2_turtlesim_ws/src/turtle_demo_controller/install/turtle_demo_controller/include/turtle_demo_controller/msg/detail/encrypted_data__type_support.h
[8.293s] -- Symlinking: /home/sangwon/ROS2_turtlesim_ws/src/turtle_demo_controller/install/turtle_demo_controller/include/turtle_demo_controller/msg/encrypted_data.h
[8.301s] -- Symlinking: /home/sangwon/ROS2_turtlesim_ws/src/turtle_demo_controller/install/turtle_demo_controller/include/turtle_demo_controller/msg/rosidl_generator_c__visibility_control.h
[8.310s] -- Symlinking: /home/sangwon/ROS2_turtlesim_ws/src/turtle_demo_controller/install/turtle_demo_controller/share/turtle_demo_controller/environment/library_path.sh
[8.318s] -- Symlinking: /home/sangwon/ROS2_turtlesim_ws/src/turtle_demo_controller/install/turtle_demo_controller/share/turtle_demo_controller/environment/library_path.dsv
[8.327s] -- Symlinking: /home/sangwon/ROS2_turtlesim_ws/src/turtle_demo_controller/install/turtle_demo_controller/include/turtle_demo_controller/msg/detail/encrypted_data__rosidl_typesupport_fastrtps_c.h
[8.336s] -- Symlinking: /home/sangwon/ROS2_turtlesim_ws/src/turtle_demo_controller/install/turtle_demo_controller/include/turtle_demo_controller/msg/rosidl_typesupport_fastrtps_c__visibility_control.h
[8.345s] -- Symlinking: /home/sangwon/ROS2_turtlesim_ws/src/turtle_demo_controller/install/turtle_demo_controller/lib/libturtle_demo_controller__rosidl_typesupport_fastrtps_c.so
[8.354s] -- Symlinking: /home/sangwon/ROS2_turtlesim_ws/src/turtle_demo_controller/install/turtle_demo_controller/include/turtle_demo_controller/msg/detail/encrypted_data__rosidl_typesupport_fastrtps_cpp.hpp
[8.363s] -- Symlinking: /home/sangwon/ROS2_turtlesim_ws/src/turtle_demo_controller/install/turtle_demo_controller/include/turtle_demo_controller/msg/rosidl_typesupport_fastrtps_cpp__visibility_control.h
[8.371s] -- Symlinking: /home/sangwon/ROS2_turtlesim_ws/src/turtle_demo_controller/install/turtle_demo_controller/lib/libturtle_demo_controller__rosidl_typesupport_fastrtps_cpp.so
[8.380s] -- Symlinking: /home/sangwon/ROS2_turtlesim_ws/src/turtle_demo_controller/install/turtle_demo_controller/include/turtle_demo_controller/msg/detail/encrypted_data__rosidl_typesupport_introspection_c.h
[8.388s] -- Symlinking: /home/sangwon/ROS2_turtlesim_ws/src/turtle_demo_controller/install/turtle_demo_controller/include/turtle_demo_controller/msg/rosidl_typesupport_introspection_c__visibility_control.h
[8.397s] -- Symlinking: /home/sangwon/ROS2_turtlesim_ws/src/turtle_demo_controller/install/turtle_demo_controller/include/turtle_demo_controller/msg/detail/encrypted_data__builder.hpp
[8.406s] -- Symlinking: /home/sangwon/ROS2_turtlesim_ws/src/turtle_demo_controller/install/turtle_demo_controller/include/turtle_demo_controller/msg/detail/encrypted_data__struct.hpp
[8.414s] -- Symlinking: /home/sangwon/ROS2_turtlesim_ws/src/turtle_demo_controller/install/turtle_demo_controller/include/turtle_demo_controller/msg/detail/encrypted_data__traits.hpp
[8.423s] -- Symlinking: /home/sangwon/ROS2_turtlesim_ws/src/turtle_demo_controller/install/turtle_demo_controller/include/turtle_demo_controller/msg/detail/encrypted_data__type_support.hpp
[8.432s] -- Symlinking: /home/sangwon/ROS2_turtlesim_ws/src/turtle_demo_controller/install/turtle_demo_controller/include/turtle_demo_controller/msg/encrypted_data.hpp
[8.441s] -- Symlinking: /home/sangwon/ROS2_turtlesim_ws/src/turtle_demo_controller/install/turtle_demo_controller/include/turtle_demo_controller/msg/rosidl_generator_cpp__visibility_control.hpp
[8.450s] -- Symlinking: /home/sangwon/ROS2_turtlesim_ws/src/turtle_demo_controller/install/turtle_demo_controller/include/turtle_demo_controller/msg/detail/encrypted_data__rosidl_typesupport_introspection_cpp.hpp
[8.458s] -- Symlinking: /home/sangwon/ROS2_turtlesim_ws/src/turtle_demo_controller/install/turtle_demo_controller/share/turtle_demo_controller/environment/pythonpath.sh
[8.466s] -- Symlinking: /home/sangwon/ROS2_turtlesim_ws/src/turtle_demo_controller/install/turtle_demo_controller/share/turtle_demo_controller/environment/pythonpath.dsv
[8.476s] -- Symlinking: /home/sangwon/ROS2_turtlesim_ws/src/turtle_demo_controller/install/turtle_demo_controller/lib/python3.8/site-packages/turtle_demo_controller/__init__.py
[8.485s] -- Symlinking: /home/sangwon/ROS2_turtlesim_ws/src/turtle_demo_controller/install/turtle_demo_controller/lib/python3.8/site-packages/turtle_demo_controller/msg/__init__.py
[8.493s] -- Symlinking: /home/sangwon/ROS2_turtlesim_ws/src/turtle_demo_controller/install/turtle_demo_controller/lib/python3.8/site-packages/turtle_demo_controller/msg/_encrypted_data.py
[8.501s] -- Symlinking: /home/sangwon/ROS2_turtlesim_ws/src/turtle_demo_controller/install/turtle_demo_controller/lib/python3.8/site-packages/turtle_demo_controller/turtle_demo_controller_s__rosidl_typesupport_fastrtps_c.cpython-38-x86_64-linux-gnu.so
[8.510s] -- Symlinking: /home/sangwon/ROS2_turtlesim_ws/src/turtle_demo_controller/install/turtle_demo_controller/lib/python3.8/site-packages/turtle_demo_controller/turtle_demo_controller_s__rosidl_typesupport_introspection_c.cpython-38-x86_64-linux-gnu.so
[8.518s] -- Symlinking: /home/sangwon/ROS2_turtlesim_ws/src/turtle_demo_controller/install/turtle_demo_controller/lib/python3.8/site-packages/turtle_demo_controller/turtle_demo_controller_s__rosidl_typesupport_c.cpython-38-x86_64-linux-gnu.so
[8.527s] -- Symlinking: /home/sangwon/ROS2_turtlesim_ws/src/turtle_demo_controller/install/turtle_demo_controller/lib/libturtle_demo_controller__python.so
[8.536s] -- Symlinking: /home/sangwon/ROS2_turtlesim_ws/src/turtle_demo_controller/install/turtle_demo_controller/share/turtle_demo_controller/msg/EncryptedData.idl
[8.545s] -- Symlinking: /home/sangwon/ROS2_turtlesim_ws/src/turtle_demo_controller/install/turtle_demo_controller/share/turtle_demo_controller/msg/EncryptedData.msg
[8.554s] -- Symlinking: /home/sangwon/ROS2_turtlesim_ws/src/turtle_demo_controller/install/turtle_demo_controller/lib/python3.8/site-packages/turtle_demo_controller/__init__.py
[8.563s] -- Symlinking: /home/sangwon/ROS2_turtlesim_ws/src/turtle_demo_controller/install/turtle_demo_controller/lib/python3.8/site-packages/turtle_demo_controller/leader_follower.py
[8.571s] -- Symlinking: /home/sangwon/ROS2_turtlesim_ws/src/turtle_demo_controller/install/turtle_demo_controller/lib/python3.8/site-packages/turtle_demo_controller/pure_controller.py
[8.579s] -- Symlinking: /home/sangwon/ROS2_turtlesim_ws/src/turtle_demo_controller/install/turtle_demo_controller/lib/python3.8/site-packages/turtle_demo_controller/simple_test.py
[8.587s] -- Symlinking: /home/sangwon/ROS2_turtlesim_ws/src/turtle_demo_controller/install/turtle_demo_controller/lib/python3.8/site-packages/turtle_demo_controller/turtle_controller.py
[8.596s] -- Symlinking: /home/sangwon/ROS2_turtlesim_ws/src/turtle_demo_controller/install/turtle_demo_controller/lib/python3.8/site-packages/turtle_demo_controller/turtle_controller_with_pid_implimentation.py
[8.605s] -- Symlinking: /home/sangwon/ROS2_turtlesim_ws/src/turtle_demo_controller/install/turtle_demo_controller/lib/python3.8/site-packages/turtle_demo_controller/turtle_interface.py
[8.613s] -- Symlinking: /home/sangwon/ROS2_turtlesim_ws/src/turtle_demo_controller/install/turtle_demo_controller/lib/turtle_demo_controller/turtle_interface.py
[8.621s] -- Symlinking: /home/sangwon/ROS2_turtlesim_ws/src/turtle_demo_controller/install/turtle_demo_controller/lib/turtle_demo_controller/pure_controller.py
[8.631s] -- Symlinking: /home/sangwon/ROS2_turtlesim_ws/src/turtle_demo_controller/install/turtle_demo_controller/share/turtle_demo_controller//launch/modular_two_turtle.launch.py
[8.639s] -- Symlinking: /home/sangwon/ROS2_turtlesim_ws/src/turtle_demo_controller/install/turtle_demo_controller/share/turtle_demo_controller//launch/two_turtle.launch.py
[8.648s] -- Symlinking: /home/sangwon/ROS2_turtlesim_ws/src/turtle_demo_controller/install/turtle_demo_controller/share/ament_index/resource_index/package_run_dependencies/turtle_demo_controller
[8.657s] -- Symlinking: /home/sangwon/ROS2_turtlesim_ws/src/turtle_demo_controller/install/turtle_demo_controller/share/ament_index/resource_index/parent_prefix_path/turtle_demo_controller
[8.666s] -- Symlinking: /home/sangwon/ROS2_turtlesim_ws/src/turtle_demo_controller/install/turtle_demo_controller/share/turtle_demo_controller/environment/ament_prefix_path.sh
[8.675s] -- Symlinking: /home/sangwon/ROS2_turtlesim_ws/src/turtle_demo_controller/install/turtle_demo_controller/share/turtle_demo_controller/environment/ament_prefix_path.dsv
[8.684s] -- Symlinking: /home/sangwon/ROS2_turtlesim_ws/src/turtle_demo_controller/install/turtle_demo_controller/share/turtle_demo_controller/environment/path.sh
[8.692s] -- Symlinking: /home/sangwon/ROS2_turtlesim_ws/src/turtle_demo_controller/install/turtle_demo_controller/share/turtle_demo_controller/environment/path.dsv
[8.702s] -- Symlinking: /home/sangwon/ROS2_turtlesim_ws/src/turtle_demo_controller/install/turtle_demo_controller/share/turtle_demo_controller/local_setup.bash
[8.711s] -- Symlinking: /home/sangwon/ROS2_turtlesim_ws/src/turtle_demo_controller/install/turtle_demo_controller/share/turtle_demo_controller/local_setup.sh
[8.721s] -- Symlinking: /home/sangwon/ROS2_turtlesim_ws/src/turtle_demo_controller/install/turtle_demo_controller/share/turtle_demo_controller/local_setup.zsh
[8.731s] -- Symlinking: /home/sangwon/ROS2_turtlesim_ws/src/turtle_demo_controller/install/turtle_demo_controller/share/turtle_demo_controller/local_setup.dsv
[8.741s] -- Symlinking: /home/sangwon/ROS2_turtlesim_ws/src/turtle_demo_controller/install/turtle_demo_controller/share/turtle_demo_controller/package.dsv
[8.751s] -- Symlinking: /home/sangwon/ROS2_turtlesim_ws/src/turtle_demo_controller/install/turtle_demo_controller/share/ament_index/resource_index/packages/turtle_demo_controller
[8.761s] -- Symlinking: /home/sangwon/ROS2_turtlesim_ws/src/turtle_demo_controller/install/turtle_demo_controller/share/turtle_demo_controller/cmake/rosidl_cmake-extras.cmake
[8.769s] -- Symlinking: /home/sangwon/ROS2_turtlesim_ws/src/turtle_demo_controller/install/turtle_demo_controller/share/turtle_demo_controller/cmake/ament_cmake_export_dependencies-extras.cmake
[8.779s] -- Symlinking: /home/sangwon/ROS2_turtlesim_ws/src/turtle_demo_controller/install/turtle_demo_controller/share/turtle_demo_controller/cmake/ament_cmake_export_libraries-extras.cmake
[8.789s] -- Symlinking: /home/sangwon/ROS2_turtlesim_ws/src/turtle_demo_controller/install/turtle_demo_controller/share/turtle_demo_controller/cmake/ament_cmake_export_targets-extras.cmake
[8.798s] -- Symlinking: /home/sangwon/ROS2_turtlesim_ws/src/turtle_demo_controller/install/turtle_demo_controller/share/turtle_demo_controller/cmake/ament_cmake_export_include_directories-extras.cmake
[8.807s] -- Symlinking: /home/sangwon/ROS2_turtlesim_ws/src/turtle_demo_controller/install/turtle_demo_controller/share/turtle_demo_controller/cmake/rosidl_cmake_export_typesupport_libraries-extras.cmake
[8.816s] -- Symlinking: /home/sangwon/ROS2_turtlesim_ws/src/turtle_demo_controller/install/turtle_demo_controller/share/turtle_demo_controller/cmake/rosidl_cmake_export_typesupport_targets-extras.cmake
[8.825s] -- Symlinking: /home/sangwon/ROS2_turtlesim_ws/src/turtle_demo_controller/install/turtle_demo_controller/share/turtle_demo_controller/cmake/turtle_demo_controllerConfig.cmake
[8.834s] -- Symlinking: /home/sangwon/ROS2_turtlesim_ws/src/turtle_demo_controller/install/turtle_demo_controller/share/turtle_demo_controller/cmake/turtle_demo_controllerConfig-version.cmake
[8.843s] -- Symlinking: /home/sangwon/ROS2_turtlesim_ws/src/turtle_demo_controller/install/turtle_demo_controller/share/turtle_demo_controller/package.xml
[8.852s] -- Installing: /home/sangwon/ROS2_turtlesim_ws/src/turtle_demo_controller/install/turtle_demo_controller/lib/libturtle_demo_controller__rosidl_generator_c.so
[8.853s] -- Set runtime path of "/home/sangwon/ROS2_turtlesim_ws/src/turtle_demo_controller/install/turtle_demo_controller/lib/libturtle_demo_controller__rosidl_generator_c.so" to ""
[8.853s] -- Installing: /home/sangwon/ROS2_turtlesim_ws/src/turtle_demo_controller/install/turtle_demo_controller/lib/libturtle_demo_controller__rosidl_typesupport_introspection_c.so
[8.853s] -- Set runtime path of "/home/sangwon/ROS2_turtlesim_ws/src/turtle_demo_controller/install/turtle_demo_controller/lib/libturtle_demo_controller__rosidl_typesupport_introspection_c.so" to ""
[8.854s] -- Installing: /home/sangwon/ROS2_turtlesim_ws/src/turtle_demo_controller/install/turtle_demo_controller/lib/libturtle_demo_controller__rosidl_typesupport_c.so
[8.854s] -- Set runtime path of "/home/sangwon/ROS2_turtlesim_ws/src/turtle_demo_controller/install/turtle_demo_controller/lib/libturtle_demo_controller__rosidl_typesupport_c.so" to ""
[8.854s] -- Installing: /home/sangwon/ROS2_turtlesim_ws/src/turtle_demo_controller/install/turtle_demo_controller/lib/libturtle_demo_controller__rosidl_typesupport_introspection_cpp.so
[8.855s] -- Set runtime path of "/home/sangwon/ROS2_turtlesim_ws/src/turtle_demo_controller/install/turtle_demo_controller/lib/libturtle_demo_controller__rosidl_typesupport_introspection_cpp.so" to ""
[8.855s] -- Installing: /home/sangwon/ROS2_turtlesim_ws/src/turtle_demo_controller/install/turtle_demo_controller/lib/libturtle_demo_controller__rosidl_typesupport_cpp.so
[8.855s] -- Set runtime path of "/home/sangwon/ROS2_turtlesim_ws/src/turtle_demo_controller/install/turtle_demo_controller/lib/libturtle_demo_controller__rosidl_typesupport_cpp.so" to ""
[8.879s] Compiling '/home/sangwon/ROS2_turtlesim_ws/src/turtle_demo_controller/install/turtle_demo_controller/lib/python3.8/site-packages/turtle_demo_controller/__init__.py'...
[8.909s] Listing '/home/sangwon/ROS2_turtlesim_ws/src/turtle_demo_controller/install/turtle_demo_controller/lib/python3.8/site-packages/turtle_demo_controller'...
[8.909s] Compiling '/home/sangwon/ROS2_turtlesim_ws/src/turtle_demo_controller/install/turtle_demo_controller/lib/python3.8/site-packages/turtle_demo_controller/leader_follower.py'...
[8.909s] Listing '/home/sangwon/ROS2_turtlesim_ws/src/turtle_demo_controller/install/turtle_demo_controller/lib/python3.8/site-packages/turtle_demo_controller/msg'...
[8.909s] Compiling '/home/sangwon/ROS2_turtlesim_ws/src/turtle_demo_controller/install/turtle_demo_controller/lib/python3.8/site-packages/turtle_demo_controller/msg/__init__.py'...
[8.909s] Compiling '/home/sangwon/ROS2_turtlesim_ws/src/turtle_demo_controller/install/turtle_demo_controller/lib/python3.8/site-packages/turtle_demo_controller/msg/_encrypted_data.py'...
[8.909s] Compiling '/home/sangwon/ROS2_turtlesim_ws/src/turtle_demo_controller/install/turtle_demo_controller/lib/python3.8/site-packages/turtle_demo_controller/pure_controller.py'...
[8.909s] Compiling '/home/sangwon/ROS2_turtlesim_ws/src/turtle_demo_controller/install/turtle_demo_controller/lib/python3.8/site-packages/turtle_demo_controller/simple_test.py'...
[8.909s] Compiling '/home/sangwon/ROS2_turtlesim_ws/src/turtle_demo_controller/install/turtle_demo_controller/lib/python3.8/site-packages/turtle_demo_controller/turtle_controller.py'...
[8.909s] Compiling '/home/sangwon/ROS2_turtlesim_ws/src/turtle_demo_controller/install/turtle_demo_controller/lib/python3.8/site-packages/turtle_demo_controller/turtle_controller_with_pid_implimentation.py'...
[8.909s] Compiling '/home/sangwon/ROS2_turtlesim_ws/src/turtle_demo_controller/install/turtle_demo_controller/lib/python3.8/site-packages/turtle_demo_controller/turtle_interface.py'...
[8.912s] -- Installing: /home/sangwon/ROS2_turtlesim_ws/src/turtle_demo_controller/install/turtle_demo_controller/share/turtle_demo_controller/cmake/turtle_demo_controller__rosidl_generator_cExport.cmake
[8.912s] -- Installing: /home/sangwon/ROS2_turtlesim_ws/src/turtle_demo_controller/install/turtle_demo_controller/share/turtle_demo_controller/cmake/turtle_demo_controller__rosidl_generator_cExport-noconfig.cmake
[8.912s] -- Installing: /home/sangwon/ROS2_turtlesim_ws/src/turtle_demo_controller/install/turtle_demo_controller/share/turtle_demo_controller/cmake/turtle_demo_controller__rosidl_typesupport_introspection_cExport.cmake
[8.912s] -- Installing: /home/sangwon/ROS2_turtlesim_ws/src/turtle_demo_controller/install/turtle_demo_controller/share/turtle_demo_controller/cmake/turtle_demo_controller__rosidl_typesupport_introspection_cExport-noconfig.cmake
[8.912s] -- Installing: /home/sangwon/ROS2_turtlesim_ws/src/turtle_demo_controller/install/turtle_demo_controller/share/turtle_demo_controller/cmake/turtle_demo_controller__rosidl_typesupport_cExport.cmake
[8.913s] -- Installing: /home/sangwon/ROS2_turtlesim_ws/src/turtle_demo_controller/install/turtle_demo_controller/share/turtle_demo_controller/cmake/turtle_demo_controller__rosidl_typesupport_cExport-noconfig.cmake
[8.913s] -- Installing: /home/sangwon/ROS2_turtlesim_ws/src/turtle_demo_controller/install/turtle_demo_controller/share/turtle_demo_controller/cmake/turtle_demo_controller__rosidl_generator_cppExport.cmake
[8.913s] -- Installing: /home/sangwon/ROS2_turtlesim_ws/src/turtle_demo_controller/install/turtle_demo_controller/share/turtle_demo_controller/cmake/turtle_demo_controller__rosidl_typesupport_introspection_cppExport.cmake
[8.913s] -- Installing: /home/sangwon/ROS2_turtlesim_ws/src/turtle_demo_controller/install/turtle_demo_controller/share/turtle_demo_controller/cmake/turtle_demo_controller__rosidl_typesupport_introspection_cppExport-noconfig.cmake
[8.914s] -- Installing: /home/sangwon/ROS2_turtlesim_ws/src/turtle_demo_controller/install/turtle_demo_controller/share/turtle_demo_controller/cmake/turtle_demo_controller__rosidl_typesupport_cppExport.cmake
[8.914s] -- Installing: /home/sangwon/ROS2_turtlesim_ws/src/turtle_demo_controller/install/turtle_demo_controller/share/turtle_demo_controller/cmake/turtle_demo_controller__rosidl_typesupport_cppExport-noconfig.cmake
[8.917s] Invoked command in '/home/sangwon/ROS2_turtlesim_ws/src/turtle_demo_controller/build/turtle_demo_controller' returned '0': CMAKE_PREFIX_PATH=${CMAKE_PREFIX_PATH}:/opt/ros/foxy /usr/bin/cmake --install /home/sangwon/ROS2_turtlesim_ws/src/turtle_demo_controller/build/turtle_demo_controller
