[  9%] Built target enc_turtle_cpp__rosidl_generator_c
[  9%] Built target enc_turtle_cpp__cpp
[ 14%] Built target bgv_test
[ 24%] Built target turtle_plant
[ 24%] Built target turtle_controller
[ 46%] Built target enc_turtle_cpp__rosidl_typesupport_fastrtps_cpp
[ 46%] Built target enc_turtle_cpp__rosidl_typesupport_c
[ 46%] Built target enc_turtle_cpp__rosidl_typesupport_introspection_c
[ 53%] Built target enc_turtle_cpp__rosidl_typesupport_cpp
[ 60%] Built target enc_turtle_cpp__rosidl_typesupport_introspection_cpp
[ 68%] Built target enc_turtle_cpp__rosidl_typesupport_fastrtps_c
[ 68%] Built target enc_turtle_cpp
[35m[1mScanning dependencies of target enc_turtle_controller[0m
[ 70%] Built target enc_turtle_cpp__py
[ 75%] Built target enc_turtle_plant
[ 78%] [32mBuilding CXX object CMakeFiles/enc_turtle_controller.dir/src/enc_turtle_controller.cpp.o[0m
[ 82%] Built target enc_turtle_cpp__python
[ 92%] Built target enc_turtle_cpp__rosidl_typesupport_fastrtps_c__pyext
[ 92%] Built target enc_turtle_cpp__rosidl_typesupport_introspection_c__pyext
[ 97%] Built target enc_turtle_cpp__rosidl_typesupport_c__pyext
