[0.019s] Invoking command in '/home/sangwon/ROS2_turtlesim_ws/build/turtle_demo_controller': CMAKE_PREFIX_PATH=${CMAKE_PREFIX_PATH}:/opt/ros/foxy /usr/bin/cmake --build /home/sangwon/ROS2_turtlesim_ws/build/turtle_demo_controller -- -j12 -l12
[0.069s] [  3%] Built target turtle_demo_controller__cpp
[0.071s] [ 12%] Built target turtle_demo_controller__rosidl_generator_c
[0.094s] [ 22%] Built target turtle_demo_controller__rosidl_typesupport_introspection_cpp
[0.095s] [ 32%] Built target turtle_demo_controller__rosidl_typesupport_cpp
[0.097s] [ 41%] Built target turtle_demo_controller__rosidl_typesupport_c
[0.100s] [ 51%] Built target turtle_demo_controller__rosidl_typesupport_introspection_c
[0.101s] [ 61%] Built target turtle_demo_controller__rosidl_typesupport_fastrtps_cpp
[0.126s] [ 70%] Built target turtle_demo_controller__rosidl_typesupport_fastrtps_c
[0.146s] [ 70%] Built target turtle_demo_controller
[0.166s] [ 74%] Built target turtle_demo_controller__py
[0.192s] [ 80%] Built target turtle_demo_controller__python
[0.219s] [ 87%] Built target turtle_demo_controller__rosidl_typesupport_introspection_c__pyext
[0.219s] [ 93%] Built target turtle_demo_controller__rosidl_typesupport_c__pyext
[0.221s] [100%] Built target turtle_demo_controller__rosidl_typesupport_fastrtps_c__pyext
[0.232s] Invoked command in '/home/sangwon/ROS2_turtlesim_ws/build/turtle_demo_controller' returned '0': CMAKE_PREFIX_PATH=${CMAKE_PREFIX_PATH}:/opt/ros/foxy /usr/bin/cmake --build /home/sangwon/ROS2_turtlesim_ws/build/turtle_demo_controller -- -j12 -l12
[0.314s] Invoking command in '/home/sangwon/ROS2_turtlesim_ws/build/turtle_demo_controller': CMAKE_PREFIX_PATH=${CMAKE_PREFIX_PATH}:/opt/ros/foxy /usr/bin/cmake --install /home/sangwon/ROS2_turtlesim_ws/build/turtle_demo_controller
[0.322s] -- Install configuration: ""
[0.323s] -- Execute custom install script
[0.323s] -- Up-to-date symlink: /home/sangwon/ROS2_turtlesim_ws/install/turtle_demo_controller/share/ament_index/resource_index/rosidl_interfaces/turtle_demo_controller
[0.324s] -- Up-to-date symlink: /home/sangwon/ROS2_turtlesim_ws/install/turtle_demo_controller/include/turtle_demo_controller/msg/detail/encrypted_data__functions.h
[0.324s] -- Up-to-date symlink: /home/sangwon/ROS2_turtlesim_ws/install/turtle_demo_controller/include/turtle_demo_controller/msg/detail/encrypted_data__struct.h
[0.324s] -- Up-to-date symlink: /home/sangwon/ROS2_turtlesim_ws/install/turtle_demo_controller/include/turtle_demo_controller/msg/detail/encrypted_data__type_support.h
[0.324s] -- Up-to-date symlink: /home/sangwon/ROS2_turtlesim_ws/install/turtle_demo_controller/include/turtle_demo_controller/msg/encrypted_data.h
[0.324s] -- Up-to-date symlink: /home/sangwon/ROS2_turtlesim_ws/install/turtle_demo_controller/include/turtle_demo_controller/msg/rosidl_generator_c__visibility_control.h
[0.325s] -- Up-to-date symlink: /home/sangwon/ROS2_turtlesim_ws/install/turtle_demo_controller/share/turtle_demo_controller/environment/library_path.sh
[0.325s] -- Up-to-date symlink: /home/sangwon/ROS2_turtlesim_ws/install/turtle_demo_controller/share/turtle_demo_controller/environment/library_path.dsv
[0.325s] -- Up-to-date symlink: /home/sangwon/ROS2_turtlesim_ws/install/turtle_demo_controller/include/turtle_demo_controller/msg/detail/encrypted_data__rosidl_typesupport_fastrtps_c.h
[0.326s] -- Up-to-date symlink: /home/sangwon/ROS2_turtlesim_ws/install/turtle_demo_controller/include/turtle_demo_controller/msg/rosidl_typesupport_fastrtps_c__visibility_control.h
[0.326s] -- Up-to-date symlink: /home/sangwon/ROS2_turtlesim_ws/install/turtle_demo_controller/lib/libturtle_demo_controller__rosidl_typesupport_fastrtps_c.so
[0.326s] -- Up-to-date symlink: /home/sangwon/ROS2_turtlesim_ws/install/turtle_demo_controller/include/turtle_demo_controller/msg/detail/encrypted_data__rosidl_typesupport_fastrtps_cpp.hpp
[0.327s] -- Up-to-date symlink: /home/sangwon/ROS2_turtlesim_ws/install/turtle_demo_controller/include/turtle_demo_controller/msg/rosidl_typesupport_fastrtps_cpp__visibility_control.h
[0.327s] -- Up-to-date symlink: /home/sangwon/ROS2_turtlesim_ws/install/turtle_demo_controller/lib/libturtle_demo_controller__rosidl_typesupport_fastrtps_cpp.so
[0.327s] -- Up-to-date symlink: /home/sangwon/ROS2_turtlesim_ws/install/turtle_demo_controller/include/turtle_demo_controller/msg/detail/encrypted_data__rosidl_typesupport_introspection_c.h
[0.328s] -- Up-to-date symlink: /home/sangwon/ROS2_turtlesim_ws/install/turtle_demo_controller/include/turtle_demo_controller/msg/rosidl_typesupport_introspection_c__visibility_control.h
[0.328s] -- Up-to-date symlink: /home/sangwon/ROS2_turtlesim_ws/install/turtle_demo_controller/include/turtle_demo_controller/msg/detail/encrypted_data__builder.hpp
[0.328s] -- Up-to-date symlink: /home/sangwon/ROS2_turtlesim_ws/install/turtle_demo_controller/include/turtle_demo_controller/msg/detail/encrypted_data__struct.hpp
[0.328s] -- Up-to-date symlink: /home/sangwon/ROS2_turtlesim_ws/install/turtle_demo_controller/include/turtle_demo_controller/msg/detail/encrypted_data__traits.hpp
[0.329s] -- Up-to-date symlink: /home/sangwon/ROS2_turtlesim_ws/install/turtle_demo_controller/include/turtle_demo_controller/msg/detail/encrypted_data__type_support.hpp
[0.329s] -- Up-to-date symlink: /home/sangwon/ROS2_turtlesim_ws/install/turtle_demo_controller/include/turtle_demo_controller/msg/encrypted_data.hpp
[0.329s] -- Up-to-date symlink: /home/sangwon/ROS2_turtlesim_ws/install/turtle_demo_controller/include/turtle_demo_controller/msg/rosidl_generator_cpp__visibility_control.hpp
[0.329s] -- Up-to-date symlink: /home/sangwon/ROS2_turtlesim_ws/install/turtle_demo_controller/include/turtle_demo_controller/msg/detail/encrypted_data__rosidl_typesupport_introspection_cpp.hpp
[0.330s] -- Up-to-date symlink: /home/sangwon/ROS2_turtlesim_ws/install/turtle_demo_controller/share/turtle_demo_controller/environment/pythonpath.sh
[0.330s] -- Up-to-date symlink: /home/sangwon/ROS2_turtlesim_ws/install/turtle_demo_controller/share/turtle_demo_controller/environment/pythonpath.dsv
[0.330s] -- Symlinking: /home/sangwon/ROS2_turtlesim_ws/install/turtle_demo_controller/lib/python3.8/site-packages/turtle_demo_controller/__init__.py
[0.346s] -- Up-to-date symlink: /home/sangwon/ROS2_turtlesim_ws/install/turtle_demo_controller/lib/python3.8/site-packages/turtle_demo_controller/msg/__init__.py
[0.346s] -- Up-to-date symlink: /home/sangwon/ROS2_turtlesim_ws/install/turtle_demo_controller/lib/python3.8/site-packages/turtle_demo_controller/msg/_encrypted_data.py
[0.346s] -- Up-to-date symlink: /home/sangwon/ROS2_turtlesim_ws/install/turtle_demo_controller/lib/python3.8/site-packages/turtle_demo_controller/turtle_demo_controller_s__rosidl_typesupport_fastrtps_c.cpython-38-x86_64-linux-gnu.so
[0.346s] -- Up-to-date symlink: /home/sangwon/ROS2_turtlesim_ws/install/turtle_demo_controller/lib/python3.8/site-packages/turtle_demo_controller/turtle_demo_controller_s__rosidl_typesupport_introspection_c.cpython-38-x86_64-linux-gnu.so
[0.347s] -- Up-to-date symlink: /home/sangwon/ROS2_turtlesim_ws/install/turtle_demo_controller/lib/python3.8/site-packages/turtle_demo_controller/turtle_demo_controller_s__rosidl_typesupport_c.cpython-38-x86_64-linux-gnu.so
[0.347s] -- Up-to-date symlink: /home/sangwon/ROS2_turtlesim_ws/install/turtle_demo_controller/lib/libturtle_demo_controller__python.so
[0.347s] -- Up-to-date symlink: /home/sangwon/ROS2_turtlesim_ws/install/turtle_demo_controller/share/turtle_demo_controller/msg/EncryptedData.idl
[0.348s] -- Up-to-date symlink: /home/sangwon/ROS2_turtlesim_ws/install/turtle_demo_controller/share/turtle_demo_controller/msg/EncryptedData.msg
[0.348s] -- Symlinking: /home/sangwon/ROS2_turtlesim_ws/install/turtle_demo_controller/lib/python3.8/site-packages/turtle_demo_controller/__init__.py
[0.361s] -- Up-to-date symlink: /home/sangwon/ROS2_turtlesim_ws/install/turtle_demo_controller/lib/python3.8/site-packages/turtle_demo_controller/enc_turtle_controller.py
[0.362s] -- Up-to-date symlink: /home/sangwon/ROS2_turtlesim_ws/install/turtle_demo_controller/lib/python3.8/site-packages/turtle_demo_controller/enc_turtle_plant.py
[0.362s] -- Up-to-date symlink: /home/sangwon/ROS2_turtlesim_ws/install/turtle_demo_controller/lib/python3.8/site-packages/turtle_demo_controller/simple_test.py
[0.362s] -- Up-to-date symlink: /home/sangwon/ROS2_turtlesim_ws/install/turtle_demo_controller/lib/python3.8/site-packages/turtle_demo_controller/test_bgv.py
[0.362s] -- Up-to-date symlink: /home/sangwon/ROS2_turtlesim_ws/install/turtle_demo_controller/lib/python3.8/site-packages/turtle_demo_controller/test_serialization.py
[0.362s] -- Up-to-date symlink: /home/sangwon/ROS2_turtlesim_ws/install/turtle_demo_controller/lib/python3.8/site-packages/turtle_demo_controller/turtle_controller.py
[0.362s] -- Up-to-date symlink: /home/sangwon/ROS2_turtlesim_ws/install/turtle_demo_controller/lib/python3.8/site-packages/turtle_demo_controller/turtle_plant.py
[0.363s] -- Up-to-date symlink: /home/sangwon/ROS2_turtlesim_ws/install/turtle_demo_controller/lib/turtle_demo_controller/turtle_plant.py
[0.363s] -- Up-to-date symlink: /home/sangwon/ROS2_turtlesim_ws/install/turtle_demo_controller/lib/turtle_demo_controller/turtle_controller.py
[0.363s] -- Up-to-date symlink: /home/sangwon/ROS2_turtlesim_ws/install/turtle_demo_controller/lib/turtle_demo_controller/simple_test.py
[0.363s] -- Up-to-date symlink: /home/sangwon/ROS2_turtlesim_ws/install/turtle_demo_controller/lib/turtle_demo_controller/enc_turtle_plant.py
[0.363s] -- Up-to-date symlink: /home/sangwon/ROS2_turtlesim_ws/install/turtle_demo_controller/lib/turtle_demo_controller/enc_turtle_controller.py
[0.364s] -- Up-to-date symlink: /home/sangwon/ROS2_turtlesim_ws/install/turtle_demo_controller/share/turtle_demo_controller//launch/enc_two_turtle.launch.py
[0.364s] -- Up-to-date symlink: /home/sangwon/ROS2_turtlesim_ws/install/turtle_demo_controller/share/turtle_demo_controller//launch/two_turtle.launch.py
[0.364s] -- Up-to-date symlink: /home/sangwon/ROS2_turtlesim_ws/install/turtle_demo_controller/share/ament_index/resource_index/package_run_dependencies/turtle_demo_controller
[0.364s] -- Up-to-date symlink: /home/sangwon/ROS2_turtlesim_ws/install/turtle_demo_controller/share/ament_index/resource_index/parent_prefix_path/turtle_demo_controller
[0.365s] -- Up-to-date symlink: /home/sangwon/ROS2_turtlesim_ws/install/turtle_demo_controller/share/turtle_demo_controller/environment/ament_prefix_path.sh
[0.365s] -- Up-to-date symlink: /home/sangwon/ROS2_turtlesim_ws/install/turtle_demo_controller/share/turtle_demo_controller/environment/ament_prefix_path.dsv
[0.365s] -- Up-to-date symlink: /home/sangwon/ROS2_turtlesim_ws/install/turtle_demo_controller/share/turtle_demo_controller/environment/path.sh
[0.365s] -- Up-to-date symlink: /home/sangwon/ROS2_turtlesim_ws/install/turtle_demo_controller/share/turtle_demo_controller/environment/path.dsv
[0.366s] -- Up-to-date symlink: /home/sangwon/ROS2_turtlesim_ws/install/turtle_demo_controller/share/turtle_demo_controller/local_setup.bash
[0.366s] -- Up-to-date symlink: /home/sangwon/ROS2_turtlesim_ws/install/turtle_demo_controller/share/turtle_demo_controller/local_setup.sh
[0.366s] -- Up-to-date symlink: /home/sangwon/ROS2_turtlesim_ws/install/turtle_demo_controller/share/turtle_demo_controller/local_setup.zsh
[0.366s] -- Up-to-date symlink: /home/sangwon/ROS2_turtlesim_ws/install/turtle_demo_controller/share/turtle_demo_controller/local_setup.dsv
[0.366s] -- Symlinking: /home/sangwon/ROS2_turtlesim_ws/install/turtle_demo_controller/share/turtle_demo_controller/package.dsv
[0.380s] -- Up-to-date symlink: /home/sangwon/ROS2_turtlesim_ws/install/turtle_demo_controller/share/ament_index/resource_index/packages/turtle_demo_controller
[0.380s] -- Up-to-date symlink: /home/sangwon/ROS2_turtlesim_ws/install/turtle_demo_controller/share/turtle_demo_controller/cmake/rosidl_cmake-extras.cmake
[0.380s] -- Up-to-date symlink: /home/sangwon/ROS2_turtlesim_ws/install/turtle_demo_controller/share/turtle_demo_controller/cmake/ament_cmake_export_dependencies-extras.cmake
[0.380s] -- Up-to-date symlink: /home/sangwon/ROS2_turtlesim_ws/install/turtle_demo_controller/share/turtle_demo_controller/cmake/ament_cmake_export_libraries-extras.cmake
[0.381s] -- Up-to-date symlink: /home/sangwon/ROS2_turtlesim_ws/install/turtle_demo_controller/share/turtle_demo_controller/cmake/ament_cmake_export_targets-extras.cmake
[0.381s] -- Up-to-date symlink: /home/sangwon/ROS2_turtlesim_ws/install/turtle_demo_controller/share/turtle_demo_controller/cmake/ament_cmake_export_include_directories-extras.cmake
[0.381s] -- Up-to-date symlink: /home/sangwon/ROS2_turtlesim_ws/install/turtle_demo_controller/share/turtle_demo_controller/cmake/rosidl_cmake_export_typesupport_libraries-extras.cmake
[0.381s] -- Up-to-date symlink: /home/sangwon/ROS2_turtlesim_ws/install/turtle_demo_controller/share/turtle_demo_controller/cmake/rosidl_cmake_export_typesupport_targets-extras.cmake
[0.381s] -- Up-to-date symlink: /home/sangwon/ROS2_turtlesim_ws/install/turtle_demo_controller/share/turtle_demo_controller/cmake/turtle_demo_controllerConfig.cmake
[0.382s] -- Up-to-date symlink: /home/sangwon/ROS2_turtlesim_ws/install/turtle_demo_controller/share/turtle_demo_controller/cmake/turtle_demo_controllerConfig-version.cmake
[0.382s] -- Up-to-date symlink: /home/sangwon/ROS2_turtlesim_ws/install/turtle_demo_controller/share/turtle_demo_controller/package.xml
[0.382s] -- Up-to-date: /home/sangwon/ROS2_turtlesim_ws/install/turtle_demo_controller/lib/libturtle_demo_controller__rosidl_generator_c.so
[0.382s] -- Up-to-date: /home/sangwon/ROS2_turtlesim_ws/install/turtle_demo_controller/lib/libturtle_demo_controller__rosidl_typesupport_introspection_c.so
[0.383s] -- Up-to-date: /home/sangwon/ROS2_turtlesim_ws/install/turtle_demo_controller/lib/libturtle_demo_controller__rosidl_typesupport_c.so
[0.383s] -- Up-to-date: /home/sangwon/ROS2_turtlesim_ws/install/turtle_demo_controller/lib/libturtle_demo_controller__rosidl_typesupport_introspection_cpp.so
[0.383s] -- Up-to-date: /home/sangwon/ROS2_turtlesim_ws/install/turtle_demo_controller/lib/libturtle_demo_controller__rosidl_typesupport_cpp.so
[0.444s] Listing '/home/sangwon/ROS2_turtlesim_ws/install/turtle_demo_controller/lib/python3.8/site-packages/turtle_demo_controller'...
[0.445s] Listing '/home/sangwon/ROS2_turtlesim_ws/install/turtle_demo_controller/lib/python3.8/site-packages/turtle_demo_controller/msg'...
[0.448s] -- Up-to-date: /home/sangwon/ROS2_turtlesim_ws/install/turtle_demo_controller/share/turtle_demo_controller/cmake/turtle_demo_controller__rosidl_generator_cExport.cmake
[0.448s] -- Up-to-date: /home/sangwon/ROS2_turtlesim_ws/install/turtle_demo_controller/share/turtle_demo_controller/cmake/turtle_demo_controller__rosidl_generator_cExport-noconfig.cmake
[0.448s] -- Up-to-date: /home/sangwon/ROS2_turtlesim_ws/install/turtle_demo_controller/share/turtle_demo_controller/cmake/turtle_demo_controller__rosidl_typesupport_introspection_cExport.cmake
[0.448s] -- Up-to-date: /home/sangwon/ROS2_turtlesim_ws/install/turtle_demo_controller/share/turtle_demo_controller/cmake/turtle_demo_controller__rosidl_typesupport_introspection_cExport-noconfig.cmake
[0.448s] -- Up-to-date: /home/sangwon/ROS2_turtlesim_ws/install/turtle_demo_controller/share/turtle_demo_controller/cmake/turtle_demo_controller__rosidl_typesupport_cExport.cmake
[0.449s] -- Up-to-date: /home/sangwon/ROS2_turtlesim_ws/install/turtle_demo_controller/share/turtle_demo_controller/cmake/turtle_demo_controller__rosidl_typesupport_cExport-noconfig.cmake
[0.449s] -- Up-to-date: /home/sangwon/ROS2_turtlesim_ws/install/turtle_demo_controller/share/turtle_demo_controller/cmake/turtle_demo_controller__rosidl_generator_cppExport.cmake
[0.449s] -- Up-to-date: /home/sangwon/ROS2_turtlesim_ws/install/turtle_demo_controller/share/turtle_demo_controller/cmake/turtle_demo_controller__rosidl_typesupport_introspection_cppExport.cmake
[0.449s] -- Up-to-date: /home/sangwon/ROS2_turtlesim_ws/install/turtle_demo_controller/share/turtle_demo_controller/cmake/turtle_demo_controller__rosidl_typesupport_introspection_cppExport-noconfig.cmake
[0.449s] -- Up-to-date: /home/sangwon/ROS2_turtlesim_ws/install/turtle_demo_controller/share/turtle_demo_controller/cmake/turtle_demo_controller__rosidl_typesupport_cppExport.cmake
[0.449s] -- Up-to-date: /home/sangwon/ROS2_turtlesim_ws/install/turtle_demo_controller/share/turtle_demo_controller/cmake/turtle_demo_controller__rosidl_typesupport_cppExport-noconfig.cmake
[0.452s] Invoked command in '/home/sangwon/ROS2_turtlesim_ws/build/turtle_demo_controller' returned '0': CMAKE_PREFIX_PATH=${CMAKE_PREFIX_PATH}:/opt/ros/foxy /usr/bin/cmake --install /home/sangwon/ROS2_turtlesim_ws/build/turtle_demo_controller
