[0.013s] Invoking command in '/home/sangwon/ROS2_turtlesim_ws/build/turtle_demo_controller': CMAKE_PREFIX_PATH=${CMAKE_PREFIX_PATH}:/opt/ros/foxy /usr/bin/cmake --build /home/sangwon/ROS2_turtlesim_ws/build/turtle_demo_controller -- -j12 -l12
[0.102s] [  3%] Built target turtle_demo_controller__cpp
[0.108s] [ 12%] Built target turtle_demo_controller__rosidl_generator_c
[0.126s] [ 22%] Built target turtle_demo_controller__rosidl_typesupport_introspection_cpp
[0.126s] [ 32%] Built target turtle_demo_controller__rosidl_typesupport_cpp
[0.131s] [ 41%] Built target turtle_demo_controller__rosidl_typesupport_c
[0.131s] [ 51%] Built target turtle_demo_controller__rosidl_typesupport_introspection_c
[0.137s] [ 61%] Built target turtle_demo_controller__rosidl_typesupport_fastrtps_cpp
[0.164s] [ 70%] Built target turtle_demo_controller__rosidl_typesupport_fastrtps_c
[0.183s] [ 70%] Built target turtle_demo_controller
[0.204s] [ 74%] Built target turtle_demo_controller__py
[0.230s] [ 80%] Built target turtle_demo_controller__python
[0.254s] [ 93%] Built target turtle_demo_controller__rosidl_typesupport_fastrtps_c__pyext
[0.254s] [ 93%] Built target turtle_demo_controller__rosidl_typesupport_c__pyext
[0.255s] [100%] Built target turtle_demo_controller__rosidl_typesupport_introspection_c__pyext
[0.267s] Invoked command in '/home/sangwon/ROS2_turtlesim_ws/build/turtle_demo_controller' returned '0': CMAKE_PREFIX_PATH=${CMAKE_PREFIX_PATH}:/opt/ros/foxy /usr/bin/cmake --build /home/sangwon/ROS2_turtlesim_ws/build/turtle_demo_controller -- -j12 -l12
[0.337s] Invoking command in '/home/sangwon/ROS2_turtlesim_ws/build/turtle_demo_controller': CMAKE_PREFIX_PATH=${CMAKE_PREFIX_PATH}:/opt/ros/foxy /usr/bin/cmake --install /home/sangwon/ROS2_turtlesim_ws/build/turtle_demo_controller
[0.345s] -- Install configuration: ""
[0.345s] -- Execute custom install script
[0.346s] -- Up-to-date symlink: /home/sangwon/ROS2_turtlesim_ws/install/turtle_demo_controller/share/ament_index/resource_index/rosidl_interfaces/turtle_demo_controller
[0.347s] -- Up-to-date symlink: /home/sangwon/ROS2_turtlesim_ws/install/turtle_demo_controller/include/turtle_demo_controller/msg/detail/encrypted_data__functions.h
[0.348s] -- Up-to-date symlink: /home/sangwon/ROS2_turtlesim_ws/install/turtle_demo_controller/include/turtle_demo_controller/msg/detail/encrypted_data__struct.h
[0.348s] -- Up-to-date symlink: /home/sangwon/ROS2_turtlesim_ws/install/turtle_demo_controller/include/turtle_demo_controller/msg/detail/encrypted_data__type_support.h
[0.348s] -- Up-to-date symlink: /home/sangwon/ROS2_turtlesim_ws/install/turtle_demo_controller/include/turtle_demo_controller/msg/encrypted_data.h
[0.349s] -- Up-to-date symlink: /home/sangwon/ROS2_turtlesim_ws/install/turtle_demo_controller/include/turtle_demo_controller/msg/rosidl_generator_c__visibility_control.h
[0.349s] -- Up-to-date symlink: /home/sangwon/ROS2_turtlesim_ws/install/turtle_demo_controller/share/turtle_demo_controller/environment/library_path.sh
[0.350s] -- Up-to-date symlink: /home/sangwon/ROS2_turtlesim_ws/install/turtle_demo_controller/share/turtle_demo_controller/environment/library_path.dsv
[0.351s] -- Up-to-date symlink: /home/sangwon/ROS2_turtlesim_ws/install/turtle_demo_controller/include/turtle_demo_controller/msg/detail/encrypted_data__rosidl_typesupport_fastrtps_c.h
[0.351s] -- Up-to-date symlink: /home/sangwon/ROS2_turtlesim_ws/install/turtle_demo_controller/include/turtle_demo_controller/msg/rosidl_typesupport_fastrtps_c__visibility_control.h
[0.352s] -- Up-to-date symlink: /home/sangwon/ROS2_turtlesim_ws/install/turtle_demo_controller/lib/libturtle_demo_controller__rosidl_typesupport_fastrtps_c.so
[0.352s] -- Up-to-date symlink: /home/sangwon/ROS2_turtlesim_ws/install/turtle_demo_controller/include/turtle_demo_controller/msg/detail/encrypted_data__rosidl_typesupport_fastrtps_cpp.hpp
[0.353s] -- Up-to-date symlink: /home/sangwon/ROS2_turtlesim_ws/install/turtle_demo_controller/include/turtle_demo_controller/msg/rosidl_typesupport_fastrtps_cpp__visibility_control.h
[0.353s] -- Up-to-date symlink: /home/sangwon/ROS2_turtlesim_ws/install/turtle_demo_controller/lib/libturtle_demo_controller__rosidl_typesupport_fastrtps_cpp.so
[0.354s] -- Up-to-date symlink: /home/sangwon/ROS2_turtlesim_ws/install/turtle_demo_controller/include/turtle_demo_controller/msg/detail/encrypted_data__rosidl_typesupport_introspection_c.h
[0.354s] -- Up-to-date symlink: /home/sangwon/ROS2_turtlesim_ws/install/turtle_demo_controller/include/turtle_demo_controller/msg/rosidl_typesupport_introspection_c__visibility_control.h
[0.355s] -- Up-to-date symlink: /home/sangwon/ROS2_turtlesim_ws/install/turtle_demo_controller/include/turtle_demo_controller/msg/detail/encrypted_data__builder.hpp
[0.355s] -- Up-to-date symlink: /home/sangwon/ROS2_turtlesim_ws/install/turtle_demo_controller/include/turtle_demo_controller/msg/detail/encrypted_data__struct.hpp
[0.356s] -- Up-to-date symlink: /home/sangwon/ROS2_turtlesim_ws/install/turtle_demo_controller/include/turtle_demo_controller/msg/detail/encrypted_data__traits.hpp
[0.356s] -- Up-to-date symlink: /home/sangwon/ROS2_turtlesim_ws/install/turtle_demo_controller/include/turtle_demo_controller/msg/detail/encrypted_data__type_support.hpp
[0.356s] -- Up-to-date symlink: /home/sangwon/ROS2_turtlesim_ws/install/turtle_demo_controller/include/turtle_demo_controller/msg/encrypted_data.hpp
[0.357s] -- Up-to-date symlink: /home/sangwon/ROS2_turtlesim_ws/install/turtle_demo_controller/include/turtle_demo_controller/msg/rosidl_generator_cpp__visibility_control.hpp
[0.357s] -- Up-to-date symlink: /home/sangwon/ROS2_turtlesim_ws/install/turtle_demo_controller/include/turtle_demo_controller/msg/detail/encrypted_data__rosidl_typesupport_introspection_cpp.hpp
[0.358s] -- Up-to-date symlink: /home/sangwon/ROS2_turtlesim_ws/install/turtle_demo_controller/share/turtle_demo_controller/environment/pythonpath.sh
[0.358s] -- Up-to-date symlink: /home/sangwon/ROS2_turtlesim_ws/install/turtle_demo_controller/share/turtle_demo_controller/environment/pythonpath.dsv
[0.359s] -- Symlinking: /home/sangwon/ROS2_turtlesim_ws/install/turtle_demo_controller/lib/python3.8/site-packages/turtle_demo_controller/__init__.py
[0.368s] -- Up-to-date symlink: /home/sangwon/ROS2_turtlesim_ws/install/turtle_demo_controller/lib/python3.8/site-packages/turtle_demo_controller/msg/__init__.py
[0.368s] -- Up-to-date symlink: /home/sangwon/ROS2_turtlesim_ws/install/turtle_demo_controller/lib/python3.8/site-packages/turtle_demo_controller/msg/_encrypted_data.py
[0.369s] -- Up-to-date symlink: /home/sangwon/ROS2_turtlesim_ws/install/turtle_demo_controller/lib/python3.8/site-packages/turtle_demo_controller/turtle_demo_controller_s__rosidl_typesupport_fastrtps_c.cpython-38-x86_64-linux-gnu.so
[0.370s] -- Up-to-date symlink: /home/sangwon/ROS2_turtlesim_ws/install/turtle_demo_controller/lib/python3.8/site-packages/turtle_demo_controller/turtle_demo_controller_s__rosidl_typesupport_introspection_c.cpython-38-x86_64-linux-gnu.so
[0.371s] -- Up-to-date symlink: /home/sangwon/ROS2_turtlesim_ws/install/turtle_demo_controller/lib/python3.8/site-packages/turtle_demo_controller/turtle_demo_controller_s__rosidl_typesupport_c.cpython-38-x86_64-linux-gnu.so
[0.371s] -- Up-to-date symlink: /home/sangwon/ROS2_turtlesim_ws/install/turtle_demo_controller/lib/libturtle_demo_controller__python.so
[0.372s] -- Up-to-date symlink: /home/sangwon/ROS2_turtlesim_ws/install/turtle_demo_controller/share/turtle_demo_controller/msg/EncryptedData.idl
[0.372s] -- Up-to-date symlink: /home/sangwon/ROS2_turtlesim_ws/install/turtle_demo_controller/share/turtle_demo_controller/msg/EncryptedData.msg
[0.373s] -- Symlinking: /home/sangwon/ROS2_turtlesim_ws/install/turtle_demo_controller/lib/python3.8/site-packages/turtle_demo_controller/__init__.py
[0.382s] -- Up-to-date symlink: /home/sangwon/ROS2_turtlesim_ws/install/turtle_demo_controller/lib/python3.8/site-packages/turtle_demo_controller/enc_turtle_controller.py
[0.382s] -- Up-to-date symlink: /home/sangwon/ROS2_turtlesim_ws/install/turtle_demo_controller/lib/python3.8/site-packages/turtle_demo_controller/enc_turtle_plant.py
[0.383s] -- Up-to-date symlink: /home/sangwon/ROS2_turtlesim_ws/install/turtle_demo_controller/lib/python3.8/site-packages/turtle_demo_controller/simple_test.py
[0.383s] -- Up-to-date symlink: /home/sangwon/ROS2_turtlesim_ws/install/turtle_demo_controller/lib/python3.8/site-packages/turtle_demo_controller/turtle_controller.py
[0.383s] -- Up-to-date symlink: /home/sangwon/ROS2_turtlesim_ws/install/turtle_demo_controller/lib/python3.8/site-packages/turtle_demo_controller/turtle_plant.py
[0.384s] -- Up-to-date symlink: /home/sangwon/ROS2_turtlesim_ws/install/turtle_demo_controller/lib/turtle_demo_controller/turtle_plant.py
[0.384s] -- Up-to-date symlink: /home/sangwon/ROS2_turtlesim_ws/install/turtle_demo_controller/lib/turtle_demo_controller/turtle_controller.py
[0.385s] -- Up-to-date symlink: /home/sangwon/ROS2_turtlesim_ws/install/turtle_demo_controller/lib/turtle_demo_controller/simple_test.py
[0.385s] -- Up-to-date symlink: /home/sangwon/ROS2_turtlesim_ws/install/turtle_demo_controller/lib/turtle_demo_controller/enc_turtle_plant.py
[0.385s] -- Up-to-date symlink: /home/sangwon/ROS2_turtlesim_ws/install/turtle_demo_controller/lib/turtle_demo_controller/enc_turtle_controller.py
[0.386s] -- Up-to-date symlink: /home/sangwon/ROS2_turtlesim_ws/install/turtle_demo_controller/share/turtle_demo_controller//launch/enc_two_turtle.launch.py
[0.386s] -- Up-to-date symlink: /home/sangwon/ROS2_turtlesim_ws/install/turtle_demo_controller/share/turtle_demo_controller//launch/two_turtle.launch.py
[0.386s] -- Up-to-date symlink: /home/sangwon/ROS2_turtlesim_ws/install/turtle_demo_controller/share/ament_index/resource_index/package_run_dependencies/turtle_demo_controller
[0.387s] -- Up-to-date symlink: /home/sangwon/ROS2_turtlesim_ws/install/turtle_demo_controller/share/ament_index/resource_index/parent_prefix_path/turtle_demo_controller
[0.387s] -- Up-to-date symlink: /home/sangwon/ROS2_turtlesim_ws/install/turtle_demo_controller/share/turtle_demo_controller/environment/ament_prefix_path.sh
[0.388s] -- Up-to-date symlink: /home/sangwon/ROS2_turtlesim_ws/install/turtle_demo_controller/share/turtle_demo_controller/environment/ament_prefix_path.dsv
[0.388s] -- Up-to-date symlink: /home/sangwon/ROS2_turtlesim_ws/install/turtle_demo_controller/share/turtle_demo_controller/environment/path.sh
[0.389s] -- Up-to-date symlink: /home/sangwon/ROS2_turtlesim_ws/install/turtle_demo_controller/share/turtle_demo_controller/environment/path.dsv
[0.389s] -- Up-to-date symlink: /home/sangwon/ROS2_turtlesim_ws/install/turtle_demo_controller/share/turtle_demo_controller/local_setup.bash
[0.389s] -- Up-to-date symlink: /home/sangwon/ROS2_turtlesim_ws/install/turtle_demo_controller/share/turtle_demo_controller/local_setup.sh
[0.390s] -- Up-to-date symlink: /home/sangwon/ROS2_turtlesim_ws/install/turtle_demo_controller/share/turtle_demo_controller/local_setup.zsh
[0.390s] -- Up-to-date symlink: /home/sangwon/ROS2_turtlesim_ws/install/turtle_demo_controller/share/turtle_demo_controller/local_setup.dsv
[0.391s] -- Symlinking: /home/sangwon/ROS2_turtlesim_ws/install/turtle_demo_controller/share/turtle_demo_controller/package.dsv
[0.400s] -- Up-to-date symlink: /home/sangwon/ROS2_turtlesim_ws/install/turtle_demo_controller/share/ament_index/resource_index/packages/turtle_demo_controller
[0.400s] -- Up-to-date symlink: /home/sangwon/ROS2_turtlesim_ws/install/turtle_demo_controller/share/turtle_demo_controller/cmake/rosidl_cmake-extras.cmake
[0.401s] -- Up-to-date symlink: /home/sangwon/ROS2_turtlesim_ws/install/turtle_demo_controller/share/turtle_demo_controller/cmake/ament_cmake_export_dependencies-extras.cmake
[0.401s] -- Up-to-date symlink: /home/sangwon/ROS2_turtlesim_ws/install/turtle_demo_controller/share/turtle_demo_controller/cmake/ament_cmake_export_libraries-extras.cmake
[0.402s] -- Up-to-date symlink: /home/sangwon/ROS2_turtlesim_ws/install/turtle_demo_controller/share/turtle_demo_controller/cmake/ament_cmake_export_targets-extras.cmake
[0.402s] -- Up-to-date symlink: /home/sangwon/ROS2_turtlesim_ws/install/turtle_demo_controller/share/turtle_demo_controller/cmake/ament_cmake_export_include_directories-extras.cmake
[0.403s] -- Up-to-date symlink: /home/sangwon/ROS2_turtlesim_ws/install/turtle_demo_controller/share/turtle_demo_controller/cmake/rosidl_cmake_export_typesupport_libraries-extras.cmake
[0.403s] -- Up-to-date symlink: /home/sangwon/ROS2_turtlesim_ws/install/turtle_demo_controller/share/turtle_demo_controller/cmake/rosidl_cmake_export_typesupport_targets-extras.cmake
[0.403s] -- Up-to-date symlink: /home/sangwon/ROS2_turtlesim_ws/install/turtle_demo_controller/share/turtle_demo_controller/cmake/turtle_demo_controllerConfig.cmake
[0.404s] -- Up-to-date symlink: /home/sangwon/ROS2_turtlesim_ws/install/turtle_demo_controller/share/turtle_demo_controller/cmake/turtle_demo_controllerConfig-version.cmake
[0.404s] -- Up-to-date symlink: /home/sangwon/ROS2_turtlesim_ws/install/turtle_demo_controller/share/turtle_demo_controller/package.xml
[0.405s] -- Up-to-date: /home/sangwon/ROS2_turtlesim_ws/install/turtle_demo_controller/lib/libturtle_demo_controller__rosidl_generator_c.so
[0.406s] -- Up-to-date: /home/sangwon/ROS2_turtlesim_ws/install/turtle_demo_controller/lib/libturtle_demo_controller__rosidl_typesupport_introspection_c.so
[0.406s] -- Up-to-date: /home/sangwon/ROS2_turtlesim_ws/install/turtle_demo_controller/lib/libturtle_demo_controller__rosidl_typesupport_c.so
[0.407s] -- Up-to-date: /home/sangwon/ROS2_turtlesim_ws/install/turtle_demo_controller/lib/libturtle_demo_controller__rosidl_typesupport_introspection_cpp.so
[0.408s] -- Up-to-date: /home/sangwon/ROS2_turtlesim_ws/install/turtle_demo_controller/lib/libturtle_demo_controller__rosidl_typesupport_cpp.so
[0.452s] Listing '/home/sangwon/ROS2_turtlesim_ws/install/turtle_demo_controller/lib/python3.8/site-packages/turtle_demo_controller'...
[0.452s] Listing '/home/sangwon/ROS2_turtlesim_ws/install/turtle_demo_controller/lib/python3.8/site-packages/turtle_demo_controller/msg'...
[0.455s] -- Up-to-date: /home/sangwon/ROS2_turtlesim_ws/install/turtle_demo_controller/share/turtle_demo_controller/cmake/turtle_demo_controller__rosidl_generator_cExport.cmake
[0.455s] -- Up-to-date: /home/sangwon/ROS2_turtlesim_ws/install/turtle_demo_controller/share/turtle_demo_controller/cmake/turtle_demo_controller__rosidl_generator_cExport-noconfig.cmake
[0.455s] -- Up-to-date: /home/sangwon/ROS2_turtlesim_ws/install/turtle_demo_controller/share/turtle_demo_controller/cmake/turtle_demo_controller__rosidl_typesupport_introspection_cExport.cmake
[0.456s] -- Up-to-date: /home/sangwon/ROS2_turtlesim_ws/install/turtle_demo_controller/share/turtle_demo_controller/cmake/turtle_demo_controller__rosidl_typesupport_introspection_cExport-noconfig.cmake
[0.456s] -- Up-to-date: /home/sangwon/ROS2_turtlesim_ws/install/turtle_demo_controller/share/turtle_demo_controller/cmake/turtle_demo_controller__rosidl_typesupport_cExport.cmake
[0.456s] -- Up-to-date: /home/sangwon/ROS2_turtlesim_ws/install/turtle_demo_controller/share/turtle_demo_controller/cmake/turtle_demo_controller__rosidl_typesupport_cExport-noconfig.cmake
[0.457s] -- Up-to-date: /home/sangwon/ROS2_turtlesim_ws/install/turtle_demo_controller/share/turtle_demo_controller/cmake/turtle_demo_controller__rosidl_generator_cppExport.cmake
[0.457s] -- Up-to-date: /home/sangwon/ROS2_turtlesim_ws/install/turtle_demo_controller/share/turtle_demo_controller/cmake/turtle_demo_controller__rosidl_typesupport_introspection_cppExport.cmake
[0.457s] -- Up-to-date: /home/sangwon/ROS2_turtlesim_ws/install/turtle_demo_controller/share/turtle_demo_controller/cmake/turtle_demo_controller__rosidl_typesupport_introspection_cppExport-noconfig.cmake
[0.458s] -- Up-to-date: /home/sangwon/ROS2_turtlesim_ws/install/turtle_demo_controller/share/turtle_demo_controller/cmake/turtle_demo_controller__rosidl_typesupport_cppExport.cmake
[0.458s] -- Up-to-date: /home/sangwon/ROS2_turtlesim_ws/install/turtle_demo_controller/share/turtle_demo_controller/cmake/turtle_demo_controller__rosidl_typesupport_cppExport-noconfig.cmake
[0.461s] Invoked command in '/home/sangwon/ROS2_turtlesim_ws/build/turtle_demo_controller' returned '0': CMAKE_PREFIX_PATH=${CMAKE_PREFIX_PATH}:/opt/ros/foxy /usr/bin/cmake --install /home/sangwon/ROS2_turtlesim_ws/build/turtle_demo_controller
