[0.019s] Invoking command in '/home/sangwon/ROS2_turtlesim_ws/build/enc_turtle_cpp': CMAKE_PREFIX_PATH=${CMAKE_PREFIX_PATH}:/opt/ros/foxy /usr/bin/cmake --build /home/sangwon/ROS2_turtlesim_ws/build/enc_turtle_cpp -- -j12 -l12
[0.041s] -- Found ament_cmake: 0.9.12 (/opt/ros/foxy/share/ament_cmake/cmake)
[0.057s] -- Found PythonInterp: /usr/bin/python3 (found suitable version "3.8.10", minimum required is "3") 
[0.057s] -- Using PYTHON_EXECUTABLE: /usr/bin/python3
[0.173s] -- Override CMake install command with custom implementation using symlinks instead of copying resources
[0.179s] -- Found rclcpp: 2.4.3 (/opt/ros/foxy/share/rclcpp/cmake)
[0.275s] -- Using all available rosidl_typesupport_c: rosidl_typesupport_fastrtps_c;rosidl_typesupport_introspection_c
[0.277s] -- Found rosidl_adapter: 1.3.1 (/opt/ros/foxy/share/rosidl_adapter/cmake)
[2.338s] -- Using all available rosidl_typesupport_cpp: rosidl_typesupport_fastrtps_cpp;rosidl_typesupport_introspection_cpp
[2.366s] -- Found rmw_implementation_cmake: 1.0.4 (/opt/ros/foxy/share/rmw_implementation_cmake/cmake)
[2.367s] -- Using RMW implementation 'rmw_fastrtps_cpp' as default
[2.447s] -- Found geometry_msgs: 2.0.5 (/opt/ros/foxy/share/geometry_msgs/cmake)
[2.465s] -- Found turtlesim: 1.2.6 (/opt/ros/foxy/share/turtlesim/cmake)
[2.523s] -- Found rosidl_default_generators: 1.0.1 (/opt/ros/foxy/share/rosidl_default_generators/cmake)
[2.547s] -- Found PythonInterp: /usr/bin/python3 (found version "3.8.10") 
[2.625s] -- Found ament_cmake_ros: 0.9.2 (/opt/ros/foxy/share/ament_cmake_ros/cmake)
[4.754s] -- Using all available rosidl_typesupport_c: rosidl_typesupport_fastrtps_c;rosidl_typesupport_introspection_c
[4.759s] -- Using all available rosidl_typesupport_cpp: rosidl_typesupport_fastrtps_cpp;rosidl_typesupport_introspection_cpp
[4.777s] -- Found PythonInterp: /usr/bin/python3 (found suitable version "3.8.10", minimum required is "3.5") 
[4.777s] -- Found python_cmake_module: 0.8.1 (/opt/ros/foxy/share/python_cmake_module/cmake)
[4.794s] -- Using PYTHON_EXECUTABLE: /usr/bin/python3
[4.794s] -- Using PYTHON_INCLUDE_DIRS: /usr/include/python3.8
[4.794s] -- Using PYTHON_LIBRARIES: /usr/lib/x86_64-linux-gnu/libpython3.8.so
[4.804s] -- Found OpenFHE
[4.804s] -- OpenFHE Version: 1.3.0
[4.804s] -- OpenFHE Include Dirs: 
[4.804s] -- OpenFHE Libraries: 
[4.807s] -- Found ament_lint_auto: 0.9.8 (/opt/ros/foxy/share/ament_lint_auto/cmake)
[4.816s] -- Added test 'copyright' to check source files copyright and LICENSE
[4.817s] -- Added test 'cppcheck' to perform static code analysis on C / C++ code
[4.818s] -- Configured cppcheck include dirs: $<BUILD_INTERFACE:/home/sangwon/ROS2_turtlesim_ws/src/enc_turtle_cpp/include>
[4.818s] -- Configured cppcheck exclude dirs and/or files: 
[4.819s] -- Added test 'cpplint' to check C / C++ code against the Google style
[4.819s] -- Configured cpplint exclude dirs and/or files: 
[4.820s] -- Added test 'flake8' to check Python code syntax and style conventions
[4.820s] -- Added test 'lint_cmake' to check CMake code style
[4.820s] -- Added test 'pep257' to check Python code against some of the style conventions in PEP 257
[4.821s] -- Added test 'uncrustify' to check C / C++ code style
[4.821s] -- Configured uncrustify additional arguments: 
[4.822s] -- Added test 'xmllint' to check XML markup files
[4.827s] -- Configuring done
[4.867s] -- Generating done
[4.871s] -- Build files have been written to: /home/sangwon/ROS2_turtlesim_ws/build/enc_turtle_cpp
[4.900s] [  2%] [34m[1mGenerating C code for ROS interfaces[0m
[4.911s] [  4%] [34m[1mGenerating C++ code for ROS interfaces[0m
[4.914s] [  9%] Built target bgv_test
[4.918s] [ 14%] Built target turtle_plant
[4.919s] [ 19%] Built target turtle_controller
[5.065s] [35m[1mScanning dependencies of target enc_turtle_cpp__rosidl_generator_c[0m
[5.070s] [ 19%] Built target enc_turtle_cpp__cpp
[5.076s] [ 21%] [32mBuilding C object CMakeFiles/enc_turtle_cpp__rosidl_generator_c.dir/rosidl_generator_c/enc_turtle_cpp/msg/detail/encrypted_data__functions.c.o[0m
[5.079s] [ 24%] [34m[1mGenerating C++ type support dispatch for ROS interfaces[0m
[5.080s] [ 29%] [34m[1mGenerating C++ type support for eProsima Fast-RTPS[0m
[5.080s] [ 29%] [34m[1mGenerating C++ introspection for ROS interfaces[0m
[5.122s] [ 31%] [32m[1mLinking C shared library libenc_turtle_cpp__rosidl_generator_c.so[0m
[5.199s] [ 31%] Built target enc_turtle_cpp__rosidl_generator_c
[5.210s] [ 34%] [34m[1mGenerating C type support dispatch for ROS interfaces[0m
[5.211s] [ 36%] [34m[1mGenerating C introspection for ROS interfaces[0m
[5.211s] [35m[1mScanning dependencies of target enc_turtle_cpp__rosidl_typesupport_cpp[0m
[5.221s] [ 39%] [32mBuilding CXX object CMakeFiles/enc_turtle_cpp__rosidl_typesupport_cpp.dir/rosidl_typesupport_cpp/enc_turtle_cpp/msg/encrypted_data__type_support.cpp.o[0m
[5.222s] [35m[1mScanning dependencies of target enc_turtle_cpp__rosidl_typesupport_fastrtps_cpp[0m
[5.222s] [35m[1mScanning dependencies of target enc_turtle_cpp__rosidl_typesupport_introspection_cpp[0m
[5.237s] [ 43%] [32mBuilding CXX object CMakeFiles/enc_turtle_cpp__rosidl_typesupport_fastrtps_cpp.dir/rosidl_typesupport_fastrtps_cpp/enc_turtle_cpp/msg/detail/dds_fastrtps/encrypted_data__type_support.cpp.o[0m
[5.237s] [ 43%] [32mBuilding CXX object CMakeFiles/enc_turtle_cpp__rosidl_typesupport_introspection_cpp.dir/rosidl_typesupport_introspection_cpp/enc_turtle_cpp/msg/detail/encrypted_data__type_support.cpp.o[0m
[5.346s] [35m[1mScanning dependencies of target enc_turtle_cpp__rosidl_typesupport_c[0m
[5.358s] [ 46%] [32mBuilding CXX object CMakeFiles/enc_turtle_cpp__rosidl_typesupport_c.dir/rosidl_typesupport_c/enc_turtle_cpp/msg/encrypted_data__type_support.cpp.o[0m
[5.372s] [35m[1mScanning dependencies of target enc_turtle_cpp__rosidl_typesupport_introspection_c[0m
[5.389s] [ 48%] [32mBuilding C object CMakeFiles/enc_turtle_cpp__rosidl_typesupport_introspection_c.dir/rosidl_typesupport_introspection_c/enc_turtle_cpp/msg/detail/encrypted_data__type_support.c.o[0m
[5.392s] [ 51%] [32m[1mLinking CXX shared library libenc_turtle_cpp__rosidl_typesupport_c.so[0m
[5.428s] [ 53%] [32m[1mLinking C shared library libenc_turtle_cpp__rosidl_typesupport_introspection_c.so[0m
[5.433s] [ 56%] [32m[1mLinking CXX shared library libenc_turtle_cpp__rosidl_typesupport_cpp.so[0m
[5.458s] [ 58%] [32m[1mLinking CXX shared library libenc_turtle_cpp__rosidl_typesupport_introspection_cpp.so[0m
[5.486s] [ 58%] Built target enc_turtle_cpp__rosidl_typesupport_c
[5.506s] [ 58%] Built target enc_turtle_cpp__rosidl_typesupport_introspection_c
[5.518s] [ 58%] Built target enc_turtle_cpp__rosidl_typesupport_cpp
[5.564s] [ 58%] Built target enc_turtle_cpp__rosidl_typesupport_introspection_cpp
[5.565s] [ 60%] [32m[1mLinking CXX shared library libenc_turtle_cpp__rosidl_typesupport_fastrtps_cpp.so[0m
[5.674s] [ 60%] Built target enc_turtle_cpp__rosidl_typesupport_fastrtps_cpp
[5.683s] [ 63%] [34m[1mGenerating C type support for eProsima Fast-RTPS[0m
[5.819s] [35m[1mScanning dependencies of target enc_turtle_cpp__rosidl_typesupport_fastrtps_c[0m
[5.831s] [ 65%] [32mBuilding CXX object CMakeFiles/enc_turtle_cpp__rosidl_typesupport_fastrtps_c.dir/rosidl_typesupport_fastrtps_c/enc_turtle_cpp/msg/detail/encrypted_data__type_support_c.cpp.o[0m
[6.083s] [ 68%] [32m[1mLinking CXX shared library libenc_turtle_cpp__rosidl_typesupport_fastrtps_c.so[0m
[6.193s] [ 68%] Built target enc_turtle_cpp__rosidl_typesupport_fastrtps_c
[6.214s] [ 68%] Built target enc_turtle_cpp
[6.225s] [35m[1mScanning dependencies of target enc_turtle_controller[0m
[6.225s] [35m[1mScanning dependencies of target enc_turtle_plant[0m
[6.234s] [ 70%] [34m[1mGenerating Python code for ROS interfaces[0m
[6.255s] [ 73%] [32mBuilding CXX object CMakeFiles/enc_turtle_controller.dir/src/enc_turtle_controller.cpp.o[0m
[6.256s] [ 75%] [32mBuilding CXX object CMakeFiles/enc_turtle_plant.dir/src/enc_turtle_plant.cpp.o[0m
[6.494s] [ 75%] Built target enc_turtle_cpp__py
[6.505s] [35m[1mScanning dependencies of target enc_turtle_cpp__python[0m
[6.521s] [ 78%] [32mBuilding C object CMakeFiles/enc_turtle_cpp__python.dir/rosidl_generator_py/enc_turtle_cpp/msg/_encrypted_data_s.c.o[0m
[6.598s] [ 80%] [32m[1mLinking C shared library rosidl_generator_py/enc_turtle_cpp/libenc_turtle_cpp__python.so[0m
[6.687s] [ 80%] Built target enc_turtle_cpp__python
[6.700s] [35m[1mScanning dependencies of target enc_turtle_cpp__rosidl_typesupport_introspection_c__pyext[0m
[6.700s] [35m[1mScanning dependencies of target enc_turtle_cpp__rosidl_typesupport_c__pyext[0m
[6.700s] [35m[1mScanning dependencies of target enc_turtle_cpp__rosidl_typesupport_fastrtps_c__pyext[0m
[6.716s] [ 85%] [32mBuilding C object CMakeFiles/enc_turtle_cpp__rosidl_typesupport_fastrtps_c__pyext.dir/rosidl_generator_py/enc_turtle_cpp/_enc_turtle_cpp_s.ep.rosidl_typesupport_fastrtps_c.c.o[0m
[6.716s] [ 85%] [32mBuilding C object CMakeFiles/enc_turtle_cpp__rosidl_typesupport_introspection_c__pyext.dir/rosidl_generator_py/enc_turtle_cpp/_enc_turtle_cpp_s.ep.rosidl_typesupport_introspection_c.c.o[0m
[6.717s] [ 87%] [32mBuilding C object CMakeFiles/enc_turtle_cpp__rosidl_typesupport_c__pyext.dir/rosidl_generator_py/enc_turtle_cpp/_enc_turtle_cpp_s.ep.rosidl_typesupport_c.c.o[0m
[6.792s] [ 90%] [32m[1mLinking CXX shared library rosidl_generator_py/enc_turtle_cpp/enc_turtle_cpp_s__rosidl_typesupport_fastrtps_c.cpython-38-x86_64-linux-gnu.so[0m
[6.793s] [ 92%] [32m[1mLinking C shared library rosidl_generator_py/enc_turtle_cpp/enc_turtle_cpp_s__rosidl_typesupport_introspection_c.cpython-38-x86_64-linux-gnu.so[0m
[6.796s] [ 95%] [32m[1mLinking C shared library rosidl_generator_py/enc_turtle_cpp/enc_turtle_cpp_s__rosidl_typesupport_c.cpython-38-x86_64-linux-gnu.so[0m
[6.866s] [ 95%] Built target enc_turtle_cpp__rosidl_typesupport_introspection_c__pyext
[6.877s] [ 95%] Built target enc_turtle_cpp__rosidl_typesupport_c__pyext
[6.892s] [ 95%] Built target enc_turtle_cpp__rosidl_typesupport_fastrtps_c__pyext
[8.227s] [01m[K/home/sangwon/ROS2_turtlesim_ws/src/enc_turtle_cpp/src/enc_turtle_controller.cpp:7:55:[m[K [01;35m[Kwarning: [m[Kextra ‘[01m[K;[m[K’ [[01;35m[K-Wpedantic[m[K]
[8.227s]     7 | CEREAL_REGISTER_TYPE(lbcrypto::CryptoParametersBGVRNS)[01;35m[K;[m[K
[8.227s]       |                                                       [01;35m[K^[m[K
[8.227s] [01m[K/home/sangwon/ROS2_turtlesim_ws/src/enc_turtle_cpp/src/enc_turtle_controller.cpp:8:41:[m[K [01;35m[Kwarning: [m[Kextra ‘[01m[K;[m[K’ [[01;35m[K-Wpedantic[m[K]
[8.227s]     8 | CEREAL_REGISTER_TYPE(lbcrypto::DCRTPoly)[01;35m[K;[m[K
[8.227s]       |                                         [01;35m[K^[m[K
[8.227s] [01m[K/home/sangwon/ROS2_turtlesim_ws/src/enc_turtle_cpp/src/enc_turtle_controller.cpp:9:45:[m[K [01;35m[Kwarning: [m[Kextra ‘[01m[K;[m[K’ [[01;35m[K-Wpedantic[m[K]
[8.227s]     9 | CEREAL_REGISTER_TYPE(lbcrypto::SchemeBGVRNS)[01;35m[K;[m[K
[8.227s]       |                                             [01;35m[K^[m[K
[8.227s] [01m[K/home/sangwon/ROS2_turtlesim_ws/src/enc_turtle_cpp/src/enc_turtle_controller.cpp:10:67:[m[K [01;35m[Kwarning: [m[Kextra ‘[01m[K;[m[K’ [[01;35m[K-Wpedantic[m[K]
[8.227s]    10 | CEREAL_REGISTER_TYPE(lbcrypto::CiphertextImpl<lbcrypto::DCRTPoly>)[01;35m[K;[m[K
[8.227s]       |                                                                   [01;35m[K^[m[K
[8.227s] [01m[K/home/sangwon/ROS2_turtlesim_ws/src/enc_turtle_cpp/src/enc_turtle_controller.cpp:11:123:[m[K [01;35m[Kwarning: [m[Kextra ‘[01m[K;[m[K’ [[01;35m[K-Wpedantic[m[K]
[8.227s]    11 | bcrypto::DCRTPoly>, lbcrypto::CryptoParametersBGVRNS)[01;35m[K;[m[K
[8.227s]       |                                                      [01;35m[K^[m[K
[8.227s] 
[8.227s] [01m[K/home/sangwon/ROS2_turtlesim_ws/src/enc_turtle_cpp/src/enc_turtle_controller.cpp:12:103:[m[K [01;35m[Kwarning: [m[Kextra ‘[01m[K;[m[K’ [[01;35m[K-Wpedantic[m[K]
[8.228s]    12 | hemeBase<lbcrypto::DCRTPoly>, lbcrypto::SchemeBGVRNS)[01;35m[K;[m[K
[8.228s]       |                                                      [01;35m[K^[m[K
[8.228s] 
[8.235s] [01m[K/home/sangwon/ROS2_turtlesim_ws/src/enc_turtle_cpp/src/enc_turtle_plant.cpp:8:55:[m[K [01;35m[Kwarning: [m[Kextra ‘[01m[K;[m[K’ [[01;35m[K-Wpedantic[m[K]
[8.235s]     8 | CEREAL_REGISTER_TYPE(lbcrypto::CryptoParametersBGVRNS)[01;35m[K;[m[K
[8.235s]       |                                                       [01;35m[K^[m[K
[8.235s] [01m[K/home/sangwon/ROS2_turtlesim_ws/src/enc_turtle_cpp/src/enc_turtle_plant.cpp:9:41:[m[K [01;35m[Kwarning: [m[Kextra ‘[01m[K;[m[K’ [[01;35m[K-Wpedantic[m[K]
[8.235s]     9 | CEREAL_REGISTER_TYPE(lbcrypto::DCRTPoly)[01;35m[K;[m[K
[8.235s]       |                                         [01;35m[K^[m[K
[8.235s] [01m[K/home/sangwon/ROS2_turtlesim_ws/src/enc_turtle_cpp/src/enc_turtle_plant.cpp:10:45:[m[K [01;35m[Kwarning: [m[Kextra ‘[01m[K;[m[K’ [[01;35m[K-Wpedantic[m[K]
[8.236s]    10 | CEREAL_REGISTER_TYPE(lbcrypto::SchemeBGVRNS)[01;35m[K;[m[K
[8.236s]       |                                             [01;35m[K^[m[K
[8.236s] [01m[K/home/sangwon/ROS2_turtlesim_ws/src/enc_turtle_cpp/src/enc_turtle_plant.cpp:11:67:[m[K [01;35m[Kwarning: [m[Kextra ‘[01m[K;[m[K’ [[01;35m[K-Wpedantic[m[K]
[8.236s]    11 | CEREAL_REGISTER_TYPE(lbcrypto::CiphertextImpl<lbcrypto::DCRTPoly>)[01;35m[K;[m[K
[8.236s]       |                                                                   [01;35m[K^[m[K
[8.236s] [01m[K/home/sangwon/ROS2_turtlesim_ws/src/enc_turtle_cpp/src/enc_turtle_plant.cpp:12:123:[m[K [01;35m[Kwarning: [m[Kextra ‘[01m[K;[m[K’ [[01;35m[K-Wpedantic[m[K]
[8.236s]    12 | CEREAL_REGISTER_POLYMORPHIC_RELATION(lbcrypto::CryptoParametersBase<lbcrypto::DCRTPoly>, lbcrypto::CryptoParametersBGVRNS)[01;35m[K;[m[K
[8.236s]       |                                                                                                                           [01;35m[K^[m[K
[8.236s] [01m[K/home/sangwon/ROS2_turtlesim_ws/src/enc_turtle_cpp/src/enc_turtle_plant.cpp:13:103:[m[K [01;35m[Kwarning: [m[Kextra ‘[01m[K;[m[K’ [[01;35m[K-Wpedantic[m[K]
[8.236s]    13 | CEREAL_REGISTER_POLYMORPHIC_RELATION(lbcrypto::SchemeBase<lbcrypto::DCRTPoly>, lbcrypto::SchemeBGVRNS)[01;35m[K;[m[K
[8.236s]       |                                                                                                       [01;35m[K^[m[K
[28.300s] [ 97%] [32m[1mLinking CXX executable enc_turtle_controller[0m
[28.484s] [ 97%] Built target enc_turtle_controller
[29.931s] [100%] [32m[1mLinking CXX executable enc_turtle_plant[0m
[30.113s] [100%] Built target enc_turtle_plant
[30.128s] Invoked command in '/home/sangwon/ROS2_turtlesim_ws/build/enc_turtle_cpp' returned '0': CMAKE_PREFIX_PATH=${CMAKE_PREFIX_PATH}:/opt/ros/foxy /usr/bin/cmake --build /home/sangwon/ROS2_turtlesim_ws/build/enc_turtle_cpp -- -j12 -l12
[30.201s] Invoking command in '/home/sangwon/ROS2_turtlesim_ws/build/enc_turtle_cpp': CMAKE_PREFIX_PATH=${CMAKE_PREFIX_PATH}:/opt/ros/foxy /usr/bin/cmake --install /home/sangwon/ROS2_turtlesim_ws/build/enc_turtle_cpp
[30.209s] -- Install configuration: ""
[30.209s] -- Execute custom install script
[30.210s] -- Up-to-date symlink: /home/sangwon/ROS2_turtlesim_ws/install/enc_turtle_cpp/share/ament_index/resource_index/rosidl_interfaces/enc_turtle_cpp
[30.210s] -- Up-to-date symlink: /home/sangwon/ROS2_turtlesim_ws/install/enc_turtle_cpp/include/enc_turtle_cpp/msg/detail/encrypted_data__functions.h
[30.210s] -- Up-to-date symlink: /home/sangwon/ROS2_turtlesim_ws/install/enc_turtle_cpp/include/enc_turtle_cpp/msg/detail/encrypted_data__struct.h
[30.210s] -- Up-to-date symlink: /home/sangwon/ROS2_turtlesim_ws/install/enc_turtle_cpp/include/enc_turtle_cpp/msg/detail/encrypted_data__type_support.h
[30.211s] -- Up-to-date symlink: /home/sangwon/ROS2_turtlesim_ws/install/enc_turtle_cpp/include/enc_turtle_cpp/msg/encrypted_data.h
[30.211s] -- Up-to-date symlink: /home/sangwon/ROS2_turtlesim_ws/install/enc_turtle_cpp/include/enc_turtle_cpp/msg/rosidl_generator_c__visibility_control.h
[30.211s] -- Up-to-date symlink: /home/sangwon/ROS2_turtlesim_ws/install/enc_turtle_cpp/share/enc_turtle_cpp/environment/library_path.sh
[30.211s] -- Up-to-date symlink: /home/sangwon/ROS2_turtlesim_ws/install/enc_turtle_cpp/share/enc_turtle_cpp/environment/library_path.dsv
[30.212s] -- Up-to-date symlink: /home/sangwon/ROS2_turtlesim_ws/install/enc_turtle_cpp/include/enc_turtle_cpp/msg/detail/encrypted_data__rosidl_typesupport_fastrtps_c.h
[30.212s] -- Up-to-date symlink: /home/sangwon/ROS2_turtlesim_ws/install/enc_turtle_cpp/include/enc_turtle_cpp/msg/rosidl_typesupport_fastrtps_c__visibility_control.h
[30.212s] -- Up-to-date symlink: /home/sangwon/ROS2_turtlesim_ws/install/enc_turtle_cpp/lib/libenc_turtle_cpp__rosidl_typesupport_fastrtps_c.so
[30.213s] -- Up-to-date symlink: /home/sangwon/ROS2_turtlesim_ws/install/enc_turtle_cpp/include/enc_turtle_cpp/msg/detail/encrypted_data__rosidl_typesupport_fastrtps_cpp.hpp
[30.213s] -- Up-to-date symlink: /home/sangwon/ROS2_turtlesim_ws/install/enc_turtle_cpp/include/enc_turtle_cpp/msg/rosidl_typesupport_fastrtps_cpp__visibility_control.h
[30.213s] -- Up-to-date symlink: /home/sangwon/ROS2_turtlesim_ws/install/enc_turtle_cpp/lib/libenc_turtle_cpp__rosidl_typesupport_fastrtps_cpp.so
[30.214s] -- Up-to-date symlink: /home/sangwon/ROS2_turtlesim_ws/install/enc_turtle_cpp/include/enc_turtle_cpp/msg/detail/encrypted_data__rosidl_typesupport_introspection_c.h
[30.214s] -- Up-to-date symlink: /home/sangwon/ROS2_turtlesim_ws/install/enc_turtle_cpp/include/enc_turtle_cpp/msg/rosidl_typesupport_introspection_c__visibility_control.h
[30.214s] -- Up-to-date symlink: /home/sangwon/ROS2_turtlesim_ws/install/enc_turtle_cpp/include/enc_turtle_cpp/msg/detail/encrypted_data__builder.hpp
[30.214s] -- Up-to-date symlink: /home/sangwon/ROS2_turtlesim_ws/install/enc_turtle_cpp/include/enc_turtle_cpp/msg/detail/encrypted_data__struct.hpp
[30.215s] -- Up-to-date symlink: /home/sangwon/ROS2_turtlesim_ws/install/enc_turtle_cpp/include/enc_turtle_cpp/msg/detail/encrypted_data__traits.hpp
[30.215s] -- Up-to-date symlink: /home/sangwon/ROS2_turtlesim_ws/install/enc_turtle_cpp/include/enc_turtle_cpp/msg/detail/encrypted_data__type_support.hpp
[30.215s] -- Up-to-date symlink: /home/sangwon/ROS2_turtlesim_ws/install/enc_turtle_cpp/include/enc_turtle_cpp/msg/encrypted_data.hpp
[30.215s] -- Up-to-date symlink: /home/sangwon/ROS2_turtlesim_ws/install/enc_turtle_cpp/include/enc_turtle_cpp/msg/rosidl_generator_cpp__visibility_control.hpp
[30.215s] -- Up-to-date symlink: /home/sangwon/ROS2_turtlesim_ws/install/enc_turtle_cpp/include/enc_turtle_cpp/msg/detail/encrypted_data__rosidl_typesupport_introspection_cpp.hpp
[30.216s] -- Up-to-date symlink: /home/sangwon/ROS2_turtlesim_ws/install/enc_turtle_cpp/share/enc_turtle_cpp/environment/pythonpath.sh
[30.216s] -- Up-to-date symlink: /home/sangwon/ROS2_turtlesim_ws/install/enc_turtle_cpp/share/enc_turtle_cpp/environment/pythonpath.dsv
[30.216s] -- Up-to-date symlink: /home/sangwon/ROS2_turtlesim_ws/install/enc_turtle_cpp/lib/python3.8/site-packages/enc_turtle_cpp/__init__.py
[30.216s] -- Up-to-date symlink: /home/sangwon/ROS2_turtlesim_ws/install/enc_turtle_cpp/lib/python3.8/site-packages/enc_turtle_cpp/msg/__init__.py
[30.217s] -- Up-to-date symlink: /home/sangwon/ROS2_turtlesim_ws/install/enc_turtle_cpp/lib/python3.8/site-packages/enc_turtle_cpp/msg/_encrypted_data.py
[30.217s] -- Up-to-date symlink: /home/sangwon/ROS2_turtlesim_ws/install/enc_turtle_cpp/lib/python3.8/site-packages/enc_turtle_cpp/enc_turtle_cpp_s__rosidl_typesupport_fastrtps_c.cpython-38-x86_64-linux-gnu.so
[30.217s] -- Up-to-date symlink: /home/sangwon/ROS2_turtlesim_ws/install/enc_turtle_cpp/lib/python3.8/site-packages/enc_turtle_cpp/enc_turtle_cpp_s__rosidl_typesupport_introspection_c.cpython-38-x86_64-linux-gnu.so
[30.218s] -- Up-to-date symlink: /home/sangwon/ROS2_turtlesim_ws/install/enc_turtle_cpp/lib/python3.8/site-packages/enc_turtle_cpp/enc_turtle_cpp_s__rosidl_typesupport_c.cpython-38-x86_64-linux-gnu.so
[30.218s] -- Up-to-date symlink: /home/sangwon/ROS2_turtlesim_ws/install/enc_turtle_cpp/lib/libenc_turtle_cpp__python.so
[30.218s] -- Up-to-date symlink: /home/sangwon/ROS2_turtlesim_ws/install/enc_turtle_cpp/share/enc_turtle_cpp/msg/EncryptedData.idl
[30.218s] -- Up-to-date symlink: /home/sangwon/ROS2_turtlesim_ws/install/enc_turtle_cpp/share/enc_turtle_cpp/msg/EncryptedData.msg
[30.219s] -- Up-to-date symlink: /home/sangwon/ROS2_turtlesim_ws/install/enc_turtle_cpp/share/enc_turtle_cpp/launch/enc_turtle_demo.launch.py
[30.219s] -- Up-to-date symlink: /home/sangwon/ROS2_turtlesim_ws/install/enc_turtle_cpp/share/enc_turtle_cpp/launch/turtle_demo.launch.py
[30.219s] -- Up-to-date symlink: /home/sangwon/ROS2_turtlesim_ws/install/enc_turtle_cpp/lib/enc_turtle_cpp/enc_turtle_plant
[30.219s] -- Up-to-date symlink: /home/sangwon/ROS2_turtlesim_ws/install/enc_turtle_cpp/lib/enc_turtle_cpp/enc_turtle_controller
[30.220s] -- Up-to-date symlink: /home/sangwon/ROS2_turtlesim_ws/install/enc_turtle_cpp/lib/enc_turtle_cpp/bgv_test
[30.220s] -- Up-to-date symlink: /home/sangwon/ROS2_turtlesim_ws/install/enc_turtle_cpp/share/ament_index/resource_index/package_run_dependencies/enc_turtle_cpp
[30.220s] -- Up-to-date symlink: /home/sangwon/ROS2_turtlesim_ws/install/enc_turtle_cpp/share/ament_index/resource_index/parent_prefix_path/enc_turtle_cpp
[30.220s] -- Up-to-date symlink: /home/sangwon/ROS2_turtlesim_ws/install/enc_turtle_cpp/share/enc_turtle_cpp/environment/ament_prefix_path.sh
[30.220s] -- Up-to-date symlink: /home/sangwon/ROS2_turtlesim_ws/install/enc_turtle_cpp/share/enc_turtle_cpp/environment/ament_prefix_path.dsv
[30.221s] -- Up-to-date symlink: /home/sangwon/ROS2_turtlesim_ws/install/enc_turtle_cpp/share/enc_turtle_cpp/environment/path.sh
[30.221s] -- Up-to-date symlink: /home/sangwon/ROS2_turtlesim_ws/install/enc_turtle_cpp/share/enc_turtle_cpp/environment/path.dsv
[30.221s] -- Up-to-date symlink: /home/sangwon/ROS2_turtlesim_ws/install/enc_turtle_cpp/share/enc_turtle_cpp/local_setup.bash
[30.221s] -- Up-to-date symlink: /home/sangwon/ROS2_turtlesim_ws/install/enc_turtle_cpp/share/enc_turtle_cpp/local_setup.sh
[30.222s] -- Up-to-date symlink: /home/sangwon/ROS2_turtlesim_ws/install/enc_turtle_cpp/share/enc_turtle_cpp/local_setup.zsh
[30.222s] -- Up-to-date symlink: /home/sangwon/ROS2_turtlesim_ws/install/enc_turtle_cpp/share/enc_turtle_cpp/local_setup.dsv
[30.222s] -- Symlinking: /home/sangwon/ROS2_turtlesim_ws/install/enc_turtle_cpp/share/enc_turtle_cpp/package.dsv
[30.231s] -- Up-to-date symlink: /home/sangwon/ROS2_turtlesim_ws/install/enc_turtle_cpp/share/ament_index/resource_index/packages/enc_turtle_cpp
[30.231s] -- Up-to-date symlink: /home/sangwon/ROS2_turtlesim_ws/install/enc_turtle_cpp/share/enc_turtle_cpp/cmake/rosidl_cmake-extras.cmake
[30.232s] -- Up-to-date symlink: /home/sangwon/ROS2_turtlesim_ws/install/enc_turtle_cpp/share/enc_turtle_cpp/cmake/ament_cmake_export_dependencies-extras.cmake
[30.232s] -- Up-to-date symlink: /home/sangwon/ROS2_turtlesim_ws/install/enc_turtle_cpp/share/enc_turtle_cpp/cmake/ament_cmake_export_libraries-extras.cmake
[30.232s] -- Up-to-date symlink: /home/sangwon/ROS2_turtlesim_ws/install/enc_turtle_cpp/share/enc_turtle_cpp/cmake/ament_cmake_export_targets-extras.cmake
[30.232s] -- Up-to-date symlink: /home/sangwon/ROS2_turtlesim_ws/install/enc_turtle_cpp/share/enc_turtle_cpp/cmake/ament_cmake_export_include_directories-extras.cmake
[30.233s] -- Up-to-date symlink: /home/sangwon/ROS2_turtlesim_ws/install/enc_turtle_cpp/share/enc_turtle_cpp/cmake/rosidl_cmake_export_typesupport_libraries-extras.cmake
[30.233s] -- Up-to-date symlink: /home/sangwon/ROS2_turtlesim_ws/install/enc_turtle_cpp/share/enc_turtle_cpp/cmake/rosidl_cmake_export_typesupport_targets-extras.cmake
[30.233s] -- Up-to-date symlink: /home/sangwon/ROS2_turtlesim_ws/install/enc_turtle_cpp/share/enc_turtle_cpp/cmake/enc_turtle_cppConfig.cmake
[30.233s] -- Up-to-date symlink: /home/sangwon/ROS2_turtlesim_ws/install/enc_turtle_cpp/share/enc_turtle_cpp/cmake/enc_turtle_cppConfig-version.cmake
[30.233s] -- Up-to-date symlink: /home/sangwon/ROS2_turtlesim_ws/install/enc_turtle_cpp/share/enc_turtle_cpp/package.xml
[30.234s] -- Installing: /home/sangwon/ROS2_turtlesim_ws/install/enc_turtle_cpp/lib/libenc_turtle_cpp__rosidl_generator_c.so
[30.234s] -- Set runtime path of "/home/sangwon/ROS2_turtlesim_ws/install/enc_turtle_cpp/lib/libenc_turtle_cpp__rosidl_generator_c.so" to ""
[30.234s] -- Installing: /home/sangwon/ROS2_turtlesim_ws/install/enc_turtle_cpp/lib/libenc_turtle_cpp__rosidl_typesupport_introspection_c.so
[30.235s] -- Set runtime path of "/home/sangwon/ROS2_turtlesim_ws/install/enc_turtle_cpp/lib/libenc_turtle_cpp__rosidl_typesupport_introspection_c.so" to ""
[30.235s] -- Installing: /home/sangwon/ROS2_turtlesim_ws/install/enc_turtle_cpp/lib/libenc_turtle_cpp__rosidl_typesupport_c.so
[30.235s] -- Set runtime path of "/home/sangwon/ROS2_turtlesim_ws/install/enc_turtle_cpp/lib/libenc_turtle_cpp__rosidl_typesupport_c.so" to ""
[30.235s] -- Installing: /home/sangwon/ROS2_turtlesim_ws/install/enc_turtle_cpp/lib/libenc_turtle_cpp__rosidl_typesupport_introspection_cpp.so
[30.236s] -- Set runtime path of "/home/sangwon/ROS2_turtlesim_ws/install/enc_turtle_cpp/lib/libenc_turtle_cpp__rosidl_typesupport_introspection_cpp.so" to ""
[30.236s] -- Installing: /home/sangwon/ROS2_turtlesim_ws/install/enc_turtle_cpp/lib/libenc_turtle_cpp__rosidl_typesupport_cpp.so
[30.236s] -- Set runtime path of "/home/sangwon/ROS2_turtlesim_ws/install/enc_turtle_cpp/lib/libenc_turtle_cpp__rosidl_typesupport_cpp.so" to ""
[30.258s] Compiling '/home/sangwon/ROS2_turtlesim_ws/install/enc_turtle_cpp/lib/python3.8/site-packages/enc_turtle_cpp/__init__.py'...
[30.261s] -- Up-to-date: /home/sangwon/ROS2_turtlesim_ws/install/enc_turtle_cpp/share/enc_turtle_cpp/cmake/enc_turtle_cpp__rosidl_generator_cExport.cmake
[30.261s] -- Installing: /home/sangwon/ROS2_turtlesim_ws/install/enc_turtle_cpp/share/enc_turtle_cpp/cmake/enc_turtle_cpp__rosidl_generator_cExport-noconfig.cmake
[30.262s] -- Up-to-date: /home/sangwon/ROS2_turtlesim_ws/install/enc_turtle_cpp/share/enc_turtle_cpp/cmake/enc_turtle_cpp__rosidl_typesupport_introspection_cExport.cmake
[30.262s] -- Installing: /home/sangwon/ROS2_turtlesim_ws/install/enc_turtle_cpp/share/enc_turtle_cpp/cmake/enc_turtle_cpp__rosidl_typesupport_introspection_cExport-noconfig.cmake
[30.262s] -- Up-to-date: /home/sangwon/ROS2_turtlesim_ws/install/enc_turtle_cpp/share/enc_turtle_cpp/cmake/enc_turtle_cpp__rosidl_typesupport_cExport.cmake
[30.262s] -- Installing: /home/sangwon/ROS2_turtlesim_ws/install/enc_turtle_cpp/share/enc_turtle_cpp/cmake/enc_turtle_cpp__rosidl_typesupport_cExport-noconfig.cmake
[30.262s] -- Up-to-date: /home/sangwon/ROS2_turtlesim_ws/install/enc_turtle_cpp/share/enc_turtle_cpp/cmake/enc_turtle_cpp__rosidl_generator_cppExport.cmake
[30.263s] -- Up-to-date: /home/sangwon/ROS2_turtlesim_ws/install/enc_turtle_cpp/share/enc_turtle_cpp/cmake/enc_turtle_cpp__rosidl_typesupport_introspection_cppExport.cmake
[30.263s] -- Installing: /home/sangwon/ROS2_turtlesim_ws/install/enc_turtle_cpp/share/enc_turtle_cpp/cmake/enc_turtle_cpp__rosidl_typesupport_introspection_cppExport-noconfig.cmake
[30.263s] -- Up-to-date: /home/sangwon/ROS2_turtlesim_ws/install/enc_turtle_cpp/share/enc_turtle_cpp/cmake/enc_turtle_cpp__rosidl_typesupport_cppExport.cmake
[30.263s] -- Installing: /home/sangwon/ROS2_turtlesim_ws/install/enc_turtle_cpp/share/enc_turtle_cpp/cmake/enc_turtle_cpp__rosidl_typesupport_cppExport-noconfig.cmake
[30.266s] Invoked command in '/home/sangwon/ROS2_turtlesim_ws/build/enc_turtle_cpp' returned '0': CMAKE_PREFIX_PATH=${CMAKE_PREFIX_PATH}:/opt/ros/foxy /usr/bin/cmake --install /home/sangwon/ROS2_turtlesim_ws/build/enc_turtle_cpp
