[  2%] Built target enc_turtle_cpp__cpp
[  8%] Built target enc_turtle_cpp__rosidl_generator_c
[ 13%] Built target bgv_test
[ 17%] Built target turtle_plant
[ 22%] Built target turtle_controller
[ 31%] Built target enc_turtle_cpp__rosidl_typesupport_cpp
[ 35%] Built target enc_turtle_cpp__rosidl_typesupport_introspection_cpp
[ 42%] Built target enc_turtle_cpp__rosidl_typesupport_introspection_c
[ 48%] Built target enc_turtle_cpp__rosidl_typesupport_c
[ 55%] Built target enc_turtle_cpp__rosidl_typesupport_fastrtps_cpp
[ 62%] Built target enc_turtle_cpp__rosidl_typesupport_fastrtps_c
[ 62%] Built target enc_turtle_cpp
[35m[1mScanning dependencies of target test_plant[0m
[ 64%] Built target enc_turtle_cpp__py
[ 68%] Built target test_controller
[ 73%] Built target enc_turtle_plant
[ 77%] Built target enc_turtle_controller
[ 80%] [32mBuilding CXX object CMakeFiles/test_plant.dir/src/test_plant.cpp.o[0m
[ 84%] Built target enc_turtle_cpp__python
[ 88%] Built target enc_turtle_cpp__rosidl_typesupport_fastrtps_c__pyext
[ 93%] Built target enc_turtle_cpp__rosidl_typesupport_c__pyext
[ 97%] Built target enc_turtle_cpp__rosidl_typesupport_introspection_c__pyext
