running develop
/home/sangwon/.local/lib/python3.8/site-packages/setuptools/command/develop.py:41: EasyInstallDeprecationWarning: easy_install command is deprecated.
!!

        ********************************************************************************
        Please avoid running ``setup.py`` and ``easy_install``.
        Instead, use pypa/build, pypa/installer or other
        standards-based tools.

        See https://github.com/pypa/setuptools/issues/917 for details.
        ********************************************************************************

!!
  easy_install.initialize_options(self)
Traceback (most recent call last):
  File "setup.py", line 5, in <module>
    setup(
  File "/home/sangwon/.local/lib/python3.8/site-packages/setuptools/__init__.py", line 117, in setup
    return distutils.core.setup(**attrs)
  File "/home/sangwon/.local/lib/python3.8/site-packages/setuptools/_distutils/core.py", line 183, in setup
    return run_commands(dist)
  File "/home/sangwon/.local/lib/python3.8/site-packages/setuptools/_distutils/core.py", line 199, in run_commands
    dist.run_commands()
  File "/home/sangwon/.local/lib/python3.8/site-packages/setuptools/_distutils/dist.py", line 954, in run_commands
    self.run_command(cmd)
  File "/home/sangwon/.local/lib/python3.8/site-packages/setuptools/dist.py", line 950, in run_command
    super().run_command(command)
  File "/home/sangwon/.local/lib/python3.8/site-packages/setuptools/_distutils/dist.py", line 972, in run_command
    cmd_obj.ensure_finalized()
  File "/home/sangwon/.local/lib/python3.8/site-packages/setuptools/_distutils/cmd.py", line 111, in ensure_finalized
    self.finalize_options()
  File "/home/sangwon/.local/lib/python3.8/site-packages/setuptools/command/develop.py", line 51, in finalize_options
    easy_install.finalize_options(self)
  File "/home/sangwon/.local/lib/python3.8/site-packages/setuptools/command/easy_install.py", line 253, in finalize_options
    'dist_fullname': self.distribution.get_fullname(),
  File "/home/sangwon/.local/lib/python3.8/site-packages/setuptools/_core_metadata.py", line 267, in get_fullname
    return _distribution_fullname(self.get_name(), self.get_version())
  File "/home/sangwon/.local/lib/python3.8/site-packages/setuptools/_core_metadata.py", line 285, in _distribution_fullname
    canonicalize_version(version, strip_trailing_zero=False),
TypeError: canonicalize_version() got an unexpected keyword argument 'strip_trailing_zero'
