[0.361s] Invoking command in '/home/sangwon/ROS2_turtlesim_PID_demo/build/turtle_demo_controller': PYTHONPATH=/home/sangwon/ROS2_turtlesim_PID_demo/build/turtle_demo_controller/prefix_override:/usr/lib/python3/dist-packages/colcon_core/task/python/colcon_distutils_commands:/home/sangwon/ROS2_turtlesim_PID_demo/install/turtle_demo_controller/lib/python3.8/site-packages:${PYTHONPATH} /usr/bin/python3 -W ignore:setup.py install is deprecated setup.py develop --editable --build-directory /home/sangwon/ROS2_turtlesim_PID_demo/build/turtle_demo_controller/build --no-deps symlink_data
[0.504s] running develop
[0.504s] /home/sangwon/.local/lib/python3.8/site-packages/setuptools/command/develop.py:41: EasyInstallDeprecationWarning: easy_install command is deprecated.
[0.504s] !!
[0.504s] 
[0.504s]         ********************************************************************************
[0.504s]         Please avoid running ``setup.py`` and ``easy_install``.
[0.504s]         Instead, use pypa/build, pypa/installer or other
[0.504s]         standards-based tools.
[0.504s] 
[0.504s]         See https://github.com/pypa/setuptools/issues/917 for details.
[0.504s]         ********************************************************************************
[0.504s] 
[0.504s] !!
[0.504s]   easy_install.initialize_options(self)
[0.509s] Traceback (most recent call last):
[0.509s]   File "setup.py", line 5, in <module>
[0.510s]     setup(
[0.510s]   File "/home/sangwon/.local/lib/python3.8/site-packages/setuptools/__init__.py", line 117, in setup
[0.510s]     return distutils.core.setup(**attrs)
[0.510s]   File "/home/sangwon/.local/lib/python3.8/site-packages/setuptools/_distutils/core.py", line 183, in setup
[0.510s]     return run_commands(dist)
[0.510s]   File "/home/sangwon/.local/lib/python3.8/site-packages/setuptools/_distutils/core.py", line 199, in run_commands
[0.510s]     dist.run_commands()
[0.510s]   File "/home/sangwon/.local/lib/python3.8/site-packages/setuptools/_distutils/dist.py", line 954, in run_commands
[0.510s]     self.run_command(cmd)
[0.510s]   File "/home/sangwon/.local/lib/python3.8/site-packages/setuptools/dist.py", line 950, in run_command
[0.510s]     super().run_command(command)
[0.510s]   File "/home/sangwon/.local/lib/python3.8/site-packages/setuptools/_distutils/dist.py", line 972, in run_command
[0.510s]     cmd_obj.ensure_finalized()
[0.511s]   File "/home/sangwon/.local/lib/python3.8/site-packages/setuptools/_distutils/cmd.py", line 111, in ensure_finalized
[0.511s]     self.finalize_options()
[0.511s]   File "/home/sangwon/.local/lib/python3.8/site-packages/setuptools/command/develop.py", line 51, in finalize_options
[0.511s]     easy_install.finalize_options(self)
[0.511s]   File "/home/sangwon/.local/lib/python3.8/site-packages/setuptools/command/easy_install.py", line 253, in finalize_options
[0.511s]     'dist_fullname': self.distribution.get_fullname(),
[0.511s]   File "/home/sangwon/.local/lib/python3.8/site-packages/setuptools/_core_metadata.py", line 267, in get_fullname
[0.511s]     return _distribution_fullname(self.get_name(), self.get_version())
[0.511s]   File "/home/sangwon/.local/lib/python3.8/site-packages/setuptools/_core_metadata.py", line 285, in _distribution_fullname
[0.511s]     canonicalize_version(version, strip_trailing_zero=False),
[0.511s] TypeError: canonicalize_version() got an unexpected keyword argument 'strip_trailing_zero'
[0.523s] Invoked command in '/home/sangwon/ROS2_turtlesim_PID_demo/build/turtle_demo_controller' returned '1': PYTHONPATH=/home/sangwon/ROS2_turtlesim_PID_demo/build/turtle_demo_controller/prefix_override:/usr/lib/python3/dist-packages/colcon_core/task/python/colcon_distutils_commands:/home/sangwon/ROS2_turtlesim_PID_demo/install/turtle_demo_controller/lib/python3.8/site-packages:${PYTHONPATH} /usr/bin/python3 -W ignore:setup.py install is deprecated setup.py develop --editable --build-directory /home/sangwon/ROS2_turtlesim_PID_demo/build/turtle_demo_controller/build --no-deps symlink_data
