-- The C compiler identification is GNU 9.4.0
-- The CXX compiler identification is GNU 9.4.0
-- Check for working C compiler: /usr/bin/cc
-- Check for working C compiler: /usr/bin/cc -- works
-- Detecting C compiler ABI info
-- Detecting C compiler ABI info - done
-- Detecting C compile features
-- Detecting C compile features - done
-- Check for working CXX compiler: /usr/bin/c++
-- Check for working CXX compiler: /usr/bin/c++ -- works
-- Detecting CXX compiler ABI info
-- Detecting CXX compiler ABI info - done
-- Detecting CXX compile features
-- Detecting CXX compile features - done
-- Found ament_cmake: 0.9.12 (/opt/ros/foxy/share/ament_cmake/cmake)
-- Found PythonInterp: /usr/bin/python3 (found suitable version "3.8.10", minimum required is "3") 
-- Using PYTHON_EXECUTABLE: /usr/bin/python3
-- Found rclpy: 1.0.13 (/opt/ros/foxy/share/rclpy/cmake)
-- Found geometry_msgs: 2.0.5 (/opt/ros/foxy/share/geometry_msgs/cmake)
-- Using all available rosidl_typesupport_c: rosidl_typesupport_fastrtps_c;rosidl_typesupport_introspection_c
-- Found rosidl_adapter: 1.3.1 (/opt/ros/foxy/share/rosidl_adapter/cmake)
-- Found OpenSSL: /usr/lib/x86_64-linux-gnu/libcrypto.so (found version "1.1.1f")  
-- Found FastRTPS: /opt/ros/foxy/include  
-- Using all available rosidl_typesupport_cpp: rosidl_typesupport_fastrtps_cpp;rosidl_typesupport_introspection_cpp
-- Found turtlesim: 1.2.6 (/opt/ros/foxy/share/turtlesim/cmake)
-- Found rosidl_default_generators: 1.0.1 (/opt/ros/foxy/share/rosidl_default_generators/cmake)
-- Found PythonInterp: /usr/bin/python3 (found version "3.8.10") 
-- Found ament_cmake_ros: 0.9.2 (/opt/ros/foxy/share/ament_cmake_ros/cmake)
-- Using all available rosidl_typesupport_c: rosidl_typesupport_fastrtps_c;rosidl_typesupport_introspection_c
-- Using all available rosidl_typesupport_cpp: rosidl_typesupport_fastrtps_cpp;rosidl_typesupport_introspection_cpp
-- Found PythonInterp: /usr/bin/python3 (found suitable version "3.8.10", minimum required is "3.5") 
-- Found python_cmake_module: 0.8.1 (/opt/ros/foxy/share/python_cmake_module/cmake)
-- Found PythonLibs: /usr/lib/x86_64-linux-gnu/libpython3.8.so (found suitable version "3.8.10", minimum required is "3.5") 
-- Using PYTHON_EXECUTABLE: /usr/bin/python3
-- Using PYTHON_INCLUDE_DIRS: /usr/include/python3.8
-- Using PYTHON_LIBRARIES: /usr/lib/x86_64-linux-gnu/libpython3.8.so
-- Found PythonExtra: .so  
-- Configuring done
-- Generating done
-- Build files have been written to: /home/sangwon/ROS2_turtlesim_ws/build/turtle_demo_controller
[35m[1mScanning dependencies of target turtle_demo_controller__cpp[0m
[  3%] [34m[1mGenerating C code for ROS interfaces[0m
[  6%] [34m[1mGenerating C++ code for ROS interfaces[0m
[35m[1mScanning dependencies of target turtle_demo_controller__rosidl_generator_c[0m
[  6%] Built target turtle_demo_controller__cpp
[  9%] [32mBuilding C object CMakeFiles/turtle_demo_controller__rosidl_generator_c.dir/rosidl_generator_c/turtle_demo_controller/msg/detail/encrypted_data__functions.c.o[0m
[ 16%] [34m[1mGenerating C++ type support for eProsima Fast-RTPS[0m
[ 16%] [34m[1mGenerating C++ introspection for ROS interfaces[0m
[ 19%] [34m[1mGenerating C++ type support dispatch for ROS interfaces[0m
[ 22%] [32m[1mLinking C shared library libturtle_demo_controller__rosidl_generator_c.so[0m
[35m[1mScanning dependencies of target turtle_demo_controller__rosidl_typesupport_cpp[0m
[35m[1mScanning dependencies of target turtle_demo_controller__rosidl_typesupport_fastrtps_cpp[0m
[ 22%] Built target turtle_demo_controller__rosidl_generator_c
[ 25%] [32mBuilding CXX object CMakeFiles/turtle_demo_controller__rosidl_typesupport_cpp.dir/rosidl_typesupport_cpp/turtle_demo_controller/msg/encrypted_data__type_support.cpp.o[0m
[35m[1mScanning dependencies of target turtle_demo_controller__rosidl_typesupport_introspection_cpp[0m
[ 29%] [34m[1mGenerating C introspection for ROS interfaces[0m
[ 32%] [34m[1mGenerating C type support dispatch for ROS interfaces[0m
[ 35%] [32mBuilding CXX object CMakeFiles/turtle_demo_controller__rosidl_typesupport_fastrtps_cpp.dir/rosidl_typesupport_fastrtps_cpp/turtle_demo_controller/msg/detail/dds_fastrtps/encrypted_data__type_support.cpp.o[0m
[ 38%] [32mBuilding CXX object CMakeFiles/turtle_demo_controller__rosidl_typesupport_introspection_cpp.dir/rosidl_typesupport_introspection_cpp/turtle_demo_controller/msg/detail/encrypted_data__type_support.cpp.o[0m
[35m[1mScanning dependencies of target turtle_demo_controller__rosidl_typesupport_c[0m
[ 41%] [32mBuilding CXX object CMakeFiles/turtle_demo_controller__rosidl_typesupport_c.dir/rosidl_typesupport_c/turtle_demo_controller/msg/encrypted_data__type_support.cpp.o[0m
[35m[1mScanning dependencies of target turtle_demo_controller__rosidl_typesupport_introspection_c[0m
[ 45%] [32mBuilding C object CMakeFiles/turtle_demo_controller__rosidl_typesupport_introspection_c.dir/rosidl_typesupport_introspection_c/turtle_demo_controller/msg/detail/encrypted_data__type_support.c.o[0m
[ 48%] [32m[1mLinking CXX shared library libturtle_demo_controller__rosidl_typesupport_c.so[0m
[ 51%] [32m[1mLinking C shared library libturtle_demo_controller__rosidl_typesupport_introspection_c.so[0m
[ 54%] [32m[1mLinking CXX shared library libturtle_demo_controller__rosidl_typesupport_cpp.so[0m
[ 58%] [32m[1mLinking CXX shared library libturtle_demo_controller__rosidl_typesupport_introspection_cpp.so[0m
[ 58%] Built target turtle_demo_controller__rosidl_typesupport_introspection_c
[ 58%] Built target turtle_demo_controller__rosidl_typesupport_c
[ 58%] Built target turtle_demo_controller__rosidl_typesupport_cpp
[ 58%] Built target turtle_demo_controller__rosidl_typesupport_introspection_cpp
[ 61%] [32m[1mLinking CXX shared library libturtle_demo_controller__rosidl_typesupport_fastrtps_cpp.so[0m
[ 61%] Built target turtle_demo_controller__rosidl_typesupport_fastrtps_cpp
[ 64%] [34m[1mGenerating C type support for eProsima Fast-RTPS[0m
[35m[1mScanning dependencies of target turtle_demo_controller__rosidl_typesupport_fastrtps_c[0m
[ 67%] [32mBuilding CXX object CMakeFiles/turtle_demo_controller__rosidl_typesupport_fastrtps_c.dir/rosidl_typesupport_fastrtps_c/turtle_demo_controller/msg/detail/encrypted_data__type_support_c.cpp.o[0m
[ 70%] [32m[1mLinking CXX shared library libturtle_demo_controller__rosidl_typesupport_fastrtps_c.so[0m
[ 70%] Built target turtle_demo_controller__rosidl_typesupport_fastrtps_c
[35m[1mScanning dependencies of target turtle_demo_controller[0m
[ 70%] Built target turtle_demo_controller
[35m[1mScanning dependencies of target turtle_demo_controller__py[0m
[ 74%] [34m[1mGenerating Python code for ROS interfaces[0m
[ 74%] Built target turtle_demo_controller__py
[35m[1mScanning dependencies of target turtle_demo_controller__python[0m
[ 77%] [32mBuilding C object CMakeFiles/turtle_demo_controller__python.dir/rosidl_generator_py/turtle_demo_controller/msg/_encrypted_data_s.c.o[0m
[ 80%] [32m[1mLinking C shared library rosidl_generator_py/turtle_demo_controller/libturtle_demo_controller__python.so[0m
[ 80%] Built target turtle_demo_controller__python
[35m[1mScanning dependencies of target turtle_demo_controller__rosidl_typesupport_c__pyext[0m
[35m[1mScanning dependencies of target turtle_demo_controller__rosidl_typesupport_fastrtps_c__pyext[0m
[35m[1mScanning dependencies of target turtle_demo_controller__rosidl_typesupport_introspection_c__pyext[0m
[ 87%] [32mBuilding C object CMakeFiles/turtle_demo_controller__rosidl_typesupport_c__pyext.dir/rosidl_generator_py/turtle_demo_controller/_turtle_demo_controller_s.ep.rosidl_typesupport_c.c.o[0m
[ 87%] [32mBuilding C object CMakeFiles/turtle_demo_controller__rosidl_typesupport_fastrtps_c__pyext.dir/rosidl_generator_py/turtle_demo_controller/_turtle_demo_controller_s.ep.rosidl_typesupport_fastrtps_c.c.o[0m
[ 90%] [32mBuilding C object CMakeFiles/turtle_demo_controller__rosidl_typesupport_introspection_c__pyext.dir/rosidl_generator_py/turtle_demo_controller/_turtle_demo_controller_s.ep.rosidl_typesupport_introspection_c.c.o[0m
[ 96%] [32m[1mLinking C shared library rosidl_generator_py/turtle_demo_controller/turtle_demo_controller_s__rosidl_typesupport_c.cpython-38-x86_64-linux-gnu.so[0m
[ 96%] [32m[1mLinking C shared library rosidl_generator_py/turtle_demo_controller/turtle_demo_controller_s__rosidl_typesupport_introspection_c.cpython-38-x86_64-linux-gnu.so[0m
[100%] [32m[1mLinking CXX shared library rosidl_generator_py/turtle_demo_controller/turtle_demo_controller_s__rosidl_typesupport_fastrtps_c.cpython-38-x86_64-linux-gnu.so[0m
[100%] Built target turtle_demo_controller__rosidl_typesupport_introspection_c__pyext
[100%] Built target turtle_demo_controller__rosidl_typesupport_c__pyext
[100%] Built target turtle_demo_controller__rosidl_typesupport_fastrtps_c__pyext
-- Install configuration: ""
-- Installing: /home/sangwon/ROS2_turtlesim_ws/install/turtle_demo_controller/share/ament_index/resource_index/rosidl_interfaces/turtle_demo_controller
-- Installing: /home/sangwon/ROS2_turtlesim_ws/install/turtle_demo_controller/include/turtle_demo_controller
-- Installing: /home/sangwon/ROS2_turtlesim_ws/install/turtle_demo_controller/include/turtle_demo_controller/msg
-- Installing: /home/sangwon/ROS2_turtlesim_ws/install/turtle_demo_controller/include/turtle_demo_controller/msg/detail
-- Installing: /home/sangwon/ROS2_turtlesim_ws/install/turtle_demo_controller/include/turtle_demo_controller/msg/detail/encrypted_data__type_support.h
-- Installing: /home/sangwon/ROS2_turtlesim_ws/install/turtle_demo_controller/include/turtle_demo_controller/msg/detail/encrypted_data__functions.c
-- Installing: /home/sangwon/ROS2_turtlesim_ws/install/turtle_demo_controller/include/turtle_demo_controller/msg/detail/encrypted_data__struct.h
-- Installing: /home/sangwon/ROS2_turtlesim_ws/install/turtle_demo_controller/include/turtle_demo_controller/msg/detail/encrypted_data__functions.h
-- Installing: /home/sangwon/ROS2_turtlesim_ws/install/turtle_demo_controller/include/turtle_demo_controller/msg/rosidl_generator_c__visibility_control.h
-- Installing: /home/sangwon/ROS2_turtlesim_ws/install/turtle_demo_controller/include/turtle_demo_controller/msg/encrypted_data.h
-- Installing: /home/sangwon/ROS2_turtlesim_ws/install/turtle_demo_controller/share/turtle_demo_controller/environment/library_path.sh
-- Installing: /home/sangwon/ROS2_turtlesim_ws/install/turtle_demo_controller/share/turtle_demo_controller/environment/library_path.dsv
-- Installing: /home/sangwon/ROS2_turtlesim_ws/install/turtle_demo_controller/lib/libturtle_demo_controller__rosidl_generator_c.so
-- Set runtime path of "/home/sangwon/ROS2_turtlesim_ws/install/turtle_demo_controller/lib/libturtle_demo_controller__rosidl_generator_c.so" to ""
-- Up-to-date: /home/sangwon/ROS2_turtlesim_ws/install/turtle_demo_controller/include/turtle_demo_controller
-- Up-to-date: /home/sangwon/ROS2_turtlesim_ws/install/turtle_demo_controller/include/turtle_demo_controller/msg
-- Installing: /home/sangwon/ROS2_turtlesim_ws/install/turtle_demo_controller/include/turtle_demo_controller/msg/rosidl_typesupport_fastrtps_c__visibility_control.h
-- Up-to-date: /home/sangwon/ROS2_turtlesim_ws/install/turtle_demo_controller/include/turtle_demo_controller/msg/detail
-- Installing: /home/sangwon/ROS2_turtlesim_ws/install/turtle_demo_controller/include/turtle_demo_controller/msg/detail/encrypted_data__rosidl_typesupport_fastrtps_c.h
-- Installing: /home/sangwon/ROS2_turtlesim_ws/install/turtle_demo_controller/lib/libturtle_demo_controller__rosidl_typesupport_fastrtps_c.so
-- Set runtime path of "/home/sangwon/ROS2_turtlesim_ws/install/turtle_demo_controller/lib/libturtle_demo_controller__rosidl_typesupport_fastrtps_c.so" to ""
-- Up-to-date: /home/sangwon/ROS2_turtlesim_ws/install/turtle_demo_controller/include/turtle_demo_controller
-- Up-to-date: /home/sangwon/ROS2_turtlesim_ws/install/turtle_demo_controller/include/turtle_demo_controller/msg
-- Up-to-date: /home/sangwon/ROS2_turtlesim_ws/install/turtle_demo_controller/include/turtle_demo_controller/msg/detail
-- Installing: /home/sangwon/ROS2_turtlesim_ws/install/turtle_demo_controller/include/turtle_demo_controller/msg/detail/dds_fastrtps
-- Installing: /home/sangwon/ROS2_turtlesim_ws/install/turtle_demo_controller/include/turtle_demo_controller/msg/detail/encrypted_data__rosidl_typesupport_fastrtps_cpp.hpp
-- Installing: /home/sangwon/ROS2_turtlesim_ws/install/turtle_demo_controller/include/turtle_demo_controller/msg/rosidl_typesupport_fastrtps_cpp__visibility_control.h
-- Installing: /home/sangwon/ROS2_turtlesim_ws/install/turtle_demo_controller/lib/libturtle_demo_controller__rosidl_typesupport_fastrtps_cpp.so
-- Set runtime path of "/home/sangwon/ROS2_turtlesim_ws/install/turtle_demo_controller/lib/libturtle_demo_controller__rosidl_typesupport_fastrtps_cpp.so" to ""
-- Up-to-date: /home/sangwon/ROS2_turtlesim_ws/install/turtle_demo_controller/include/turtle_demo_controller
-- Up-to-date: /home/sangwon/ROS2_turtlesim_ws/install/turtle_demo_controller/include/turtle_demo_controller/msg
-- Installing: /home/sangwon/ROS2_turtlesim_ws/install/turtle_demo_controller/include/turtle_demo_controller/msg/rosidl_typesupport_introspection_c__visibility_control.h
-- Up-to-date: /home/sangwon/ROS2_turtlesim_ws/install/turtle_demo_controller/include/turtle_demo_controller/msg/detail
-- Installing: /home/sangwon/ROS2_turtlesim_ws/install/turtle_demo_controller/include/turtle_demo_controller/msg/detail/encrypted_data__type_support.c
-- Installing: /home/sangwon/ROS2_turtlesim_ws/install/turtle_demo_controller/include/turtle_demo_controller/msg/detail/encrypted_data__rosidl_typesupport_introspection_c.h
-- Installing: /home/sangwon/ROS2_turtlesim_ws/install/turtle_demo_controller/lib/libturtle_demo_controller__rosidl_typesupport_introspection_c.so
-- Set runtime path of "/home/sangwon/ROS2_turtlesim_ws/install/turtle_demo_controller/lib/libturtle_demo_controller__rosidl_typesupport_introspection_c.so" to ""
-- Installing: /home/sangwon/ROS2_turtlesim_ws/install/turtle_demo_controller/lib/libturtle_demo_controller__rosidl_typesupport_c.so
-- Set runtime path of "/home/sangwon/ROS2_turtlesim_ws/install/turtle_demo_controller/lib/libturtle_demo_controller__rosidl_typesupport_c.so" to ""
-- Up-to-date: /home/sangwon/ROS2_turtlesim_ws/install/turtle_demo_controller/include/turtle_demo_controller
-- Up-to-date: /home/sangwon/ROS2_turtlesim_ws/install/turtle_demo_controller/include/turtle_demo_controller/msg
-- Up-to-date: /home/sangwon/ROS2_turtlesim_ws/install/turtle_demo_controller/include/turtle_demo_controller/msg/detail
-- Installing: /home/sangwon/ROS2_turtlesim_ws/install/turtle_demo_controller/include/turtle_demo_controller/msg/detail/encrypted_data__traits.hpp
-- Installing: /home/sangwon/ROS2_turtlesim_ws/install/turtle_demo_controller/include/turtle_demo_controller/msg/detail/encrypted_data__struct.hpp
-- Installing: /home/sangwon/ROS2_turtlesim_ws/install/turtle_demo_controller/include/turtle_demo_controller/msg/detail/encrypted_data__type_support.hpp
-- Installing: /home/sangwon/ROS2_turtlesim_ws/install/turtle_demo_controller/include/turtle_demo_controller/msg/detail/encrypted_data__builder.hpp
-- Installing: /home/sangwon/ROS2_turtlesim_ws/install/turtle_demo_controller/include/turtle_demo_controller/msg/encrypted_data.hpp
-- Installing: /home/sangwon/ROS2_turtlesim_ws/install/turtle_demo_controller/include/turtle_demo_controller/msg/rosidl_generator_cpp__visibility_control.hpp
-- Up-to-date: /home/sangwon/ROS2_turtlesim_ws/install/turtle_demo_controller/include/turtle_demo_controller
-- Up-to-date: /home/sangwon/ROS2_turtlesim_ws/install/turtle_demo_controller/include/turtle_demo_controller/msg
-- Up-to-date: /home/sangwon/ROS2_turtlesim_ws/install/turtle_demo_controller/include/turtle_demo_controller/msg/detail
-- Installing: /home/sangwon/ROS2_turtlesim_ws/install/turtle_demo_controller/include/turtle_demo_controller/msg/detail/encrypted_data__type_support.cpp
-- Installing: /home/sangwon/ROS2_turtlesim_ws/install/turtle_demo_controller/include/turtle_demo_controller/msg/detail/encrypted_data__rosidl_typesupport_introspection_cpp.hpp
-- Installing: /home/sangwon/ROS2_turtlesim_ws/install/turtle_demo_controller/lib/libturtle_demo_controller__rosidl_typesupport_introspection_cpp.so
-- Set runtime path of "/home/sangwon/ROS2_turtlesim_ws/install/turtle_demo_controller/lib/libturtle_demo_controller__rosidl_typesupport_introspection_cpp.so" to ""
-- Installing: /home/sangwon/ROS2_turtlesim_ws/install/turtle_demo_controller/lib/libturtle_demo_controller__rosidl_typesupport_cpp.so
-- Set runtime path of "/home/sangwon/ROS2_turtlesim_ws/install/turtle_demo_controller/lib/libturtle_demo_controller__rosidl_typesupport_cpp.so" to ""
-- Installing: /home/sangwon/ROS2_turtlesim_ws/install/turtle_demo_controller/share/turtle_demo_controller/environment/pythonpath.sh
-- Installing: /home/sangwon/ROS2_turtlesim_ws/install/turtle_demo_controller/share/turtle_demo_controller/environment/pythonpath.dsv
-- Installing: /home/sangwon/ROS2_turtlesim_ws/install/turtle_demo_controller/lib/python3.8/site-packages/turtle_demo_controller/__init__.py
Compiling '/home/sangwon/ROS2_turtlesim_ws/install/turtle_demo_controller/lib/python3.8/site-packages/turtle_demo_controller/__init__.py'...
-- Installing: /home/sangwon/ROS2_turtlesim_ws/install/turtle_demo_controller/lib/python3.8/site-packages/turtle_demo_controller/msg
-- Installing: /home/sangwon/ROS2_turtlesim_ws/install/turtle_demo_controller/lib/python3.8/site-packages/turtle_demo_controller/msg/__init__.py
-- Installing: /home/sangwon/ROS2_turtlesim_ws/install/turtle_demo_controller/lib/python3.8/site-packages/turtle_demo_controller/msg/_encrypted_data_s.c
-- Installing: /home/sangwon/ROS2_turtlesim_ws/install/turtle_demo_controller/lib/python3.8/site-packages/turtle_demo_controller/msg/_encrypted_data.py
-- Installing: /home/sangwon/ROS2_turtlesim_ws/install/turtle_demo_controller/lib/python3.8/site-packages/turtle_demo_controller/turtle_demo_controller_s__rosidl_typesupport_fastrtps_c.cpython-38-x86_64-linux-gnu.so
-- Set runtime path of "/home/sangwon/ROS2_turtlesim_ws/install/turtle_demo_controller/lib/python3.8/site-packages/turtle_demo_controller/turtle_demo_controller_s__rosidl_typesupport_fastrtps_c.cpython-38-x86_64-linux-gnu.so" to ""
-- Installing: /home/sangwon/ROS2_turtlesim_ws/install/turtle_demo_controller/lib/python3.8/site-packages/turtle_demo_controller/turtle_demo_controller_s__rosidl_typesupport_introspection_c.cpython-38-x86_64-linux-gnu.so
-- Set runtime path of "/home/sangwon/ROS2_turtlesim_ws/install/turtle_demo_controller/lib/python3.8/site-packages/turtle_demo_controller/turtle_demo_controller_s__rosidl_typesupport_introspection_c.cpython-38-x86_64-linux-gnu.so" to ""
-- Installing: /home/sangwon/ROS2_turtlesim_ws/install/turtle_demo_controller/lib/python3.8/site-packages/turtle_demo_controller/turtle_demo_controller_s__rosidl_typesupport_c.cpython-38-x86_64-linux-gnu.so
-- Set runtime path of "/home/sangwon/ROS2_turtlesim_ws/install/turtle_demo_controller/lib/python3.8/site-packages/turtle_demo_controller/turtle_demo_controller_s__rosidl_typesupport_c.cpython-38-x86_64-linux-gnu.so" to ""
-- Installing: /home/sangwon/ROS2_turtlesim_ws/install/turtle_demo_controller/lib/libturtle_demo_controller__python.so
-- Set runtime path of "/home/sangwon/ROS2_turtlesim_ws/install/turtle_demo_controller/lib/libturtle_demo_controller__python.so" to ""
-- Installing: /home/sangwon/ROS2_turtlesim_ws/install/turtle_demo_controller/share/turtle_demo_controller/msg/EncryptedData.idl
-- Installing: /home/sangwon/ROS2_turtlesim_ws/install/turtle_demo_controller/share/turtle_demo_controller/msg/EncryptedData.msg
-- Up-to-date: /home/sangwon/ROS2_turtlesim_ws/install/turtle_demo_controller/lib/python3.8/site-packages/turtle_demo_controller
-- Installing: /home/sangwon/ROS2_turtlesim_ws/install/turtle_demo_controller/lib/python3.8/site-packages/turtle_demo_controller/turtle_controller.py
-- Installing: /home/sangwon/ROS2_turtlesim_ws/install/turtle_demo_controller/lib/python3.8/site-packages/turtle_demo_controller/__init__.py
-- Installing: /home/sangwon/ROS2_turtlesim_ws/install/turtle_demo_controller/lib/python3.8/site-packages/turtle_demo_controller/pure_controller.py
-- Installing: /home/sangwon/ROS2_turtlesim_ws/install/turtle_demo_controller/lib/python3.8/site-packages/turtle_demo_controller/simple_test.py
-- Installing: /home/sangwon/ROS2_turtlesim_ws/install/turtle_demo_controller/lib/python3.8/site-packages/turtle_demo_controller/leader_follower.py
-- Installing: /home/sangwon/ROS2_turtlesim_ws/install/turtle_demo_controller/lib/python3.8/site-packages/turtle_demo_controller/turtle_controller_with_pid_implimentation.py
-- Installing: /home/sangwon/ROS2_turtlesim_ws/install/turtle_demo_controller/lib/python3.8/site-packages/turtle_demo_controller/turtle_interface.py
Listing '/home/sangwon/ROS2_turtlesim_ws/install/turtle_demo_controller/lib/python3.8/site-packages/turtle_demo_controller'...
Compiling '/home/sangwon/ROS2_turtlesim_ws/install/turtle_demo_controller/lib/python3.8/site-packages/turtle_demo_controller/__init__.py'...
Compiling '/home/sangwon/ROS2_turtlesim_ws/install/turtle_demo_controller/lib/python3.8/site-packages/turtle_demo_controller/leader_follower.py'...
Listing '/home/sangwon/ROS2_turtlesim_ws/install/turtle_demo_controller/lib/python3.8/site-packages/turtle_demo_controller/msg'...
Compiling '/home/sangwon/ROS2_turtlesim_ws/install/turtle_demo_controller/lib/python3.8/site-packages/turtle_demo_controller/msg/__init__.py'...
Compiling '/home/sangwon/ROS2_turtlesim_ws/install/turtle_demo_controller/lib/python3.8/site-packages/turtle_demo_controller/msg/_encrypted_data.py'...
Compiling '/home/sangwon/ROS2_turtlesim_ws/install/turtle_demo_controller/lib/python3.8/site-packages/turtle_demo_controller/pure_controller.py'...
Compiling '/home/sangwon/ROS2_turtlesim_ws/install/turtle_demo_controller/lib/python3.8/site-packages/turtle_demo_controller/simple_test.py'...
Compiling '/home/sangwon/ROS2_turtlesim_ws/install/turtle_demo_controller/lib/python3.8/site-packages/turtle_demo_controller/turtle_controller.py'...
Compiling '/home/sangwon/ROS2_turtlesim_ws/install/turtle_demo_controller/lib/python3.8/site-packages/turtle_demo_controller/turtle_controller_with_pid_implimentation.py'...
Compiling '/home/sangwon/ROS2_turtlesim_ws/install/turtle_demo_controller/lib/python3.8/site-packages/turtle_demo_controller/turtle_interface.py'...
-- Installing: /home/sangwon/ROS2_turtlesim_ws/install/turtle_demo_controller/lib/turtle_demo_controller/turtle_interface.py
-- Installing: /home/sangwon/ROS2_turtlesim_ws/install/turtle_demo_controller/lib/turtle_demo_controller/pure_controller.py
-- Installing: /home/sangwon/ROS2_turtlesim_ws/install/turtle_demo_controller/share/turtle_demo_controller//launch
-- Installing: /home/sangwon/ROS2_turtlesim_ws/install/turtle_demo_controller/share/turtle_demo_controller//launch/modular_two_turtle.launch.py
-- Installing: /home/sangwon/ROS2_turtlesim_ws/install/turtle_demo_controller/share/turtle_demo_controller//launch/two_turtle.launch.py
-- Installing: /home/sangwon/ROS2_turtlesim_ws/install/turtle_demo_controller/share/ament_index/resource_index/package_run_dependencies/turtle_demo_controller
-- Installing: /home/sangwon/ROS2_turtlesim_ws/install/turtle_demo_controller/share/ament_index/resource_index/parent_prefix_path/turtle_demo_controller
-- Installing: /home/sangwon/ROS2_turtlesim_ws/install/turtle_demo_controller/share/turtle_demo_controller/environment/ament_prefix_path.sh
-- Installing: /home/sangwon/ROS2_turtlesim_ws/install/turtle_demo_controller/share/turtle_demo_controller/environment/ament_prefix_path.dsv
-- Installing: /home/sangwon/ROS2_turtlesim_ws/install/turtle_demo_controller/share/turtle_demo_controller/environment/path.sh
-- Installing: /home/sangwon/ROS2_turtlesim_ws/install/turtle_demo_controller/share/turtle_demo_controller/environment/path.dsv
-- Installing: /home/sangwon/ROS2_turtlesim_ws/install/turtle_demo_controller/share/turtle_demo_controller/local_setup.bash
-- Installing: /home/sangwon/ROS2_turtlesim_ws/install/turtle_demo_controller/share/turtle_demo_controller/local_setup.sh
-- Installing: /home/sangwon/ROS2_turtlesim_ws/install/turtle_demo_controller/share/turtle_demo_controller/local_setup.zsh
-- Installing: /home/sangwon/ROS2_turtlesim_ws/install/turtle_demo_controller/share/turtle_demo_controller/local_setup.dsv
-- Installing: /home/sangwon/ROS2_turtlesim_ws/install/turtle_demo_controller/share/turtle_demo_controller/package.dsv
-- Installing: /home/sangwon/ROS2_turtlesim_ws/install/turtle_demo_controller/share/ament_index/resource_index/packages/turtle_demo_controller
-- Installing: /home/sangwon/ROS2_turtlesim_ws/install/turtle_demo_controller/share/turtle_demo_controller/cmake/turtle_demo_controller__rosidl_generator_cExport.cmake
-- Installing: /home/sangwon/ROS2_turtlesim_ws/install/turtle_demo_controller/share/turtle_demo_controller/cmake/turtle_demo_controller__rosidl_generator_cExport-noconfig.cmake
-- Installing: /home/sangwon/ROS2_turtlesim_ws/install/turtle_demo_controller/share/turtle_demo_controller/cmake/turtle_demo_controller__rosidl_typesupport_introspection_cExport.cmake
-- Installing: /home/sangwon/ROS2_turtlesim_ws/install/turtle_demo_controller/share/turtle_demo_controller/cmake/turtle_demo_controller__rosidl_typesupport_introspection_cExport-noconfig.cmake
-- Installing: /home/sangwon/ROS2_turtlesim_ws/install/turtle_demo_controller/share/turtle_demo_controller/cmake/turtle_demo_controller__rosidl_typesupport_cExport.cmake
-- Installing: /home/sangwon/ROS2_turtlesim_ws/install/turtle_demo_controller/share/turtle_demo_controller/cmake/turtle_demo_controller__rosidl_typesupport_cExport-noconfig.cmake
-- Installing: /home/sangwon/ROS2_turtlesim_ws/install/turtle_demo_controller/share/turtle_demo_controller/cmake/turtle_demo_controller__rosidl_generator_cppExport.cmake
-- Installing: /home/sangwon/ROS2_turtlesim_ws/install/turtle_demo_controller/share/turtle_demo_controller/cmake/turtle_demo_controller__rosidl_typesupport_introspection_cppExport.cmake
-- Installing: /home/sangwon/ROS2_turtlesim_ws/install/turtle_demo_controller/share/turtle_demo_controller/cmake/turtle_demo_controller__rosidl_typesupport_introspection_cppExport-noconfig.cmake
-- Installing: /home/sangwon/ROS2_turtlesim_ws/install/turtle_demo_controller/share/turtle_demo_controller/cmake/turtle_demo_controller__rosidl_typesupport_cppExport.cmake
-- Installing: /home/sangwon/ROS2_turtlesim_ws/install/turtle_demo_controller/share/turtle_demo_controller/cmake/turtle_demo_controller__rosidl_typesupport_cppExport-noconfig.cmake
-- Installing: /home/sangwon/ROS2_turtlesim_ws/install/turtle_demo_controller/share/turtle_demo_controller/cmake/rosidl_cmake-extras.cmake
-- Installing: /home/sangwon/ROS2_turtlesim_ws/install/turtle_demo_controller/share/turtle_demo_controller/cmake/ament_cmake_export_dependencies-extras.cmake
-- Installing: /home/sangwon/ROS2_turtlesim_ws/install/turtle_demo_controller/share/turtle_demo_controller/cmake/ament_cmake_export_libraries-extras.cmake
-- Installing: /home/sangwon/ROS2_turtlesim_ws/install/turtle_demo_controller/share/turtle_demo_controller/cmake/ament_cmake_export_targets-extras.cmake
-- Installing: /home/sangwon/ROS2_turtlesim_ws/install/turtle_demo_controller/share/turtle_demo_controller/cmake/ament_cmake_export_include_directories-extras.cmake
-- Installing: /home/sangwon/ROS2_turtlesim_ws/install/turtle_demo_controller/share/turtle_demo_controller/cmake/rosidl_cmake_export_typesupport_libraries-extras.cmake
-- Installing: /home/sangwon/ROS2_turtlesim_ws/install/turtle_demo_controller/share/turtle_demo_controller/cmake/rosidl_cmake_export_typesupport_targets-extras.cmake
-- Installing: /home/sangwon/ROS2_turtlesim_ws/install/turtle_demo_controller/share/turtle_demo_controller/cmake/turtle_demo_controllerConfig.cmake
-- Installing: /home/sangwon/ROS2_turtlesim_ws/install/turtle_demo_controller/share/turtle_demo_controller/cmake/turtle_demo_controllerConfig-version.cmake
-- Installing: /home/sangwon/ROS2_turtlesim_ws/install/turtle_demo_controller/share/turtle_demo_controller/package.xml
