[0.014s] Invoking command in '/home/sangwon/ROS2_turtlesim_ws/build/turtle_demo_controller': CMAKE_PREFIX_PATH=${CMAKE_PREFIX_PATH}:/opt/ros/foxy /usr/bin/cmake /home/sangwon/ROS2_turtlesim_ws/src/turtle_demo_controller -DCMAKE_INSTALL_PREFIX=/home/sangwon/ROS2_turtlesim_ws/install/turtle_demo_controller
[0.231s] -- The C compiler identification is GNU 9.4.0
[0.441s] -- The CXX compiler identification is GNU 9.4.0
[0.511s] -- Check for working C compiler: /usr/bin/cc
[0.625s] -- Check for working C compiler: /usr/bin/cc -- works
[0.627s] -- Detecting C compiler ABI info
[0.741s] -- Detecting C compiler ABI info - done
[0.747s] -- Detecting C compile features
[0.747s] -- Detecting C compile features - done
[0.750s] -- Check for working CXX compiler: /usr/bin/c++
[0.870s] -- Check for working CXX compiler: /usr/bin/c++ -- works
[0.871s] -- Detecting CXX compiler ABI info
[0.989s] -- Detecting CXX compiler ABI info - done
[0.996s] -- Detecting CXX compile features
[0.996s] -- Detecting CXX compile features - done
[1.006s] -- Found ament_cmake: 0.9.12 (/opt/ros/foxy/share/ament_cmake/cmake)
[1.026s] -- Found PythonInterp: /usr/bin/python3 (found suitable version "3.8.10", minimum required is "3") 
[1.026s] -- Using PYTHON_EXECUTABLE: /usr/bin/python3
[1.164s] -- Found rclpy: 1.0.13 (/opt/ros/foxy/share/rclpy/cmake)
[1.166s] -- Found geometry_msgs: 2.0.5 (/opt/ros/foxy/share/geometry_msgs/cmake)
[1.276s] -- Using all available rosidl_typesupport_c: rosidl_typesupport_fastrtps_c;rosidl_typesupport_introspection_c
[1.284s] -- Found rosidl_adapter: 1.3.1 (/opt/ros/foxy/share/rosidl_adapter/cmake)
[1.913s] -- Found OpenSSL: /usr/lib/x86_64-linux-gnu/libcrypto.so (found version "1.1.1f")  
[2.518s] -- Found FastRTPS: /opt/ros/foxy/include  
[3.571s] -- Using all available rosidl_typesupport_cpp: rosidl_typesupport_fastrtps_cpp;rosidl_typesupport_introspection_cpp
[3.636s] -- Found turtlesim: 1.2.6 (/opt/ros/foxy/share/turtlesim/cmake)
[3.708s] -- Found rosidl_default_generators: 1.0.1 (/opt/ros/foxy/share/rosidl_default_generators/cmake)
[3.734s] -- Found PythonInterp: /usr/bin/python3 (found version "3.8.10") 
[3.849s] -- Found ament_cmake_ros: 0.9.2 (/opt/ros/foxy/share/ament_cmake_ros/cmake)
[5.999s] -- Using all available rosidl_typesupport_c: rosidl_typesupport_fastrtps_c;rosidl_typesupport_introspection_c
[6.062s] -- Using all available rosidl_typesupport_cpp: rosidl_typesupport_fastrtps_cpp;rosidl_typesupport_introspection_cpp
[6.080s] -- Found PythonInterp: /usr/bin/python3 (found suitable version "3.8.10", minimum required is "3.5") 
[6.082s] -- Found python_cmake_module: 0.8.1 (/opt/ros/foxy/share/python_cmake_module/cmake)
[6.291s] -- Found PythonLibs: /usr/lib/x86_64-linux-gnu/libpython3.8.so (found suitable version "3.8.10", minimum required is "3.5") 
[6.291s] -- Using PYTHON_EXECUTABLE: /usr/bin/python3
[6.291s] -- Using PYTHON_INCLUDE_DIRS: /usr/include/python3.8
[6.291s] -- Using PYTHON_LIBRARIES: /usr/lib/x86_64-linux-gnu/libpython3.8.so
[6.306s] -- Found PythonExtra: .so  
[6.395s] -- Configuring done
[6.451s] -- Generating done
[6.454s] -- Build files have been written to: /home/sangwon/ROS2_turtlesim_ws/build/turtle_demo_controller
[6.462s] Invoked command in '/home/sangwon/ROS2_turtlesim_ws/build/turtle_demo_controller' returned '0': CMAKE_PREFIX_PATH=${CMAKE_PREFIX_PATH}:/opt/ros/foxy /usr/bin/cmake /home/sangwon/ROS2_turtlesim_ws/src/turtle_demo_controller -DCMAKE_INSTALL_PREFIX=/home/sangwon/ROS2_turtlesim_ws/install/turtle_demo_controller
[6.466s] Invoking command in '/home/sangwon/ROS2_turtlesim_ws/build/turtle_demo_controller': CMAKE_PREFIX_PATH=${CMAKE_PREFIX_PATH}:/opt/ros/foxy /usr/bin/cmake --build /home/sangwon/ROS2_turtlesim_ws/build/turtle_demo_controller -- -j12 -l12
[6.505s] [35m[1mScanning dependencies of target turtle_demo_controller__cpp[0m
[6.507s] [  3%] [34m[1mGenerating C code for ROS interfaces[0m
[6.516s] [  6%] [34m[1mGenerating C++ code for ROS interfaces[0m
[6.681s] [35m[1mScanning dependencies of target turtle_demo_controller__rosidl_generator_c[0m
[6.686s] [  6%] Built target turtle_demo_controller__cpp
[6.695s] [  9%] [32mBuilding C object CMakeFiles/turtle_demo_controller__rosidl_generator_c.dir/rosidl_generator_c/turtle_demo_controller/msg/detail/encrypted_data__functions.c.o[0m
[6.696s] [ 16%] [34m[1mGenerating C++ type support for eProsima Fast-RTPS[0m
[6.696s] [ 16%] [34m[1mGenerating C++ introspection for ROS interfaces[0m
[6.696s] [ 19%] [34m[1mGenerating C++ type support dispatch for ROS interfaces[0m
[6.751s] [ 22%] [32m[1mLinking C shared library libturtle_demo_controller__rosidl_generator_c.so[0m
[6.832s] [35m[1mScanning dependencies of target turtle_demo_controller__rosidl_typesupport_cpp[0m
[6.840s] [35m[1mScanning dependencies of target turtle_demo_controller__rosidl_typesupport_fastrtps_cpp[0m
[6.840s] [ 22%] Built target turtle_demo_controller__rosidl_generator_c
[6.846s] [ 25%] [32mBuilding CXX object CMakeFiles/turtle_demo_controller__rosidl_typesupport_cpp.dir/rosidl_typesupport_cpp/turtle_demo_controller/msg/encrypted_data__type_support.cpp.o[0m
[6.846s] [35m[1mScanning dependencies of target turtle_demo_controller__rosidl_typesupport_introspection_cpp[0m
[6.851s] [ 29%] [34m[1mGenerating C introspection for ROS interfaces[0m
[6.852s] [ 32%] [34m[1mGenerating C type support dispatch for ROS interfaces[0m
[6.858s] [ 35%] [32mBuilding CXX object CMakeFiles/turtle_demo_controller__rosidl_typesupport_fastrtps_cpp.dir/rosidl_typesupport_fastrtps_cpp/turtle_demo_controller/msg/detail/dds_fastrtps/encrypted_data__type_support.cpp.o[0m
[6.861s] [ 38%] [32mBuilding CXX object CMakeFiles/turtle_demo_controller__rosidl_typesupport_introspection_cpp.dir/rosidl_typesupport_introspection_cpp/turtle_demo_controller/msg/detail/encrypted_data__type_support.cpp.o[0m
[6.986s] [35m[1mScanning dependencies of target turtle_demo_controller__rosidl_typesupport_c[0m
[7.000s] [ 41%] [32mBuilding CXX object CMakeFiles/turtle_demo_controller__rosidl_typesupport_c.dir/rosidl_typesupport_c/turtle_demo_controller/msg/encrypted_data__type_support.cpp.o[0m
[7.014s] [35m[1mScanning dependencies of target turtle_demo_controller__rosidl_typesupport_introspection_c[0m
[7.029s] [ 45%] [32mBuilding C object CMakeFiles/turtle_demo_controller__rosidl_typesupport_introspection_c.dir/rosidl_typesupport_introspection_c/turtle_demo_controller/msg/detail/encrypted_data__type_support.c.o[0m
[7.032s] [ 48%] [32m[1mLinking CXX shared library libturtle_demo_controller__rosidl_typesupport_c.so[0m
[7.063s] [ 51%] [32m[1mLinking C shared library libturtle_demo_controller__rosidl_typesupport_introspection_c.so[0m
[7.063s] [ 54%] [32m[1mLinking CXX shared library libturtle_demo_controller__rosidl_typesupport_cpp.so[0m
[7.064s] [ 58%] [32m[1mLinking CXX shared library libturtle_demo_controller__rosidl_typesupport_introspection_cpp.so[0m
[7.127s] [ 58%] Built target turtle_demo_controller__rosidl_typesupport_introspection_c
[7.131s] [ 58%] Built target turtle_demo_controller__rosidl_typesupport_c
[7.139s] [ 58%] Built target turtle_demo_controller__rosidl_typesupport_cpp
[7.156s] [ 58%] Built target turtle_demo_controller__rosidl_typesupport_introspection_cpp
[7.165s] [ 61%] [32m[1mLinking CXX shared library libturtle_demo_controller__rosidl_typesupport_fastrtps_cpp.so[0m
[7.285s] [ 61%] Built target turtle_demo_controller__rosidl_typesupport_fastrtps_cpp
[7.296s] [ 64%] [34m[1mGenerating C type support for eProsima Fast-RTPS[0m
[7.444s] [35m[1mScanning dependencies of target turtle_demo_controller__rosidl_typesupport_fastrtps_c[0m
[7.461s] [ 67%] [32mBuilding CXX object CMakeFiles/turtle_demo_controller__rosidl_typesupport_fastrtps_c.dir/rosidl_typesupport_fastrtps_c/turtle_demo_controller/msg/detail/encrypted_data__type_support_c.cpp.o[0m
[7.669s] [ 70%] [32m[1mLinking CXX shared library libturtle_demo_controller__rosidl_typesupport_fastrtps_c.so[0m
[7.779s] [ 70%] Built target turtle_demo_controller__rosidl_typesupport_fastrtps_c
[7.789s] [35m[1mScanning dependencies of target turtle_demo_controller[0m
[7.799s] [ 70%] Built target turtle_demo_controller
[7.809s] [35m[1mScanning dependencies of target turtle_demo_controller__py[0m
[7.819s] [ 74%] [34m[1mGenerating Python code for ROS interfaces[0m
[8.058s] [ 74%] Built target turtle_demo_controller__py
[8.068s] [35m[1mScanning dependencies of target turtle_demo_controller__python[0m
[8.106s] [ 77%] [32mBuilding C object CMakeFiles/turtle_demo_controller__python.dir/rosidl_generator_py/turtle_demo_controller/msg/_encrypted_data_s.c.o[0m
[8.184s] [ 80%] [32m[1mLinking C shared library rosidl_generator_py/turtle_demo_controller/libturtle_demo_controller__python.so[0m
[8.261s] [ 80%] Built target turtle_demo_controller__python
[8.271s] [35m[1mScanning dependencies of target turtle_demo_controller__rosidl_typesupport_c__pyext[0m
[8.271s] [35m[1mScanning dependencies of target turtle_demo_controller__rosidl_typesupport_fastrtps_c__pyext[0m
[8.271s] [35m[1mScanning dependencies of target turtle_demo_controller__rosidl_typesupport_introspection_c__pyext[0m
[8.289s] [ 87%] [32mBuilding C object CMakeFiles/turtle_demo_controller__rosidl_typesupport_c__pyext.dir/rosidl_generator_py/turtle_demo_controller/_turtle_demo_controller_s.ep.rosidl_typesupport_c.c.o[0m
[8.289s] [ 87%] [32mBuilding C object CMakeFiles/turtle_demo_controller__rosidl_typesupport_fastrtps_c__pyext.dir/rosidl_generator_py/turtle_demo_controller/_turtle_demo_controller_s.ep.rosidl_typesupport_fastrtps_c.c.o[0m
[8.289s] [ 90%] [32mBuilding C object CMakeFiles/turtle_demo_controller__rosidl_typesupport_introspection_c__pyext.dir/rosidl_generator_py/turtle_demo_controller/_turtle_demo_controller_s.ep.rosidl_typesupport_introspection_c.c.o[0m
[8.349s] [ 96%] [32m[1mLinking C shared library rosidl_generator_py/turtle_demo_controller/turtle_demo_controller_s__rosidl_typesupport_c.cpython-38-x86_64-linux-gnu.so[0m
[8.349s] [ 96%] [32m[1mLinking C shared library rosidl_generator_py/turtle_demo_controller/turtle_demo_controller_s__rosidl_typesupport_introspection_c.cpython-38-x86_64-linux-gnu.so[0m
[8.356s] [100%] [32m[1mLinking CXX shared library rosidl_generator_py/turtle_demo_controller/turtle_demo_controller_s__rosidl_typesupport_fastrtps_c.cpython-38-x86_64-linux-gnu.so[0m
[8.423s] [100%] Built target turtle_demo_controller__rosidl_typesupport_introspection_c__pyext
[8.423s] [100%] Built target turtle_demo_controller__rosidl_typesupport_c__pyext
[8.464s] [100%] Built target turtle_demo_controller__rosidl_typesupport_fastrtps_c__pyext
[8.476s] Invoked command in '/home/sangwon/ROS2_turtlesim_ws/build/turtle_demo_controller' returned '0': CMAKE_PREFIX_PATH=${CMAKE_PREFIX_PATH}:/opt/ros/foxy /usr/bin/cmake --build /home/sangwon/ROS2_turtlesim_ws/build/turtle_demo_controller -- -j12 -l12
[8.547s] Invoking command in '/home/sangwon/ROS2_turtlesim_ws/build/turtle_demo_controller': CMAKE_PREFIX_PATH=${CMAKE_PREFIX_PATH}:/opt/ros/foxy /usr/bin/cmake --install /home/sangwon/ROS2_turtlesim_ws/build/turtle_demo_controller
[8.555s] -- Install configuration: ""
[8.557s] -- Installing: /home/sangwon/ROS2_turtlesim_ws/install/turtle_demo_controller/share/ament_index/resource_index/rosidl_interfaces/turtle_demo_controller
[8.557s] -- Installing: /home/sangwon/ROS2_turtlesim_ws/install/turtle_demo_controller/include/turtle_demo_controller
[8.557s] -- Installing: /home/sangwon/ROS2_turtlesim_ws/install/turtle_demo_controller/include/turtle_demo_controller/msg
[8.558s] -- Installing: /home/sangwon/ROS2_turtlesim_ws/install/turtle_demo_controller/include/turtle_demo_controller/msg/detail
[8.558s] -- Installing: /home/sangwon/ROS2_turtlesim_ws/install/turtle_demo_controller/include/turtle_demo_controller/msg/detail/encrypted_data__type_support.h
[8.558s] -- Installing: /home/sangwon/ROS2_turtlesim_ws/install/turtle_demo_controller/include/turtle_demo_controller/msg/detail/encrypted_data__functions.c
[8.558s] -- Installing: /home/sangwon/ROS2_turtlesim_ws/install/turtle_demo_controller/include/turtle_demo_controller/msg/detail/encrypted_data__struct.h
[8.559s] -- Installing: /home/sangwon/ROS2_turtlesim_ws/install/turtle_demo_controller/include/turtle_demo_controller/msg/detail/encrypted_data__functions.h
[8.559s] -- Installing: /home/sangwon/ROS2_turtlesim_ws/install/turtle_demo_controller/include/turtle_demo_controller/msg/rosidl_generator_c__visibility_control.h
[8.559s] -- Installing: /home/sangwon/ROS2_turtlesim_ws/install/turtle_demo_controller/include/turtle_demo_controller/msg/encrypted_data.h
[8.560s] -- Installing: /home/sangwon/ROS2_turtlesim_ws/install/turtle_demo_controller/share/turtle_demo_controller/environment/library_path.sh
[8.560s] -- Installing: /home/sangwon/ROS2_turtlesim_ws/install/turtle_demo_controller/share/turtle_demo_controller/environment/library_path.dsv
[8.560s] -- Installing: /home/sangwon/ROS2_turtlesim_ws/install/turtle_demo_controller/lib/libturtle_demo_controller__rosidl_generator_c.so
[8.561s] -- Set runtime path of "/home/sangwon/ROS2_turtlesim_ws/install/turtle_demo_controller/lib/libturtle_demo_controller__rosidl_generator_c.so" to ""
[8.561s] -- Up-to-date: /home/sangwon/ROS2_turtlesim_ws/install/turtle_demo_controller/include/turtle_demo_controller
[8.561s] -- Up-to-date: /home/sangwon/ROS2_turtlesim_ws/install/turtle_demo_controller/include/turtle_demo_controller/msg
[8.561s] -- Installing: /home/sangwon/ROS2_turtlesim_ws/install/turtle_demo_controller/include/turtle_demo_controller/msg/rosidl_typesupport_fastrtps_c__visibility_control.h
[8.561s] -- Up-to-date: /home/sangwon/ROS2_turtlesim_ws/install/turtle_demo_controller/include/turtle_demo_controller/msg/detail
[8.561s] -- Installing: /home/sangwon/ROS2_turtlesim_ws/install/turtle_demo_controller/include/turtle_demo_controller/msg/detail/encrypted_data__rosidl_typesupport_fastrtps_c.h
[8.561s] -- Installing: /home/sangwon/ROS2_turtlesim_ws/install/turtle_demo_controller/lib/libturtle_demo_controller__rosidl_typesupport_fastrtps_c.so
[8.562s] -- Set runtime path of "/home/sangwon/ROS2_turtlesim_ws/install/turtle_demo_controller/lib/libturtle_demo_controller__rosidl_typesupport_fastrtps_c.so" to ""
[8.562s] -- Up-to-date: /home/sangwon/ROS2_turtlesim_ws/install/turtle_demo_controller/include/turtle_demo_controller
[8.562s] -- Up-to-date: /home/sangwon/ROS2_turtlesim_ws/install/turtle_demo_controller/include/turtle_demo_controller/msg
[8.562s] -- Up-to-date: /home/sangwon/ROS2_turtlesim_ws/install/turtle_demo_controller/include/turtle_demo_controller/msg/detail
[8.562s] -- Installing: /home/sangwon/ROS2_turtlesim_ws/install/turtle_demo_controller/include/turtle_demo_controller/msg/detail/dds_fastrtps
[8.562s] -- Installing: /home/sangwon/ROS2_turtlesim_ws/install/turtle_demo_controller/include/turtle_demo_controller/msg/detail/encrypted_data__rosidl_typesupport_fastrtps_cpp.hpp
[8.562s] -- Installing: /home/sangwon/ROS2_turtlesim_ws/install/turtle_demo_controller/include/turtle_demo_controller/msg/rosidl_typesupport_fastrtps_cpp__visibility_control.h
[8.563s] -- Installing: /home/sangwon/ROS2_turtlesim_ws/install/turtle_demo_controller/lib/libturtle_demo_controller__rosidl_typesupport_fastrtps_cpp.so
[8.563s] -- Set runtime path of "/home/sangwon/ROS2_turtlesim_ws/install/turtle_demo_controller/lib/libturtle_demo_controller__rosidl_typesupport_fastrtps_cpp.so" to ""
[8.563s] -- Up-to-date: /home/sangwon/ROS2_turtlesim_ws/install/turtle_demo_controller/include/turtle_demo_controller
[8.563s] -- Up-to-date: /home/sangwon/ROS2_turtlesim_ws/install/turtle_demo_controller/include/turtle_demo_controller/msg
[8.563s] -- Installing: /home/sangwon/ROS2_turtlesim_ws/install/turtle_demo_controller/include/turtle_demo_controller/msg/rosidl_typesupport_introspection_c__visibility_control.h
[8.564s] -- Up-to-date: /home/sangwon/ROS2_turtlesim_ws/install/turtle_demo_controller/include/turtle_demo_controller/msg/detail
[8.564s] -- Installing: /home/sangwon/ROS2_turtlesim_ws/install/turtle_demo_controller/include/turtle_demo_controller/msg/detail/encrypted_data__type_support.c
[8.564s] -- Installing: /home/sangwon/ROS2_turtlesim_ws/install/turtle_demo_controller/include/turtle_demo_controller/msg/detail/encrypted_data__rosidl_typesupport_introspection_c.h
[8.564s] -- Installing: /home/sangwon/ROS2_turtlesim_ws/install/turtle_demo_controller/lib/libturtle_demo_controller__rosidl_typesupport_introspection_c.so
[8.564s] -- Set runtime path of "/home/sangwon/ROS2_turtlesim_ws/install/turtle_demo_controller/lib/libturtle_demo_controller__rosidl_typesupport_introspection_c.so" to ""
[8.564s] -- Installing: /home/sangwon/ROS2_turtlesim_ws/install/turtle_demo_controller/lib/libturtle_demo_controller__rosidl_typesupport_c.so
[8.565s] -- Set runtime path of "/home/sangwon/ROS2_turtlesim_ws/install/turtle_demo_controller/lib/libturtle_demo_controller__rosidl_typesupport_c.so" to ""
[8.565s] -- Up-to-date: /home/sangwon/ROS2_turtlesim_ws/install/turtle_demo_controller/include/turtle_demo_controller
[8.565s] -- Up-to-date: /home/sangwon/ROS2_turtlesim_ws/install/turtle_demo_controller/include/turtle_demo_controller/msg
[8.565s] -- Up-to-date: /home/sangwon/ROS2_turtlesim_ws/install/turtle_demo_controller/include/turtle_demo_controller/msg/detail
[8.565s] -- Installing: /home/sangwon/ROS2_turtlesim_ws/install/turtle_demo_controller/include/turtle_demo_controller/msg/detail/encrypted_data__traits.hpp
[8.565s] -- Installing: /home/sangwon/ROS2_turtlesim_ws/install/turtle_demo_controller/include/turtle_demo_controller/msg/detail/encrypted_data__struct.hpp
[8.566s] -- Installing: /home/sangwon/ROS2_turtlesim_ws/install/turtle_demo_controller/include/turtle_demo_controller/msg/detail/encrypted_data__type_support.hpp
[8.566s] -- Installing: /home/sangwon/ROS2_turtlesim_ws/install/turtle_demo_controller/include/turtle_demo_controller/msg/detail/encrypted_data__builder.hpp
[8.566s] -- Installing: /home/sangwon/ROS2_turtlesim_ws/install/turtle_demo_controller/include/turtle_demo_controller/msg/encrypted_data.hpp
[8.566s] -- Installing: /home/sangwon/ROS2_turtlesim_ws/install/turtle_demo_controller/include/turtle_demo_controller/msg/rosidl_generator_cpp__visibility_control.hpp
[8.566s] -- Up-to-date: /home/sangwon/ROS2_turtlesim_ws/install/turtle_demo_controller/include/turtle_demo_controller
[8.566s] -- Up-to-date: /home/sangwon/ROS2_turtlesim_ws/install/turtle_demo_controller/include/turtle_demo_controller/msg
[8.566s] -- Up-to-date: /home/sangwon/ROS2_turtlesim_ws/install/turtle_demo_controller/include/turtle_demo_controller/msg/detail
[8.567s] -- Installing: /home/sangwon/ROS2_turtlesim_ws/install/turtle_demo_controller/include/turtle_demo_controller/msg/detail/encrypted_data__type_support.cpp
[8.567s] -- Installing: /home/sangwon/ROS2_turtlesim_ws/install/turtle_demo_controller/include/turtle_demo_controller/msg/detail/encrypted_data__rosidl_typesupport_introspection_cpp.hpp
[8.567s] -- Installing: /home/sangwon/ROS2_turtlesim_ws/install/turtle_demo_controller/lib/libturtle_demo_controller__rosidl_typesupport_introspection_cpp.so
[8.567s] -- Set runtime path of "/home/sangwon/ROS2_turtlesim_ws/install/turtle_demo_controller/lib/libturtle_demo_controller__rosidl_typesupport_introspection_cpp.so" to ""
[8.567s] -- Installing: /home/sangwon/ROS2_turtlesim_ws/install/turtle_demo_controller/lib/libturtle_demo_controller__rosidl_typesupport_cpp.so
[8.567s] -- Set runtime path of "/home/sangwon/ROS2_turtlesim_ws/install/turtle_demo_controller/lib/libturtle_demo_controller__rosidl_typesupport_cpp.so" to ""
[8.567s] -- Installing: /home/sangwon/ROS2_turtlesim_ws/install/turtle_demo_controller/share/turtle_demo_controller/environment/pythonpath.sh
[8.567s] -- Installing: /home/sangwon/ROS2_turtlesim_ws/install/turtle_demo_controller/share/turtle_demo_controller/environment/pythonpath.dsv
[8.568s] -- Installing: /home/sangwon/ROS2_turtlesim_ws/install/turtle_demo_controller/lib/python3.8/site-packages/turtle_demo_controller/__init__.py
[8.590s] Compiling '/home/sangwon/ROS2_turtlesim_ws/install/turtle_demo_controller/lib/python3.8/site-packages/turtle_demo_controller/__init__.py'...
[8.593s] -- Installing: /home/sangwon/ROS2_turtlesim_ws/install/turtle_demo_controller/lib/python3.8/site-packages/turtle_demo_controller/msg
[8.593s] -- Installing: /home/sangwon/ROS2_turtlesim_ws/install/turtle_demo_controller/lib/python3.8/site-packages/turtle_demo_controller/msg/__init__.py
[8.593s] -- Installing: /home/sangwon/ROS2_turtlesim_ws/install/turtle_demo_controller/lib/python3.8/site-packages/turtle_demo_controller/msg/_encrypted_data_s.c
[8.594s] -- Installing: /home/sangwon/ROS2_turtlesim_ws/install/turtle_demo_controller/lib/python3.8/site-packages/turtle_demo_controller/msg/_encrypted_data.py
[8.594s] -- Installing: /home/sangwon/ROS2_turtlesim_ws/install/turtle_demo_controller/lib/python3.8/site-packages/turtle_demo_controller/turtle_demo_controller_s__rosidl_typesupport_fastrtps_c.cpython-38-x86_64-linux-gnu.so
[8.595s] -- Set runtime path of "/home/sangwon/ROS2_turtlesim_ws/install/turtle_demo_controller/lib/python3.8/site-packages/turtle_demo_controller/turtle_demo_controller_s__rosidl_typesupport_fastrtps_c.cpython-38-x86_64-linux-gnu.so" to ""
[8.595s] -- Installing: /home/sangwon/ROS2_turtlesim_ws/install/turtle_demo_controller/lib/python3.8/site-packages/turtle_demo_controller/turtle_demo_controller_s__rosidl_typesupport_introspection_c.cpython-38-x86_64-linux-gnu.so
[8.595s] -- Set runtime path of "/home/sangwon/ROS2_turtlesim_ws/install/turtle_demo_controller/lib/python3.8/site-packages/turtle_demo_controller/turtle_demo_controller_s__rosidl_typesupport_introspection_c.cpython-38-x86_64-linux-gnu.so" to ""
[8.596s] -- Installing: /home/sangwon/ROS2_turtlesim_ws/install/turtle_demo_controller/lib/python3.8/site-packages/turtle_demo_controller/turtle_demo_controller_s__rosidl_typesupport_c.cpython-38-x86_64-linux-gnu.so
[8.596s] -- Set runtime path of "/home/sangwon/ROS2_turtlesim_ws/install/turtle_demo_controller/lib/python3.8/site-packages/turtle_demo_controller/turtle_demo_controller_s__rosidl_typesupport_c.cpython-38-x86_64-linux-gnu.so" to ""
[8.596s] -- Installing: /home/sangwon/ROS2_turtlesim_ws/install/turtle_demo_controller/lib/libturtle_demo_controller__python.so
[8.597s] -- Set runtime path of "/home/sangwon/ROS2_turtlesim_ws/install/turtle_demo_controller/lib/libturtle_demo_controller__python.so" to ""
[8.597s] -- Installing: /home/sangwon/ROS2_turtlesim_ws/install/turtle_demo_controller/share/turtle_demo_controller/msg/EncryptedData.idl
[8.597s] -- Installing: /home/sangwon/ROS2_turtlesim_ws/install/turtle_demo_controller/share/turtle_demo_controller/msg/EncryptedData.msg
[8.597s] -- Up-to-date: /home/sangwon/ROS2_turtlesim_ws/install/turtle_demo_controller/lib/python3.8/site-packages/turtle_demo_controller
[8.598s] -- Installing: /home/sangwon/ROS2_turtlesim_ws/install/turtle_demo_controller/lib/python3.8/site-packages/turtle_demo_controller/turtle_controller.py
[8.598s] -- Installing: /home/sangwon/ROS2_turtlesim_ws/install/turtle_demo_controller/lib/python3.8/site-packages/turtle_demo_controller/__init__.py
[8.598s] -- Installing: /home/sangwon/ROS2_turtlesim_ws/install/turtle_demo_controller/lib/python3.8/site-packages/turtle_demo_controller/pure_controller.py
[8.598s] -- Installing: /home/sangwon/ROS2_turtlesim_ws/install/turtle_demo_controller/lib/python3.8/site-packages/turtle_demo_controller/simple_test.py
[8.598s] -- Installing: /home/sangwon/ROS2_turtlesim_ws/install/turtle_demo_controller/lib/python3.8/site-packages/turtle_demo_controller/leader_follower.py
[8.598s] -- Installing: /home/sangwon/ROS2_turtlesim_ws/install/turtle_demo_controller/lib/python3.8/site-packages/turtle_demo_controller/turtle_controller_with_pid_implimentation.py
[8.598s] -- Installing: /home/sangwon/ROS2_turtlesim_ws/install/turtle_demo_controller/lib/python3.8/site-packages/turtle_demo_controller/turtle_interface.py
[8.622s] Listing '/home/sangwon/ROS2_turtlesim_ws/install/turtle_demo_controller/lib/python3.8/site-packages/turtle_demo_controller'...
[8.622s] Compiling '/home/sangwon/ROS2_turtlesim_ws/install/turtle_demo_controller/lib/python3.8/site-packages/turtle_demo_controller/__init__.py'...
[8.622s] Compiling '/home/sangwon/ROS2_turtlesim_ws/install/turtle_demo_controller/lib/python3.8/site-packages/turtle_demo_controller/leader_follower.py'...
[8.622s] Listing '/home/sangwon/ROS2_turtlesim_ws/install/turtle_demo_controller/lib/python3.8/site-packages/turtle_demo_controller/msg'...
[8.622s] Compiling '/home/sangwon/ROS2_turtlesim_ws/install/turtle_demo_controller/lib/python3.8/site-packages/turtle_demo_controller/msg/__init__.py'...
[8.622s] Compiling '/home/sangwon/ROS2_turtlesim_ws/install/turtle_demo_controller/lib/python3.8/site-packages/turtle_demo_controller/msg/_encrypted_data.py'...
[8.622s] Compiling '/home/sangwon/ROS2_turtlesim_ws/install/turtle_demo_controller/lib/python3.8/site-packages/turtle_demo_controller/pure_controller.py'...
[8.623s] Compiling '/home/sangwon/ROS2_turtlesim_ws/install/turtle_demo_controller/lib/python3.8/site-packages/turtle_demo_controller/simple_test.py'...
[8.623s] Compiling '/home/sangwon/ROS2_turtlesim_ws/install/turtle_demo_controller/lib/python3.8/site-packages/turtle_demo_controller/turtle_controller.py'...
[8.623s] Compiling '/home/sangwon/ROS2_turtlesim_ws/install/turtle_demo_controller/lib/python3.8/site-packages/turtle_demo_controller/turtle_controller_with_pid_implimentation.py'...
[8.623s] Compiling '/home/sangwon/ROS2_turtlesim_ws/install/turtle_demo_controller/lib/python3.8/site-packages/turtle_demo_controller/turtle_interface.py'...
[8.625s] -- Installing: /home/sangwon/ROS2_turtlesim_ws/install/turtle_demo_controller/lib/turtle_demo_controller/turtle_interface.py
[8.625s] -- Installing: /home/sangwon/ROS2_turtlesim_ws/install/turtle_demo_controller/lib/turtle_demo_controller/pure_controller.py
[8.626s] -- Installing: /home/sangwon/ROS2_turtlesim_ws/install/turtle_demo_controller/share/turtle_demo_controller//launch
[8.626s] -- Installing: /home/sangwon/ROS2_turtlesim_ws/install/turtle_demo_controller/share/turtle_demo_controller//launch/modular_two_turtle.launch.py
[8.626s] -- Installing: /home/sangwon/ROS2_turtlesim_ws/install/turtle_demo_controller/share/turtle_demo_controller//launch/two_turtle.launch.py
[8.627s] -- Installing: /home/sangwon/ROS2_turtlesim_ws/install/turtle_demo_controller/share/ament_index/resource_index/package_run_dependencies/turtle_demo_controller
[8.628s] -- Installing: /home/sangwon/ROS2_turtlesim_ws/install/turtle_demo_controller/share/ament_index/resource_index/parent_prefix_path/turtle_demo_controller
[8.628s] -- Installing: /home/sangwon/ROS2_turtlesim_ws/install/turtle_demo_controller/share/turtle_demo_controller/environment/ament_prefix_path.sh
[8.628s] -- Installing: /home/sangwon/ROS2_turtlesim_ws/install/turtle_demo_controller/share/turtle_demo_controller/environment/ament_prefix_path.dsv
[8.628s] -- Installing: /home/sangwon/ROS2_turtlesim_ws/install/turtle_demo_controller/share/turtle_demo_controller/environment/path.sh
[8.628s] -- Installing: /home/sangwon/ROS2_turtlesim_ws/install/turtle_demo_controller/share/turtle_demo_controller/environment/path.dsv
[8.629s] -- Installing: /home/sangwon/ROS2_turtlesim_ws/install/turtle_demo_controller/share/turtle_demo_controller/local_setup.bash
[8.629s] -- Installing: /home/sangwon/ROS2_turtlesim_ws/install/turtle_demo_controller/share/turtle_demo_controller/local_setup.sh
[8.629s] -- Installing: /home/sangwon/ROS2_turtlesim_ws/install/turtle_demo_controller/share/turtle_demo_controller/local_setup.zsh
[8.629s] -- Installing: /home/sangwon/ROS2_turtlesim_ws/install/turtle_demo_controller/share/turtle_demo_controller/local_setup.dsv
[8.629s] -- Installing: /home/sangwon/ROS2_turtlesim_ws/install/turtle_demo_controller/share/turtle_demo_controller/package.dsv
[8.630s] -- Installing: /home/sangwon/ROS2_turtlesim_ws/install/turtle_demo_controller/share/ament_index/resource_index/packages/turtle_demo_controller
[8.630s] -- Installing: /home/sangwon/ROS2_turtlesim_ws/install/turtle_demo_controller/share/turtle_demo_controller/cmake/turtle_demo_controller__rosidl_generator_cExport.cmake
[8.630s] -- Installing: /home/sangwon/ROS2_turtlesim_ws/install/turtle_demo_controller/share/turtle_demo_controller/cmake/turtle_demo_controller__rosidl_generator_cExport-noconfig.cmake
[8.631s] -- Installing: /home/sangwon/ROS2_turtlesim_ws/install/turtle_demo_controller/share/turtle_demo_controller/cmake/turtle_demo_controller__rosidl_typesupport_introspection_cExport.cmake
[8.631s] -- Installing: /home/sangwon/ROS2_turtlesim_ws/install/turtle_demo_controller/share/turtle_demo_controller/cmake/turtle_demo_controller__rosidl_typesupport_introspection_cExport-noconfig.cmake
[8.631s] -- Installing: /home/sangwon/ROS2_turtlesim_ws/install/turtle_demo_controller/share/turtle_demo_controller/cmake/turtle_demo_controller__rosidl_typesupport_cExport.cmake
[8.631s] -- Installing: /home/sangwon/ROS2_turtlesim_ws/install/turtle_demo_controller/share/turtle_demo_controller/cmake/turtle_demo_controller__rosidl_typesupport_cExport-noconfig.cmake
[8.631s] -- Installing: /home/sangwon/ROS2_turtlesim_ws/install/turtle_demo_controller/share/turtle_demo_controller/cmake/turtle_demo_controller__rosidl_generator_cppExport.cmake
[8.632s] -- Installing: /home/sangwon/ROS2_turtlesim_ws/install/turtle_demo_controller/share/turtle_demo_controller/cmake/turtle_demo_controller__rosidl_typesupport_introspection_cppExport.cmake
[8.632s] -- Installing: /home/sangwon/ROS2_turtlesim_ws/install/turtle_demo_controller/share/turtle_demo_controller/cmake/turtle_demo_controller__rosidl_typesupport_introspection_cppExport-noconfig.cmake
[8.632s] -- Installing: /home/sangwon/ROS2_turtlesim_ws/install/turtle_demo_controller/share/turtle_demo_controller/cmake/turtle_demo_controller__rosidl_typesupport_cppExport.cmake
[8.632s] -- Installing: /home/sangwon/ROS2_turtlesim_ws/install/turtle_demo_controller/share/turtle_demo_controller/cmake/turtle_demo_controller__rosidl_typesupport_cppExport-noconfig.cmake
[8.632s] -- Installing: /home/sangwon/ROS2_turtlesim_ws/install/turtle_demo_controller/share/turtle_demo_controller/cmake/rosidl_cmake-extras.cmake
[8.633s] -- Installing: /home/sangwon/ROS2_turtlesim_ws/install/turtle_demo_controller/share/turtle_demo_controller/cmake/ament_cmake_export_dependencies-extras.cmake
[8.633s] -- Installing: /home/sangwon/ROS2_turtlesim_ws/install/turtle_demo_controller/share/turtle_demo_controller/cmake/ament_cmake_export_libraries-extras.cmake
[8.633s] -- Installing: /home/sangwon/ROS2_turtlesim_ws/install/turtle_demo_controller/share/turtle_demo_controller/cmake/ament_cmake_export_targets-extras.cmake
[8.633s] -- Installing: /home/sangwon/ROS2_turtlesim_ws/install/turtle_demo_controller/share/turtle_demo_controller/cmake/ament_cmake_export_include_directories-extras.cmake
[8.633s] -- Installing: /home/sangwon/ROS2_turtlesim_ws/install/turtle_demo_controller/share/turtle_demo_controller/cmake/rosidl_cmake_export_typesupport_libraries-extras.cmake
[8.634s] -- Installing: /home/sangwon/ROS2_turtlesim_ws/install/turtle_demo_controller/share/turtle_demo_controller/cmake/rosidl_cmake_export_typesupport_targets-extras.cmake
[8.634s] -- Installing: /home/sangwon/ROS2_turtlesim_ws/install/turtle_demo_controller/share/turtle_demo_controller/cmake/turtle_demo_controllerConfig.cmake
[8.634s] -- Installing: /home/sangwon/ROS2_turtlesim_ws/install/turtle_demo_controller/share/turtle_demo_controller/cmake/turtle_demo_controllerConfig-version.cmake
[8.634s] -- Installing: /home/sangwon/ROS2_turtlesim_ws/install/turtle_demo_controller/share/turtle_demo_controller/package.xml
[8.637s] Invoked command in '/home/sangwon/ROS2_turtlesim_ws/build/turtle_demo_controller' returned '0': CMAKE_PREFIX_PATH=${CMAKE_PREFIX_PATH}:/opt/ros/foxy /usr/bin/cmake --install /home/sangwon/ROS2_turtlesim_ws/build/turtle_demo_controller
