[01m[K/home/sangwon/ROS2_turtlesim_ws/src/enc_turtle_cpp/src/test_controller.cpp:[m[K In member function ‘[01m[Kvoid TestController::encrypted_callback(enc_turtle_cpp::msg::EncryptedData_<std::allocator<void> >::SharedPtr)[m[K’:
[01m[K/home/sangwon/ROS2_turtlesim_ws/src/enc_turtle_cpp/src/test_controller.cpp:60:31:[m[K [01;31m[Kerror: [m[Kcannot convert ‘[01m[Kstd::map<unsigned int, std::shared_ptr<lbcrypto::EvalKeyImpl<lbcrypto::DCRTPolyImpl<bigintdyn::mubintvec<bigintdyn::ubint<long unsigned int> > > > >, std::less<unsigned int>, std::allocator<std::pair<const unsigned int, std::shared_ptr<lbcrypto::EvalKeyImpl<lbcrypto::DCRTPolyImpl<bigintdyn::mubintvec<bigintdyn::ubint<long unsigned int> > > > > > > >[m[K’ to ‘[01m[Kconst std::vector<std::shared_ptr<lbcrypto::EvalKeyImpl<lbcrypto::DCRTPolyImpl<bigintdyn::mubintvec<bigintdyn::ubint<long unsigned int> > > > >, std::allocator<std::shared_ptr<lbcrypto::EvalKeyImpl<lbcrypto::DCRTPolyImpl<bigintdyn::mubintvec<bigintdyn::ubint<long unsigned int> > > > > > >&[m[K’
   60 |         cc->InsertEvalMultKey([01;31m[KevalMultKey[m[K);
      |                               [01;31m[K^~~~~~~~~~~[m[K
      |                               [01;31m[K|[m[K
      |                               [01;31m[Kstd::map<unsigned int, std::shared_ptr<lbcrypto::EvalKeyImpl<lbcrypto::DCRTPolyImpl<bigintdyn::mubintvec<bigintdyn::ubint<long unsigned int> > > > >, std::less<unsigned int>, std::allocator<std::pair<const unsigned int, std::shared_ptr<lbcrypto::EvalKeyImpl<lbcrypto::DCRTPolyImpl<bigintdyn::mubintvec<bigintdyn::ubint<long unsigned int> > > > > > > >[m[K
In file included from [01m[K/usr/local/include/openfhe/pke/openfhe.h:54[m[K,
                 from [01m[K/home/sangwon/ROS2_turtlesim_ws/src/enc_turtle_cpp/src/test_controller.cpp:3[m[K:
[01m[K/usr/local/include/openfhe/pke/cryptocontext.h:716:72:[m[K [01;36m[Knote: [m[K  initializing argument 1 of ‘[01m[Kstatic void lbcrypto::CryptoContextImpl<Element>::InsertEvalMultKey(const std::vector<std::shared_ptr<lbcrypto::EvalKeyImpl<Element> > >&, const string&) [with Element = lbcrypto::DCRTPolyImpl<bigintdyn::mubintvec<bigintdyn::ubint<long unsigned int> > >; std::string = std::__cxx11::basic_string<char>][m[K’
  716 |     static void InsertEvalMultKey([01;36m[Kconst std::vector<EvalKey<Element>>& evalKeyVec[m[K, const std::string& keyTag = "");
      |                                   [01;36m[K~~~~~~~~~~~~~~~~~~~~~~~~~~~~~~~~~~~~~^~~~~~~~~~[m[K
[01m[K/home/sangwon/ROS2_turtlesim_ws/src/enc_turtle_cpp/src/test_plant.cpp:[m[K In constructor ‘[01m[KTestPlant::TestPlant()[m[K’:
[01m[K/home/sangwon/ROS2_turtlesim_ws/src/enc_turtle_cpp/src/test_plant.cpp:73:31:[m[K [01;31m[Kerror: [m[K‘[01m[Kusing element_type = class lbcrypto::CryptoContextImpl<lbcrypto::DCRTPolyImpl<bigintdyn::mubintvec<bigintdyn::ubint<long unsigned int> > > >[m[K’ {aka ‘[01m[Kclass lbcrypto::CryptoContextImpl<lbcrypto::DCRTPolyImpl<bigintdyn::mubintvec<bigintdyn::ubint<long unsigned int> > > >[m[K’} has no member named ‘[01m[KGetEvalMultKeyMap[m[K’; did you mean ‘[01m[KGetEvalSumKeyMap[m[K’?
   73 |         Serial::Serialize(cc->[01;31m[KGetEvalMultKeyMap[m[K(), ss_evalkey, SerType::BINARY);
      |                               [01;31m[K^~~~~~~~~~~~~~~~~[m[K
      |                               [32m[KGetEvalSumKeyMap[m[K
make[2]: *** [CMakeFiles/test_plant.dir/build.make:63: CMakeFiles/test_plant.dir/src/test_plant.cpp.o] Error 1
make[1]: *** [CMakeFiles/Makefile2:650: CMakeFiles/test_plant.dir/all] Error 2
make[1]: *** Waiting for unfinished jobs....
make[2]: *** [CMakeFiles/test_controller.dir/build.make:63: CMakeFiles/test_controller.dir/src/test_controller.cpp.o] Error 1
make[1]: *** [CMakeFiles/Makefile2:483: CMakeFiles/test_controller.dir/all] Error 2
make: *** [Makefile:141: all] Error 2
