[0.018s] Invoking command in '/home/sangwon/ROS2_turtlesim_ws/build/enc_turtle_cpp': CMAKE_PREFIX_PATH=${CMAKE_PREFIX_PATH}:/opt/ros/foxy /usr/bin/cmake --build /home/sangwon/ROS2_turtlesim_ws/build/enc_turtle_cpp -- -j12 -l12
[0.068s] [  7%] Built target enc_turtle_cpp__rosidl_generator_c
[0.069s] [  9%] Built target enc_turtle_cpp__cpp
[0.071s] [ 14%] Built target bgv_test
[0.079s] [ 19%] Built target turtle_controller
[0.080s] [ 24%] Built target turtle_plant
[0.092s] [ 31%] Built target enc_turtle_cpp__rosidl_typesupport_c
[0.093s] [ 39%] Built target enc_turtle_cpp__rosidl_typesupport_introspection_c
[0.093s] [ 46%] Built target enc_turtle_cpp__rosidl_typesupport_cpp
[0.094s] [ 53%] Built target enc_turtle_cpp__rosidl_typesupport_introspection_cpp
[0.098s] [ 60%] Built target enc_turtle_cpp__rosidl_typesupport_fastrtps_cpp
[0.123s] [ 68%] Built target enc_turtle_cpp__rosidl_typesupport_fastrtps_c
[0.143s] [ 68%] Built target enc_turtle_cpp
[0.155s] [35m[1mScanning dependencies of target enc_turtle_plant[0m
[0.163s] [ 70%] Built target enc_turtle_cpp__py
[0.172s] [ 75%] Built target enc_turtle_controller
[0.186s] [ 78%] [32mBuilding CXX object CMakeFiles/enc_turtle_plant.dir/src/enc_turtle_plant.cpp.o[0m
[0.187s] [ 82%] Built target enc_turtle_cpp__python
[0.214s] [ 87%] Built target enc_turtle_cpp__rosidl_typesupport_fastrtps_c__pyext
[0.214s] [ 97%] Built target enc_turtle_cpp__rosidl_typesupport_introspection_c__pyext
[0.214s] [ 97%] Built target enc_turtle_cpp__rosidl_typesupport_c__pyext
[2.038s] [01m[K/home/sangwon/ROS2_turtlesim_ws/src/enc_turtle_cpp/src/enc_turtle_plant.cpp:10:55:[m[K [01;35m[Kwarning: [m[Kextra ‘[01m[K;[m[K’ [[01;35m[K-Wpedantic[m[K]
[2.038s]    10 | CEREAL_REGISTER_TYPE(lbcrypto::CryptoParametersBGVRNS)[01;35m[K;[m[K
[2.038s]       |                                                       [01;35m[K^[m[K
[2.039s] [01m[K/home/sangwon/ROS2_turtlesim_ws/src/enc_turtle_cpp/src/enc_turtle_plant.cpp:11:41:[m[K [01;35m[Kwarning: [m[Kextra ‘[01m[K;[m[K’ [[01;35m[K-Wpedantic[m[K]
[2.039s]    11 | CEREAL_REGISTER_TYPE(lbcrypto::DCRTPoly)[01;35m[K;[m[K
[2.039s]       |                                         [01;35m[K^[m[K
[2.039s] [01m[K/home/sangwon/ROS2_turtlesim_ws/src/enc_turtle_cpp/src/enc_turtle_plant.cpp:12:45:[m[K [01;35m[Kwarning: [m[Kextra ‘[01m[K;[m[K’ [[01;35m[K-Wpedantic[m[K]
[2.039s]    12 | CEREAL_REGISTER_TYPE(lbcrypto::SchemeBGVRNS)[01;35m[K;[m[K
[2.039s]       |                                             [01;35m[K^[m[K
[2.039s] [01m[K/home/sangwon/ROS2_turtlesim_ws/src/enc_turtle_cpp/src/enc_turtle_plant.cpp:13:67:[m[K [01;35m[Kwarning: [m[Kextra ‘[01m[K;[m[K’ [[01;35m[K-Wpedantic[m[K]
[2.039s]    13 | CEREAL_REGISTER_TYPE(lbcrypto::CiphertextImpl<lbcrypto::DCRTPoly>)[01;35m[K;[m[K
[2.039s]       |                                                                   [01;35m[K^[m[K
[2.039s] [01m[K/home/sangwon/ROS2_turtlesim_ws/src/enc_turtle_cpp/src/enc_turtle_plant.cpp:14:123:[m[K [01;35m[Kwarning: [m[Kextra ‘[01m[K;[m[K’ [[01;35m[K-Wpedantic[m[K]
[2.039s]    14 | bcrypto::DCRTPoly>, lbcrypto::CryptoParametersBGVRNS)[01;35m[K;[m[K
[2.039s]       |                                                      [01;35m[K^[m[K
[2.039s] 
[2.039s] [01m[K/home/sangwon/ROS2_turtlesim_ws/src/enc_turtle_cpp/src/enc_turtle_plant.cpp:15:103:[m[K [01;35m[Kwarning: [m[Kextra ‘[01m[K;[m[K’ [[01;35m[K-Wpedantic[m[K]
[2.039s]    15 | hemeBase<lbcrypto::DCRTPoly>, lbcrypto::SchemeBGVRNS)[01;35m[K;[m[K
[2.040s]       |                                                      [01;35m[K^[m[K
[2.040s] 
[2.062s] [01m[K/home/sangwon/ROS2_turtlesim_ws/src/enc_turtle_cpp/src/enc_turtle_plant.cpp:164:22:[m[K [01;31m[Kerror: [m[K‘[01m[KChunkCollector[m[K’ was not declared in this scope
[2.062s]   164 |   std::map<uint64_t, [01;31m[KChunkCollector[m[K> chunk_collectors_;
[2.062s]       |                      [01;31m[K^~~~~~~~~~~~~~[m[K
[2.062s] [01m[K/home/sangwon/ROS2_turtlesim_ws/src/enc_turtle_cpp/src/enc_turtle_plant.cpp:164:36:[m[K [01;31m[Kerror: [m[Ktemplate argument 2 is invalid
[2.062s]   164 |   std::map<uint64_t, ChunkCollector[01;31m[K>[m[K chunk_collectors_;
[2.062s]       |                                    [01;31m[K^[m[K
[2.062s] [01m[K/home/sangwon/ROS2_turtlesim_ws/src/enc_turtle_cpp/src/enc_turtle_plant.cpp:164:36:[m[K [01;31m[Kerror: [m[Ktemplate argument 4 is invalid
[2.086s] [01m[K/home/sangwon/ROS2_turtlesim_ws/src/enc_turtle_cpp/src/enc_turtle_plant.cpp:[m[K In member function ‘[01m[Kvoid EncTurtlePlant::result_callback(enc_turtle_cpp::msg::EncryptedData_<std::allocator<void> >::SharedPtr)[m[K’:
[2.086s] [01m[K/home/sangwon/ROS2_turtlesim_ws/src/enc_turtle_cpp/src/enc_turtle_plant.cpp:121:27:[m[K [01;31m[Kerror: [m[Krequest for member ‘[01m[Kfind[m[K’ in ‘[01m[K((EncTurtlePlant*)this)->EncTurtlePlant::chunk_collectors_[m[K’, which is of non-class type ‘[01m[Kint[m[K’
[2.086s]   121 |     if (chunk_collectors_.[01;31m[Kfind[m[K(key) == chunk_collectors_.end()) {
[2.086s]       |                           [01;31m[K^~~~[m[K
[2.086s] [01m[K/home/sangwon/ROS2_turtlesim_ws/src/enc_turtle_cpp/src/enc_turtle_plant.cpp:121:58:[m[K [01;31m[Kerror: [m[Krequest for member ‘[01m[Kend[m[K’ in ‘[01m[K((EncTurtlePlant*)this)->EncTurtlePlant::chunk_collectors_[m[K’, which is of non-class type ‘[01m[Kint[m[K’
[2.086s]   121 |     if (chunk_collectors_.find(key) == chunk_collectors_.[01;31m[Kend[m[K()) {
[2.086s]       |                                                          [01;31m[K^~~[m[K
[2.086s] [01m[K/home/sangwon/ROS2_turtlesim_ws/src/enc_turtle_cpp/src/enc_turtle_plant.cpp:122:28:[m[K [01;31m[Kerror: [m[Kinvalid types ‘[01m[Kint[uint64_t {aka long unsigned int}][m[K’ for array subscript
[2.086s]   122 |       chunk_collectors_[key[01;31m[K][m[K.chunks.resize(msg->total_chunks);
[2.086s]       |                            [01;31m[K^[m[K
[2.086s] [01m[K/home/sangwon/ROS2_turtlesim_ws/src/enc_turtle_cpp/src/enc_turtle_plant.cpp:123:28:[m[K [01;31m[Kerror: [m[Kinvalid types ‘[01m[Kint[uint64_t {aka long unsigned int}][m[K’ for array subscript
[2.086s]   123 |       chunk_collectors_[key[01;31m[K][m[K.total_chunks = msg->total_chunks;
[2.086s]       |                            [01;31m[K^[m[K
[2.086s] [01m[K/home/sangwon/ROS2_turtlesim_ws/src/enc_turtle_cpp/src/enc_turtle_plant.cpp:126:44:[m[K [01;31m[Kerror: [m[Kinvalid types ‘[01m[Kint[uint64_t {aka long unsigned int}][m[K’ for array subscript
[2.086s]   126 |     auto& collector = chunk_collectors_[key[01;31m[K][m[K;
[2.086s]       |                                            [01;31m[K^[m[K
[2.088s] [01m[K/home/sangwon/ROS2_turtlesim_ws/src/enc_turtle_cpp/src/enc_turtle_plant.cpp:153:25:[m[K [01;31m[Kerror: [m[Krequest for member ‘[01m[Kerase[m[K’ in ‘[01m[K((EncTurtlePlant*)this)->EncTurtlePlant::chunk_collectors_[m[K’, which is of non-class type ‘[01m[Kint[m[K’
[2.088s]   153 |       chunk_collectors_.[01;31m[Kerase[m[K(key);
[2.088s]       |                         [01;31m[K^~~~~[m[K
[8.253s] make[2]: *** [CMakeFiles/enc_turtle_plant.dir/build.make:63: CMakeFiles/enc_turtle_plant.dir/src/enc_turtle_plant.cpp.o] Error 1
[8.254s] make[1]: *** [CMakeFiles/Makefile2:445: CMakeFiles/enc_turtle_plant.dir/all] Error 2
[8.254s] make: *** [Makefile:141: all] Error 2
[8.257s] Invoked command in '/home/sangwon/ROS2_turtlesim_ws/build/enc_turtle_cpp' returned '2': CMAKE_PREFIX_PATH=${CMAKE_PREFIX_PATH}:/opt/ros/foxy /usr/bin/cmake --build /home/sangwon/ROS2_turtlesim_ws/build/enc_turtle_cpp -- -j12 -l12
