[01m[K/home/sangwon/ROS2_turtlesim_ws/src/enc_turtle_cpp/src/enc_turtle_controller.cpp:7:55:[m[K [01;35m[Kwarning: [m[Kextra ‘[01m[K;[m[K’ [[01;35m[K-Wpedantic[m[K]
    7 | CEREAL_REGISTER_TYPE(lbcrypto::CryptoParametersBGVRNS)[01;35m[K;[m[K
      |                                                       [01;35m[K^[m[K
[01m[K/home/sangwon/ROS2_turtlesim_ws/src/enc_turtle_cpp/src/enc_turtle_controller.cpp:8:41:[m[K [01;35m[Kwarning: [m[Kextra ‘[01m[K;[m[K’ [[01;35m[K-Wpedantic[m[K]
    8 | CEREAL_REGISTER_TYPE(lbcrypto::DCRTPoly)[01;35m[K;[m[K
      |                                         [01;35m[K^[m[K
[01m[K/home/sangwon/ROS2_turtlesim_ws/src/enc_turtle_cpp/src/enc_turtle_controller.cpp:9:45:[m[K [01;35m[Kwarning: [m[Kextra ‘[01m[K;[m[K’ [[01;35m[K-Wpedantic[m[K]
    9 | CEREAL_REGISTER_TYPE(lbcrypto::SchemeBGVRNS)[01;35m[K;[m[K
      |                                             [01;35m[K^[m[K
[01m[K/home/sangwon/ROS2_turtlesim_ws/src/enc_turtle_cpp/src/enc_turtle_controller.cpp:10:67:[m[K [01;35m[Kwarning: [m[Kextra ‘[01m[K;[m[K’ [[01;35m[K-Wpedantic[m[K]
   10 | CEREAL_REGISTER_TYPE(lbcrypto::CiphertextImpl<lbcrypto::DCRTPoly>)[01;35m[K;[m[K
      |                                                                   [01;35m[K^[m[K
[01m[K/home/sangwon/ROS2_turtlesim_ws/src/enc_turtle_cpp/src/enc_turtle_controller.cpp:11:123:[m[K [01;35m[Kwarning: [m[Kextra ‘[01m[K;[m[K’ [[01;35m[K-Wpedantic[m[K]
   11 | bcrypto::DCRTPoly>, lbcrypto::CryptoParametersBGVRNS)[01;35m[K;[m[K
      |                                                      [01;35m[K^[m[K

[01m[K/home/sangwon/ROS2_turtlesim_ws/src/enc_turtle_cpp/src/enc_turtle_controller.cpp:12:103:[m[K [01;35m[Kwarning: [m[Kextra ‘[01m[K;[m[K’ [[01;35m[K-Wpedantic[m[K]
   12 | hemeBase<lbcrypto::DCRTPoly>, lbcrypto::SchemeBGVRNS)[01;35m[K;[m[K
      |                                                      [01;35m[K^[m[K

[01m[K/home/sangwon/ROS2_turtlesim_ws/src/enc_turtle_cpp/src/enc_turtle_plant.cpp:8:55:[m[K [01;35m[Kwarning: [m[Kextra ‘[01m[K;[m[K’ [[01;35m[K-Wpedantic[m[K]
    8 | CEREAL_REGISTER_TYPE(lbcrypto::CryptoParametersBGVRNS)[01;35m[K;[m[K
      |                                                       [01;35m[K^[m[K
[01m[K/home/sangwon/ROS2_turtlesim_ws/src/enc_turtle_cpp/src/enc_turtle_plant.cpp:9:41:[m[K [01;35m[Kwarning: [m[Kextra ‘[01m[K;[m[K’ [[01;35m[K-Wpedantic[m[K]
    9 | CEREAL_REGISTER_TYPE(lbcrypto::DCRTPoly)[01;35m[K;[m[K
      |                                         [01;35m[K^[m[K
[01m[K/home/sangwon/ROS2_turtlesim_ws/src/enc_turtle_cpp/src/enc_turtle_plant.cpp:10:45:[m[K [01;35m[Kwarning: [m[Kextra ‘[01m[K;[m[K’ [[01;35m[K-Wpedantic[m[K]
   10 | CEREAL_REGISTER_TYPE(lbcrypto::SchemeBGVRNS)[01;35m[K;[m[K
      |                                             [01;35m[K^[m[K
[01m[K/home/sangwon/ROS2_turtlesim_ws/src/enc_turtle_cpp/src/enc_turtle_plant.cpp:11:67:[m[K [01;35m[Kwarning: [m[Kextra ‘[01m[K;[m[K’ [[01;35m[K-Wpedantic[m[K]
   11 | CEREAL_REGISTER_TYPE(lbcrypto::CiphertextImpl<lbcrypto::DCRTPoly>)[01;35m[K;[m[K
      |                                                                   [01;35m[K^[m[K
[01m[K/home/sangwon/ROS2_turtlesim_ws/src/enc_turtle_cpp/src/enc_turtle_plant.cpp:12:123:[m[K [01;35m[Kwarning: [m[Kextra ‘[01m[K;[m[K’ [[01;35m[K-Wpedantic[m[K]
   12 | CEREAL_REGISTER_POLYMORPHIC_RELATION(lbcrypto::CryptoParametersBase<lbcrypto::DCRTPoly>, lbcrypto::CryptoParametersBGVRNS)[01;35m[K;[m[K
      |                                                                                                                           [01;35m[K^[m[K
[01m[K/home/sangwon/ROS2_turtlesim_ws/src/enc_turtle_cpp/src/enc_turtle_plant.cpp:13:103:[m[K [01;35m[Kwarning: [m[Kextra ‘[01m[K;[m[K’ [[01;35m[K-Wpedantic[m[K]
   13 | CEREAL_REGISTER_POLYMORPHIC_RELATION(lbcrypto::SchemeBase<lbcrypto::DCRTPoly>, lbcrypto::SchemeBGVRNS)[01;35m[K;[m[K
      |                                                                                                       [01;35m[K^[m[K
