[0.018s] Invoking command in '/home/sangwon/ROS2_turtlesim_ws/build/turtle_demo_controller': CMAKE_PREFIX_PATH=${CMAKE_PREFIX_PATH}:/opt/ros/foxy /usr/bin/cmake /home/sangwon/ROS2_turtlesim_ws/src/turtle_demo_controller -DAMENT_CMAKE_SYMLINK_INSTALL=1 -DCMAKE_INSTALL_PREFIX=/home/sangwon/ROS2_turtlesim_ws/install/turtle_demo_controller
[0.134s] -- The C compiler identification is GNU 9.4.0
[0.299s] -- The CXX compiler identification is GNU 9.4.0
[0.364s] -- Check for working C compiler: /usr/bin/cc
[0.476s] -- Check for working C compiler: /usr/bin/cc -- works
[0.476s] -- Detecting C compiler ABI info
[0.587s] -- Detecting C compiler ABI info - done
[0.593s] -- Detecting C compile features
[0.593s] -- Detecting C compile features - done
[0.595s] -- Check for working CXX compiler: /usr/bin/c++
[0.713s] -- Check for working CXX compiler: /usr/bin/c++ -- works
[0.713s] -- Detecting CXX compiler ABI info
[0.843s] -- Detecting CXX compiler ABI info - done
[0.849s] -- Detecting CXX compile features
[0.850s] -- Detecting CXX compile features - done
[0.852s] -- Found ament_cmake: 0.9.12 (/opt/ros/foxy/share/ament_cmake/cmake)
[0.869s] -- Found PythonInterp: /usr/bin/python3 (found suitable version "3.8.10", minimum required is "3") 
[0.869s] -- Using PYTHON_EXECUTABLE: /usr/bin/python3
[0.980s] -- Override CMake install command with custom implementation using symlinks instead of copying resources
[1.004s] -- Found rclpy: 1.0.13 (/opt/ros/foxy/share/rclpy/cmake)
[1.005s] -- Found geometry_msgs: 2.0.5 (/opt/ros/foxy/share/geometry_msgs/cmake)
[1.100s] -- Using all available rosidl_typesupport_c: rosidl_typesupport_fastrtps_c;rosidl_typesupport_introspection_c
[1.105s] -- Found rosidl_adapter: 1.3.1 (/opt/ros/foxy/share/rosidl_adapter/cmake)
[1.760s] -- Found OpenSSL: /usr/lib/x86_64-linux-gnu/libcrypto.so (found version "1.1.1f")  
[2.403s] -- Found FastRTPS: /opt/ros/foxy/include  
[3.559s] -- Using all available rosidl_typesupport_cpp: rosidl_typesupport_fastrtps_cpp;rosidl_typesupport_introspection_cpp
[3.617s] -- Found turtlesim: 1.2.6 (/opt/ros/foxy/share/turtlesim/cmake)
[3.681s] -- Found rosidl_default_generators: 1.0.1 (/opt/ros/foxy/share/rosidl_default_generators/cmake)
[3.703s] -- Found PythonInterp: /usr/bin/python3 (found version "3.8.10") 
[3.823s] -- Found ament_cmake_ros: 0.9.2 (/opt/ros/foxy/share/ament_cmake_ros/cmake)
[6.322s] -- Using all available rosidl_typesupport_c: rosidl_typesupport_fastrtps_c;rosidl_typesupport_introspection_c
[6.392s] -- Using all available rosidl_typesupport_cpp: rosidl_typesupport_fastrtps_cpp;rosidl_typesupport_introspection_cpp
[6.412s] -- Found PythonInterp: /usr/bin/python3 (found suitable version "3.8.10", minimum required is "3.5") 
[6.414s] -- Found python_cmake_module: 0.8.1 (/opt/ros/foxy/share/python_cmake_module/cmake)
[6.643s] -- Found PythonLibs: /usr/lib/x86_64-linux-gnu/libpython3.8.so (found suitable version "3.8.10", minimum required is "3.5") 
[6.643s] -- Using PYTHON_EXECUTABLE: /usr/bin/python3
[6.643s] -- Using PYTHON_INCLUDE_DIRS: /usr/include/python3.8
[6.643s] -- Using PYTHON_LIBRARIES: /usr/lib/x86_64-linux-gnu/libpython3.8.so
[6.660s] -- Found PythonExtra: .so  
[6.748s] -- Configuring done
[6.821s] -- Generating done
[6.825s] -- Build files have been written to: /home/sangwon/ROS2_turtlesim_ws/build/turtle_demo_controller
[6.835s] Invoked command in '/home/sangwon/ROS2_turtlesim_ws/build/turtle_demo_controller' returned '0': CMAKE_PREFIX_PATH=${CMAKE_PREFIX_PATH}:/opt/ros/foxy /usr/bin/cmake /home/sangwon/ROS2_turtlesim_ws/src/turtle_demo_controller -DAMENT_CMAKE_SYMLINK_INSTALL=1 -DCMAKE_INSTALL_PREFIX=/home/sangwon/ROS2_turtlesim_ws/install/turtle_demo_controller
[6.838s] Invoking command in '/home/sangwon/ROS2_turtlesim_ws/build/turtle_demo_controller': CMAKE_PREFIX_PATH=${CMAKE_PREFIX_PATH}:/opt/ros/foxy /usr/bin/cmake --build /home/sangwon/ROS2_turtlesim_ws/build/turtle_demo_controller -- -j12 -l12
[6.879s] [35m[1mScanning dependencies of target turtle_demo_controller__cpp[0m
[6.880s] [  3%] [34m[1mGenerating C code for ROS interfaces[0m
[6.890s] [  6%] [34m[1mGenerating C++ code for ROS interfaces[0m
[7.057s] [35m[1mScanning dependencies of target turtle_demo_controller__rosidl_generator_c[0m
[7.061s] [  6%] Built target turtle_demo_controller__cpp
[7.071s] [ 12%] [34m[1mGenerating C++ introspection for ROS interfaces[0m
[7.072s] [ 12%] [32mBuilding C object CMakeFiles/turtle_demo_controller__rosidl_generator_c.dir/rosidl_generator_c/turtle_demo_controller/msg/detail/encrypted_data__functions.c.o[0m
[7.072s] [ 16%] [34m[1mGenerating C++ type support dispatch for ROS interfaces[0m
[7.073s] [ 19%] [34m[1mGenerating C++ type support for eProsima Fast-RTPS[0m
[7.116s] [ 22%] [32m[1mLinking C shared library libturtle_demo_controller__rosidl_generator_c.so[0m
[7.208s] [ 22%] Built target turtle_demo_controller__rosidl_generator_c
[7.215s] [35m[1mScanning dependencies of target turtle_demo_controller__rosidl_typesupport_cpp[0m
[7.219s] [ 29%] [34m[1mGenerating C type support dispatch for ROS interfaces[0m
[7.220s] [ 29%] [34m[1mGenerating C introspection for ROS interfaces[0m
[7.228s] [35m[1mScanning dependencies of target turtle_demo_controller__rosidl_typesupport_introspection_cpp[0m
[7.229s] [35m[1mScanning dependencies of target turtle_demo_controller__rosidl_typesupport_fastrtps_cpp[0m
[7.229s] [ 32%] [32mBuilding CXX object CMakeFiles/turtle_demo_controller__rosidl_typesupport_cpp.dir/rosidl_typesupport_cpp/turtle_demo_controller/msg/encrypted_data__type_support.cpp.o[0m
[7.242s] [ 35%] [32mBuilding CXX object CMakeFiles/turtle_demo_controller__rosidl_typesupport_introspection_cpp.dir/rosidl_typesupport_introspection_cpp/turtle_demo_controller/msg/detail/encrypted_data__type_support.cpp.o[0m
[7.245s] [ 38%] [32mBuilding CXX object CMakeFiles/turtle_demo_controller__rosidl_typesupport_fastrtps_cpp.dir/rosidl_typesupport_fastrtps_cpp/turtle_demo_controller/msg/detail/dds_fastrtps/encrypted_data__type_support.cpp.o[0m
[7.368s] [35m[1mScanning dependencies of target turtle_demo_controller__rosidl_typesupport_c[0m
[7.384s] [ 41%] [32mBuilding CXX object CMakeFiles/turtle_demo_controller__rosidl_typesupport_c.dir/rosidl_typesupport_c/turtle_demo_controller/msg/encrypted_data__type_support.cpp.o[0m
[7.385s] [35m[1mScanning dependencies of target turtle_demo_controller__rosidl_typesupport_introspection_c[0m
[7.400s] [ 45%] [32mBuilding C object CMakeFiles/turtle_demo_controller__rosidl_typesupport_introspection_c.dir/rosidl_typesupport_introspection_c/turtle_demo_controller/msg/detail/encrypted_data__type_support.c.o[0m
[7.420s] [ 48%] [32m[1mLinking CXX shared library libturtle_demo_controller__rosidl_typesupport_c.so[0m
[7.440s] [ 51%] [32m[1mLinking C shared library libturtle_demo_controller__rosidl_typesupport_introspection_c.so[0m
[7.449s] [ 54%] [32m[1mLinking CXX shared library libturtle_demo_controller__rosidl_typesupport_cpp.so[0m
[7.462s] [ 58%] [32m[1mLinking CXX shared library libturtle_demo_controller__rosidl_typesupport_introspection_cpp.so[0m
[7.518s] [ 58%] Built target turtle_demo_controller__rosidl_typesupport_introspection_c
[7.519s] [ 58%] Built target turtle_demo_controller__rosidl_typesupport_c
[7.527s] [ 58%] Built target turtle_demo_controller__rosidl_typesupport_cpp
[7.566s] [ 58%] Built target turtle_demo_controller__rosidl_typesupport_introspection_cpp
[7.566s] [ 61%] [32m[1mLinking CXX shared library libturtle_demo_controller__rosidl_typesupport_fastrtps_cpp.so[0m
[7.695s] [ 61%] Built target turtle_demo_controller__rosidl_typesupport_fastrtps_cpp
[7.707s] [ 64%] [34m[1mGenerating C type support for eProsima Fast-RTPS[0m
[7.842s] [35m[1mScanning dependencies of target turtle_demo_controller__rosidl_typesupport_fastrtps_c[0m
[7.859s] [ 67%] [32mBuilding CXX object CMakeFiles/turtle_demo_controller__rosidl_typesupport_fastrtps_c.dir/rosidl_typesupport_fastrtps_c/turtle_demo_controller/msg/detail/encrypted_data__type_support_c.cpp.o[0m
[8.086s] [ 70%] [32m[1mLinking CXX shared library libturtle_demo_controller__rosidl_typesupport_fastrtps_c.so[0m
[8.200s] [ 70%] Built target turtle_demo_controller__rosidl_typesupport_fastrtps_c
[8.209s] [35m[1mScanning dependencies of target turtle_demo_controller[0m
[8.220s] [ 70%] Built target turtle_demo_controller
[8.230s] [35m[1mScanning dependencies of target turtle_demo_controller__py[0m
[8.241s] [ 74%] [34m[1mGenerating Python code for ROS interfaces[0m
[8.457s] [ 74%] Built target turtle_demo_controller__py
[8.466s] [35m[1mScanning dependencies of target turtle_demo_controller__python[0m
[8.483s] [ 77%] [32mBuilding C object CMakeFiles/turtle_demo_controller__python.dir/rosidl_generator_py/turtle_demo_controller/msg/_encrypted_data_s.c.o[0m
[8.549s] [ 80%] [32m[1mLinking C shared library rosidl_generator_py/turtle_demo_controller/libturtle_demo_controller__python.so[0m
[8.633s] [ 80%] Built target turtle_demo_controller__python
[8.643s] [35m[1mScanning dependencies of target turtle_demo_controller__rosidl_typesupport_introspection_c__pyext[0m
[8.644s] [35m[1mScanning dependencies of target turtle_demo_controller__rosidl_typesupport_c__pyext[0m
[8.644s] [35m[1mScanning dependencies of target turtle_demo_controller__rosidl_typesupport_fastrtps_c__pyext[0m
[8.660s] [ 83%] [32mBuilding C object CMakeFiles/turtle_demo_controller__rosidl_typesupport_c__pyext.dir/rosidl_generator_py/turtle_demo_controller/_turtle_demo_controller_s.ep.rosidl_typesupport_c.c.o[0m
[8.660s] [ 87%] [32mBuilding C object CMakeFiles/turtle_demo_controller__rosidl_typesupport_introspection_c__pyext.dir/rosidl_generator_py/turtle_demo_controller/_turtle_demo_controller_s.ep.rosidl_typesupport_introspection_c.c.o[0m
[8.662s] [ 90%] [32mBuilding C object CMakeFiles/turtle_demo_controller__rosidl_typesupport_fastrtps_c__pyext.dir/rosidl_generator_py/turtle_demo_controller/_turtle_demo_controller_s.ep.rosidl_typesupport_fastrtps_c.c.o[0m
[8.723s] [ 93%] [32m[1mLinking C shared library rosidl_generator_py/turtle_demo_controller/turtle_demo_controller_s__rosidl_typesupport_c.cpython-38-x86_64-linux-gnu.so[0m
[8.724s] [ 96%] [32m[1mLinking CXX shared library rosidl_generator_py/turtle_demo_controller/turtle_demo_controller_s__rosidl_typesupport_fastrtps_c.cpython-38-x86_64-linux-gnu.so[0m
[8.724s] [100%] [32m[1mLinking C shared library rosidl_generator_py/turtle_demo_controller/turtle_demo_controller_s__rosidl_typesupport_introspection_c.cpython-38-x86_64-linux-gnu.so[0m
[8.793s] [100%] Built target turtle_demo_controller__rosidl_typesupport_introspection_c__pyext
[8.793s] [100%] Built target turtle_demo_controller__rosidl_typesupport_c__pyext
[8.818s] [100%] Built target turtle_demo_controller__rosidl_typesupport_fastrtps_c__pyext
