[01m[K/home/sangwon/ROS2_turtlesim_ws/src/enc_turtle_cpp/src/enc_turtle_controller.cpp:9:55:[m[K [01;35m[Kwarning: [m[Kextra ‘[01m[K;[m[K’ [[01;35m[K-Wpedantic[m[K]
    9 | CEREAL_REGISTER_TYPE(lbcrypto::CryptoParametersBGVRNS)[01;35m[K;[m[K
      |                                                       [01;35m[K^[m[K
[01m[K/home/sangwon/ROS2_turtlesim_ws/src/enc_turtle_cpp/src/enc_turtle_controller.cpp:10:41:[m[K [01;35m[Kwarning: [m[Kextra ‘[01m[K;[m[K’ [[01;35m[K-Wpedantic[m[K]
   10 | CEREAL_REGISTER_TYPE(lbcrypto::DCRTPoly)[01;35m[K;[m[K
      |                                         [01;35m[K^[m[K
[01m[K/home/sangwon/ROS2_turtlesim_ws/src/enc_turtle_cpp/src/enc_turtle_controller.cpp:11:45:[m[K [01;35m[Kwarning: [m[Kextra ‘[01m[K;[m[K’ [[01;35m[K-Wpedantic[m[K]
   11 | CEREAL_REGISTER_TYPE(lbcrypto::SchemeBGVRNS)[01;35m[K;[m[K
      |                                             [01;35m[K^[m[K
[01m[K/home/sangwon/ROS2_turtlesim_ws/src/enc_turtle_cpp/src/enc_turtle_controller.cpp:12:67:[m[K [01;35m[Kwarning: [m[Kextra ‘[01m[K;[m[K’ [[01;35m[K-Wpedantic[m[K]
   12 | CEREAL_REGISTER_TYPE(lbcrypto::CiphertextImpl<lbcrypto::DCRTPoly>)[01;35m[K;[m[K
      |                                                                   [01;35m[K^[m[K
[01m[K/home/sangwon/ROS2_turtlesim_ws/src/enc_turtle_cpp/src/enc_turtle_controller.cpp:13:65:[m[K [01;35m[Kwarning: [m[Kextra ‘[01m[K;[m[K’ [[01;35m[K-Wpedantic[m[K]
   13 | CEREAL_REGISTER_TYPE(lbcrypto::CryptoObject<lbcrypto::DCRTPoly>)[01;35m[K;[m[K
      |                                                                 [01;35m[K^[m[K
In file included from [01m[K/usr/local/include/openfhe/core/utils/serializable.h:61[m[K,
                 from [01m[K/usr/local/include/openfhe/core/math/hal/bigintdyn/ubintdyn.h:51[m[K,
                 from [01m[K/usr/local/include/openfhe/core/math/hal/bigintdyn/mubintvecdyn.h:43[m[K,
                 from [01m[K/usr/local/include/openfhe/core/math/hal/bigintdyn/backenddyn.h:44[m[K,
                 from [01m[K/usr/local/include/openfhe/core/math/hal/bigintbackend.h:38[m[K,
                 from [01m[K/usr/local/include/openfhe/core/math/math-hal.h:48[m[K,
                 from [01m[K/usr/local/include/openfhe/core/lattice/hal/elemparams.h:39[m[K,
                 from [01m[K/usr/local/include/openfhe/core/lattice/hal/default/ilparams.h:39[m[K,
                 from [01m[K/usr/local/include/openfhe/core/lattice/hal/lat-backend.h:49[m[K,
                 from [01m[K/usr/local/include/openfhe/core/lattice/lat-hal.h:35[m[K,
                 from [01m[K/usr/local/include/openfhe/core/openfhecore.h:39[m[K,
                 from [01m[K/usr/local/include/openfhe/pke/openfhe.h:40[m[K,
                 from [01m[K/home/sangwon/ROS2_turtlesim_ws/src/enc_turtle_cpp/src/enc_turtle_controller.cpp:3[m[K:
[01m[K/home/sangwon/ROS2_turtlesim_ws/src/enc_turtle_cpp/src/enc_turtle_controller.cpp:14:22:[m[K [01;31m[Kerror: [m[K‘[01m[Klbcrypto::LWEPublicKeyImpl[m[K’ is not a template
   14 | CEREAL_REGISTER_TYPE([01;31m[Klbcrypto[m[K::LWEPublicKeyImpl<lbcrypto::DCRTPoly>);
      |                      [01;31m[K^~~~~~~~[m[K
In file included from [01m[K/usr/local/include/openfhe/cereal/types/polymorphic.hpp:39[m[K,
                 from [01m[K/usr/local/include/openfhe/core/utils/serializable.h:61[m[K,
                 from [01m[K/usr/local/include/openfhe/core/math/hal/bigintdyn/ubintdyn.h:51[m[K,
                 from [01m[K/usr/local/include/openfhe/core/math/hal/bigintdyn/mubintvecdyn.h:43[m[K,
                 from [01m[K/usr/local/include/openfhe/core/math/hal/bigintdyn/backenddyn.h:44[m[K,
                 from [01m[K/usr/local/include/openfhe/core/math/hal/bigintbackend.h:38[m[K,
                 from [01m[K/usr/local/include/openfhe/core/math/math-hal.h:48[m[K,
                 from [01m[K/usr/local/include/openfhe/core/lattice/hal/elemparams.h:39[m[K,
                 from [01m[K/usr/local/include/openfhe/core/lattice/hal/default/ilparams.h:39[m[K,
                 from [01m[K/usr/local/include/openfhe/core/lattice/hal/lat-backend.h:49[m[K,
                 from [01m[K/usr/local/include/openfhe/core/lattice/lat-hal.h:35[m[K,
                 from [01m[K/usr/local/include/openfhe/core/openfhecore.h:39[m[K,
                 from [01m[K/usr/local/include/openfhe/pke/openfhe.h:40[m[K,
                 from [01m[K/home/sangwon/ROS2_turtlesim_ws/src/enc_turtle_cpp/src/enc_turtle_controller.cpp:3[m[K:
[01m[K/home/sangwon/ROS2_turtlesim_ws/src/enc_turtle_cpp/src/enc_turtle_controller.cpp:14:22:[m[K [01;31m[Kerror: [m[K‘[01m[Klbcrypto::LWEPublicKeyImpl[m[K’ is not a template
   14 | CEREAL_REGISTER_TYPE([01;31m[Klbcrypto[m[K::LWEPublicKeyImpl<lbcrypto::DCRTPoly>);
      |                      [01;31m[K^~~~~~~~[m[K
[01m[K/home/sangwon/ROS2_turtlesim_ws/src/enc_turtle_cpp/src/enc_turtle_controller.cpp:14:22:[m[K [01;31m[Kerror: [m[K‘[01m[Klbcrypto::LWEPublicKeyImpl[m[K’ is not a template
   14 | CEREAL_REGISTER_TYPE([01;31m[Klbcrypto[m[K::LWEPublicKeyImpl<lbcrypto::DCRTPoly>);
      |                      [01;31m[K^~~~~~~~[m[K
[01m[K/home/sangwon/ROS2_turtlesim_ws/src/enc_turtle_cpp/src/enc_turtle_controller.cpp:14:22:[m[K [01;31m[Kerror: [m[K‘[01m[Klbcrypto::LWEPublicKeyImpl[m[K’ is not a template
   14 | CEREAL_REGISTER_TYPE([01;31m[Klbcrypto[m[K::LWEPublicKeyImpl<lbcrypto::DCRTPoly>);
      |                      [01;31m[K^~~~~~~~[m[K
[01m[K/home/sangwon/ROS2_turtlesim_ws/src/enc_turtle_cpp/src/enc_turtle_controller.cpp:14:69:[m[K [01;35m[Kwarning: [m[Kextra ‘[01m[K;[m[K’ [[01;35m[K-Wpedantic[m[K]
   14 | CEREAL_REGISTER_TYPE(lbcrypto::LWEPublicKeyImpl<lbcrypto::DCRTPoly>)[01;35m[K;[m[K
      |                                                                     [01;35m[K^[m[K
In file included from [01m[K/usr/local/include/openfhe/core/utils/serializable.h:61[m[K,
                 from [01m[K/usr/local/include/openfhe/core/math/hal/bigintdyn/ubintdyn.h:51[m[K,
                 from [01m[K/usr/local/include/openfhe/core/math/hal/bigintdyn/mubintvecdyn.h:43[m[K,
                 from [01m[K/usr/local/include/openfhe/core/math/hal/bigintdyn/backenddyn.h:44[m[K,
                 from [01m[K/usr/local/include/openfhe/core/math/hal/bigintbackend.h:38[m[K,
                 from [01m[K/usr/local/include/openfhe/core/math/math-hal.h:48[m[K,
                 from [01m[K/usr/local/include/openfhe/core/lattice/hal/elemparams.h:39[m[K,
                 from [01m[K/usr/local/include/openfhe/core/lattice/hal/default/ilparams.h:39[m[K,
                 from [01m[K/usr/local/include/openfhe/core/lattice/hal/lat-backend.h:49[m[K,
                 from [01m[K/usr/local/include/openfhe/core/lattice/lat-hal.h:35[m[K,
                 from [01m[K/usr/local/include/openfhe/core/openfhecore.h:39[m[K,
                 from [01m[K/usr/local/include/openfhe/pke/openfhe.h:40[m[K,
                 from [01m[K/home/sangwon/ROS2_turtlesim_ws/src/enc_turtle_cpp/src/enc_turtle_controller.cpp:3[m[K:
[01m[K/home/sangwon/ROS2_turtlesim_ws/src/enc_turtle_cpp/src/enc_turtle_controller.cpp:15:22:[m[K [01;31m[Kerror: [m[K‘[01m[Klbcrypto::LWEPrivateKeyImpl[m[K’ is not a template
   15 | CEREAL_REGISTER_TYPE([01;31m[Klbcrypto[m[K::LWEPrivateKeyImpl<lbcrypto::DCRTPoly>);
      |                      [01;31m[K^~~~~~~~[m[K
In file included from [01m[K/usr/local/include/openfhe/cereal/types/polymorphic.hpp:39[m[K,
                 from [01m[K/usr/local/include/openfhe/core/utils/serializable.h:61[m[K,
                 from [01m[K/usr/local/include/openfhe/core/math/hal/bigintdyn/ubintdyn.h:51[m[K,
                 from [01m[K/usr/local/include/openfhe/core/math/hal/bigintdyn/mubintvecdyn.h:43[m[K,
                 from [01m[K/usr/local/include/openfhe/core/math/hal/bigintdyn/backenddyn.h:44[m[K,
                 from [01m[K/usr/local/include/openfhe/core/math/hal/bigintbackend.h:38[m[K,
                 from [01m[K/usr/local/include/openfhe/core/math/math-hal.h:48[m[K,
                 from [01m[K/usr/local/include/openfhe/core/lattice/hal/elemparams.h:39[m[K,
                 from [01m[K/usr/local/include/openfhe/core/lattice/hal/default/ilparams.h:39[m[K,
                 from [01m[K/usr/local/include/openfhe/core/lattice/hal/lat-backend.h:49[m[K,
                 from [01m[K/usr/local/include/openfhe/core/lattice/lat-hal.h:35[m[K,
                 from [01m[K/usr/local/include/openfhe/core/openfhecore.h:39[m[K,
                 from [01m[K/usr/local/include/openfhe/pke/openfhe.h:40[m[K,
                 from [01m[K/home/sangwon/ROS2_turtlesim_ws/src/enc_turtle_cpp/src/enc_turtle_controller.cpp:3[m[K:
[01m[K/home/sangwon/ROS2_turtlesim_ws/src/enc_turtle_cpp/src/enc_turtle_controller.cpp:15:22:[m[K [01;31m[Kerror: [m[K‘[01m[Klbcrypto::LWEPrivateKeyImpl[m[K’ is not a template
   15 | CEREAL_REGISTER_TYPE([01;31m[Klbcrypto[m[K::LWEPrivateKeyImpl<lbcrypto::DCRTPoly>);
      |                      [01;31m[K^~~~~~~~[m[K
[01m[K/home/sangwon/ROS2_turtlesim_ws/src/enc_turtle_cpp/src/enc_turtle_controller.cpp:15:22:[m[K [01;31m[Kerror: [m[K‘[01m[Klbcrypto::LWEPrivateKeyImpl[m[K’ is not a template
   15 | CEREAL_REGISTER_TYPE([01;31m[Klbcrypto[m[K::LWEPrivateKeyImpl<lbcrypto::DCRTPoly>);
      |                      [01;31m[K^~~~~~~~[m[K
[01m[K/home/sangwon/ROS2_turtlesim_ws/src/enc_turtle_cpp/src/enc_turtle_controller.cpp:15:22:[m[K [01;31m[Kerror: [m[K‘[01m[Klbcrypto::LWEPrivateKeyImpl[m[K’ is not a template
   15 | CEREAL_REGISTER_TYPE([01;31m[Klbcrypto[m[K::LWEPrivateKeyImpl<lbcrypto::DCRTPoly>);
      |                      [01;31m[K^~~~~~~~[m[K
[01m[K/home/sangwon/ROS2_turtlesim_ws/src/enc_turtle_cpp/src/enc_turtle_controller.cpp:15:70:[m[K [01;35m[Kwarning: [m[Kextra ‘[01m[K;[m[K’ [[01;35m[K-Wpedantic[m[K]
   15 | CEREAL_REGISTER_TYPE(lbcrypto::LWEPrivateKeyImpl<lbcrypto::DCRTPoly>)[01;35m[K;[m[K
      |                                                                      [01;35m[K^[m[K
In file included from [01m[K/usr/local/include/openfhe/core/utils/serializable.h:61[m[K,
                 from [01m[K/usr/local/include/openfhe/core/math/hal/bigintdyn/ubintdyn.h:51[m[K,
                 from [01m[K/usr/local/include/openfhe/core/math/hal/bigintdyn/mubintvecdyn.h:43[m[K,
                 from [01m[K/usr/local/include/openfhe/core/math/hal/bigintdyn/backenddyn.h:44[m[K,
                 from [01m[K/usr/local/include/openfhe/core/math/hal/bigintbackend.h:38[m[K,
                 from [01m[K/usr/local/include/openfhe/core/math/math-hal.h:48[m[K,
                 from [01m[K/usr/local/include/openfhe/core/lattice/hal/elemparams.h:39[m[K,
                 from [01m[K/usr/local/include/openfhe/core/lattice/hal/default/ilparams.h:39[m[K,
                 from [01m[K/usr/local/include/openfhe/core/lattice/hal/lat-backend.h:49[m[K,
                 from [01m[K/usr/local/include/openfhe/core/lattice/lat-hal.h:35[m[K,
                 from [01m[K/usr/local/include/openfhe/core/openfhecore.h:39[m[K,
                 from [01m[K/usr/local/include/openfhe/pke/openfhe.h:40[m[K,
                 from [01m[K/home/sangwon/ROS2_turtlesim_ws/src/enc_turtle_cpp/src/enc_turtle_controller.cpp:3[m[K:
[01m[K/home/sangwon/ROS2_turtlesim_ws/src/enc_turtle_cpp/src/enc_turtle_controller.cpp:16:22:[m[K [01;31m[Kerror: [m[K‘[01m[Klbcrypto::CryptoParametersRNS[m[K’ is not a template
   16 | CEREAL_REGISTER_TYPE([01;31m[Klbcrypto[m[K::CryptoParametersRNS<lbcrypto::DCRTPoly>);
      |                      [01;31m[K^~~~~~~~[m[K
In file included from [01m[K/usr/local/include/openfhe/cereal/types/polymorphic.hpp:39[m[K,
                 from [01m[K/usr/local/include/openfhe/core/utils/serializable.h:61[m[K,
                 from [01m[K/usr/local/include/openfhe/core/math/hal/bigintdyn/ubintdyn.h:51[m[K,
                 from [01m[K/usr/local/include/openfhe/core/math/hal/bigintdyn/mubintvecdyn.h:43[m[K,
                 from [01m[K/usr/local/include/openfhe/core/math/hal/bigintdyn/backenddyn.h:44[m[K,
                 from [01m[K/usr/local/include/openfhe/core/math/hal/bigintbackend.h:38[m[K,
                 from [01m[K/usr/local/include/openfhe/core/math/math-hal.h:48[m[K,
                 from [01m[K/usr/local/include/openfhe/core/lattice/hal/elemparams.h:39[m[K,
                 from [01m[K/usr/local/include/openfhe/core/lattice/hal/default/ilparams.h:39[m[K,
                 from [01m[K/usr/local/include/openfhe/core/lattice/hal/lat-backend.h:49[m[K,
                 from [01m[K/usr/local/include/openfhe/core/lattice/lat-hal.h:35[m[K,
                 from [01m[K/usr/local/include/openfhe/core/openfhecore.h:39[m[K,
                 from [01m[K/usr/local/include/openfhe/pke/openfhe.h:40[m[K,
                 from [01m[K/home/sangwon/ROS2_turtlesim_ws/src/enc_turtle_cpp/src/enc_turtle_controller.cpp:3[m[K:
[01m[K/home/sangwon/ROS2_turtlesim_ws/src/enc_turtle_cpp/src/enc_turtle_controller.cpp:16:22:[m[K [01;31m[Kerror: [m[K‘[01m[Klbcrypto::CryptoParametersRNS[m[K’ is not a template
   16 | CEREAL_REGISTER_TYPE([01;31m[Klbcrypto[m[K::CryptoParametersRNS<lbcrypto::DCRTPoly>);
      |                      [01;31m[K^~~~~~~~[m[K
[01m[K/home/sangwon/ROS2_turtlesim_ws/src/enc_turtle_cpp/src/enc_turtle_controller.cpp:16:22:[m[K [01;31m[Kerror: [m[K‘[01m[Klbcrypto::CryptoParametersRNS[m[K’ is not a template
   16 | CEREAL_REGISTER_TYPE([01;31m[Klbcrypto[m[K::CryptoParametersRNS<lbcrypto::DCRTPoly>);
      |                      [01;31m[K^~~~~~~~[m[K
[01m[K/home/sangwon/ROS2_turtlesim_ws/src/enc_turtle_cpp/src/enc_turtle_controller.cpp:16:22:[m[K [01;31m[Kerror: [m[K‘[01m[Klbcrypto::CryptoParametersRNS[m[K’ is not a template
   16 | CEREAL_REGISTER_TYPE([01;31m[Klbcrypto[m[K::CryptoParametersRNS<lbcrypto::DCRTPoly>);
      |                      [01;31m[K^~~~~~~~[m[K
[01m[K/home/sangwon/ROS2_turtlesim_ws/src/enc_turtle_cpp/src/enc_turtle_controller.cpp:16:72:[m[K [01;35m[Kwarning: [m[Kextra ‘[01m[K;[m[K’ [[01;35m[K-Wpedantic[m[K]
   16 | PE(lbcrypto::CryptoParametersRNS<lbcrypto::DCRTPoly>)[01;35m[K;[m[K
      |                                                      [01;35m[K^[m[K

In file included from [01m[K/usr/local/include/openfhe/core/utils/serializable.h:61[m[K,
                 from [01m[K/usr/local/include/openfhe/core/math/hal/bigintdyn/ubintdyn.h:51[m[K,
                 from [01m[K/usr/local/include/openfhe/core/math/hal/bigintdyn/mubintvecdyn.h:43[m[K,
                 from [01m[K/usr/local/include/openfhe/core/math/hal/bigintdyn/backenddyn.h:44[m[K,
                 from [01m[K/usr/local/include/openfhe/core/math/hal/bigintbackend.h:38[m[K,
                 from [01m[K/usr/local/include/openfhe/core/math/math-hal.h:48[m[K,
                 from [01m[K/usr/local/include/openfhe/core/lattice/hal/elemparams.h:39[m[K,
                 from [01m[K/usr/local/include/openfhe/core/lattice/hal/default/ilparams.h:39[m[K,
                 from [01m[K/usr/local/include/openfhe/core/lattice/hal/lat-backend.h:49[m[K,
                 from [01m[K/usr/local/include/openfhe/core/lattice/lat-hal.h:35[m[K,
                 from [01m[K/usr/local/include/openfhe/core/openfhecore.h:39[m[K,
                 from [01m[K/usr/local/include/openfhe/pke/openfhe.h:40[m[K,
                 from [01m[K/home/sangwon/ROS2_turtlesim_ws/src/enc_turtle_cpp/src/enc_turtle_controller.cpp:3[m[K:
[01m[K/home/sangwon/ROS2_turtlesim_ws/src/enc_turtle_cpp/src/enc_turtle_controller.cpp:17:32:[m[K [01;31m[Kerror: [m[K‘[01m[KRationalCiphertext[m[K’ is not a member of ‘[01m[Klbcrypto[m[K’; did you mean ‘[01m[KReadOnlyCiphertext[m[K’?
   17 | CEREAL_REGISTER_TYPE(lbcrypto::[01;31m[KRationalCiphertext[m[K<lbcrypto::DCRTPoly>);
      |                                [01;31m[K^~~~~~~~~~~~~~~~~~[m[K
[01m[K/home/sangwon/ROS2_turtlesim_ws/src/enc_turtle_cpp/src/enc_turtle_controller.cpp:17:69:[m[K [01;31m[Kerror: [m[Ktemplate argument 1 is invalid
   17 | _TYPE(lbcrypto::RationalCiphertext<lbcrypto::DCRTPoly[01;31m[K>[m[K);
      |                                                      [01;31m[K^[m[K

[01m[K/home/sangwon/ROS2_turtlesim_ws/src/enc_turtle_cpp/src/enc_turtle_controller.cpp:17:1:[m[K [01;31m[Kerror: [m[Kexpected unqualified-id before ‘[01m[K>[m[K’ token
   17 | [01;31m[KCEREAL_REGISTER_TYPE[m[K(lbcrypto::RationalCiphertext<lbcrypto::DCRTPoly>);
      | [01;31m[K^~~~~~~~~~~~~~~~~~~~[m[K
In file included from [01m[K/usr/local/include/openfhe/cereal/types/polymorphic.hpp:39[m[K,
                 from [01m[K/usr/local/include/openfhe/core/utils/serializable.h:61[m[K,
                 from [01m[K/usr/local/include/openfhe/core/math/hal/bigintdyn/ubintdyn.h:51[m[K,
                 from [01m[K/usr/local/include/openfhe/core/math/hal/bigintdyn/mubintvecdyn.h:43[m[K,
                 from [01m[K/usr/local/include/openfhe/core/math/hal/bigintdyn/backenddyn.h:44[m[K,
                 from [01m[K/usr/local/include/openfhe/core/math/hal/bigintbackend.h:38[m[K,
                 from [01m[K/usr/local/include/openfhe/core/math/math-hal.h:48[m[K,
                 from [01m[K/usr/local/include/openfhe/core/lattice/hal/elemparams.h:39[m[K,
                 from [01m[K/usr/local/include/openfhe/core/lattice/hal/default/ilparams.h:39[m[K,
                 from [01m[K/usr/local/include/openfhe/core/lattice/hal/lat-backend.h:49[m[K,
                 from [01m[K/usr/local/include/openfhe/core/lattice/lat-hal.h:35[m[K,
                 from [01m[K/usr/local/include/openfhe/core/openfhecore.h:39[m[K,
                 from [01m[K/usr/local/include/openfhe/pke/openfhe.h:40[m[K,
                 from [01m[K/home/sangwon/ROS2_turtlesim_ws/src/enc_turtle_cpp/src/enc_turtle_controller.cpp:3[m[K:
[01m[K/home/sangwon/ROS2_turtlesim_ws/src/enc_turtle_cpp/src/enc_turtle_controller.cpp:17:32:[m[K [01;31m[Kerror: [m[K‘[01m[KRationalCiphertext[m[K’ is not a member of ‘[01m[Klbcrypto[m[K’; did you mean ‘[01m[KReadOnlyCiphertext[m[K’?
   17 | CEREAL_REGISTER_TYPE(lbcrypto::[01;31m[KRationalCiphertext[m[K<lbcrypto::DCRTPoly>);
      |                                [01;31m[K^~~~~~~~~~~~~~~~~~[m[K
[01m[K/home/sangwon/ROS2_turtlesim_ws/src/enc_turtle_cpp/src/enc_turtle_controller.cpp:17:69:[m[K [01;31m[Kerror: [m[Ktemplate argument 1 is invalid
   17 | _TYPE(lbcrypto::RationalCiphertext<lbcrypto::DCRTPoly[01;31m[K>[m[K);
      |                                                      [01;31m[K^[m[K

[01m[K/home/sangwon/ROS2_turtlesim_ws/src/enc_turtle_cpp/src/enc_turtle_controller.cpp:17:1:[m[K [01;31m[Kerror: [m[Kexpected unqualified-id before ‘[01m[K>[m[K’ token
   17 | [01;31m[KCEREAL_REGISTER_TYPE[m[K(lbcrypto::RationalCiphertext<lbcrypto::DCRTPoly>);
      | [01;31m[K^~~~~~~~~~~~~~~~~~~~[m[K
[01m[K/home/sangwon/ROS2_turtlesim_ws/src/enc_turtle_cpp/src/enc_turtle_controller.cpp:17:71:[m[K [01;35m[Kwarning: [m[Kextra ‘[01m[K;[m[K’ [[01;35m[K-Wpedantic[m[K]
   17 | YPE(lbcrypto::RationalCiphertext<lbcrypto::DCRTPoly>)[01;35m[K;[m[K
      |                                                      [01;35m[K^[m[K

[01m[K/home/sangwon/ROS2_turtlesim_ws/src/enc_turtle_cpp/src/enc_turtle_controller.cpp:18:63:[m[K [01;35m[Kwarning: [m[Kextra ‘[01m[K;[m[K’ [[01;35m[K-Wpedantic[m[K]
   18 | CEREAL_REGISTER_TYPE(lbcrypto::Ciphertext<lbcrypto::DCRTPoly>)[01;35m[K;[m[K
      |                                                               [01;35m[K^[m[K
[01m[K/home/sangwon/ROS2_turtlesim_ws/src/enc_turtle_cpp/src/enc_turtle_controller.cpp:21:123:[m[K [01;35m[Kwarning: [m[Kextra ‘[01m[K;[m[K’ [[01;35m[K-Wpedantic[m[K]
   21 | bcrypto::DCRTPoly>, lbcrypto::CryptoParametersBGVRNS)[01;35m[K;[m[K
      |                                                      [01;35m[K^[m[K

[01m[K/home/sangwon/ROS2_turtlesim_ws/src/enc_turtle_cpp/src/enc_turtle_controller.cpp:22:103:[m[K [01;35m[Kwarning: [m[Kextra ‘[01m[K;[m[K’ [[01;35m[K-Wpedantic[m[K]
   22 | hemeBase<lbcrypto::DCRTPoly>, lbcrypto::SchemeBGVRNS)[01;35m[K;[m[K
      |                                                      [01;35m[K^[m[K

In file included from [01m[K/usr/local/include/openfhe/core/utils/serializable.h:61[m[K,
                 from [01m[K/usr/local/include/openfhe/core/math/hal/bigintdyn/ubintdyn.h:51[m[K,
                 from [01m[K/usr/local/include/openfhe/core/math/hal/bigintdyn/mubintvecdyn.h:43[m[K,
                 from [01m[K/usr/local/include/openfhe/core/math/hal/bigintdyn/backenddyn.h:44[m[K,
                 from [01m[K/usr/local/include/openfhe/core/math/hal/bigintbackend.h:38[m[K,
                 from [01m[K/usr/local/include/openfhe/core/math/math-hal.h:48[m[K,
                 from [01m[K/usr/local/include/openfhe/core/lattice/hal/elemparams.h:39[m[K,
                 from [01m[K/usr/local/include/openfhe/core/lattice/hal/default/ilparams.h:39[m[K,
                 from [01m[K/usr/local/include/openfhe/core/lattice/hal/lat-backend.h:49[m[K,
                 from [01m[K/usr/local/include/openfhe/core/lattice/lat-hal.h:35[m[K,
                 from [01m[K/usr/local/include/openfhe/core/openfhecore.h:39[m[K,
                 from [01m[K/usr/local/include/openfhe/pke/openfhe.h:40[m[K,
                 from [01m[K/home/sangwon/ROS2_turtlesim_ws/src/enc_turtle_cpp/src/enc_turtle_controller.cpp:3[m[K:
[01m[K/home/sangwon/ROS2_turtlesim_ws/src/enc_turtle_cpp/src/enc_turtle_controller.cpp:23:82:[m[K [01;31m[Kerror: [m[K‘[01m[Klbcrypto::LWEPublicKeyImpl[m[K’ is not a template
   23 | RELATION(lbcrypto::CryptoObject<lbcrypto::DCRTPoly>, [01;31m[Klbcrypto[m[K::LWEPublicKeyImpl<lbcrypto::DCRTPoly>);
      |                                                      [01;31m[K^~~~~~~~[m[K

[01m[K/home/sangwon/ROS2_turtlesim_ws/src/enc_turtle_cpp/src/enc_turtle_controller.cpp:[m[K In static member function ‘[01m[Kstatic void cereal::detail::PolymorphicRelation<lbcrypto::CryptoObject<lbcrypto::DCRTPolyImpl<bigintdyn::mubintvec<bigintdyn::ubint<long unsigned int> > > >, lbcrypto::LWEPublicKeyImpl>::bind()[m[K’:
[01m[K/home/sangwon/ROS2_turtlesim_ws/src/enc_turtle_cpp/src/enc_turtle_controller.cpp:23:82:[m[K [01;31m[Kerror: [m[K‘[01m[Klbcrypto::LWEPublicKeyImpl[m[K’ is not a template
   23 | RELATION(lbcrypto::CryptoObject<lbcrypto::DCRTPoly>, [01;31m[Klbcrypto[m[K::LWEPublicKeyImpl<lbcrypto::DCRTPoly>);
      |                                                      [01;31m[K^~~~~~~~[m[K

[01m[K/home/sangwon/ROS2_turtlesim_ws/src/enc_turtle_cpp/src/enc_turtle_controller.cpp:[m[K At global scope:
[01m[K/home/sangwon/ROS2_turtlesim_ws/src/enc_turtle_cpp/src/enc_turtle_controller.cpp:23:129:[m[K [01;35m[Kwarning: [m[Kextra ‘[01m[K;[m[K’ [[01;35m[K-Wpedantic[m[K]
   23 | oly>, lbcrypto::LWEPublicKeyImpl<lbcrypto::DCRTPoly>)[01;35m[K;[m[K
      |                                                      [01;35m[K^[m[K

In file included from [01m[K/usr/local/include/openfhe/core/utils/serializable.h:61[m[K,
                 from [01m[K/usr/local/include/openfhe/core/math/hal/bigintdyn/ubintdyn.h:51[m[K,
                 from [01m[K/usr/local/include/openfhe/core/math/hal/bigintdyn/mubintvecdyn.h:43[m[K,
                 from [01m[K/usr/local/include/openfhe/core/math/hal/bigintdyn/backenddyn.h:44[m[K,
                 from [01m[K/usr/local/include/openfhe/core/math/hal/bigintbackend.h:38[m[K,
                 from [01m[K/usr/local/include/openfhe/core/math/math-hal.h:48[m[K,
                 from [01m[K/usr/local/include/openfhe/core/lattice/hal/elemparams.h:39[m[K,
                 from [01m[K/usr/local/include/openfhe/core/lattice/hal/default/ilparams.h:39[m[K,
                 from [01m[K/usr/local/include/openfhe/core/lattice/hal/lat-backend.h:49[m[K,
                 from [01m[K/usr/local/include/openfhe/core/lattice/lat-hal.h:35[m[K,
                 from [01m[K/usr/local/include/openfhe/core/openfhecore.h:39[m[K,
                 from [01m[K/usr/local/include/openfhe/pke/openfhe.h:40[m[K,
                 from [01m[K/home/sangwon/ROS2_turtlesim_ws/src/enc_turtle_cpp/src/enc_turtle_controller.cpp:3[m[K:
[01m[K/home/sangwon/ROS2_turtlesim_ws/src/enc_turtle_cpp/src/enc_turtle_controller.cpp:24:82:[m[K [01;31m[Kerror: [m[K‘[01m[Klbcrypto::LWEPrivateKeyImpl[m[K’ is not a template
   24 | RELATION(lbcrypto::CryptoObject<lbcrypto::DCRTPoly>, [01;31m[Klbcrypto[m[K::LWEPrivateKeyImpl<lbcrypto::DCRTPoly>);
      |                                                      [01;31m[K^~~~~~~~[m[K

[01m[K/home/sangwon/ROS2_turtlesim_ws/src/enc_turtle_cpp/src/enc_turtle_controller.cpp:[m[K In static member function ‘[01m[Kstatic void cereal::detail::PolymorphicRelation<lbcrypto::CryptoObject<lbcrypto::DCRTPolyImpl<bigintdyn::mubintvec<bigintdyn::ubint<long unsigned int> > > >, lbcrypto::LWEPrivateKeyImpl>::bind()[m[K’:
[01m[K/home/sangwon/ROS2_turtlesim_ws/src/enc_turtle_cpp/src/enc_turtle_controller.cpp:24:82:[m[K [01;31m[Kerror: [m[K‘[01m[Klbcrypto::LWEPrivateKeyImpl[m[K’ is not a template
   24 | RELATION(lbcrypto::CryptoObject<lbcrypto::DCRTPoly>, [01;31m[Klbcrypto[m[K::LWEPrivateKeyImpl<lbcrypto::DCRTPoly>);
      |                                                      [01;31m[K^~~~~~~~[m[K

[01m[K/home/sangwon/ROS2_turtlesim_ws/src/enc_turtle_cpp/src/enc_turtle_controller.cpp:[m[K At global scope:
[01m[K/home/sangwon/ROS2_turtlesim_ws/src/enc_turtle_cpp/src/enc_turtle_controller.cpp:24:130:[m[K [01;35m[Kwarning: [m[Kextra ‘[01m[K;[m[K’ [[01;35m[K-Wpedantic[m[K]
   24 | ly>, lbcrypto::LWEPrivateKeyImpl<lbcrypto::DCRTPoly>)[01;35m[K;[m[K
      |                                                      [01;35m[K^[m[K

In file included from [01m[K/usr/local/include/openfhe/core/utils/serializable.h:61[m[K,
                 from [01m[K/usr/local/include/openfhe/core/math/hal/bigintdyn/ubintdyn.h:51[m[K,
                 from [01m[K/usr/local/include/openfhe/core/math/hal/bigintdyn/mubintvecdyn.h:43[m[K,
                 from [01m[K/usr/local/include/openfhe/core/math/hal/bigintdyn/backenddyn.h:44[m[K,
                 from [01m[K/usr/local/include/openfhe/core/math/hal/bigintbackend.h:38[m[K,
                 from [01m[K/usr/local/include/openfhe/core/math/math-hal.h:48[m[K,
                 from [01m[K/usr/local/include/openfhe/core/lattice/hal/elemparams.h:39[m[K,
                 from [01m[K/usr/local/include/openfhe/core/lattice/hal/default/ilparams.h:39[m[K,
                 from [01m[K/usr/local/include/openfhe/core/lattice/hal/lat-backend.h:49[m[K,
                 from [01m[K/usr/local/include/openfhe/core/lattice/lat-hal.h:35[m[K,
                 from [01m[K/usr/local/include/openfhe/core/openfhecore.h:39[m[K,
                 from [01m[K/usr/local/include/openfhe/pke/openfhe.h:40[m[K,
                 from [01m[K/home/sangwon/ROS2_turtlesim_ws/src/enc_turtle_cpp/src/enc_turtle_controller.cpp:3[m[K:
[01m[K/home/sangwon/ROS2_turtlesim_ws/src/enc_turtle_cpp/src/enc_turtle_controller.cpp:25:82:[m[K [01;31m[Kerror: [m[K‘[01m[Klbcrypto::CryptoParametersRNS[m[K’ is not a template
   25 | RELATION(lbcrypto::CryptoObject<lbcrypto::DCRTPoly>, [01;31m[Klbcrypto[m[K::CryptoParametersRNS<lbcrypto::DCRTPoly>);
      |                                                      [01;31m[K^~~~~~~~[m[K

[01m[K/home/sangwon/ROS2_turtlesim_ws/src/enc_turtle_cpp/src/enc_turtle_controller.cpp:[m[K In static member function ‘[01m[Kstatic void cereal::detail::PolymorphicRelation<lbcrypto::CryptoObject<lbcrypto::DCRTPolyImpl<bigintdyn::mubintvec<bigintdyn::ubint<long unsigned int> > > >, lbcrypto::CryptoParametersRNS>::bind()[m[K’:
[01m[K/home/sangwon/ROS2_turtlesim_ws/src/enc_turtle_cpp/src/enc_turtle_controller.cpp:25:82:[m[K [01;31m[Kerror: [m[K‘[01m[Klbcrypto::CryptoParametersRNS[m[K’ is not a template
   25 | RELATION(lbcrypto::CryptoObject<lbcrypto::DCRTPoly>, [01;31m[Klbcrypto[m[K::CryptoParametersRNS<lbcrypto::DCRTPoly>);
      |                                                      [01;31m[K^~~~~~~~[m[K

[01m[K/home/sangwon/ROS2_turtlesim_ws/src/enc_turtle_cpp/src/enc_turtle_controller.cpp:[m[K At global scope:
[01m[K/home/sangwon/ROS2_turtlesim_ws/src/enc_turtle_cpp/src/enc_turtle_controller.cpp:25:132:[m[K [01;35m[Kwarning: [m[Kextra ‘[01m[K;[m[K’ [[01;35m[K-Wpedantic[m[K]
   25 | >, lbcrypto::CryptoParametersRNS<lbcrypto::DCRTPoly>)[01;35m[K;[m[K
      |                                                      [01;35m[K^[m[K

[01m[K/home/sangwon/ROS2_turtlesim_ws/src/enc_turtle_cpp/src/enc_turtle_plant.cpp:10:55:[m[K [01;35m[Kwarning: [m[Kextra ‘[01m[K;[m[K’ [[01;35m[K-Wpedantic[m[K]
   10 | CEREAL_REGISTER_TYPE(lbcrypto::CryptoParametersBGVRNS)[01;35m[K;[m[K
      |                                                       [01;35m[K^[m[K
[01m[K/home/sangwon/ROS2_turtlesim_ws/src/enc_turtle_cpp/src/enc_turtle_plant.cpp:11:41:[m[K [01;35m[Kwarning: [m[Kextra ‘[01m[K;[m[K’ [[01;35m[K-Wpedantic[m[K]
   11 | CEREAL_REGISTER_TYPE(lbcrypto::DCRTPoly)[01;35m[K;[m[K
      |                                         [01;35m[K^[m[K
[01m[K/home/sangwon/ROS2_turtlesim_ws/src/enc_turtle_cpp/src/enc_turtle_plant.cpp:12:45:[m[K [01;35m[Kwarning: [m[Kextra ‘[01m[K;[m[K’ [[01;35m[K-Wpedantic[m[K]
   12 | CEREAL_REGISTER_TYPE(lbcrypto::SchemeBGVRNS)[01;35m[K;[m[K
      |                                             [01;35m[K^[m[K
[01m[K/home/sangwon/ROS2_turtlesim_ws/src/enc_turtle_cpp/src/enc_turtle_plant.cpp:13:67:[m[K [01;35m[Kwarning: [m[Kextra ‘[01m[K;[m[K’ [[01;35m[K-Wpedantic[m[K]
   13 | CEREAL_REGISTER_TYPE(lbcrypto::CiphertextImpl<lbcrypto::DCRTPoly>)[01;35m[K;[m[K
      |                                                                   [01;35m[K^[m[K
[01m[K/home/sangwon/ROS2_turtlesim_ws/src/enc_turtle_cpp/src/enc_turtle_plant.cpp:14:65:[m[K [01;35m[Kwarning: [m[Kextra ‘[01m[K;[m[K’ [[01;35m[K-Wpedantic[m[K]
   14 | CEREAL_REGISTER_TYPE(lbcrypto::CryptoObject<lbcrypto::DCRTPoly>)[01;35m[K;[m[K
      |                                                                 [01;35m[K^[m[K
In file included from [01m[K/usr/local/include/openfhe/core/utils/serializable.h:61[m[K,
                 from [01m[K/usr/local/include/openfhe/core/math/hal/bigintdyn/ubintdyn.h:51[m[K,
                 from [01m[K/usr/local/include/openfhe/core/math/hal/bigintdyn/mubintvecdyn.h:43[m[K,
                 from [01m[K/usr/local/include/openfhe/core/math/hal/bigintdyn/backenddyn.h:44[m[K,
                 from [01m[K/usr/local/include/openfhe/core/math/hal/bigintbackend.h:38[m[K,
                 from [01m[K/usr/local/include/openfhe/core/math/math-hal.h:48[m[K,
                 from [01m[K/usr/local/include/openfhe/core/lattice/hal/elemparams.h:39[m[K,
                 from [01m[K/usr/local/include/openfhe/core/lattice/hal/default/ilparams.h:39[m[K,
                 from [01m[K/usr/local/include/openfhe/core/lattice/hal/lat-backend.h:49[m[K,
                 from [01m[K/usr/local/include/openfhe/core/lattice/lat-hal.h:35[m[K,
                 from [01m[K/usr/local/include/openfhe/core/openfhecore.h:39[m[K,
                 from [01m[K/usr/local/include/openfhe/pke/openfhe.h:40[m[K,
                 from [01m[K/home/sangwon/ROS2_turtlesim_ws/src/enc_turtle_cpp/src/enc_turtle_plant.cpp:4[m[K:
[01m[K/home/sangwon/ROS2_turtlesim_ws/src/enc_turtle_cpp/src/enc_turtle_plant.cpp:15:22:[m[K [01;31m[Kerror: [m[K‘[01m[Klbcrypto::LWEPublicKeyImpl[m[K’ is not a template
   15 | CEREAL_REGISTER_TYPE([01;31m[Klbcrypto[m[K::LWEPublicKeyImpl<lbcrypto::DCRTPoly>);
      |                      [01;31m[K^~~~~~~~[m[K
In file included from [01m[K/usr/local/include/openfhe/cereal/types/polymorphic.hpp:39[m[K,
                 from [01m[K/usr/local/include/openfhe/core/utils/serializable.h:61[m[K,
                 from [01m[K/usr/local/include/openfhe/core/math/hal/bigintdyn/ubintdyn.h:51[m[K,
                 from [01m[K/usr/local/include/openfhe/core/math/hal/bigintdyn/mubintvecdyn.h:43[m[K,
                 from [01m[K/usr/local/include/openfhe/core/math/hal/bigintdyn/backenddyn.h:44[m[K,
                 from [01m[K/usr/local/include/openfhe/core/math/hal/bigintbackend.h:38[m[K,
                 from [01m[K/usr/local/include/openfhe/core/math/math-hal.h:48[m[K,
                 from [01m[K/usr/local/include/openfhe/core/lattice/hal/elemparams.h:39[m[K,
                 from [01m[K/usr/local/include/openfhe/core/lattice/hal/default/ilparams.h:39[m[K,
                 from [01m[K/usr/local/include/openfhe/core/lattice/hal/lat-backend.h:49[m[K,
                 from [01m[K/usr/local/include/openfhe/core/lattice/lat-hal.h:35[m[K,
                 from [01m[K/usr/local/include/openfhe/core/openfhecore.h:39[m[K,
                 from [01m[K/usr/local/include/openfhe/pke/openfhe.h:40[m[K,
                 from [01m[K/home/sangwon/ROS2_turtlesim_ws/src/enc_turtle_cpp/src/enc_turtle_plant.cpp:4[m[K:
[01m[K/home/sangwon/ROS2_turtlesim_ws/src/enc_turtle_cpp/src/enc_turtle_plant.cpp:15:22:[m[K [01;31m[Kerror: [m[K‘[01m[Klbcrypto::LWEPublicKeyImpl[m[K’ is not a template
   15 | CEREAL_REGISTER_TYPE([01;31m[Klbcrypto[m[K::LWEPublicKeyImpl<lbcrypto::DCRTPoly>);
      |                      [01;31m[K^~~~~~~~[m[K
[01m[K/home/sangwon/ROS2_turtlesim_ws/src/enc_turtle_cpp/src/enc_turtle_plant.cpp:15:22:[m[K [01;31m[Kerror: [m[K‘[01m[Klbcrypto::LWEPublicKeyImpl[m[K’ is not a template
   15 | CEREAL_REGISTER_TYPE([01;31m[Klbcrypto[m[K::LWEPublicKeyImpl<lbcrypto::DCRTPoly>);
      |                      [01;31m[K^~~~~~~~[m[K
[01m[K/home/sangwon/ROS2_turtlesim_ws/src/enc_turtle_cpp/src/enc_turtle_plant.cpp:15:22:[m[K [01;31m[Kerror: [m[K‘[01m[Klbcrypto::LWEPublicKeyImpl[m[K’ is not a template
   15 | CEREAL_REGISTER_TYPE([01;31m[Klbcrypto[m[K::LWEPublicKeyImpl<lbcrypto::DCRTPoly>);
      |                      [01;31m[K^~~~~~~~[m[K
[01m[K/home/sangwon/ROS2_turtlesim_ws/src/enc_turtle_cpp/src/enc_turtle_plant.cpp:15:69:[m[K [01;35m[Kwarning: [m[Kextra ‘[01m[K;[m[K’ [[01;35m[K-Wpedantic[m[K]
   15 | CEREAL_REGISTER_TYPE(lbcrypto::LWEPublicKeyImpl<lbcrypto::DCRTPoly>)[01;35m[K;[m[K
      |                                                                     [01;35m[K^[m[K
In file included from [01m[K/usr/local/include/openfhe/core/utils/serializable.h:61[m[K,
                 from [01m[K/usr/local/include/openfhe/core/math/hal/bigintdyn/ubintdyn.h:51[m[K,
                 from [01m[K/usr/local/include/openfhe/core/math/hal/bigintdyn/mubintvecdyn.h:43[m[K,
                 from [01m[K/usr/local/include/openfhe/core/math/hal/bigintdyn/backenddyn.h:44[m[K,
                 from [01m[K/usr/local/include/openfhe/core/math/hal/bigintbackend.h:38[m[K,
                 from [01m[K/usr/local/include/openfhe/core/math/math-hal.h:48[m[K,
                 from [01m[K/usr/local/include/openfhe/core/lattice/hal/elemparams.h:39[m[K,
                 from [01m[K/usr/local/include/openfhe/core/lattice/hal/default/ilparams.h:39[m[K,
                 from [01m[K/usr/local/include/openfhe/core/lattice/hal/lat-backend.h:49[m[K,
                 from [01m[K/usr/local/include/openfhe/core/lattice/lat-hal.h:35[m[K,
                 from [01m[K/usr/local/include/openfhe/core/openfhecore.h:39[m[K,
                 from [01m[K/usr/local/include/openfhe/pke/openfhe.h:40[m[K,
                 from [01m[K/home/sangwon/ROS2_turtlesim_ws/src/enc_turtle_cpp/src/enc_turtle_plant.cpp:4[m[K:
[01m[K/home/sangwon/ROS2_turtlesim_ws/src/enc_turtle_cpp/src/enc_turtle_plant.cpp:16:22:[m[K [01;31m[Kerror: [m[K‘[01m[Klbcrypto::LWEPrivateKeyImpl[m[K’ is not a template
   16 | CEREAL_REGISTER_TYPE([01;31m[Klbcrypto[m[K::LWEPrivateKeyImpl<lbcrypto::DCRTPoly>);
      |                      [01;31m[K^~~~~~~~[m[K
In file included from [01m[K/usr/local/include/openfhe/cereal/types/polymorphic.hpp:39[m[K,
                 from [01m[K/usr/local/include/openfhe/core/utils/serializable.h:61[m[K,
                 from [01m[K/usr/local/include/openfhe/core/math/hal/bigintdyn/ubintdyn.h:51[m[K,
                 from [01m[K/usr/local/include/openfhe/core/math/hal/bigintdyn/mubintvecdyn.h:43[m[K,
                 from [01m[K/usr/local/include/openfhe/core/math/hal/bigintdyn/backenddyn.h:44[m[K,
                 from [01m[K/usr/local/include/openfhe/core/math/hal/bigintbackend.h:38[m[K,
                 from [01m[K/usr/local/include/openfhe/core/math/math-hal.h:48[m[K,
                 from [01m[K/usr/local/include/openfhe/core/lattice/hal/elemparams.h:39[m[K,
                 from [01m[K/usr/local/include/openfhe/core/lattice/hal/default/ilparams.h:39[m[K,
                 from [01m[K/usr/local/include/openfhe/core/lattice/hal/lat-backend.h:49[m[K,
                 from [01m[K/usr/local/include/openfhe/core/lattice/lat-hal.h:35[m[K,
                 from [01m[K/usr/local/include/openfhe/core/openfhecore.h:39[m[K,
                 from [01m[K/usr/local/include/openfhe/pke/openfhe.h:40[m[K,
                 from [01m[K/home/sangwon/ROS2_turtlesim_ws/src/enc_turtle_cpp/src/enc_turtle_plant.cpp:4[m[K:
[01m[K/home/sangwon/ROS2_turtlesim_ws/src/enc_turtle_cpp/src/enc_turtle_plant.cpp:16:22:[m[K [01;31m[Kerror: [m[K‘[01m[Klbcrypto::LWEPrivateKeyImpl[m[K’ is not a template
   16 | CEREAL_REGISTER_TYPE([01;31m[Klbcrypto[m[K::LWEPrivateKeyImpl<lbcrypto::DCRTPoly>);
      |                      [01;31m[K^~~~~~~~[m[K
[01m[K/home/sangwon/ROS2_turtlesim_ws/src/enc_turtle_cpp/src/enc_turtle_plant.cpp:16:22:[m[K [01;31m[Kerror: [m[K‘[01m[Klbcrypto::LWEPrivateKeyImpl[m[K’ is not a template
   16 | CEREAL_REGISTER_TYPE([01;31m[Klbcrypto[m[K::LWEPrivateKeyImpl<lbcrypto::DCRTPoly>);
      |                      [01;31m[K^~~~~~~~[m[K
[01m[K/home/sangwon/ROS2_turtlesim_ws/src/enc_turtle_cpp/src/enc_turtle_plant.cpp:16:22:[m[K [01;31m[Kerror: [m[K‘[01m[Klbcrypto::LWEPrivateKeyImpl[m[K’ is not a template
   16 | CEREAL_REGISTER_TYPE([01;31m[Klbcrypto[m[K::LWEPrivateKeyImpl<lbcrypto::DCRTPoly>);
      |                      [01;31m[K^~~~~~~~[m[K
[01m[K/home/sangwon/ROS2_turtlesim_ws/src/enc_turtle_cpp/src/enc_turtle_plant.cpp:16:70:[m[K [01;35m[Kwarning: [m[Kextra ‘[01m[K;[m[K’ [[01;35m[K-Wpedantic[m[K]
   16 | CEREAL_REGISTER_TYPE(lbcrypto::LWEPrivateKeyImpl<lbcrypto::DCRTPoly>)[01;35m[K;[m[K
      |                                                                      [01;35m[K^[m[K
In file included from [01m[K/usr/local/include/openfhe/core/utils/serializable.h:61[m[K,
                 from [01m[K/usr/local/include/openfhe/core/math/hal/bigintdyn/ubintdyn.h:51[m[K,
                 from [01m[K/usr/local/include/openfhe/core/math/hal/bigintdyn/mubintvecdyn.h:43[m[K,
                 from [01m[K/usr/local/include/openfhe/core/math/hal/bigintdyn/backenddyn.h:44[m[K,
                 from [01m[K/usr/local/include/openfhe/core/math/hal/bigintbackend.h:38[m[K,
                 from [01m[K/usr/local/include/openfhe/core/math/math-hal.h:48[m[K,
                 from [01m[K/usr/local/include/openfhe/core/lattice/hal/elemparams.h:39[m[K,
                 from [01m[K/usr/local/include/openfhe/core/lattice/hal/default/ilparams.h:39[m[K,
                 from [01m[K/usr/local/include/openfhe/core/lattice/hal/lat-backend.h:49[m[K,
                 from [01m[K/usr/local/include/openfhe/core/lattice/lat-hal.h:35[m[K,
                 from [01m[K/usr/local/include/openfhe/core/openfhecore.h:39[m[K,
                 from [01m[K/usr/local/include/openfhe/pke/openfhe.h:40[m[K,
                 from [01m[K/home/sangwon/ROS2_turtlesim_ws/src/enc_turtle_cpp/src/enc_turtle_plant.cpp:4[m[K:
[01m[K/home/sangwon/ROS2_turtlesim_ws/src/enc_turtle_cpp/src/enc_turtle_plant.cpp:17:22:[m[K [01;31m[Kerror: [m[K‘[01m[Klbcrypto::CryptoParametersRNS[m[K’ is not a template
   17 | CEREAL_REGISTER_TYPE([01;31m[Klbcrypto[m[K::CryptoParametersRNS<lbcrypto::DCRTPoly>);
      |                      [01;31m[K^~~~~~~~[m[K
In file included from [01m[K/usr/local/include/openfhe/cereal/types/polymorphic.hpp:39[m[K,
                 from [01m[K/usr/local/include/openfhe/core/utils/serializable.h:61[m[K,
                 from [01m[K/usr/local/include/openfhe/core/math/hal/bigintdyn/ubintdyn.h:51[m[K,
                 from [01m[K/usr/local/include/openfhe/core/math/hal/bigintdyn/mubintvecdyn.h:43[m[K,
                 from [01m[K/usr/local/include/openfhe/core/math/hal/bigintdyn/backenddyn.h:44[m[K,
                 from [01m[K/usr/local/include/openfhe/core/math/hal/bigintbackend.h:38[m[K,
                 from [01m[K/usr/local/include/openfhe/core/math/math-hal.h:48[m[K,
                 from [01m[K/usr/local/include/openfhe/core/lattice/hal/elemparams.h:39[m[K,
                 from [01m[K/usr/local/include/openfhe/core/lattice/hal/default/ilparams.h:39[m[K,
                 from [01m[K/usr/local/include/openfhe/core/lattice/hal/lat-backend.h:49[m[K,
                 from [01m[K/usr/local/include/openfhe/core/lattice/lat-hal.h:35[m[K,
                 from [01m[K/usr/local/include/openfhe/core/openfhecore.h:39[m[K,
                 from [01m[K/usr/local/include/openfhe/pke/openfhe.h:40[m[K,
                 from [01m[K/home/sangwon/ROS2_turtlesim_ws/src/enc_turtle_cpp/src/enc_turtle_plant.cpp:4[m[K:
[01m[K/home/sangwon/ROS2_turtlesim_ws/src/enc_turtle_cpp/src/enc_turtle_plant.cpp:17:22:[m[K [01;31m[Kerror: [m[K‘[01m[Klbcrypto::CryptoParametersRNS[m[K’ is not a template
   17 | CEREAL_REGISTER_TYPE([01;31m[Klbcrypto[m[K::CryptoParametersRNS<lbcrypto::DCRTPoly>);
      |                      [01;31m[K^~~~~~~~[m[K
[01m[K/home/sangwon/ROS2_turtlesim_ws/src/enc_turtle_cpp/src/enc_turtle_plant.cpp:17:22:[m[K [01;31m[Kerror: [m[K‘[01m[Klbcrypto::CryptoParametersRNS[m[K’ is not a template
   17 | CEREAL_REGISTER_TYPE([01;31m[Klbcrypto[m[K::CryptoParametersRNS<lbcrypto::DCRTPoly>);
      |                      [01;31m[K^~~~~~~~[m[K
[01m[K/home/sangwon/ROS2_turtlesim_ws/src/enc_turtle_cpp/src/enc_turtle_plant.cpp:17:22:[m[K [01;31m[Kerror: [m[K‘[01m[Klbcrypto::CryptoParametersRNS[m[K’ is not a template
   17 | CEREAL_REGISTER_TYPE([01;31m[Klbcrypto[m[K::CryptoParametersRNS<lbcrypto::DCRTPoly>);
      |                      [01;31m[K^~~~~~~~[m[K
[01m[K/home/sangwon/ROS2_turtlesim_ws/src/enc_turtle_cpp/src/enc_turtle_plant.cpp:17:72:[m[K [01;35m[Kwarning: [m[Kextra ‘[01m[K;[m[K’ [[01;35m[K-Wpedantic[m[K]
   17 | CEREAL_REGISTER_TYPE(lbcrypto::CryptoParametersRNS<lbcrypto::DCRTPoly>)[01;35m[K;[m[K
      |                                                                        [01;35m[K^[m[K
In file included from [01m[K/usr/local/include/openfhe/core/utils/serializable.h:61[m[K,
                 from [01m[K/usr/local/include/openfhe/core/math/hal/bigintdyn/ubintdyn.h:51[m[K,
                 from [01m[K/usr/local/include/openfhe/core/math/hal/bigintdyn/mubintvecdyn.h:43[m[K,
                 from [01m[K/usr/local/include/openfhe/core/math/hal/bigintdyn/backenddyn.h:44[m[K,
                 from [01m[K/usr/local/include/openfhe/core/math/hal/bigintbackend.h:38[m[K,
                 from [01m[K/usr/local/include/openfhe/core/math/math-hal.h:48[m[K,
                 from [01m[K/usr/local/include/openfhe/core/lattice/hal/elemparams.h:39[m[K,
                 from [01m[K/usr/local/include/openfhe/core/lattice/hal/default/ilparams.h:39[m[K,
                 from [01m[K/usr/local/include/openfhe/core/lattice/hal/lat-backend.h:49[m[K,
                 from [01m[K/usr/local/include/openfhe/core/lattice/lat-hal.h:35[m[K,
                 from [01m[K/usr/local/include/openfhe/core/openfhecore.h:39[m[K,
                 from [01m[K/usr/local/include/openfhe/pke/openfhe.h:40[m[K,
                 from [01m[K/home/sangwon/ROS2_turtlesim_ws/src/enc_turtle_cpp/src/enc_turtle_plant.cpp:4[m[K:
[01m[K/home/sangwon/ROS2_turtlesim_ws/src/enc_turtle_cpp/src/enc_turtle_plant.cpp:18:32:[m[K [01;31m[Kerror: [m[K‘[01m[KRationalCiphertext[m[K’ is not a member of ‘[01m[Klbcrypto[m[K’; did you mean ‘[01m[KReadOnlyCiphertext[m[K’?
   18 | CEREAL_REGISTER_TYPE(lbcrypto::[01;31m[KRationalCiphertext[m[K<lbcrypto::DCRTPoly>);
      |                                [01;31m[K^~~~~~~~~~~~~~~~~~[m[K
[01m[K/home/sangwon/ROS2_turtlesim_ws/src/enc_turtle_cpp/src/enc_turtle_plant.cpp:18:69:[m[K [01;31m[Kerror: [m[Ktemplate argument 1 is invalid
   18 | CEREAL_REGISTER_TYPE(lbcrypto::RationalCiphertext<lbcrypto::DCRTPoly[01;31m[K>[m[K);
      |                                                                     [01;31m[K^[m[K
[01m[K/home/sangwon/ROS2_turtlesim_ws/src/enc_turtle_cpp/src/enc_turtle_plant.cpp:18:1:[m[K [01;31m[Kerror: [m[Kexpected unqualified-id before ‘[01m[K>[m[K’ token
   18 | [01;31m[KCEREAL_REGISTER_TYPE[m[K(lbcrypto::RationalCiphertext<lbcrypto::DCRTPoly>);
      | [01;31m[K^~~~~~~~~~~~~~~~~~~~[m[K
In file included from [01m[K/usr/local/include/openfhe/cereal/types/polymorphic.hpp:39[m[K,
                 from [01m[K/usr/local/include/openfhe/core/utils/serializable.h:61[m[K,
                 from [01m[K/usr/local/include/openfhe/core/math/hal/bigintdyn/ubintdyn.h:51[m[K,
                 from [01m[K/usr/local/include/openfhe/core/math/hal/bigintdyn/mubintvecdyn.h:43[m[K,
                 from [01m[K/usr/local/include/openfhe/core/math/hal/bigintdyn/backenddyn.h:44[m[K,
                 from [01m[K/usr/local/include/openfhe/core/math/hal/bigintbackend.h:38[m[K,
                 from [01m[K/usr/local/include/openfhe/core/math/math-hal.h:48[m[K,
                 from [01m[K/usr/local/include/openfhe/core/lattice/hal/elemparams.h:39[m[K,
                 from [01m[K/usr/local/include/openfhe/core/lattice/hal/default/ilparams.h:39[m[K,
                 from [01m[K/usr/local/include/openfhe/core/lattice/hal/lat-backend.h:49[m[K,
                 from [01m[K/usr/local/include/openfhe/core/lattice/lat-hal.h:35[m[K,
                 from [01m[K/usr/local/include/openfhe/core/openfhecore.h:39[m[K,
                 from [01m[K/usr/local/include/openfhe/pke/openfhe.h:40[m[K,
                 from [01m[K/home/sangwon/ROS2_turtlesim_ws/src/enc_turtle_cpp/src/enc_turtle_plant.cpp:4[m[K:
[01m[K/home/sangwon/ROS2_turtlesim_ws/src/enc_turtle_cpp/src/enc_turtle_plant.cpp:18:32:[m[K [01;31m[Kerror: [m[K‘[01m[KRationalCiphertext[m[K’ is not a member of ‘[01m[Klbcrypto[m[K’; did you mean ‘[01m[KReadOnlyCiphertext[m[K’?
   18 | CEREAL_REGISTER_TYPE(lbcrypto::[01;31m[KRationalCiphertext[m[K<lbcrypto::DCRTPoly>);
      |                                [01;31m[K^~~~~~~~~~~~~~~~~~[m[K
[01m[K/home/sangwon/ROS2_turtlesim_ws/src/enc_turtle_cpp/src/enc_turtle_plant.cpp:18:69:[m[K [01;31m[Kerror: [m[Ktemplate argument 1 is invalid
   18 | CEREAL_REGISTER_TYPE(lbcrypto::RationalCiphertext<lbcrypto::DCRTPoly[01;31m[K>[m[K);
      |                                                                     [01;31m[K^[m[K
[01m[K/home/sangwon/ROS2_turtlesim_ws/src/enc_turtle_cpp/src/enc_turtle_plant.cpp:18:1:[m[K [01;31m[Kerror: [m[Kexpected unqualified-id before ‘[01m[K>[m[K’ token
   18 | [01;31m[KCEREAL_REGISTER_TYPE[m[K(lbcrypto::RationalCiphertext<lbcrypto::DCRTPoly>);
      | [01;31m[K^~~~~~~~~~~~~~~~~~~~[m[K
[01m[K/home/sangwon/ROS2_turtlesim_ws/src/enc_turtle_cpp/src/enc_turtle_plant.cpp:18:71:[m[K [01;35m[Kwarning: [m[Kextra ‘[01m[K;[m[K’ [[01;35m[K-Wpedantic[m[K]
   18 | CEREAL_REGISTER_TYPE(lbcrypto::RationalCiphertext<lbcrypto::DCRTPoly>)[01;35m[K;[m[K
      |                                                                       [01;35m[K^[m[K
[01m[K/home/sangwon/ROS2_turtlesim_ws/src/enc_turtle_cpp/src/enc_turtle_plant.cpp:19:63:[m[K [01;35m[Kwarning: [m[Kextra ‘[01m[K;[m[K’ [[01;35m[K-Wpedantic[m[K]
   19 | CEREAL_REGISTER_TYPE(lbcrypto::Ciphertext<lbcrypto::DCRTPoly>)[01;35m[K;[m[K
      |                                                               [01;35m[K^[m[K
[01m[K/home/sangwon/ROS2_turtlesim_ws/src/enc_turtle_cpp/src/enc_turtle_plant.cpp:21:123:[m[K [01;35m[Kwarning: [m[Kextra ‘[01m[K;[m[K’ [[01;35m[K-Wpedantic[m[K]
   21 | CEREAL_REGISTER_POLYMORPHIC_RELATION(lbcrypto::CryptoParametersBase<lbcrypto::DCRTPoly>, lbcrypto::CryptoParametersBGVRNS)[01;35m[K;[m[K
      |                                                                                                                           [01;35m[K^[m[K
[01m[K/home/sangwon/ROS2_turtlesim_ws/src/enc_turtle_cpp/src/enc_turtle_plant.cpp:22:103:[m[K [01;35m[Kwarning: [m[Kextra ‘[01m[K;[m[K’ [[01;35m[K-Wpedantic[m[K]
   22 | CEREAL_REGISTER_POLYMORPHIC_RELATION(lbcrypto::SchemeBase<lbcrypto::DCRTPoly>, lbcrypto::SchemeBGVRNS)[01;35m[K;[m[K
      |                                                                                                       [01;35m[K^[m[K
In file included from [01m[K/usr/local/include/openfhe/core/utils/serializable.h:61[m[K,
                 from [01m[K/usr/local/include/openfhe/core/math/hal/bigintdyn/ubintdyn.h:51[m[K,
                 from [01m[K/usr/local/include/openfhe/core/math/hal/bigintdyn/mubintvecdyn.h:43[m[K,
                 from [01m[K/usr/local/include/openfhe/core/math/hal/bigintdyn/backenddyn.h:44[m[K,
                 from [01m[K/usr/local/include/openfhe/core/math/hal/bigintbackend.h:38[m[K,
                 from [01m[K/usr/local/include/openfhe/core/math/math-hal.h:48[m[K,
                 from [01m[K/usr/local/include/openfhe/core/lattice/hal/elemparams.h:39[m[K,
                 from [01m[K/usr/local/include/openfhe/core/lattice/hal/default/ilparams.h:39[m[K,
                 from [01m[K/usr/local/include/openfhe/core/lattice/hal/lat-backend.h:49[m[K,
                 from [01m[K/usr/local/include/openfhe/core/lattice/lat-hal.h:35[m[K,
                 from [01m[K/usr/local/include/openfhe/core/openfhecore.h:39[m[K,
                 from [01m[K/usr/local/include/openfhe/pke/openfhe.h:40[m[K,
                 from [01m[K/home/sangwon/ROS2_turtlesim_ws/src/enc_turtle_cpp/src/enc_turtle_plant.cpp:4[m[K:
[01m[K/home/sangwon/ROS2_turtlesim_ws/src/enc_turtle_cpp/src/enc_turtle_plant.cpp:23:82:[m[K [01;31m[Kerror: [m[K‘[01m[Klbcrypto::LWEPublicKeyImpl[m[K’ is not a template
   23 | CEREAL_REGISTER_POLYMORPHIC_RELATION(lbcrypto::CryptoObject<lbcrypto::DCRTPoly>, [01;31m[Klbcrypto[m[K::LWEPublicKeyImpl<lbcrypto::DCRTPoly>);
      |                                                                                  [01;31m[K^~~~~~~~[m[K
[01m[K/home/sangwon/ROS2_turtlesim_ws/src/enc_turtle_cpp/src/enc_turtle_plant.cpp:[m[K In static member function ‘[01m[Kstatic void cereal::detail::PolymorphicRelation<lbcrypto::CryptoObject<lbcrypto::DCRTPolyImpl<bigintdyn::mubintvec<bigintdyn::ubint<long unsigned int> > > >, lbcrypto::LWEPublicKeyImpl>::bind()[m[K’:
[01m[K/home/sangwon/ROS2_turtlesim_ws/src/enc_turtle_cpp/src/enc_turtle_plant.cpp:23:82:[m[K [01;31m[Kerror: [m[K‘[01m[Klbcrypto::LWEPublicKeyImpl[m[K’ is not a template
   23 | CEREAL_REGISTER_POLYMORPHIC_RELATION(lbcrypto::CryptoObject<lbcrypto::DCRTPoly>, [01;31m[Klbcrypto[m[K::LWEPublicKeyImpl<lbcrypto::DCRTPoly>);
      |                                                                                  [01;31m[K^~~~~~~~[m[K
[01m[K/home/sangwon/ROS2_turtlesim_ws/src/enc_turtle_cpp/src/enc_turtle_plant.cpp:[m[K At global scope:
[01m[K/home/sangwon/ROS2_turtlesim_ws/src/enc_turtle_cpp/src/enc_turtle_plant.cpp:23:129:[m[K [01;35m[Kwarning: [m[Kextra ‘[01m[K;[m[K’ [[01;35m[K-Wpedantic[m[K]
   23 | CEREAL_REGISTER_POLYMORPHIC_RELATION(lbcrypto::CryptoObject<lbcrypto::DCRTPoly>, lbcrypto::LWEPublicKeyImpl<lbcrypto::DCRTPoly>)[01;35m[K;[m[K
      |                                                                                                                                 [01;35m[K^[m[K
In file included from [01m[K/usr/local/include/openfhe/core/utils/serializable.h:61[m[K,
                 from [01m[K/usr/local/include/openfhe/core/math/hal/bigintdyn/ubintdyn.h:51[m[K,
                 from [01m[K/usr/local/include/openfhe/core/math/hal/bigintdyn/mubintvecdyn.h:43[m[K,
                 from [01m[K/usr/local/include/openfhe/core/math/hal/bigintdyn/backenddyn.h:44[m[K,
                 from [01m[K/usr/local/include/openfhe/core/math/hal/bigintbackend.h:38[m[K,
                 from [01m[K/usr/local/include/openfhe/core/math/math-hal.h:48[m[K,
                 from [01m[K/usr/local/include/openfhe/core/lattice/hal/elemparams.h:39[m[K,
                 from [01m[K/usr/local/include/openfhe/core/lattice/hal/default/ilparams.h:39[m[K,
                 from [01m[K/usr/local/include/openfhe/core/lattice/hal/lat-backend.h:49[m[K,
                 from [01m[K/usr/local/include/openfhe/core/lattice/lat-hal.h:35[m[K,
                 from [01m[K/usr/local/include/openfhe/core/openfhecore.h:39[m[K,
                 from [01m[K/usr/local/include/openfhe/pke/openfhe.h:40[m[K,
                 from [01m[K/home/sangwon/ROS2_turtlesim_ws/src/enc_turtle_cpp/src/enc_turtle_plant.cpp:4[m[K:
[01m[K/home/sangwon/ROS2_turtlesim_ws/src/enc_turtle_cpp/src/enc_turtle_plant.cpp:24:82:[m[K [01;31m[Kerror: [m[K‘[01m[Klbcrypto::LWEPrivateKeyImpl[m[K’ is not a template
   24 | CEREAL_REGISTER_POLYMORPHIC_RELATION(lbcrypto::CryptoObject<lbcrypto::DCRTPoly>, [01;31m[Klbcrypto[m[K::LWEPrivateKeyImpl<lbcrypto::DCRTPoly>);
      |                                                                                  [01;31m[K^~~~~~~~[m[K
[01m[K/home/sangwon/ROS2_turtlesim_ws/src/enc_turtle_cpp/src/enc_turtle_plant.cpp:[m[K In static member function ‘[01m[Kstatic void cereal::detail::PolymorphicRelation<lbcrypto::CryptoObject<lbcrypto::DCRTPolyImpl<bigintdyn::mubintvec<bigintdyn::ubint<long unsigned int> > > >, lbcrypto::LWEPrivateKeyImpl>::bind()[m[K’:
[01m[K/home/sangwon/ROS2_turtlesim_ws/src/enc_turtle_cpp/src/enc_turtle_plant.cpp:24:82:[m[K [01;31m[Kerror: [m[K‘[01m[Klbcrypto::LWEPrivateKeyImpl[m[K’ is not a template
   24 | CEREAL_REGISTER_POLYMORPHIC_RELATION(lbcrypto::CryptoObject<lbcrypto::DCRTPoly>, [01;31m[Klbcrypto[m[K::LWEPrivateKeyImpl<lbcrypto::DCRTPoly>);
      |                                                                                  [01;31m[K^~~~~~~~[m[K
[01m[K/home/sangwon/ROS2_turtlesim_ws/src/enc_turtle_cpp/src/enc_turtle_plant.cpp:[m[K At global scope:
[01m[K/home/sangwon/ROS2_turtlesim_ws/src/enc_turtle_cpp/src/enc_turtle_plant.cpp:24:130:[m[K [01;35m[Kwarning: [m[Kextra ‘[01m[K;[m[K’ [[01;35m[K-Wpedantic[m[K]
   24 | CEREAL_REGISTER_POLYMORPHIC_RELATION(lbcrypto::CryptoObject<lbcrypto::DCRTPoly>, lbcrypto::LWEPrivateKeyImpl<lbcrypto::DCRTPoly>)[01;35m[K;[m[K
      |                                                                                                                                  [01;35m[K^[m[K
In file included from [01m[K/usr/local/include/openfhe/core/utils/serializable.h:61[m[K,
                 from [01m[K/usr/local/include/openfhe/core/math/hal/bigintdyn/ubintdyn.h:51[m[K,
                 from [01m[K/usr/local/include/openfhe/core/math/hal/bigintdyn/mubintvecdyn.h:43[m[K,
                 from [01m[K/usr/local/include/openfhe/core/math/hal/bigintdyn/backenddyn.h:44[m[K,
                 from [01m[K/usr/local/include/openfhe/core/math/hal/bigintbackend.h:38[m[K,
                 from [01m[K/usr/local/include/openfhe/core/math/math-hal.h:48[m[K,
                 from [01m[K/usr/local/include/openfhe/core/lattice/hal/elemparams.h:39[m[K,
                 from [01m[K/usr/local/include/openfhe/core/lattice/hal/default/ilparams.h:39[m[K,
                 from [01m[K/usr/local/include/openfhe/core/lattice/hal/lat-backend.h:49[m[K,
                 from [01m[K/usr/local/include/openfhe/core/lattice/lat-hal.h:35[m[K,
                 from [01m[K/usr/local/include/openfhe/core/openfhecore.h:39[m[K,
                 from [01m[K/usr/local/include/openfhe/pke/openfhe.h:40[m[K,
                 from [01m[K/home/sangwon/ROS2_turtlesim_ws/src/enc_turtle_cpp/src/enc_turtle_plant.cpp:4[m[K:
[01m[K/home/sangwon/ROS2_turtlesim_ws/src/enc_turtle_cpp/src/enc_turtle_plant.cpp:25:82:[m[K [01;31m[Kerror: [m[K‘[01m[Klbcrypto::CryptoParametersRNS[m[K’ is not a template
   25 | CEREAL_REGISTER_POLYMORPHIC_RELATION(lbcrypto::CryptoObject<lbcrypto::DCRTPoly>, [01;31m[Klbcrypto[m[K::CryptoParametersRNS<lbcrypto::DCRTPoly>);
      |                                                                                  [01;31m[K^~~~~~~~[m[K
[01m[K/home/sangwon/ROS2_turtlesim_ws/src/enc_turtle_cpp/src/enc_turtle_plant.cpp:[m[K In static member function ‘[01m[Kstatic void cereal::detail::PolymorphicRelation<lbcrypto::CryptoObject<lbcrypto::DCRTPolyImpl<bigintdyn::mubintvec<bigintdyn::ubint<long unsigned int> > > >, lbcrypto::CryptoParametersRNS>::bind()[m[K’:
[01m[K/home/sangwon/ROS2_turtlesim_ws/src/enc_turtle_cpp/src/enc_turtle_plant.cpp:25:82:[m[K [01;31m[Kerror: [m[K‘[01m[Klbcrypto::CryptoParametersRNS[m[K’ is not a template
   25 | CEREAL_REGISTER_POLYMORPHIC_RELATION(lbcrypto::CryptoObject<lbcrypto::DCRTPoly>, [01;31m[Klbcrypto[m[K::CryptoParametersRNS<lbcrypto::DCRTPoly>);
      |                                                                                  [01;31m[K^~~~~~~~[m[K
[01m[K/home/sangwon/ROS2_turtlesim_ws/src/enc_turtle_cpp/src/enc_turtle_plant.cpp:[m[K At global scope:
[01m[K/home/sangwon/ROS2_turtlesim_ws/src/enc_turtle_cpp/src/enc_turtle_plant.cpp:25:132:[m[K [01;35m[Kwarning: [m[Kextra ‘[01m[K;[m[K’ [[01;35m[K-Wpedantic[m[K]
   25 | CEREAL_REGISTER_POLYMORPHIC_RELATION(lbcrypto::CryptoObject<lbcrypto::DCRTPoly>, lbcrypto::CryptoParametersRNS<lbcrypto::DCRTPoly>)[01;35m[K;[m[K
      |                                                                                                                                    [01;35m[K^[m[K
In file included from [01m[K/usr/local/include/openfhe/cereal/types/polymorphic.hpp:39[m[K,
                 from [01m[K/usr/local/include/openfhe/core/utils/serializable.h:61[m[K,
                 from [01m[K/usr/local/include/openfhe/core/math/hal/bigintdyn/ubintdyn.h:51[m[K,
                 from [01m[K/usr/local/include/openfhe/core/math/hal/bigintdyn/mubintvecdyn.h:43[m[K,
                 from [01m[K/usr/local/include/openfhe/core/math/hal/bigintdyn/backenddyn.h:44[m[K,
                 from [01m[K/usr/local/include/openfhe/core/math/hal/bigintbackend.h:38[m[K,
                 from [01m[K/usr/local/include/openfhe/core/math/math-hal.h:48[m[K,
                 from [01m[K/usr/local/include/openfhe/core/lattice/hal/elemparams.h:39[m[K,
                 from [01m[K/usr/local/include/openfhe/core/lattice/hal/default/ilparams.h:39[m[K,
                 from [01m[K/usr/local/include/openfhe/core/lattice/hal/lat-backend.h:49[m[K,
                 from [01m[K/usr/local/include/openfhe/core/lattice/lat-hal.h:35[m[K,
                 from [01m[K/usr/local/include/openfhe/core/openfhecore.h:39[m[K,
                 from [01m[K/usr/local/include/openfhe/pke/openfhe.h:40[m[K,
                 from [01m[K/home/sangwon/ROS2_turtlesim_ws/src/enc_turtle_cpp/src/enc_turtle_controller.cpp:3[m[K:
/usr/local/include/openfhe/cereal/details/polymorphic_impl.hpp: In instantiation of ‘[01m[Kconst cereal::detail::bind_to_archives<T, Tag>& cereal::detail::bind_to_archives<T, Tag>::bind() const [with T = std::shared_ptr<lbcrypto::CiphertextImpl<lbcrypto::DCRTPolyImpl<bigintdyn::mubintvec<bigintdyn::ubint<long unsigned int> > > > >; Tag = cereal::detail::polymorphic_binding_tag][m[K’:
[01m[K/home/sangwon/ROS2_turtlesim_ws/src/enc_turtle_cpp/src/enc_turtle_controller.cpp:18:1:[m[K   required from here
[01m[K/usr/local/include/openfhe/cereal/details/polymorphic_impl.hpp:797:48:[m[K [01;31m[Kerror: [m[Kstatic assertion failed: Attempting to register non polymorphic type
  797 |         static_assert( std::is_polymorphic<T>::[01;31m[Kvalue[m[K,
      |                                                [01;31m[K^~~~~[m[K
In file included from [01m[K/usr/local/include/openfhe/cereal/types/polymorphic.hpp:39[m[K,
                 from [01m[K/usr/local/include/openfhe/core/utils/serializable.h:61[m[K,
                 from [01m[K/usr/local/include/openfhe/core/math/hal/bigintdyn/ubintdyn.h:51[m[K,
                 from [01m[K/usr/local/include/openfhe/core/math/hal/bigintdyn/mubintvecdyn.h:43[m[K,
                 from [01m[K/usr/local/include/openfhe/core/math/hal/bigintdyn/backenddyn.h:44[m[K,
                 from [01m[K/usr/local/include/openfhe/core/math/hal/bigintbackend.h:38[m[K,
                 from [01m[K/usr/local/include/openfhe/core/math/math-hal.h:48[m[K,
                 from [01m[K/usr/local/include/openfhe/core/lattice/hal/elemparams.h:39[m[K,
                 from [01m[K/usr/local/include/openfhe/core/lattice/hal/default/ilparams.h:39[m[K,
                 from [01m[K/usr/local/include/openfhe/core/lattice/hal/lat-backend.h:49[m[K,
                 from [01m[K/usr/local/include/openfhe/core/lattice/lat-hal.h:35[m[K,
                 from [01m[K/usr/local/include/openfhe/core/openfhecore.h:39[m[K,
                 from [01m[K/usr/local/include/openfhe/pke/openfhe.h:40[m[K,
                 from [01m[K/home/sangwon/ROS2_turtlesim_ws/src/enc_turtle_cpp/src/enc_turtle_plant.cpp:4[m[K:
/usr/local/include/openfhe/cereal/details/polymorphic_impl.hpp: In instantiation of ‘[01m[Kconst cereal::detail::bind_to_archives<T, Tag>& cereal::detail::bind_to_archives<T, Tag>::bind() const [with T = std::shared_ptr<lbcrypto::CiphertextImpl<lbcrypto::DCRTPolyImpl<bigintdyn::mubintvec<bigintdyn::ubint<long unsigned int> > > > >; Tag = cereal::detail::polymorphic_binding_tag][m[K’:
[01m[K/home/sangwon/ROS2_turtlesim_ws/src/enc_turtle_cpp/src/enc_turtle_plant.cpp:19:1:[m[K   required from here
[01m[K/usr/local/include/openfhe/cereal/details/polymorphic_impl.hpp:797:48:[m[K [01;31m[Kerror: [m[Kstatic assertion failed: Attempting to register non polymorphic type
  797 |         static_assert( std::is_polymorphic<T>::[01;31m[Kvalue[m[K,
      |                                                [01;31m[K^~~~~[m[K
make[2]: *** [CMakeFiles/enc_turtle_controller.dir/build.make:63: CMakeFiles/enc_turtle_controller.dir/src/enc_turtle_controller.cpp.o] Error 1
make[1]: *** [CMakeFiles/Makefile2:159: CMakeFiles/enc_turtle_controller.dir/all] Error 2
make[1]: *** Waiting for unfinished jobs....
make[2]: *** [CMakeFiles/enc_turtle_plant.dir/build.make:63: CMakeFiles/enc_turtle_plant.dir/src/enc_turtle_plant.cpp.o] Error 1
make[1]: *** [CMakeFiles/Makefile2:445: CMakeFiles/enc_turtle_plant.dir/all] Error 2
make: *** [Makefile:141: all] Error 2
