[0.019s] Invoking command in '/home/sangwon/ROS2_turtlesim_ws/build/enc_turtle_cpp': CMAKE_PREFIX_PATH=${CMAKE_PREFIX_PATH}:/opt/ros/foxy /usr/bin/cmake --build /home/sangwon/ROS2_turtlesim_ws/build/enc_turtle_cpp -- -j12 -l12
[0.081s] [  2%] Built target enc_turtle_cpp__cpp
[0.081s] [  9%] Built target enc_turtle_cpp__rosidl_generator_c
[0.083s] [ 14%] Built target bgv_test
[0.094s] [ 19%] Built target turtle_plant
[0.094s] [ 24%] Built target turtle_controller
[0.116s] [ 31%] Built target enc_turtle_cpp__rosidl_typesupport_introspection_c
[0.117s] [ 39%] Built target enc_turtle_cpp__rosidl_typesupport_introspection_cpp
[0.118s] [ 46%] Built target enc_turtle_cpp__rosidl_typesupport_cpp
[0.118s] [ 53%] Built target enc_turtle_cpp__rosidl_typesupport_c
[0.119s] [ 60%] Built target enc_turtle_cpp__rosidl_typesupport_fastrtps_cpp
[0.149s] [ 68%] Built target enc_turtle_cpp__rosidl_typesupport_fastrtps_c
[0.171s] [ 68%] Built target enc_turtle_cpp
[0.183s] [35m[1mScanning dependencies of target enc_turtle_controller[0m
[0.183s] [35m[1mScanning dependencies of target enc_turtle_plant[0m
[0.193s] [ 70%] Built target enc_turtle_cpp__py
[0.216s] [ 75%] [32mBuilding CXX object CMakeFiles/enc_turtle_plant.dir/src/enc_turtle_plant.cpp.o[0m
[0.216s] [ 75%] [32mBuilding CXX object CMakeFiles/enc_turtle_controller.dir/src/enc_turtle_controller.cpp.o[0m
[0.222s] [ 80%] Built target enc_turtle_cpp__python
[0.256s] [ 90%] Built target enc_turtle_cpp__rosidl_typesupport_c__pyext
[0.256s] [ 90%] Built target enc_turtle_cpp__rosidl_typesupport_introspection_c__pyext
[0.257s] [ 95%] Built target enc_turtle_cpp__rosidl_typesupport_fastrtps_c__pyext
[2.399s] [01m[K/home/sangwon/ROS2_turtlesim_ws/src/enc_turtle_cpp/src/enc_turtle_controller.cpp:9:55:[m[K [01;35m[Kwarning: [m[Kextra ‘[01m[K;[m[K’ [[01;35m[K-Wpedantic[m[K]
[2.400s]     9 | CEREAL_REGISTER_TYPE(lbcrypto::CryptoParametersBGVRNS)[01;35m[K;[m[K
[2.400s]       |                                                       [01;35m[K^[m[K
[2.400s] [01m[K/home/sangwon/ROS2_turtlesim_ws/src/enc_turtle_cpp/src/enc_turtle_controller.cpp:10:41:[m[K [01;35m[Kwarning: [m[Kextra ‘[01m[K;[m[K’ [[01;35m[K-Wpedantic[m[K]
[2.400s]    10 | CEREAL_REGISTER_TYPE(lbcrypto::DCRTPoly)[01;35m[K;[m[K
[2.400s]       |                                         [01;35m[K^[m[K
[2.400s] [01m[K/home/sangwon/ROS2_turtlesim_ws/src/enc_turtle_cpp/src/enc_turtle_controller.cpp:11:45:[m[K [01;35m[Kwarning: [m[Kextra ‘[01m[K;[m[K’ [[01;35m[K-Wpedantic[m[K]
[2.400s]    11 | CEREAL_REGISTER_TYPE(lbcrypto::SchemeBGVRNS)[01;35m[K;[m[K
[2.400s]       |                                             [01;35m[K^[m[K
[2.401s] [01m[K/home/sangwon/ROS2_turtlesim_ws/src/enc_turtle_cpp/src/enc_turtle_controller.cpp:12:67:[m[K [01;35m[Kwarning: [m[Kextra ‘[01m[K;[m[K’ [[01;35m[K-Wpedantic[m[K]
[2.401s]    12 | CEREAL_REGISTER_TYPE(lbcrypto::CiphertextImpl<lbcrypto::DCRTPoly>)[01;35m[K;[m[K
[2.401s]       |                                                                   [01;35m[K^[m[K
[2.401s] [01m[K/home/sangwon/ROS2_turtlesim_ws/src/enc_turtle_cpp/src/enc_turtle_controller.cpp:13:65:[m[K [01;35m[Kwarning: [m[Kextra ‘[01m[K;[m[K’ [[01;35m[K-Wpedantic[m[K]
[2.401s]    13 | CEREAL_REGISTER_TYPE(lbcrypto::CryptoObject<lbcrypto::DCRTPoly>)[01;35m[K;[m[K
[2.402s]       |                                                                 [01;35m[K^[m[K
[2.402s] In file included from [01m[K/usr/local/include/openfhe/core/utils/serializable.h:61[m[K,
[2.402s]                  from [01m[K/usr/local/include/openfhe/core/math/hal/bigintdyn/ubintdyn.h:51[m[K,
[2.402s]                  from [01m[K/usr/local/include/openfhe/core/math/hal/bigintdyn/mubintvecdyn.h:43[m[K,
[2.402s]                  from [01m[K/usr/local/include/openfhe/core/math/hal/bigintdyn/backenddyn.h:44[m[K,
[2.402s]                  from [01m[K/usr/local/include/openfhe/core/math/hal/bigintbackend.h:38[m[K,
[2.403s]                  from [01m[K/usr/local/include/openfhe/core/math/math-hal.h:48[m[K,
[2.403s]                  from [01m[K/usr/local/include/openfhe/core/lattice/hal/elemparams.h:39[m[K,
[2.403s]                  from [01m[K/usr/local/include/openfhe/core/lattice/hal/default/ilparams.h:39[m[K,
[2.403s]                  from [01m[K/usr/local/include/openfhe/core/lattice/hal/lat-backend.h:49[m[K,
[2.403s]                  from [01m[K/usr/local/include/openfhe/core/lattice/lat-hal.h:35[m[K,
[2.403s]                  from [01m[K/usr/local/include/openfhe/core/openfhecore.h:39[m[K,
[2.403s]                  from [01m[K/usr/local/include/openfhe/pke/openfhe.h:40[m[K,
[2.403s]                  from [01m[K/home/sangwon/ROS2_turtlesim_ws/src/enc_turtle_cpp/src/enc_turtle_controller.cpp:3[m[K:
[2.403s] [01m[K/home/sangwon/ROS2_turtlesim_ws/src/enc_turtle_cpp/src/enc_turtle_controller.cpp:14:22:[m[K [01;31m[Kerror: [m[K‘[01m[Klbcrypto::LWEPublicKeyImpl[m[K’ is not a template
[2.404s]    14 | CEREAL_REGISTER_TYPE([01;31m[Klbcrypto[m[K::LWEPublicKeyImpl<lbcrypto::DCRTPoly>);
[2.404s]       |                      [01;31m[K^~~~~~~~[m[K
[2.404s] In file included from [01m[K/usr/local/include/openfhe/cereal/types/polymorphic.hpp:39[m[K,
[2.404s]                  from [01m[K/usr/local/include/openfhe/core/utils/serializable.h:61[m[K,
[2.404s]                  from [01m[K/usr/local/include/openfhe/core/math/hal/bigintdyn/ubintdyn.h:51[m[K,
[2.404s]                  from [01m[K/usr/local/include/openfhe/core/math/hal/bigintdyn/mubintvecdyn.h:43[m[K,
[2.404s]                  from [01m[K/usr/local/include/openfhe/core/math/hal/bigintdyn/backenddyn.h:44[m[K,
[2.404s]                  from [01m[K/usr/local/include/openfhe/core/math/hal/bigintbackend.h:38[m[K,
[2.404s]                  from [01m[K/usr/local/include/openfhe/core/math/math-hal.h:48[m[K,
[2.404s]                  from [01m[K/usr/local/include/openfhe/core/lattice/hal/elemparams.h:39[m[K,
[2.404s]                  from [01m[K/usr/local/include/openfhe/core/lattice/hal/default/ilparams.h:39[m[K,
[2.404s]                  from [01m[K/usr/local/include/openfhe/core/lattice/hal/lat-backend.h:49[m[K,
[2.404s]                  from [01m[K/usr/local/include/openfhe/core/lattice/lat-hal.h:35[m[K,
[2.404s]                  from [01m[K/usr/local/include/openfhe/core/openfhecore.h:39[m[K,
[2.404s]                  from [01m[K/usr/local/include/openfhe/pke/openfhe.h:40[m[K,
[2.404s]                  from [01m[K/home/sangwon/ROS2_turtlesim_ws/src/enc_turtle_cpp/src/enc_turtle_controller.cpp:3[m[K:
[2.404s] [01m[K/home/sangwon/ROS2_turtlesim_ws/src/enc_turtle_cpp/src/enc_turtle_controller.cpp:14:22:[m[K [01;31m[Kerror: [m[K‘[01m[Klbcrypto::LWEPublicKeyImpl[m[K’ is not a template
[2.404s]    14 | CEREAL_REGISTER_TYPE([01;31m[Klbcrypto[m[K::LWEPublicKeyImpl<lbcrypto::DCRTPoly>);
[2.404s]       |                      [01;31m[K^~~~~~~~[m[K
[2.404s] [01m[K/home/sangwon/ROS2_turtlesim_ws/src/enc_turtle_cpp/src/enc_turtle_controller.cpp:14:22:[m[K [01;31m[Kerror: [m[K‘[01m[Klbcrypto::LWEPublicKeyImpl[m[K’ is not a template
[2.404s]    14 | CEREAL_REGISTER_TYPE([01;31m[Klbcrypto[m[K::LWEPublicKeyImpl<lbcrypto::DCRTPoly>);
[2.404s]       |                      [01;31m[K^~~~~~~~[m[K
[2.404s] [01m[K/home/sangwon/ROS2_turtlesim_ws/src/enc_turtle_cpp/src/enc_turtle_controller.cpp:14:22:[m[K [01;31m[Kerror: [m[K‘[01m[Klbcrypto::LWEPublicKeyImpl[m[K’ is not a template
[2.404s]    14 | CEREAL_REGISTER_TYPE([01;31m[Klbcrypto[m[K::LWEPublicKeyImpl<lbcrypto::DCRTPoly>);
[2.404s]       |                      [01;31m[K^~~~~~~~[m[K
[2.404s] [01m[K/home/sangwon/ROS2_turtlesim_ws/src/enc_turtle_cpp/src/enc_turtle_controller.cpp:14:69:[m[K [01;35m[Kwarning: [m[Kextra ‘[01m[K;[m[K’ [[01;35m[K-Wpedantic[m[K]
[2.404s]    14 | CEREAL_REGISTER_TYPE(lbcrypto::LWEPublicKeyImpl<lbcrypto::DCRTPoly>)[01;35m[K;[m[K
[2.404s]       |                                                                     [01;35m[K^[m[K
[2.404s] In file included from [01m[K/usr/local/include/openfhe/core/utils/serializable.h:61[m[K,
[2.405s]                  from [01m[K/usr/local/include/openfhe/core/math/hal/bigintdyn/ubintdyn.h:51[m[K,
[2.405s]                  from [01m[K/usr/local/include/openfhe/core/math/hal/bigintdyn/mubintvecdyn.h:43[m[K,
[2.405s]                  from [01m[K/usr/local/include/openfhe/core/math/hal/bigintdyn/backenddyn.h:44[m[K,
[2.405s]                  from [01m[K/usr/local/include/openfhe/core/math/hal/bigintbackend.h:38[m[K,
[2.405s]                  from [01m[K/usr/local/include/openfhe/core/math/math-hal.h:48[m[K,
[2.405s]                  from [01m[K/usr/local/include/openfhe/core/lattice/hal/elemparams.h:39[m[K,
[2.405s]                  from [01m[K/usr/local/include/openfhe/core/lattice/hal/default/ilparams.h:39[m[K,
[2.405s]                  from [01m[K/usr/local/include/openfhe/core/lattice/hal/lat-backend.h:49[m[K,
[2.405s]                  from [01m[K/usr/local/include/openfhe/core/lattice/lat-hal.h:35[m[K,
[2.405s]                  from [01m[K/usr/local/include/openfhe/core/openfhecore.h:39[m[K,
[2.405s]                  from [01m[K/usr/local/include/openfhe/pke/openfhe.h:40[m[K,
[2.405s]                  from [01m[K/home/sangwon/ROS2_turtlesim_ws/src/enc_turtle_cpp/src/enc_turtle_controller.cpp:3[m[K:
[2.405s] [01m[K/home/sangwon/ROS2_turtlesim_ws/src/enc_turtle_cpp/src/enc_turtle_controller.cpp:15:22:[m[K [01;31m[Kerror: [m[K‘[01m[Klbcrypto::LWEPrivateKeyImpl[m[K’ is not a template
[2.405s]    15 | CEREAL_REGISTER_TYPE([01;31m[Klbcrypto[m[K::LWEPrivateKeyImpl<lbcrypto::DCRTPoly>);
[2.405s]       |                      [01;31m[K^~~~~~~~[m[K
[2.405s] In file included from [01m[K/usr/local/include/openfhe/cereal/types/polymorphic.hpp:39[m[K,
[2.405s]                  from [01m[K/usr/local/include/openfhe/core/utils/serializable.h:61[m[K,
[2.405s]                  from [01m[K/usr/local/include/openfhe/core/math/hal/bigintdyn/ubintdyn.h:51[m[K,
[2.405s]                  from [01m[K/usr/local/include/openfhe/core/math/hal/bigintdyn/mubintvecdyn.h:43[m[K,
[2.405s]                  from [01m[K/usr/local/include/openfhe/core/math/hal/bigintdyn/backenddyn.h:44[m[K,
[2.405s]                  from [01m[K/usr/local/include/openfhe/core/math/hal/bigintbackend.h:38[m[K,
[2.405s]                  from [01m[K/usr/local/include/openfhe/core/math/math-hal.h:48[m[K,
[2.405s]                  from [01m[K/usr/local/include/openfhe/core/lattice/hal/elemparams.h:39[m[K,
[2.405s]                  from [01m[K/usr/local/include/openfhe/core/lattice/hal/default/ilparams.h:39[m[K,
[2.405s]                  from [01m[K/usr/local/include/openfhe/core/lattice/hal/lat-backend.h:49[m[K,
[2.405s]                  from [01m[K/usr/local/include/openfhe/core/lattice/lat-hal.h:35[m[K,
[2.405s]                  from [01m[K/usr/local/include/openfhe/core/openfhecore.h:39[m[K,
[2.405s]                  from [01m[K/usr/local/include/openfhe/pke/openfhe.h:40[m[K,
[2.405s]                  from [01m[K/home/sangwon/ROS2_turtlesim_ws/src/enc_turtle_cpp/src/enc_turtle_controller.cpp:3[m[K:
[2.405s] [01m[K/home/sangwon/ROS2_turtlesim_ws/src/enc_turtle_cpp/src/enc_turtle_controller.cpp:15:22:[m[K [01;31m[Kerror: [m[K‘[01m[Klbcrypto::LWEPrivateKeyImpl[m[K’ is not a template
[2.405s]    15 | CEREAL_REGISTER_TYPE([01;31m[Klbcrypto[m[K::LWEPrivateKeyImpl<lbcrypto::DCRTPoly>);
[2.405s]       |                      [01;31m[K^~~~~~~~[m[K
[2.405s] [01m[K/home/sangwon/ROS2_turtlesim_ws/src/enc_turtle_cpp/src/enc_turtle_controller.cpp:15:22:[m[K [01;31m[Kerror: [m[K‘[01m[Klbcrypto::LWEPrivateKeyImpl[m[K’ is not a template
[2.405s]    15 | CEREAL_REGISTER_TYPE([01;31m[Klbcrypto[m[K::LWEPrivateKeyImpl<lbcrypto::DCRTPoly>);
[2.405s]       |                      [01;31m[K^~~~~~~~[m[K
[2.405s] [01m[K/home/sangwon/ROS2_turtlesim_ws/src/enc_turtle_cpp/src/enc_turtle_controller.cpp:15:22:[m[K [01;31m[Kerror: [m[K‘[01m[Klbcrypto::LWEPrivateKeyImpl[m[K’ is not a template
[2.406s]    15 | CEREAL_REGISTER_TYPE([01;31m[Klbcrypto[m[K::LWEPrivateKeyImpl<lbcrypto::DCRTPoly>);
[2.406s]       |                      [01;31m[K^~~~~~~~[m[K
[2.406s] [01m[K/home/sangwon/ROS2_turtlesim_ws/src/enc_turtle_cpp/src/enc_turtle_controller.cpp:15:70:[m[K [01;35m[Kwarning: [m[Kextra ‘[01m[K;[m[K’ [[01;35m[K-Wpedantic[m[K]
[2.406s]    15 | CEREAL_REGISTER_TYPE(lbcrypto::LWEPrivateKeyImpl<lbcrypto::DCRTPoly>)[01;35m[K;[m[K
[2.406s]       |                                                                      [01;35m[K^[m[K
[2.406s] In file included from [01m[K/usr/local/include/openfhe/core/utils/serializable.h:61[m[K,
[2.406s]                  from [01m[K/usr/local/include/openfhe/core/math/hal/bigintdyn/ubintdyn.h:51[m[K,
[2.406s]                  from [01m[K/usr/local/include/openfhe/core/math/hal/bigintdyn/mubintvecdyn.h:43[m[K,
[2.406s]                  from [01m[K/usr/local/include/openfhe/core/math/hal/bigintdyn/backenddyn.h:44[m[K,
[2.406s]                  from [01m[K/usr/local/include/openfhe/core/math/hal/bigintbackend.h:38[m[K,
[2.406s]                  from [01m[K/usr/local/include/openfhe/core/math/math-hal.h:48[m[K,
[2.406s]                  from [01m[K/usr/local/include/openfhe/core/lattice/hal/elemparams.h:39[m[K,
[2.406s]                  from [01m[K/usr/local/include/openfhe/core/lattice/hal/default/ilparams.h:39[m[K,
[2.406s]                  from [01m[K/usr/local/include/openfhe/core/lattice/hal/lat-backend.h:49[m[K,
[2.406s]                  from [01m[K/usr/local/include/openfhe/core/lattice/lat-hal.h:35[m[K,
[2.406s]                  from [01m[K/usr/local/include/openfhe/core/openfhecore.h:39[m[K,
[2.406s]                  from [01m[K/usr/local/include/openfhe/pke/openfhe.h:40[m[K,
[2.406s]                  from [01m[K/home/sangwon/ROS2_turtlesim_ws/src/enc_turtle_cpp/src/enc_turtle_controller.cpp:3[m[K:
[2.406s] [01m[K/home/sangwon/ROS2_turtlesim_ws/src/enc_turtle_cpp/src/enc_turtle_controller.cpp:16:22:[m[K [01;31m[Kerror: [m[K‘[01m[Klbcrypto::CryptoParametersRNS[m[K’ is not a template
[2.406s]    16 | CEREAL_REGISTER_TYPE([01;31m[Klbcrypto[m[K::CryptoParametersRNS<lbcrypto::DCRTPoly>);
[2.406s]       |                      [01;31m[K^~~~~~~~[m[K
[2.406s] In file included from [01m[K/usr/local/include/openfhe/cereal/types/polymorphic.hpp:39[m[K,
[2.406s]                  from [01m[K/usr/local/include/openfhe/core/utils/serializable.h:61[m[K,
[2.406s]                  from [01m[K/usr/local/include/openfhe/core/math/hal/bigintdyn/ubintdyn.h:51[m[K,
[2.406s]                  from [01m[K/usr/local/include/openfhe/core/math/hal/bigintdyn/mubintvecdyn.h:43[m[K,
[2.406s]                  from [01m[K/usr/local/include/openfhe/core/math/hal/bigintdyn/backenddyn.h:44[m[K,
[2.406s]                  from [01m[K/usr/local/include/openfhe/core/math/hal/bigintbackend.h:38[m[K,
[2.406s]                  from [01m[K/usr/local/include/openfhe/core/math/math-hal.h:48[m[K,
[2.406s]                  from [01m[K/usr/local/include/openfhe/core/lattice/hal/elemparams.h:39[m[K,
[2.406s]                  from [01m[K/usr/local/include/openfhe/core/lattice/hal/default/ilparams.h:39[m[K,
[2.406s]                  from [01m[K/usr/local/include/openfhe/core/lattice/hal/lat-backend.h:49[m[K,
[2.406s]                  from [01m[K/usr/local/include/openfhe/core/lattice/lat-hal.h:35[m[K,
[2.406s]                  from [01m[K/usr/local/include/openfhe/core/openfhecore.h:39[m[K,
[2.406s]                  from [01m[K/usr/local/include/openfhe/pke/openfhe.h:40[m[K,
[2.407s]                  from [01m[K/home/sangwon/ROS2_turtlesim_ws/src/enc_turtle_cpp/src/enc_turtle_controller.cpp:3[m[K:
[2.407s] [01m[K/home/sangwon/ROS2_turtlesim_ws/src/enc_turtle_cpp/src/enc_turtle_controller.cpp:16:22:[m[K [01;31m[Kerror: [m[K‘[01m[Klbcrypto::CryptoParametersRNS[m[K’ is not a template
[2.407s]    16 | CEREAL_REGISTER_TYPE([01;31m[Klbcrypto[m[K::CryptoParametersRNS<lbcrypto::DCRTPoly>);
[2.407s]       |                      [01;31m[K^~~~~~~~[m[K
[2.407s] [01m[K/home/sangwon/ROS2_turtlesim_ws/src/enc_turtle_cpp/src/enc_turtle_controller.cpp:16:22:[m[K [01;31m[Kerror: [m[K‘[01m[Klbcrypto::CryptoParametersRNS[m[K’ is not a template
[2.407s]    16 | CEREAL_REGISTER_TYPE([01;31m[Klbcrypto[m[K::CryptoParametersRNS<lbcrypto::DCRTPoly>);
[2.407s]       |                      [01;31m[K^~~~~~~~[m[K
[2.407s] [01m[K/home/sangwon/ROS2_turtlesim_ws/src/enc_turtle_cpp/src/enc_turtle_controller.cpp:16:22:[m[K [01;31m[Kerror: [m[K‘[01m[Klbcrypto::CryptoParametersRNS[m[K’ is not a template
[2.407s]    16 | CEREAL_REGISTER_TYPE([01;31m[Klbcrypto[m[K::CryptoParametersRNS<lbcrypto::DCRTPoly>);
[2.407s]       |                      [01;31m[K^~~~~~~~[m[K
[2.407s] [01m[K/home/sangwon/ROS2_turtlesim_ws/src/enc_turtle_cpp/src/enc_turtle_controller.cpp:16:72:[m[K [01;35m[Kwarning: [m[Kextra ‘[01m[K;[m[K’ [[01;35m[K-Wpedantic[m[K]
[2.407s]    16 | PE(lbcrypto::CryptoParametersRNS<lbcrypto::DCRTPoly>)[01;35m[K;[m[K
[2.407s]       |                                                      [01;35m[K^[m[K
[2.407s] 
[2.407s] In file included from [01m[K/usr/local/include/openfhe/core/utils/serializable.h:61[m[K,
[2.407s]                  from [01m[K/usr/local/include/openfhe/core/math/hal/bigintdyn/ubintdyn.h:51[m[K,
[2.407s]                  from [01m[K/usr/local/include/openfhe/core/math/hal/bigintdyn/mubintvecdyn.h:43[m[K,
[2.407s]                  from [01m[K/usr/local/include/openfhe/core/math/hal/bigintdyn/backenddyn.h:44[m[K,
[2.407s]                  from [01m[K/usr/local/include/openfhe/core/math/hal/bigintbackend.h:38[m[K,
[2.407s]                  from [01m[K/usr/local/include/openfhe/core/math/math-hal.h:48[m[K,
[2.407s]                  from [01m[K/usr/local/include/openfhe/core/lattice/hal/elemparams.h:39[m[K,
[2.407s]                  from [01m[K/usr/local/include/openfhe/core/lattice/hal/default/ilparams.h:39[m[K,
[2.407s]                  from [01m[K/usr/local/include/openfhe/core/lattice/hal/lat-backend.h:49[m[K,
[2.407s]                  from [01m[K/usr/local/include/openfhe/core/lattice/lat-hal.h:35[m[K,
[2.407s]                  from [01m[K/usr/local/include/openfhe/core/openfhecore.h:39[m[K,
[2.407s]                  from [01m[K/usr/local/include/openfhe/pke/openfhe.h:40[m[K,
[2.407s]                  from [01m[K/home/sangwon/ROS2_turtlesim_ws/src/enc_turtle_cpp/src/enc_turtle_controller.cpp:3[m[K:
[2.407s] [01m[K/home/sangwon/ROS2_turtlesim_ws/src/enc_turtle_cpp/src/enc_turtle_controller.cpp:17:32:[m[K [01;31m[Kerror: [m[K‘[01m[KRationalCiphertext[m[K’ is not a member of ‘[01m[Klbcrypto[m[K’; did you mean ‘[01m[KReadOnlyCiphertext[m[K’?
[2.407s]    17 | CEREAL_REGISTER_TYPE(lbcrypto::[01;31m[KRationalCiphertext[m[K<lbcrypto::DCRTPoly>);
[2.407s]       |                                [01;31m[K^~~~~~~~~~~~~~~~~~[m[K
[2.407s] [01m[K/home/sangwon/ROS2_turtlesim_ws/src/enc_turtle_cpp/src/enc_turtle_controller.cpp:17:69:[m[K [01;31m[Kerror: [m[Ktemplate argument 1 is invalid
[2.407s]    17 | _TYPE(lbcrypto::RationalCiphertext<lbcrypto::DCRTPoly[01;31m[K>[m[K);
[2.407s]       |                                                      [01;31m[K^[m[K
[2.407s] 
[2.407s] [01m[K/home/sangwon/ROS2_turtlesim_ws/src/enc_turtle_cpp/src/enc_turtle_controller.cpp:17:1:[m[K [01;31m[Kerror: [m[Kexpected unqualified-id before ‘[01m[K>[m[K’ token
[2.408s]    17 | [01;31m[KCEREAL_REGISTER_TYPE[m[K(lbcrypto::RationalCiphertext<lbcrypto::DCRTPoly>);
[2.408s]       | [01;31m[K^~~~~~~~~~~~~~~~~~~~[m[K
[2.408s] In file included from [01m[K/usr/local/include/openfhe/cereal/types/polymorphic.hpp:39[m[K,
[2.408s]                  from [01m[K/usr/local/include/openfhe/core/utils/serializable.h:61[m[K,
[2.408s]                  from [01m[K/usr/local/include/openfhe/core/math/hal/bigintdyn/ubintdyn.h:51[m[K,
[2.408s]                  from [01m[K/usr/local/include/openfhe/core/math/hal/bigintdyn/mubintvecdyn.h:43[m[K,
[2.408s]                  from [01m[K/usr/local/include/openfhe/core/math/hal/bigintdyn/backenddyn.h:44[m[K,
[2.408s]                  from [01m[K/usr/local/include/openfhe/core/math/hal/bigintbackend.h:38[m[K,
[2.408s]                  from [01m[K/usr/local/include/openfhe/core/math/math-hal.h:48[m[K,
[2.408s]                  from [01m[K/usr/local/include/openfhe/core/lattice/hal/elemparams.h:39[m[K,
[2.408s]                  from [01m[K/usr/local/include/openfhe/core/lattice/hal/default/ilparams.h:39[m[K,
[2.408s]                  from [01m[K/usr/local/include/openfhe/core/lattice/hal/lat-backend.h:49[m[K,
[2.408s]                  from [01m[K/usr/local/include/openfhe/core/lattice/lat-hal.h:35[m[K,
[2.408s]                  from [01m[K/usr/local/include/openfhe/core/openfhecore.h:39[m[K,
[2.408s]                  from [01m[K/usr/local/include/openfhe/pke/openfhe.h:40[m[K,
[2.408s]                  from [01m[K/home/sangwon/ROS2_turtlesim_ws/src/enc_turtle_cpp/src/enc_turtle_controller.cpp:3[m[K:
[2.408s] [01m[K/home/sangwon/ROS2_turtlesim_ws/src/enc_turtle_cpp/src/enc_turtle_controller.cpp:17:32:[m[K [01;31m[Kerror: [m[K‘[01m[KRationalCiphertext[m[K’ is not a member of ‘[01m[Klbcrypto[m[K’; did you mean ‘[01m[KReadOnlyCiphertext[m[K’?
[2.408s]    17 | CEREAL_REGISTER_TYPE(lbcrypto::[01;31m[KRationalCiphertext[m[K<lbcrypto::DCRTPoly>);
[2.408s]       |                                [01;31m[K^~~~~~~~~~~~~~~~~~[m[K
[2.408s] [01m[K/home/sangwon/ROS2_turtlesim_ws/src/enc_turtle_cpp/src/enc_turtle_controller.cpp:17:69:[m[K [01;31m[Kerror: [m[Ktemplate argument 1 is invalid
[2.408s]    17 | _TYPE(lbcrypto::RationalCiphertext<lbcrypto::DCRTPoly[01;31m[K>[m[K);
[2.408s]       |                                                      [01;31m[K^[m[K
[2.408s] 
[2.408s] [01m[K/home/sangwon/ROS2_turtlesim_ws/src/enc_turtle_cpp/src/enc_turtle_controller.cpp:17:1:[m[K [01;31m[Kerror: [m[Kexpected unqualified-id before ‘[01m[K>[m[K’ token
[2.408s]    17 | [01;31m[KCEREAL_REGISTER_TYPE[m[K(lbcrypto::RationalCiphertext<lbcrypto::DCRTPoly>);
[2.408s]       | [01;31m[K^~~~~~~~~~~~~~~~~~~~[m[K
[2.408s] [01m[K/home/sangwon/ROS2_turtlesim_ws/src/enc_turtle_cpp/src/enc_turtle_controller.cpp:17:71:[m[K [01;35m[Kwarning: [m[Kextra ‘[01m[K;[m[K’ [[01;35m[K-Wpedantic[m[K]
[2.408s]    17 | YPE(lbcrypto::RationalCiphertext<lbcrypto::DCRTPoly>)[01;35m[K;[m[K
[2.408s]       |                                                      [01;35m[K^[m[K
[2.408s] 
[2.408s] [01m[K/home/sangwon/ROS2_turtlesim_ws/src/enc_turtle_cpp/src/enc_turtle_controller.cpp:18:63:[m[K [01;35m[Kwarning: [m[Kextra ‘[01m[K;[m[K’ [[01;35m[K-Wpedantic[m[K]
[2.408s]    18 | CEREAL_REGISTER_TYPE(lbcrypto::Ciphertext<lbcrypto::DCRTPoly>)[01;35m[K;[m[K
[2.408s]       |                                                               [01;35m[K^[m[K
[2.408s] [01m[K/home/sangwon/ROS2_turtlesim_ws/src/enc_turtle_cpp/src/enc_turtle_controller.cpp:21:123:[m[K [01;35m[Kwarning: [m[Kextra ‘[01m[K;[m[K’ [[01;35m[K-Wpedantic[m[K]
[2.408s]    21 | bcrypto::DCRTPoly>, lbcrypto::CryptoParametersBGVRNS)[01;35m[K;[m[K
[2.408s]       |                                                      [01;35m[K^[m[K
[2.409s] 
[2.409s] [01m[K/home/sangwon/ROS2_turtlesim_ws/src/enc_turtle_cpp/src/enc_turtle_controller.cpp:22:103:[m[K [01;35m[Kwarning: [m[Kextra ‘[01m[K;[m[K’ [[01;35m[K-Wpedantic[m[K]
[2.409s]    22 | hemeBase<lbcrypto::DCRTPoly>, lbcrypto::SchemeBGVRNS)[01;35m[K;[m[K
[2.409s]       |                                                      [01;35m[K^[m[K
[2.409s] 
[2.409s] In file included from [01m[K/usr/local/include/openfhe/core/utils/serializable.h:61[m[K,
[2.409s]                  from [01m[K/usr/local/include/openfhe/core/math/hal/bigintdyn/ubintdyn.h:51[m[K,
[2.409s]                  from [01m[K/usr/local/include/openfhe/core/math/hal/bigintdyn/mubintvecdyn.h:43[m[K,
[2.409s]                  from [01m[K/usr/local/include/openfhe/core/math/hal/bigintdyn/backenddyn.h:44[m[K,
[2.409s]                  from [01m[K/usr/local/include/openfhe/core/math/hal/bigintbackend.h:38[m[K,
[2.409s]                  from [01m[K/usr/local/include/openfhe/core/math/math-hal.h:48[m[K,
[2.409s]                  from [01m[K/usr/local/include/openfhe/core/lattice/hal/elemparams.h:39[m[K,
[2.409s]                  from [01m[K/usr/local/include/openfhe/core/lattice/hal/default/ilparams.h:39[m[K,
[2.409s]                  from [01m[K/usr/local/include/openfhe/core/lattice/hal/lat-backend.h:49[m[K,
[2.409s]                  from [01m[K/usr/local/include/openfhe/core/lattice/lat-hal.h:35[m[K,
[2.409s]                  from [01m[K/usr/local/include/openfhe/core/openfhecore.h:39[m[K,
[2.409s]                  from [01m[K/usr/local/include/openfhe/pke/openfhe.h:40[m[K,
[2.409s]                  from [01m[K/home/sangwon/ROS2_turtlesim_ws/src/enc_turtle_cpp/src/enc_turtle_controller.cpp:3[m[K:
[2.409s] [01m[K/home/sangwon/ROS2_turtlesim_ws/src/enc_turtle_cpp/src/enc_turtle_controller.cpp:23:82:[m[K [01;31m[Kerror: [m[K‘[01m[Klbcrypto::LWEPublicKeyImpl[m[K’ is not a template
[2.409s]    23 | RELATION(lbcrypto::CryptoObject<lbcrypto::DCRTPoly>, [01;31m[Klbcrypto[m[K::LWEPublicKeyImpl<lbcrypto::DCRTPoly>);
[2.409s]       |                                                      [01;31m[K^~~~~~~~[m[K
[2.409s] 
[2.409s] [01m[K/home/sangwon/ROS2_turtlesim_ws/src/enc_turtle_cpp/src/enc_turtle_controller.cpp:[m[K In static member function ‘[01m[Kstatic void cereal::detail::PolymorphicRelation<lbcrypto::CryptoObject<lbcrypto::DCRTPolyImpl<bigintdyn::mubintvec<bigintdyn::ubint<long unsigned int> > > >, lbcrypto::LWEPublicKeyImpl>::bind()[m[K’:
[2.409s] [01m[K/home/sangwon/ROS2_turtlesim_ws/src/enc_turtle_cpp/src/enc_turtle_controller.cpp:23:82:[m[K [01;31m[Kerror: [m[K‘[01m[Klbcrypto::LWEPublicKeyImpl[m[K’ is not a template
[2.409s]    23 | RELATION(lbcrypto::CryptoObject<lbcrypto::DCRTPoly>, [01;31m[Klbcrypto[m[K::LWEPublicKeyImpl<lbcrypto::DCRTPoly>);
[2.409s]       |                                                      [01;31m[K^~~~~~~~[m[K
[2.409s] 
[2.409s] [01m[K/home/sangwon/ROS2_turtlesim_ws/src/enc_turtle_cpp/src/enc_turtle_controller.cpp:[m[K At global scope:
[2.409s] [01m[K/home/sangwon/ROS2_turtlesim_ws/src/enc_turtle_cpp/src/enc_turtle_controller.cpp:23:129:[m[K [01;35m[Kwarning: [m[Kextra ‘[01m[K;[m[K’ [[01;35m[K-Wpedantic[m[K]
[2.409s]    23 | oly>, lbcrypto::LWEPublicKeyImpl<lbcrypto::DCRTPoly>)[01;35m[K;[m[K
[2.409s]       |                                                      [01;35m[K^[m[K
[2.409s] 
[2.409s] In file included from [01m[K/usr/local/include/openfhe/core/utils/serializable.h:61[m[K,
[2.409s]                  from [01m[K/usr/local/include/openfhe/core/math/hal/bigintdyn/ubintdyn.h:51[m[K,
[2.409s]                  from [01m[K/usr/local/include/openfhe/core/math/hal/bigintdyn/mubintvecdyn.h:43[m[K,
[2.409s]                  from [01m[K/usr/local/include/openfhe/core/math/hal/bigintdyn/backenddyn.h:44[m[K,
[2.409s]                  from [01m[K/usr/local/include/openfhe/core/math/hal/bigintbackend.h:38[m[K,
[2.410s]                  from [01m[K/usr/local/include/openfhe/core/math/math-hal.h:48[m[K,
[2.410s]                  from [01m[K/usr/local/include/openfhe/core/lattice/hal/elemparams.h:39[m[K,
[2.410s]                  from [01m[K/usr/local/include/openfhe/core/lattice/hal/default/ilparams.h:39[m[K,
[2.410s]                  from [01m[K/usr/local/include/openfhe/core/lattice/hal/lat-backend.h:49[m[K,
[2.410s]                  from [01m[K/usr/local/include/openfhe/core/lattice/lat-hal.h:35[m[K,
[2.410s]                  from [01m[K/usr/local/include/openfhe/core/openfhecore.h:39[m[K,
[2.410s]                  from [01m[K/usr/local/include/openfhe/pke/openfhe.h:40[m[K,
[2.410s]                  from [01m[K/home/sangwon/ROS2_turtlesim_ws/src/enc_turtle_cpp/src/enc_turtle_controller.cpp:3[m[K:
[2.410s] [01m[K/home/sangwon/ROS2_turtlesim_ws/src/enc_turtle_cpp/src/enc_turtle_controller.cpp:24:82:[m[K [01;31m[Kerror: [m[K‘[01m[Klbcrypto::LWEPrivateKeyImpl[m[K’ is not a template
[2.410s]    24 | RELATION(lbcrypto::CryptoObject<lbcrypto::DCRTPoly>, [01;31m[Klbcrypto[m[K::LWEPrivateKeyImpl<lbcrypto::DCRTPoly>);
[2.410s]       |                                                      [01;31m[K^~~~~~~~[m[K
[2.410s] 
[2.410s] [01m[K/home/sangwon/ROS2_turtlesim_ws/src/enc_turtle_cpp/src/enc_turtle_controller.cpp:[m[K In static member function ‘[01m[Kstatic void cereal::detail::PolymorphicRelation<lbcrypto::CryptoObject<lbcrypto::DCRTPolyImpl<bigintdyn::mubintvec<bigintdyn::ubint<long unsigned int> > > >, lbcrypto::LWEPrivateKeyImpl>::bind()[m[K’:
[2.410s] [01m[K/home/sangwon/ROS2_turtlesim_ws/src/enc_turtle_cpp/src/enc_turtle_controller.cpp:24:82:[m[K [01;31m[Kerror: [m[K‘[01m[Klbcrypto::LWEPrivateKeyImpl[m[K’ is not a template
[2.410s]    24 | RELATION(lbcrypto::CryptoObject<lbcrypto::DCRTPoly>, [01;31m[Klbcrypto[m[K::LWEPrivateKeyImpl<lbcrypto::DCRTPoly>);
[2.410s]       |                                                      [01;31m[K^~~~~~~~[m[K
[2.410s] 
[2.410s] [01m[K/home/sangwon/ROS2_turtlesim_ws/src/enc_turtle_cpp/src/enc_turtle_controller.cpp:[m[K At global scope:
[2.410s] [01m[K/home/sangwon/ROS2_turtlesim_ws/src/enc_turtle_cpp/src/enc_turtle_controller.cpp:24:130:[m[K [01;35m[Kwarning: [m[Kextra ‘[01m[K;[m[K’ [[01;35m[K-Wpedantic[m[K]
[2.410s]    24 | ly>, lbcrypto::LWEPrivateKeyImpl<lbcrypto::DCRTPoly>)[01;35m[K;[m[K
[2.410s]       |                                                      [01;35m[K^[m[K
[2.410s] 
[2.410s] In file included from [01m[K/usr/local/include/openfhe/core/utils/serializable.h:61[m[K,
[2.410s]                  from [01m[K/usr/local/include/openfhe/core/math/hal/bigintdyn/ubintdyn.h:51[m[K,
[2.410s]                  from [01m[K/usr/local/include/openfhe/core/math/hal/bigintdyn/mubintvecdyn.h:43[m[K,
[2.410s]                  from [01m[K/usr/local/include/openfhe/core/math/hal/bigintdyn/backenddyn.h:44[m[K,
[2.410s]                  from [01m[K/usr/local/include/openfhe/core/math/hal/bigintbackend.h:38[m[K,
[2.410s]                  from [01m[K/usr/local/include/openfhe/core/math/math-hal.h:48[m[K,
[2.410s]                  from [01m[K/usr/local/include/openfhe/core/lattice/hal/elemparams.h:39[m[K,
[2.410s]                  from [01m[K/usr/local/include/openfhe/core/lattice/hal/default/ilparams.h:39[m[K,
[2.410s]                  from [01m[K/usr/local/include/openfhe/core/lattice/hal/lat-backend.h:49[m[K,
[2.410s]                  from [01m[K/usr/local/include/openfhe/core/lattice/lat-hal.h:35[m[K,
[2.410s]                  from [01m[K/usr/local/include/openfhe/core/openfhecore.h:39[m[K,
[2.410s]                  from [01m[K/usr/local/include/openfhe/pke/openfhe.h:40[m[K,
[2.410s]                  from [01m[K/home/sangwon/ROS2_turtlesim_ws/src/enc_turtle_cpp/src/enc_turtle_controller.cpp:3[m[K:
[2.410s] [01m[K/home/sangwon/ROS2_turtlesim_ws/src/enc_turtle_cpp/src/enc_turtle_controller.cpp:25:82:[m[K [01;31m[Kerror: [m[K‘[01m[Klbcrypto::CryptoParametersRNS[m[K’ is not a template
[2.411s]    25 | RELATION(lbcrypto::CryptoObject<lbcrypto::DCRTPoly>, [01;31m[Klbcrypto[m[K::CryptoParametersRNS<lbcrypto::DCRTPoly>);
[2.411s]       |                                                      [01;31m[K^~~~~~~~[m[K
[2.411s] 
[2.411s] [01m[K/home/sangwon/ROS2_turtlesim_ws/src/enc_turtle_cpp/src/enc_turtle_controller.cpp:[m[K In static member function ‘[01m[Kstatic void cereal::detail::PolymorphicRelation<lbcrypto::CryptoObject<lbcrypto::DCRTPolyImpl<bigintdyn::mubintvec<bigintdyn::ubint<long unsigned int> > > >, lbcrypto::CryptoParametersRNS>::bind()[m[K’:
[2.411s] [01m[K/home/sangwon/ROS2_turtlesim_ws/src/enc_turtle_cpp/src/enc_turtle_controller.cpp:25:82:[m[K [01;31m[Kerror: [m[K‘[01m[Klbcrypto::CryptoParametersRNS[m[K’ is not a template
[2.411s]    25 | RELATION(lbcrypto::CryptoObject<lbcrypto::DCRTPoly>, [01;31m[Klbcrypto[m[K::CryptoParametersRNS<lbcrypto::DCRTPoly>);
[2.411s]       |                                                      [01;31m[K^~~~~~~~[m[K
[2.411s] 
[2.411s] [01m[K/home/sangwon/ROS2_turtlesim_ws/src/enc_turtle_cpp/src/enc_turtle_controller.cpp:[m[K At global scope:
[2.411s] [01m[K/home/sangwon/ROS2_turtlesim_ws/src/enc_turtle_cpp/src/enc_turtle_controller.cpp:25:132:[m[K [01;35m[Kwarning: [m[Kextra ‘[01m[K;[m[K’ [[01;35m[K-Wpedantic[m[K]
[2.411s]    25 | >, lbcrypto::CryptoParametersRNS<lbcrypto::DCRTPoly>)[01;35m[K;[m[K
[2.411s]       |                                                      [01;35m[K^[m[K
[2.411s] 
[2.424s] [01m[K/home/sangwon/ROS2_turtlesim_ws/src/enc_turtle_cpp/src/enc_turtle_plant.cpp:10:55:[m[K [01;35m[Kwarning: [m[Kextra ‘[01m[K;[m[K’ [[01;35m[K-Wpedantic[m[K]
[2.424s]    10 | CEREAL_REGISTER_TYPE(lbcrypto::CryptoParametersBGVRNS)[01;35m[K;[m[K
[2.424s]       |                                                       [01;35m[K^[m[K
[2.425s] [01m[K/home/sangwon/ROS2_turtlesim_ws/src/enc_turtle_cpp/src/enc_turtle_plant.cpp:11:41:[m[K [01;35m[Kwarning: [m[Kextra ‘[01m[K;[m[K’ [[01;35m[K-Wpedantic[m[K]
[2.425s]    11 | CEREAL_REGISTER_TYPE(lbcrypto::DCRTPoly)[01;35m[K;[m[K
[2.425s]       |                                         [01;35m[K^[m[K
[2.426s] [01m[K/home/sangwon/ROS2_turtlesim_ws/src/enc_turtle_cpp/src/enc_turtle_plant.cpp:12:45:[m[K [01;35m[Kwarning: [m[Kextra ‘[01m[K;[m[K’ [[01;35m[K-Wpedantic[m[K]
[2.426s]    12 | CEREAL_REGISTER_TYPE(lbcrypto::SchemeBGVRNS)[01;35m[K;[m[K
[2.426s]       |                                             [01;35m[K^[m[K
[2.426s] [01m[K/home/sangwon/ROS2_turtlesim_ws/src/enc_turtle_cpp/src/enc_turtle_plant.cpp:13:67:[m[K [01;35m[Kwarning: [m[Kextra ‘[01m[K;[m[K’ [[01;35m[K-Wpedantic[m[K]
[2.426s]    13 | CEREAL_REGISTER_TYPE(lbcrypto::CiphertextImpl<lbcrypto::DCRTPoly>)[01;35m[K;[m[K
[2.426s]       |                                                                   [01;35m[K^[m[K
[2.426s] [01m[K/home/sangwon/ROS2_turtlesim_ws/src/enc_turtle_cpp/src/enc_turtle_plant.cpp:14:65:[m[K [01;35m[Kwarning: [m[Kextra ‘[01m[K;[m[K’ [[01;35m[K-Wpedantic[m[K]
[2.427s]    14 | CEREAL_REGISTER_TYPE(lbcrypto::CryptoObject<lbcrypto::DCRTPoly>)[01;35m[K;[m[K
[2.427s]       |                                                                 [01;35m[K^[m[K
[2.427s] In file included from [01m[K/usr/local/include/openfhe/core/utils/serializable.h:61[m[K,
[2.427s]                  from [01m[K/usr/local/include/openfhe/core/math/hal/bigintdyn/ubintdyn.h:51[m[K,
[2.427s]                  from [01m[K/usr/local/include/openfhe/core/math/hal/bigintdyn/mubintvecdyn.h:43[m[K,
[2.427s]                  from [01m[K/usr/local/include/openfhe/core/math/hal/bigintdyn/backenddyn.h:44[m[K,
[2.427s]                  from [01m[K/usr/local/include/openfhe/core/math/hal/bigintbackend.h:38[m[K,
[2.427s]                  from [01m[K/usr/local/include/openfhe/core/math/math-hal.h:48[m[K,
[2.427s]                  from [01m[K/usr/local/include/openfhe/core/lattice/hal/elemparams.h:39[m[K,
[2.427s]                  from [01m[K/usr/local/include/openfhe/core/lattice/hal/default/ilparams.h:39[m[K,
[2.427s]                  from [01m[K/usr/local/include/openfhe/core/lattice/hal/lat-backend.h:49[m[K,
[2.427s]                  from [01m[K/usr/local/include/openfhe/core/lattice/lat-hal.h:35[m[K,
[2.427s]                  from [01m[K/usr/local/include/openfhe/core/openfhecore.h:39[m[K,
[2.427s]                  from [01m[K/usr/local/include/openfhe/pke/openfhe.h:40[m[K,
[2.428s]                  from [01m[K/home/sangwon/ROS2_turtlesim_ws/src/enc_turtle_cpp/src/enc_turtle_plant.cpp:4[m[K:
[2.428s] [01m[K/home/sangwon/ROS2_turtlesim_ws/src/enc_turtle_cpp/src/enc_turtle_plant.cpp:15:22:[m[K [01;31m[Kerror: [m[K‘[01m[Klbcrypto::LWEPublicKeyImpl[m[K’ is not a template
[2.428s]    15 | CEREAL_REGISTER_TYPE([01;31m[Klbcrypto[m[K::LWEPublicKeyImpl<lbcrypto::DCRTPoly>);
[2.428s]       |                      [01;31m[K^~~~~~~~[m[K
[2.428s] In file included from [01m[K/usr/local/include/openfhe/cereal/types/polymorphic.hpp:39[m[K,
[2.428s]                  from [01m[K/usr/local/include/openfhe/core/utils/serializable.h:61[m[K,
[2.428s]                  from [01m[K/usr/local/include/openfhe/core/math/hal/bigintdyn/ubintdyn.h:51[m[K,
[2.428s]                  from [01m[K/usr/local/include/openfhe/core/math/hal/bigintdyn/mubintvecdyn.h:43[m[K,
[2.428s]                  from [01m[K/usr/local/include/openfhe/core/math/hal/bigintdyn/backenddyn.h:44[m[K,
[2.428s]                  from [01m[K/usr/local/include/openfhe/core/math/hal/bigintbackend.h:38[m[K,
[2.428s]                  from [01m[K/usr/local/include/openfhe/core/math/math-hal.h:48[m[K,
[2.428s]                  from [01m[K/usr/local/include/openfhe/core/lattice/hal/elemparams.h:39[m[K,
[2.428s]                  from [01m[K/usr/local/include/openfhe/core/lattice/hal/default/ilparams.h:39[m[K,
[2.428s]                  from [01m[K/usr/local/include/openfhe/core/lattice/hal/lat-backend.h:49[m[K,
[2.428s]                  from [01m[K/usr/local/include/openfhe/core/lattice/lat-hal.h:35[m[K,
[2.428s]                  from [01m[K/usr/local/include/openfhe/core/openfhecore.h:39[m[K,
[2.428s]                  from [01m[K/usr/local/include/openfhe/pke/openfhe.h:40[m[K,
[2.428s]                  from [01m[K/home/sangwon/ROS2_turtlesim_ws/src/enc_turtle_cpp/src/enc_turtle_plant.cpp:4[m[K:
[2.428s] [01m[K/home/sangwon/ROS2_turtlesim_ws/src/enc_turtle_cpp/src/enc_turtle_plant.cpp:15:22:[m[K [01;31m[Kerror: [m[K‘[01m[Klbcrypto::LWEPublicKeyImpl[m[K’ is not a template
[2.428s]    15 | CEREAL_REGISTER_TYPE([01;31m[Klbcrypto[m[K::LWEPublicKeyImpl<lbcrypto::DCRTPoly>);
[2.428s]       |                      [01;31m[K^~~~~~~~[m[K
[2.428s] [01m[K/home/sangwon/ROS2_turtlesim_ws/src/enc_turtle_cpp/src/enc_turtle_plant.cpp:15:22:[m[K [01;31m[Kerror: [m[K‘[01m[Klbcrypto::LWEPublicKeyImpl[m[K’ is not a template
[2.428s]    15 | CEREAL_REGISTER_TYPE([01;31m[Klbcrypto[m[K::LWEPublicKeyImpl<lbcrypto::DCRTPoly>);
[2.428s]       |                      [01;31m[K^~~~~~~~[m[K
[2.428s] [01m[K/home/sangwon/ROS2_turtlesim_ws/src/enc_turtle_cpp/src/enc_turtle_plant.cpp:15:22:[m[K [01;31m[Kerror: [m[K‘[01m[Klbcrypto::LWEPublicKeyImpl[m[K’ is not a template
[2.428s]    15 | CEREAL_REGISTER_TYPE([01;31m[Klbcrypto[m[K::LWEPublicKeyImpl<lbcrypto::DCRTPoly>);
[2.428s]       |                      [01;31m[K^~~~~~~~[m[K
[2.428s] [01m[K/home/sangwon/ROS2_turtlesim_ws/src/enc_turtle_cpp/src/enc_turtle_plant.cpp:15:69:[m[K [01;35m[Kwarning: [m[Kextra ‘[01m[K;[m[K’ [[01;35m[K-Wpedantic[m[K]
[2.428s]    15 | CEREAL_REGISTER_TYPE(lbcrypto::LWEPublicKeyImpl<lbcrypto::DCRTPoly>)[01;35m[K;[m[K
[2.428s]       |                                                                     [01;35m[K^[m[K
[2.428s] In file included from [01m[K/usr/local/include/openfhe/core/utils/serializable.h:61[m[K,
[2.428s]                  from [01m[K/usr/local/include/openfhe/core/math/hal/bigintdyn/ubintdyn.h:51[m[K,
[2.428s]                  from [01m[K/usr/local/include/openfhe/core/math/hal/bigintdyn/mubintvecdyn.h:43[m[K,
[2.428s]                  from [01m[K/usr/local/include/openfhe/core/math/hal/bigintdyn/backenddyn.h:44[m[K,
[2.428s]                  from [01m[K/usr/local/include/openfhe/core/math/hal/bigintbackend.h:38[m[K,
[2.428s]                  from [01m[K/usr/local/include/openfhe/core/math/math-hal.h:48[m[K,
[2.428s]                  from [01m[K/usr/local/include/openfhe/core/lattice/hal/elemparams.h:39[m[K,
[2.429s]                  from [01m[K/usr/local/include/openfhe/core/lattice/hal/default/ilparams.h:39[m[K,
[2.429s]                  from [01m[K/usr/local/include/openfhe/core/lattice/hal/lat-backend.h:49[m[K,
[2.429s]                  from [01m[K/usr/local/include/openfhe/core/lattice/lat-hal.h:35[m[K,
[2.429s]                  from [01m[K/usr/local/include/openfhe/core/openfhecore.h:39[m[K,
[2.429s]                  from [01m[K/usr/local/include/openfhe/pke/openfhe.h:40[m[K,
[2.429s]                  from [01m[K/home/sangwon/ROS2_turtlesim_ws/src/enc_turtle_cpp/src/enc_turtle_plant.cpp:4[m[K:
[2.429s] [01m[K/home/sangwon/ROS2_turtlesim_ws/src/enc_turtle_cpp/src/enc_turtle_plant.cpp:16:22:[m[K [01;31m[Kerror: [m[K‘[01m[Klbcrypto::LWEPrivateKeyImpl[m[K’ is not a template
[2.429s]    16 | CEREAL_REGISTER_TYPE([01;31m[Klbcrypto[m[K::LWEPrivateKeyImpl<lbcrypto::DCRTPoly>);
[2.429s]       |                      [01;31m[K^~~~~~~~[m[K
[2.429s] In file included from [01m[K/usr/local/include/openfhe/cereal/types/polymorphic.hpp:39[m[K,
[2.429s]                  from [01m[K/usr/local/include/openfhe/core/utils/serializable.h:61[m[K,
[2.429s]                  from [01m[K/usr/local/include/openfhe/core/math/hal/bigintdyn/ubintdyn.h:51[m[K,
[2.429s]                  from [01m[K/usr/local/include/openfhe/core/math/hal/bigintdyn/mubintvecdyn.h:43[m[K,
[2.429s]                  from [01m[K/usr/local/include/openfhe/core/math/hal/bigintdyn/backenddyn.h:44[m[K,
[2.429s]                  from [01m[K/usr/local/include/openfhe/core/math/hal/bigintbackend.h:38[m[K,
[2.429s]                  from [01m[K/usr/local/include/openfhe/core/math/math-hal.h:48[m[K,
[2.429s]                  from [01m[K/usr/local/include/openfhe/core/lattice/hal/elemparams.h:39[m[K,
[2.429s]                  from [01m[K/usr/local/include/openfhe/core/lattice/hal/default/ilparams.h:39[m[K,
[2.429s]                  from [01m[K/usr/local/include/openfhe/core/lattice/hal/lat-backend.h:49[m[K,
[2.429s]                  from [01m[K/usr/local/include/openfhe/core/lattice/lat-hal.h:35[m[K,
[2.429s]                  from [01m[K/usr/local/include/openfhe/core/openfhecore.h:39[m[K,
[2.429s]                  from [01m[K/usr/local/include/openfhe/pke/openfhe.h:40[m[K,
[2.429s]                  from [01m[K/home/sangwon/ROS2_turtlesim_ws/src/enc_turtle_cpp/src/enc_turtle_plant.cpp:4[m[K:
[2.429s] [01m[K/home/sangwon/ROS2_turtlesim_ws/src/enc_turtle_cpp/src/enc_turtle_plant.cpp:16:22:[m[K [01;31m[Kerror: [m[K‘[01m[Klbcrypto::LWEPrivateKeyImpl[m[K’ is not a template
[2.429s]    16 | CEREAL_REGISTER_TYPE([01;31m[Klbcrypto[m[K::LWEPrivateKeyImpl<lbcrypto::DCRTPoly>);
[2.429s]       |                      [01;31m[K^~~~~~~~[m[K
[2.429s] [01m[K/home/sangwon/ROS2_turtlesim_ws/src/enc_turtle_cpp/src/enc_turtle_plant.cpp:16:22:[m[K [01;31m[Kerror: [m[K‘[01m[Klbcrypto::LWEPrivateKeyImpl[m[K’ is not a template
[2.429s]    16 | CEREAL_REGISTER_TYPE([01;31m[Klbcrypto[m[K::LWEPrivateKeyImpl<lbcrypto::DCRTPoly>);
[2.429s]       |                      [01;31m[K^~~~~~~~[m[K
[2.429s] [01m[K/home/sangwon/ROS2_turtlesim_ws/src/enc_turtle_cpp/src/enc_turtle_plant.cpp:16:22:[m[K [01;31m[Kerror: [m[K‘[01m[Klbcrypto::LWEPrivateKeyImpl[m[K’ is not a template
[2.429s]    16 | CEREAL_REGISTER_TYPE([01;31m[Klbcrypto[m[K::LWEPrivateKeyImpl<lbcrypto::DCRTPoly>);
[2.430s]       |                      [01;31m[K^~~~~~~~[m[K
[2.430s] [01m[K/home/sangwon/ROS2_turtlesim_ws/src/enc_turtle_cpp/src/enc_turtle_plant.cpp:16:70:[m[K [01;35m[Kwarning: [m[Kextra ‘[01m[K;[m[K’ [[01;35m[K-Wpedantic[m[K]
[2.430s]    16 | CEREAL_REGISTER_TYPE(lbcrypto::LWEPrivateKeyImpl<lbcrypto::DCRTPoly>)[01;35m[K;[m[K
[2.430s]       |                                                                      [01;35m[K^[m[K
[2.430s] In file included from [01m[K/usr/local/include/openfhe/core/utils/serializable.h:61[m[K,
[2.430s]                  from [01m[K/usr/local/include/openfhe/core/math/hal/bigintdyn/ubintdyn.h:51[m[K,
[2.430s]                  from [01m[K/usr/local/include/openfhe/core/math/hal/bigintdyn/mubintvecdyn.h:43[m[K,
[2.430s]                  from [01m[K/usr/local/include/openfhe/core/math/hal/bigintdyn/backenddyn.h:44[m[K,
[2.430s]                  from [01m[K/usr/local/include/openfhe/core/math/hal/bigintbackend.h:38[m[K,
[2.430s]                  from [01m[K/usr/local/include/openfhe/core/math/math-hal.h:48[m[K,
[2.430s]                  from [01m[K/usr/local/include/openfhe/core/lattice/hal/elemparams.h:39[m[K,
[2.430s]                  from [01m[K/usr/local/include/openfhe/core/lattice/hal/default/ilparams.h:39[m[K,
[2.430s]                  from [01m[K/usr/local/include/openfhe/core/lattice/hal/lat-backend.h:49[m[K,
[2.430s]                  from [01m[K/usr/local/include/openfhe/core/lattice/lat-hal.h:35[m[K,
[2.430s]                  from [01m[K/usr/local/include/openfhe/core/openfhecore.h:39[m[K,
[2.430s]                  from [01m[K/usr/local/include/openfhe/pke/openfhe.h:40[m[K,
[2.430s]                  from [01m[K/home/sangwon/ROS2_turtlesim_ws/src/enc_turtle_cpp/src/enc_turtle_plant.cpp:4[m[K:
[2.430s] [01m[K/home/sangwon/ROS2_turtlesim_ws/src/enc_turtle_cpp/src/enc_turtle_plant.cpp:17:22:[m[K [01;31m[Kerror: [m[K‘[01m[Klbcrypto::CryptoParametersRNS[m[K’ is not a template
[2.430s]    17 | CEREAL_REGISTER_TYPE([01;31m[Klbcrypto[m[K::CryptoParametersRNS<lbcrypto::DCRTPoly>);
[2.430s]       |                      [01;31m[K^~~~~~~~[m[K
[2.430s] In file included from [01m[K/usr/local/include/openfhe/cereal/types/polymorphic.hpp:39[m[K,
[2.430s]                  from [01m[K/usr/local/include/openfhe/core/utils/serializable.h:61[m[K,
[2.430s]                  from [01m[K/usr/local/include/openfhe/core/math/hal/bigintdyn/ubintdyn.h:51[m[K,
[2.430s]                  from [01m[K/usr/local/include/openfhe/core/math/hal/bigintdyn/mubintvecdyn.h:43[m[K,
[2.430s]                  from [01m[K/usr/local/include/openfhe/core/math/hal/bigintdyn/backenddyn.h:44[m[K,
[2.430s]                  from [01m[K/usr/local/include/openfhe/core/math/hal/bigintbackend.h:38[m[K,
[2.430s]                  from [01m[K/usr/local/include/openfhe/core/math/math-hal.h:48[m[K,
[2.430s]                  from [01m[K/usr/local/include/openfhe/core/lattice/hal/elemparams.h:39[m[K,
[2.430s]                  from [01m[K/usr/local/include/openfhe/core/lattice/hal/default/ilparams.h:39[m[K,
[2.430s]                  from [01m[K/usr/local/include/openfhe/core/lattice/hal/lat-backend.h:49[m[K,
[2.430s]                  from [01m[K/usr/local/include/openfhe/core/lattice/lat-hal.h:35[m[K,
[2.430s]                  from [01m[K/usr/local/include/openfhe/core/openfhecore.h:39[m[K,
[2.430s]                  from [01m[K/usr/local/include/openfhe/pke/openfhe.h:40[m[K,
[2.430s]                  from [01m[K/home/sangwon/ROS2_turtlesim_ws/src/enc_turtle_cpp/src/enc_turtle_plant.cpp:4[m[K:
[2.430s] [01m[K/home/sangwon/ROS2_turtlesim_ws/src/enc_turtle_cpp/src/enc_turtle_plant.cpp:17:22:[m[K [01;31m[Kerror: [m[K‘[01m[Klbcrypto::CryptoParametersRNS[m[K’ is not a template
[2.430s]    17 | CEREAL_REGISTER_TYPE([01;31m[Klbcrypto[m[K::CryptoParametersRNS<lbcrypto::DCRTPoly>);
[2.430s]       |                      [01;31m[K^~~~~~~~[m[K
[2.431s] [01m[K/home/sangwon/ROS2_turtlesim_ws/src/enc_turtle_cpp/src/enc_turtle_plant.cpp:17:22:[m[K [01;31m[Kerror: [m[K‘[01m[Klbcrypto::CryptoParametersRNS[m[K’ is not a template
[2.431s]    17 | CEREAL_REGISTER_TYPE([01;31m[Klbcrypto[m[K::CryptoParametersRNS<lbcrypto::DCRTPoly>);
[2.431s]       |                      [01;31m[K^~~~~~~~[m[K
[2.431s] [01m[K/home/sangwon/ROS2_turtlesim_ws/src/enc_turtle_cpp/src/enc_turtle_plant.cpp:17:22:[m[K [01;31m[Kerror: [m[K‘[01m[Klbcrypto::CryptoParametersRNS[m[K’ is not a template
[2.431s]    17 | CEREAL_REGISTER_TYPE([01;31m[Klbcrypto[m[K::CryptoParametersRNS<lbcrypto::DCRTPoly>);
[2.431s]       |                      [01;31m[K^~~~~~~~[m[K
[2.431s] [01m[K/home/sangwon/ROS2_turtlesim_ws/src/enc_turtle_cpp/src/enc_turtle_plant.cpp:17:72:[m[K [01;35m[Kwarning: [m[Kextra ‘[01m[K;[m[K’ [[01;35m[K-Wpedantic[m[K]
[2.431s]    17 | CEREAL_REGISTER_TYPE(lbcrypto::CryptoParametersRNS<lbcrypto::DCRTPoly>)[01;35m[K;[m[K
[2.431s]       |                                                                        [01;35m[K^[m[K
[2.431s] In file included from [01m[K/usr/local/include/openfhe/core/utils/serializable.h:61[m[K,
[2.431s]                  from [01m[K/usr/local/include/openfhe/core/math/hal/bigintdyn/ubintdyn.h:51[m[K,
[2.431s]                  from [01m[K/usr/local/include/openfhe/core/math/hal/bigintdyn/mubintvecdyn.h:43[m[K,
[2.431s]                  from [01m[K/usr/local/include/openfhe/core/math/hal/bigintdyn/backenddyn.h:44[m[K,
[2.431s]                  from [01m[K/usr/local/include/openfhe/core/math/hal/bigintbackend.h:38[m[K,
[2.431s]                  from [01m[K/usr/local/include/openfhe/core/math/math-hal.h:48[m[K,
[2.431s]                  from [01m[K/usr/local/include/openfhe/core/lattice/hal/elemparams.h:39[m[K,
[2.431s]                  from [01m[K/usr/local/include/openfhe/core/lattice/hal/default/ilparams.h:39[m[K,
[2.431s]                  from [01m[K/usr/local/include/openfhe/core/lattice/hal/lat-backend.h:49[m[K,
[2.431s]                  from [01m[K/usr/local/include/openfhe/core/lattice/lat-hal.h:35[m[K,
[2.431s]                  from [01m[K/usr/local/include/openfhe/core/openfhecore.h:39[m[K,
[2.431s]                  from [01m[K/usr/local/include/openfhe/pke/openfhe.h:40[m[K,
[2.431s]                  from [01m[K/home/sangwon/ROS2_turtlesim_ws/src/enc_turtle_cpp/src/enc_turtle_plant.cpp:4[m[K:
[2.431s] [01m[K/home/sangwon/ROS2_turtlesim_ws/src/enc_turtle_cpp/src/enc_turtle_plant.cpp:18:32:[m[K [01;31m[Kerror: [m[K‘[01m[KRationalCiphertext[m[K’ is not a member of ‘[01m[Klbcrypto[m[K’; did you mean ‘[01m[KReadOnlyCiphertext[m[K’?
[2.431s]    18 | CEREAL_REGISTER_TYPE(lbcrypto::[01;31m[KRationalCiphertext[m[K<lbcrypto::DCRTPoly>);
[2.431s]       |                                [01;31m[K^~~~~~~~~~~~~~~~~~[m[K
[2.431s] [01m[K/home/sangwon/ROS2_turtlesim_ws/src/enc_turtle_cpp/src/enc_turtle_plant.cpp:18:69:[m[K [01;31m[Kerror: [m[Ktemplate argument 1 is invalid
[2.431s]    18 | CEREAL_REGISTER_TYPE(lbcrypto::RationalCiphertext<lbcrypto::DCRTPoly[01;31m[K>[m[K);
[2.431s]       |                                                                     [01;31m[K^[m[K
[2.431s] [01m[K/home/sangwon/ROS2_turtlesim_ws/src/enc_turtle_cpp/src/enc_turtle_plant.cpp:18:1:[m[K [01;31m[Kerror: [m[Kexpected unqualified-id before ‘[01m[K>[m[K’ token
[2.431s]    18 | [01;31m[KCEREAL_REGISTER_TYPE[m[K(lbcrypto::RationalCiphertext<lbcrypto::DCRTPoly>);
[2.431s]       | [01;31m[K^~~~~~~~~~~~~~~~~~~~[m[K
[2.432s] In file included from [01m[K/usr/local/include/openfhe/cereal/types/polymorphic.hpp:39[m[K,
[2.432s]                  from [01m[K/usr/local/include/openfhe/core/utils/serializable.h:61[m[K,
[2.432s]                  from [01m[K/usr/local/include/openfhe/core/math/hal/bigintdyn/ubintdyn.h:51[m[K,
[2.432s]                  from [01m[K/usr/local/include/openfhe/core/math/hal/bigintdyn/mubintvecdyn.h:43[m[K,
[2.432s]                  from [01m[K/usr/local/include/openfhe/core/math/hal/bigintdyn/backenddyn.h:44[m[K,
[2.432s]                  from [01m[K/usr/local/include/openfhe/core/math/hal/bigintbackend.h:38[m[K,
[2.432s]                  from [01m[K/usr/local/include/openfhe/core/math/math-hal.h:48[m[K,
[2.432s]                  from [01m[K/usr/local/include/openfhe/core/lattice/hal/elemparams.h:39[m[K,
[2.432s]                  from [01m[K/usr/local/include/openfhe/core/lattice/hal/default/ilparams.h:39[m[K,
[2.432s]                  from [01m[K/usr/local/include/openfhe/core/lattice/hal/lat-backend.h:49[m[K,
[2.432s]                  from [01m[K/usr/local/include/openfhe/core/lattice/lat-hal.h:35[m[K,
[2.432s]                  from [01m[K/usr/local/include/openfhe/core/openfhecore.h:39[m[K,
[2.432s]                  from [01m[K/usr/local/include/openfhe/pke/openfhe.h:40[m[K,
[2.432s]                  from [01m[K/home/sangwon/ROS2_turtlesim_ws/src/enc_turtle_cpp/src/enc_turtle_plant.cpp:4[m[K:
[2.432s] [01m[K/home/sangwon/ROS2_turtlesim_ws/src/enc_turtle_cpp/src/enc_turtle_plant.cpp:18:32:[m[K [01;31m[Kerror: [m[K‘[01m[KRationalCiphertext[m[K’ is not a member of ‘[01m[Klbcrypto[m[K’; did you mean ‘[01m[KReadOnlyCiphertext[m[K’?
[2.432s]    18 | CEREAL_REGISTER_TYPE(lbcrypto::[01;31m[KRationalCiphertext[m[K<lbcrypto::DCRTPoly>);
[2.432s]       |                                [01;31m[K^~~~~~~~~~~~~~~~~~[m[K
[2.432s] [01m[K/home/sangwon/ROS2_turtlesim_ws/src/enc_turtle_cpp/src/enc_turtle_plant.cpp:18:69:[m[K [01;31m[Kerror: [m[Ktemplate argument 1 is invalid
[2.432s]    18 | CEREAL_REGISTER_TYPE(lbcrypto::RationalCiphertext<lbcrypto::DCRTPoly[01;31m[K>[m[K);
[2.432s]       |                                                                     [01;31m[K^[m[K
[2.432s] [01m[K/home/sangwon/ROS2_turtlesim_ws/src/enc_turtle_cpp/src/enc_turtle_plant.cpp:18:1:[m[K [01;31m[Kerror: [m[Kexpected unqualified-id before ‘[01m[K>[m[K’ token
[2.432s]    18 | [01;31m[KCEREAL_REGISTER_TYPE[m[K(lbcrypto::RationalCiphertext<lbcrypto::DCRTPoly>);
[2.432s]       | [01;31m[K^~~~~~~~~~~~~~~~~~~~[m[K
[2.432s] [01m[K/home/sangwon/ROS2_turtlesim_ws/src/enc_turtle_cpp/src/enc_turtle_plant.cpp:18:71:[m[K [01;35m[Kwarning: [m[Kextra ‘[01m[K;[m[K’ [[01;35m[K-Wpedantic[m[K]
[2.432s]    18 | CEREAL_REGISTER_TYPE(lbcrypto::RationalCiphertext<lbcrypto::DCRTPoly>)[01;35m[K;[m[K
[2.433s]       |                                                                       [01;35m[K^[m[K
[2.433s] [01m[K/home/sangwon/ROS2_turtlesim_ws/src/enc_turtle_cpp/src/enc_turtle_plant.cpp:19:63:[m[K [01;35m[Kwarning: [m[Kextra ‘[01m[K;[m[K’ [[01;35m[K-Wpedantic[m[K]
[2.433s]    19 | CEREAL_REGISTER_TYPE(lbcrypto::Ciphertext<lbcrypto::DCRTPoly>)[01;35m[K;[m[K
[2.433s]       |                                                               [01;35m[K^[m[K
[2.433s] [01m[K/home/sangwon/ROS2_turtlesim_ws/src/enc_turtle_cpp/src/enc_turtle_plant.cpp:21:123:[m[K [01;35m[Kwarning: [m[Kextra ‘[01m[K;[m[K’ [[01;35m[K-Wpedantic[m[K]
[2.433s]    21 | CEREAL_REGISTER_POLYMORPHIC_RELATION(lbcrypto::CryptoParametersBase<lbcrypto::DCRTPoly>, lbcrypto::CryptoParametersBGVRNS)[01;35m[K;[m[K
[2.433s]       |                                                                                                                           [01;35m[K^[m[K
[2.433s] [01m[K/home/sangwon/ROS2_turtlesim_ws/src/enc_turtle_cpp/src/enc_turtle_plant.cpp:22:103:[m[K [01;35m[Kwarning: [m[Kextra ‘[01m[K;[m[K’ [[01;35m[K-Wpedantic[m[K]
[2.433s]    22 | CEREAL_REGISTER_POLYMORPHIC_RELATION(lbcrypto::SchemeBase<lbcrypto::DCRTPoly>, lbcrypto::SchemeBGVRNS)[01;35m[K;[m[K
[2.433s]       |                                                                                                       [01;35m[K^[m[K
[2.433s] In file included from [01m[K/usr/local/include/openfhe/core/utils/serializable.h:61[m[K,
[2.433s]                  from [01m[K/usr/local/include/openfhe/core/math/hal/bigintdyn/ubintdyn.h:51[m[K,
[2.433s]                  from [01m[K/usr/local/include/openfhe/core/math/hal/bigintdyn/mubintvecdyn.h:43[m[K,
[2.433s]                  from [01m[K/usr/local/include/openfhe/core/math/hal/bigintdyn/backenddyn.h:44[m[K,
[2.433s]                  from [01m[K/usr/local/include/openfhe/core/math/hal/bigintbackend.h:38[m[K,
[2.433s]                  from [01m[K/usr/local/include/openfhe/core/math/math-hal.h:48[m[K,
[2.433s]                  from [01m[K/usr/local/include/openfhe/core/lattice/hal/elemparams.h:39[m[K,
[2.433s]                  from [01m[K/usr/local/include/openfhe/core/lattice/hal/default/ilparams.h:39[m[K,
[2.433s]                  from [01m[K/usr/local/include/openfhe/core/lattice/hal/lat-backend.h:49[m[K,
[2.433s]                  from [01m[K/usr/local/include/openfhe/core/lattice/lat-hal.h:35[m[K,
[2.433s]                  from [01m[K/usr/local/include/openfhe/core/openfhecore.h:39[m[K,
[2.433s]                  from [01m[K/usr/local/include/openfhe/pke/openfhe.h:40[m[K,
[2.433s]                  from [01m[K/home/sangwon/ROS2_turtlesim_ws/src/enc_turtle_cpp/src/enc_turtle_plant.cpp:4[m[K:
[2.433s] [01m[K/home/sangwon/ROS2_turtlesim_ws/src/enc_turtle_cpp/src/enc_turtle_plant.cpp:23:82:[m[K [01;31m[Kerror: [m[K‘[01m[Klbcrypto::LWEPublicKeyImpl[m[K’ is not a template
[2.433s]    23 | CEREAL_REGISTER_POLYMORPHIC_RELATION(lbcrypto::CryptoObject<lbcrypto::DCRTPoly>, [01;31m[Klbcrypto[m[K::LWEPublicKeyImpl<lbcrypto::DCRTPoly>);
[2.433s]       |                                                                                  [01;31m[K^~~~~~~~[m[K
[2.433s] [01m[K/home/sangwon/ROS2_turtlesim_ws/src/enc_turtle_cpp/src/enc_turtle_plant.cpp:[m[K In static member function ‘[01m[Kstatic void cereal::detail::PolymorphicRelation<lbcrypto::CryptoObject<lbcrypto::DCRTPolyImpl<bigintdyn::mubintvec<bigintdyn::ubint<long unsigned int> > > >, lbcrypto::LWEPublicKeyImpl>::bind()[m[K’:
[2.433s] [01m[K/home/sangwon/ROS2_turtlesim_ws/src/enc_turtle_cpp/src/enc_turtle_plant.cpp:23:82:[m[K [01;31m[Kerror: [m[K‘[01m[Klbcrypto::LWEPublicKeyImpl[m[K’ is not a template
[2.433s]    23 | CEREAL_REGISTER_POLYMORPHIC_RELATION(lbcrypto::CryptoObject<lbcrypto::DCRTPoly>, [01;31m[Klbcrypto[m[K::LWEPublicKeyImpl<lbcrypto::DCRTPoly>);
[2.433s]       |                                                                                  [01;31m[K^~~~~~~~[m[K
[2.434s] [01m[K/home/sangwon/ROS2_turtlesim_ws/src/enc_turtle_cpp/src/enc_turtle_plant.cpp:[m[K At global scope:
[2.434s] [01m[K/home/sangwon/ROS2_turtlesim_ws/src/enc_turtle_cpp/src/enc_turtle_plant.cpp:23:129:[m[K [01;35m[Kwarning: [m[Kextra ‘[01m[K;[m[K’ [[01;35m[K-Wpedantic[m[K]
[2.434s]    23 | CEREAL_REGISTER_POLYMORPHIC_RELATION(lbcrypto::CryptoObject<lbcrypto::DCRTPoly>, lbcrypto::LWEPublicKeyImpl<lbcrypto::DCRTPoly>)[01;35m[K;[m[K
[2.434s]       |                                                                                                                                 [01;35m[K^[m[K
[2.434s] In file included from [01m[K/usr/local/include/openfhe/core/utils/serializable.h:61[m[K,
[2.434s]                  from [01m[K/usr/local/include/openfhe/core/math/hal/bigintdyn/ubintdyn.h:51[m[K,
[2.434s]                  from [01m[K/usr/local/include/openfhe/core/math/hal/bigintdyn/mubintvecdyn.h:43[m[K,
[2.434s]                  from [01m[K/usr/local/include/openfhe/core/math/hal/bigintdyn/backenddyn.h:44[m[K,
[2.434s]                  from [01m[K/usr/local/include/openfhe/core/math/hal/bigintbackend.h:38[m[K,
[2.434s]                  from [01m[K/usr/local/include/openfhe/core/math/math-hal.h:48[m[K,
[2.434s]                  from [01m[K/usr/local/include/openfhe/core/lattice/hal/elemparams.h:39[m[K,
[2.434s]                  from [01m[K/usr/local/include/openfhe/core/lattice/hal/default/ilparams.h:39[m[K,
[2.434s]                  from [01m[K/usr/local/include/openfhe/core/lattice/hal/lat-backend.h:49[m[K,
[2.434s]                  from [01m[K/usr/local/include/openfhe/core/lattice/lat-hal.h:35[m[K,
[2.434s]                  from [01m[K/usr/local/include/openfhe/core/openfhecore.h:39[m[K,
[2.434s]                  from [01m[K/usr/local/include/openfhe/pke/openfhe.h:40[m[K,
[2.434s]                  from [01m[K/home/sangwon/ROS2_turtlesim_ws/src/enc_turtle_cpp/src/enc_turtle_plant.cpp:4[m[K:
[2.434s] [01m[K/home/sangwon/ROS2_turtlesim_ws/src/enc_turtle_cpp/src/enc_turtle_plant.cpp:24:82:[m[K [01;31m[Kerror: [m[K‘[01m[Klbcrypto::LWEPrivateKeyImpl[m[K’ is not a template
[2.434s]    24 | CEREAL_REGISTER_POLYMORPHIC_RELATION(lbcrypto::CryptoObject<lbcrypto::DCRTPoly>, [01;31m[Klbcrypto[m[K::LWEPrivateKeyImpl<lbcrypto::DCRTPoly>);
[2.434s]       |                                                                                  [01;31m[K^~~~~~~~[m[K
[2.434s] [01m[K/home/sangwon/ROS2_turtlesim_ws/src/enc_turtle_cpp/src/enc_turtle_plant.cpp:[m[K In static member function ‘[01m[Kstatic void cereal::detail::PolymorphicRelation<lbcrypto::CryptoObject<lbcrypto::DCRTPolyImpl<bigintdyn::mubintvec<bigintdyn::ubint<long unsigned int> > > >, lbcrypto::LWEPrivateKeyImpl>::bind()[m[K’:
[2.434s] [01m[K/home/sangwon/ROS2_turtlesim_ws/src/enc_turtle_cpp/src/enc_turtle_plant.cpp:24:82:[m[K [01;31m[Kerror: [m[K‘[01m[Klbcrypto::LWEPrivateKeyImpl[m[K’ is not a template
[2.434s]    24 | CEREAL_REGISTER_POLYMORPHIC_RELATION(lbcrypto::CryptoObject<lbcrypto::DCRTPoly>, [01;31m[Klbcrypto[m[K::LWEPrivateKeyImpl<lbcrypto::DCRTPoly>);
[2.434s]       |                                                                                  [01;31m[K^~~~~~~~[m[K
[2.434s] [01m[K/home/sangwon/ROS2_turtlesim_ws/src/enc_turtle_cpp/src/enc_turtle_plant.cpp:[m[K At global scope:
[2.434s] [01m[K/home/sangwon/ROS2_turtlesim_ws/src/enc_turtle_cpp/src/enc_turtle_plant.cpp:24:130:[m[K [01;35m[Kwarning: [m[Kextra ‘[01m[K;[m[K’ [[01;35m[K-Wpedantic[m[K]
[2.434s]    24 | CEREAL_REGISTER_POLYMORPHIC_RELATION(lbcrypto::CryptoObject<lbcrypto::DCRTPoly>, lbcrypto::LWEPrivateKeyImpl<lbcrypto::DCRTPoly>)[01;35m[K;[m[K
[2.434s]       |                                                                                                                                  [01;35m[K^[m[K
[2.435s] In file included from [01m[K/usr/local/include/openfhe/core/utils/serializable.h:61[m[K,
[2.435s]                  from [01m[K/usr/local/include/openfhe/core/math/hal/bigintdyn/ubintdyn.h:51[m[K,
[2.435s]                  from [01m[K/usr/local/include/openfhe/core/math/hal/bigintdyn/mubintvecdyn.h:43[m[K,
[2.435s]                  from [01m[K/usr/local/include/openfhe/core/math/hal/bigintdyn/backenddyn.h:44[m[K,
[2.435s]                  from [01m[K/usr/local/include/openfhe/core/math/hal/bigintbackend.h:38[m[K,
[2.435s]                  from [01m[K/usr/local/include/openfhe/core/math/math-hal.h:48[m[K,
[2.435s]                  from [01m[K/usr/local/include/openfhe/core/lattice/hal/elemparams.h:39[m[K,
[2.435s]                  from [01m[K/usr/local/include/openfhe/core/lattice/hal/default/ilparams.h:39[m[K,
[2.435s]                  from [01m[K/usr/local/include/openfhe/core/lattice/hal/lat-backend.h:49[m[K,
[2.435s]                  from [01m[K/usr/local/include/openfhe/core/lattice/lat-hal.h:35[m[K,
[2.435s]                  from [01m[K/usr/local/include/openfhe/core/openfhecore.h:39[m[K,
[2.435s]                  from [01m[K/usr/local/include/openfhe/pke/openfhe.h:40[m[K,
[2.435s]                  from [01m[K/home/sangwon/ROS2_turtlesim_ws/src/enc_turtle_cpp/src/enc_turtle_plant.cpp:4[m[K:
[2.435s] [01m[K/home/sangwon/ROS2_turtlesim_ws/src/enc_turtle_cpp/src/enc_turtle_plant.cpp:25:82:[m[K [01;31m[Kerror: [m[K‘[01m[Klbcrypto::CryptoParametersRNS[m[K’ is not a template
[2.435s]    25 | CEREAL_REGISTER_POLYMORPHIC_RELATION(lbcrypto::CryptoObject<lbcrypto::DCRTPoly>, [01;31m[Klbcrypto[m[K::CryptoParametersRNS<lbcrypto::DCRTPoly>);
[2.435s]       |                                                                                  [01;31m[K^~~~~~~~[m[K
[2.435s] [01m[K/home/sangwon/ROS2_turtlesim_ws/src/enc_turtle_cpp/src/enc_turtle_plant.cpp:[m[K In static member function ‘[01m[Kstatic void cereal::detail::PolymorphicRelation<lbcrypto::CryptoObject<lbcrypto::DCRTPolyImpl<bigintdyn::mubintvec<bigintdyn::ubint<long unsigned int> > > >, lbcrypto::CryptoParametersRNS>::bind()[m[K’:
[2.435s] [01m[K/home/sangwon/ROS2_turtlesim_ws/src/enc_turtle_cpp/src/enc_turtle_plant.cpp:25:82:[m[K [01;31m[Kerror: [m[K‘[01m[Klbcrypto::CryptoParametersRNS[m[K’ is not a template
[2.435s]    25 | CEREAL_REGISTER_POLYMORPHIC_RELATION(lbcrypto::CryptoObject<lbcrypto::DCRTPoly>, [01;31m[Klbcrypto[m[K::CryptoParametersRNS<lbcrypto::DCRTPoly>);
[2.435s]       |                                                                                  [01;31m[K^~~~~~~~[m[K
[2.435s] [01m[K/home/sangwon/ROS2_turtlesim_ws/src/enc_turtle_cpp/src/enc_turtle_plant.cpp:[m[K At global scope:
[2.435s] [01m[K/home/sangwon/ROS2_turtlesim_ws/src/enc_turtle_cpp/src/enc_turtle_plant.cpp:25:132:[m[K [01;35m[Kwarning: [m[Kextra ‘[01m[K;[m[K’ [[01;35m[K-Wpedantic[m[K]
[2.435s]    25 | CEREAL_REGISTER_POLYMORPHIC_RELATION(lbcrypto::CryptoObject<lbcrypto::DCRTPoly>, lbcrypto::CryptoParametersRNS<lbcrypto::DCRTPoly>)[01;35m[K;[m[K
[2.435s]       |                                                                                                                                    [01;35m[K^[m[K
[2.608s] In file included from [01m[K/usr/local/include/openfhe/cereal/types/polymorphic.hpp:39[m[K,
[2.608s]                  from [01m[K/usr/local/include/openfhe/core/utils/serializable.h:61[m[K,
[2.608s]                  from [01m[K/usr/local/include/openfhe/core/math/hal/bigintdyn/ubintdyn.h:51[m[K,
[2.608s]                  from [01m[K/usr/local/include/openfhe/core/math/hal/bigintdyn/mubintvecdyn.h:43[m[K,
[2.608s]                  from [01m[K/usr/local/include/openfhe/core/math/hal/bigintdyn/backenddyn.h:44[m[K,
[2.608s]                  from [01m[K/usr/local/include/openfhe/core/math/hal/bigintbackend.h:38[m[K,
[2.608s]                  from [01m[K/usr/local/include/openfhe/core/math/math-hal.h:48[m[K,
[2.608s]                  from [01m[K/usr/local/include/openfhe/core/lattice/hal/elemparams.h:39[m[K,
[2.608s]                  from [01m[K/usr/local/include/openfhe/core/lattice/hal/default/ilparams.h:39[m[K,
[2.608s]                  from [01m[K/usr/local/include/openfhe/core/lattice/hal/lat-backend.h:49[m[K,
[2.608s]                  from [01m[K/usr/local/include/openfhe/core/lattice/lat-hal.h:35[m[K,
[2.609s]                  from [01m[K/usr/local/include/openfhe/core/openfhecore.h:39[m[K,
[2.609s]                  from [01m[K/usr/local/include/openfhe/pke/openfhe.h:40[m[K,
[2.609s]                  from [01m[K/home/sangwon/ROS2_turtlesim_ws/src/enc_turtle_cpp/src/enc_turtle_controller.cpp:3[m[K:
[2.609s] /usr/local/include/openfhe/cereal/details/polymorphic_impl.hpp: In instantiation of ‘[01m[Kconst cereal::detail::bind_to_archives<T, Tag>& cereal::detail::bind_to_archives<T, Tag>::bind() const [with T = std::shared_ptr<lbcrypto::CiphertextImpl<lbcrypto::DCRTPolyImpl<bigintdyn::mubintvec<bigintdyn::ubint<long unsigned int> > > > >; Tag = cereal::detail::polymorphic_binding_tag][m[K’:
[2.609s] [01m[K/home/sangwon/ROS2_turtlesim_ws/src/enc_turtle_cpp/src/enc_turtle_controller.cpp:18:1:[m[K   required from here
[2.609s] [01m[K/usr/local/include/openfhe/cereal/details/polymorphic_impl.hpp:797:48:[m[K [01;31m[Kerror: [m[Kstatic assertion failed: Attempting to register non polymorphic type
[2.609s]   797 |         static_assert( std::is_polymorphic<T>::[01;31m[Kvalue[m[K,
[2.609s]       |                                                [01;31m[K^~~~~[m[K
[2.654s] In file included from [01m[K/usr/local/include/openfhe/cereal/types/polymorphic.hpp:39[m[K,
[2.654s]                  from [01m[K/usr/local/include/openfhe/core/utils/serializable.h:61[m[K,
[2.654s]                  from [01m[K/usr/local/include/openfhe/core/math/hal/bigintdyn/ubintdyn.h:51[m[K,
[2.654s]                  from [01m[K/usr/local/include/openfhe/core/math/hal/bigintdyn/mubintvecdyn.h:43[m[K,
[2.655s]                  from [01m[K/usr/local/include/openfhe/core/math/hal/bigintdyn/backenddyn.h:44[m[K,
[2.655s]                  from [01m[K/usr/local/include/openfhe/core/math/hal/bigintbackend.h:38[m[K,
[2.655s]                  from [01m[K/usr/local/include/openfhe/core/math/math-hal.h:48[m[K,
[2.655s]                  from [01m[K/usr/local/include/openfhe/core/lattice/hal/elemparams.h:39[m[K,
[2.655s]                  from [01m[K/usr/local/include/openfhe/core/lattice/hal/default/ilparams.h:39[m[K,
[2.655s]                  from [01m[K/usr/local/include/openfhe/core/lattice/hal/lat-backend.h:49[m[K,
[2.655s]                  from [01m[K/usr/local/include/openfhe/core/lattice/lat-hal.h:35[m[K,
[2.655s]                  from [01m[K/usr/local/include/openfhe/core/openfhecore.h:39[m[K,
[2.655s]                  from [01m[K/usr/local/include/openfhe/pke/openfhe.h:40[m[K,
[2.655s]                  from [01m[K/home/sangwon/ROS2_turtlesim_ws/src/enc_turtle_cpp/src/enc_turtle_plant.cpp:4[m[K:
[2.655s] /usr/local/include/openfhe/cereal/details/polymorphic_impl.hpp: In instantiation of ‘[01m[Kconst cereal::detail::bind_to_archives<T, Tag>& cereal::detail::bind_to_archives<T, Tag>::bind() const [with T = std::shared_ptr<lbcrypto::CiphertextImpl<lbcrypto::DCRTPolyImpl<bigintdyn::mubintvec<bigintdyn::ubint<long unsigned int> > > > >; Tag = cereal::detail::polymorphic_binding_tag][m[K’:
[2.655s] [01m[K/home/sangwon/ROS2_turtlesim_ws/src/enc_turtle_cpp/src/enc_turtle_plant.cpp:19:1:[m[K   required from here
[2.655s] [01m[K/usr/local/include/openfhe/cereal/details/polymorphic_impl.hpp:797:48:[m[K [01;31m[Kerror: [m[Kstatic assertion failed: Attempting to register non polymorphic type
[2.655s]   797 |         static_assert( std::is_polymorphic<T>::[01;31m[Kvalue[m[K,
[2.655s]       |                                                [01;31m[K^~~~~[m[K
[9.008s] make[2]: *** [CMakeFiles/enc_turtle_controller.dir/build.make:63: CMakeFiles/enc_turtle_controller.dir/src/enc_turtle_controller.cpp.o] Error 1
[9.008s] make[1]: *** [CMakeFiles/Makefile2:159: CMakeFiles/enc_turtle_controller.dir/all] Error 2
[9.008s] make[1]: *** Waiting for unfinished jobs....
[9.386s] make[2]: *** [CMakeFiles/enc_turtle_plant.dir/build.make:63: CMakeFiles/enc_turtle_plant.dir/src/enc_turtle_plant.cpp.o] Error 1
[9.386s] make[1]: *** [CMakeFiles/Makefile2:445: CMakeFiles/enc_turtle_plant.dir/all] Error 2
[9.386s] make: *** [Makefile:141: all] Error 2
[9.391s] Invoked command in '/home/sangwon/ROS2_turtlesim_ws/build/enc_turtle_cpp' returned '2': CMAKE_PREFIX_PATH=${CMAKE_PREFIX_PATH}:/opt/ros/foxy /usr/bin/cmake --build /home/sangwon/ROS2_turtlesim_ws/build/enc_turtle_cpp -- -j12 -l12
