[0.017s] Invoking command in '/home/sangwon/ROS2_turtlesim_ws/build/enc_turtle_cpp': CMAKE_PREFIX_PATH=${CMAKE_PREFIX_PATH}:/opt/ros/foxy /usr/bin/cmake --build /home/sangwon/ROS2_turtlesim_ws/build/enc_turtle_cpp -- -j12 -l12
[0.071s] [  2%] Built target enc_turtle_cpp__cpp
[0.073s] [  9%] Built target enc_turtle_cpp__rosidl_generator_c
[0.074s] [ 14%] Built target bgv_test
[0.079s] [ 19%] Built target turtle_plant
[0.087s] [ 24%] Built target turtle_controller
[0.099s] [ 39%] Built target enc_turtle_cpp__rosidl_typesupport_introspection_cpp
[0.100s] [ 39%] Built target enc_turtle_cpp__rosidl_typesupport_fastrtps_cpp
[0.100s] [ 46%] Built target enc_turtle_cpp__rosidl_typesupport_introspection_c
[0.101s] [ 53%] Built target enc_turtle_cpp__rosidl_typesupport_c
[0.102s] [ 60%] Built target enc_turtle_cpp__rosidl_typesupport_cpp
[0.123s] [ 68%] Built target enc_turtle_cpp__rosidl_typesupport_fastrtps_c
[0.141s] [ 68%] Built target enc_turtle_cpp
[0.153s] [35m[1mScanning dependencies of target enc_turtle_plant[0m
[0.153s] [35m[1mScanning dependencies of target enc_turtle_controller[0m
[0.160s] [ 70%] Built target enc_turtle_cpp__py
[0.183s] [ 73%] [32mBuilding CXX object CMakeFiles/enc_turtle_controller.dir/src/enc_turtle_controller.cpp.o[0m
[0.183s] [ 75%] [32mBuilding CXX object CMakeFiles/enc_turtle_plant.dir/src/enc_turtle_plant.cpp.o[0m
[0.187s] [ 80%] Built target enc_turtle_cpp__python
[0.212s] [ 85%] Built target enc_turtle_cpp__rosidl_typesupport_c__pyext
[0.213s] [ 90%] Built target enc_turtle_cpp__rosidl_typesupport_introspection_c__pyext
[0.216s] [ 95%] Built target enc_turtle_cpp__rosidl_typesupport_fastrtps_c__pyext
[2.165s] [01m[K/home/sangwon/ROS2_turtlesim_ws/src/enc_turtle_cpp/src/enc_turtle_plant.cpp:10:55:[m[K [01;35m[Kwarning: [m[Kextra ‘[01m[K;[m[K’ [[01;35m[K-Wpedantic[m[K]
[2.165s]    10 | CEREAL_REGISTER_TYPE(lbcrypto::CryptoParametersBGVRNS)[01;35m[K;[m[K
[2.165s]       |                                                       [01;35m[K^[m[K
[2.165s] [01m[K/home/sangwon/ROS2_turtlesim_ws/src/enc_turtle_cpp/src/enc_turtle_plant.cpp:11:41:[m[K [01;35m[Kwarning: [m[Kextra ‘[01m[K;[m[K’ [[01;35m[K-Wpedantic[m[K]
[2.166s]    11 | CEREAL_REGISTER_TYPE(lbcrypto::DCRTPoly)[01;35m[K;[m[K
[2.166s]       |                                         [01;35m[K^[m[K
[2.166s] [01m[K/home/sangwon/ROS2_turtlesim_ws/src/enc_turtle_cpp/src/enc_turtle_plant.cpp:12:45:[m[K [01;35m[Kwarning: [m[Kextra ‘[01m[K;[m[K’ [[01;35m[K-Wpedantic[m[K]
[2.166s]    12 | CEREAL_REGISTER_TYPE(lbcrypto::SchemeBGVRNS)[01;35m[K;[m[K
[2.166s]       |                                             [01;35m[K^[m[K
[2.167s] [01m[K/home/sangwon/ROS2_turtlesim_ws/src/enc_turtle_cpp/src/enc_turtle_plant.cpp:13:67:[m[K [01;35m[Kwarning: [m[Kextra ‘[01m[K;[m[K’ [[01;35m[K-Wpedantic[m[K]
[2.167s]    13 | CEREAL_REGISTER_TYPE(lbcrypto::CiphertextImpl<lbcrypto::DCRTPoly>)[01;35m[K;[m[K
[2.168s]       |                                                                   [01;35m[K^[m[K
[2.168s] [01m[K/home/sangwon/ROS2_turtlesim_ws/src/enc_turtle_cpp/src/enc_turtle_plant.cpp:14:65:[m[K [01;35m[Kwarning: [m[Kextra ‘[01m[K;[m[K’ [[01;35m[K-Wpedantic[m[K]
[2.168s]    14 | CEREAL_REGISTER_TYPE(lbcrypto::CryptoObject<lbcrypto::DCRTPoly>)[01;35m[K;[m[K
[2.168s]       |                                                                 [01;35m[K^[m[K
[2.168s] In file included from [01m[K/usr/local/include/openfhe/core/utils/serializable.h:61[m[K,
[2.168s]                  from [01m[K/usr/local/include/openfhe/core/math/hal/bigintdyn/ubintdyn.h:51[m[K,
[2.168s]                  from [01m[K/usr/local/include/openfhe/core/math/hal/bigintdyn/mubintvecdyn.h:43[m[K,
[2.168s]                  from [01m[K/usr/local/include/openfhe/core/math/hal/bigintdyn/backenddyn.h:44[m[K,
[2.168s]                  from [01m[K/usr/local/include/openfhe/core/math/hal/bigintbackend.h:38[m[K,
[2.168s]                  from [01m[K/usr/local/include/openfhe/core/math/math-hal.h:48[m[K,
[2.168s]                  from [01m[K/usr/local/include/openfhe/core/lattice/hal/elemparams.h:39[m[K,
[2.168s]                  from [01m[K/usr/local/include/openfhe/core/lattice/hal/default/ilparams.h:39[m[K,
[2.168s]                  from [01m[K/usr/local/include/openfhe/core/lattice/hal/lat-backend.h:49[m[K,
[2.168s]                  from [01m[K/usr/local/include/openfhe/core/lattice/lat-hal.h:35[m[K,
[2.168s]                  from [01m[K/usr/local/include/openfhe/core/openfhecore.h:39[m[K,
[2.168s]                  from [01m[K/usr/local/include/openfhe/pke/openfhe.h:40[m[K,
[2.168s]                  from [01m[K/home/sangwon/ROS2_turtlesim_ws/src/enc_turtle_cpp/src/enc_turtle_plant.cpp:4[m[K:
[2.168s] [01m[K/home/sangwon/ROS2_turtlesim_ws/src/enc_turtle_cpp/src/enc_turtle_plant.cpp:15:22:[m[K [01;31m[Kerror: [m[K‘[01m[Klbcrypto::LWEPublicKeyImpl[m[K’ is not a template
[2.168s]    15 | CEREAL_REGISTER_TYPE([01;31m[Klbcrypto[m[K::LWEPublicKeyImpl<lbcrypto::DCRTPoly>);
[2.168s]       |                      [01;31m[K^~~~~~~~[m[K
[2.168s] In file included from [01m[K/usr/local/include/openfhe/cereal/types/polymorphic.hpp:39[m[K,
[2.168s]                  from [01m[K/usr/local/include/openfhe/core/utils/serializable.h:61[m[K,
[2.168s]                  from [01m[K/usr/local/include/openfhe/core/math/hal/bigintdyn/ubintdyn.h:51[m[K,
[2.168s]                  from [01m[K/usr/local/include/openfhe/core/math/hal/bigintdyn/mubintvecdyn.h:43[m[K,
[2.168s]                  from [01m[K/usr/local/include/openfhe/core/math/hal/bigintdyn/backenddyn.h:44[m[K,
[2.169s]                  from [01m[K/usr/local/include/openfhe/core/math/hal/bigintbackend.h:38[m[K,
[2.169s]                  from [01m[K/usr/local/include/openfhe/core/math/math-hal.h:48[m[K,
[2.169s]                  from [01m[K/usr/local/include/openfhe/core/lattice/hal/elemparams.h:39[m[K,
[2.169s]                  from [01m[K/usr/local/include/openfhe/core/lattice/hal/default/ilparams.h:39[m[K,
[2.169s]                  from [01m[K/usr/local/include/openfhe/core/lattice/hal/lat-backend.h:49[m[K,
[2.169s]                  from [01m[K/usr/local/include/openfhe/core/lattice/lat-hal.h:35[m[K,
[2.169s]                  from [01m[K/usr/local/include/openfhe/core/openfhecore.h:39[m[K,
[2.169s]                  from [01m[K/usr/local/include/openfhe/pke/openfhe.h:40[m[K,
[2.169s]                  from [01m[K/home/sangwon/ROS2_turtlesim_ws/src/enc_turtle_cpp/src/enc_turtle_plant.cpp:4[m[K:
[2.169s] [01m[K/home/sangwon/ROS2_turtlesim_ws/src/enc_turtle_cpp/src/enc_turtle_plant.cpp:15:22:[m[K [01;31m[Kerror: [m[K‘[01m[Klbcrypto::LWEPublicKeyImpl[m[K’ is not a template
[2.169s]    15 | CEREAL_REGISTER_TYPE([01;31m[Klbcrypto[m[K::LWEPublicKeyImpl<lbcrypto::DCRTPoly>);
[2.169s]       |                      [01;31m[K^~~~~~~~[m[K
[2.169s] [01m[K/home/sangwon/ROS2_turtlesim_ws/src/enc_turtle_cpp/src/enc_turtle_plant.cpp:15:22:[m[K [01;31m[Kerror: [m[K‘[01m[Klbcrypto::LWEPublicKeyImpl[m[K’ is not a template
[2.169s]    15 | CEREAL_REGISTER_TYPE([01;31m[Klbcrypto[m[K::LWEPublicKeyImpl<lbcrypto::DCRTPoly>);
[2.169s]       |                      [01;31m[K^~~~~~~~[m[K
[2.169s] [01m[K/home/sangwon/ROS2_turtlesim_ws/src/enc_turtle_cpp/src/enc_turtle_plant.cpp:15:22:[m[K [01;31m[Kerror: [m[K‘[01m[Klbcrypto::LWEPublicKeyImpl[m[K’ is not a template
[2.169s]    15 | CEREAL_REGISTER_TYPE([01;31m[Klbcrypto[m[K::LWEPublicKeyImpl<lbcrypto::DCRTPoly>);
[2.169s]       |                      [01;31m[K^~~~~~~~[m[K
[2.169s] [01m[K/home/sangwon/ROS2_turtlesim_ws/src/enc_turtle_cpp/src/enc_turtle_plant.cpp:15:69:[m[K [01;35m[Kwarning: [m[Kextra ‘[01m[K;[m[K’ [[01;35m[K-Wpedantic[m[K]
[2.169s]    15 | CEREAL_REGISTER_TYPE(lbcrypto::LWEPublicKeyImpl<lbcrypto::DCRTPoly>)[01;35m[K;[m[K
[2.169s]       |                                                                     [01;35m[K^[m[K
[2.169s] In file included from [01m[K/usr/local/include/openfhe/core/utils/serializable.h:61[m[K,
[2.169s]                  from [01m[K/usr/local/include/openfhe/core/math/hal/bigintdyn/ubintdyn.h:51[m[K,
[2.169s]                  from [01m[K/usr/local/include/openfhe/core/math/hal/bigintdyn/mubintvecdyn.h:43[m[K,
[2.169s]                  from [01m[K/usr/local/include/openfhe/core/math/hal/bigintdyn/backenddyn.h:44[m[K,
[2.169s]                  from [01m[K/usr/local/include/openfhe/core/math/hal/bigintbackend.h:38[m[K,
[2.169s]                  from [01m[K/usr/local/include/openfhe/core/math/math-hal.h:48[m[K,
[2.169s]                  from [01m[K/usr/local/include/openfhe/core/lattice/hal/elemparams.h:39[m[K,
[2.169s]                  from [01m[K/usr/local/include/openfhe/core/lattice/hal/default/ilparams.h:39[m[K,
[2.169s]                  from [01m[K/usr/local/include/openfhe/core/lattice/hal/lat-backend.h:49[m[K,
[2.169s]                  from [01m[K/usr/local/include/openfhe/core/lattice/lat-hal.h:35[m[K,
[2.169s]                  from [01m[K/usr/local/include/openfhe/core/openfhecore.h:39[m[K,
[2.169s]                  from [01m[K/usr/local/include/openfhe/pke/openfhe.h:40[m[K,
[2.169s]                  from [01m[K/home/sangwon/ROS2_turtlesim_ws/src/enc_turtle_cpp/src/enc_turtle_plant.cpp:4[m[K:
[2.170s] [01m[K/home/sangwon/ROS2_turtlesim_ws/src/enc_turtle_cpp/src/enc_turtle_plant.cpp:16:22:[m[K [01;31m[Kerror: [m[K‘[01m[Klbcrypto::LWEPrivateKeyImpl[m[K’ is not a template
[2.170s]    16 | CEREAL_REGISTER_TYPE([01;31m[Klbcrypto[m[K::LWEPrivateKeyImpl<lbcrypto::DCRTPoly>);
[2.170s]       |                      [01;31m[K^~~~~~~~[m[K
[2.170s] In file included from [01m[K/usr/local/include/openfhe/cereal/types/polymorphic.hpp:39[m[K,
[2.170s]                  from [01m[K/usr/local/include/openfhe/core/utils/serializable.h:61[m[K,
[2.170s]                  from [01m[K/usr/local/include/openfhe/core/math/hal/bigintdyn/ubintdyn.h:51[m[K,
[2.170s]                  from [01m[K/usr/local/include/openfhe/core/math/hal/bigintdyn/mubintvecdyn.h:43[m[K,
[2.170s]                  from [01m[K/usr/local/include/openfhe/core/math/hal/bigintdyn/backenddyn.h:44[m[K,
[2.170s]                  from [01m[K/usr/local/include/openfhe/core/math/hal/bigintbackend.h:38[m[K,
[2.170s]                  from [01m[K/usr/local/include/openfhe/core/math/math-hal.h:48[m[K,
[2.170s]                  from [01m[K/usr/local/include/openfhe/core/lattice/hal/elemparams.h:39[m[K,
[2.170s]                  from [01m[K/usr/local/include/openfhe/core/lattice/hal/default/ilparams.h:39[m[K,
[2.170s]                  from [01m[K/usr/local/include/openfhe/core/lattice/hal/lat-backend.h:49[m[K,
[2.170s]                  from [01m[K/usr/local/include/openfhe/core/lattice/lat-hal.h:35[m[K,
[2.170s]                  from [01m[K/usr/local/include/openfhe/core/openfhecore.h:39[m[K,
[2.170s]                  from [01m[K/usr/local/include/openfhe/pke/openfhe.h:40[m[K,
[2.170s]                  from [01m[K/home/sangwon/ROS2_turtlesim_ws/src/enc_turtle_cpp/src/enc_turtle_plant.cpp:4[m[K:
[2.170s] [01m[K/home/sangwon/ROS2_turtlesim_ws/src/enc_turtle_cpp/src/enc_turtle_plant.cpp:16:22:[m[K [01;31m[Kerror: [m[K‘[01m[Klbcrypto::LWEPrivateKeyImpl[m[K’ is not a template
[2.170s]    16 | CEREAL_REGISTER_TYPE([01;31m[Klbcrypto[m[K::LWEPrivateKeyImpl<lbcrypto::DCRTPoly>);
[2.170s]       |                      [01;31m[K^~~~~~~~[m[K
[2.170s] [01m[K/home/sangwon/ROS2_turtlesim_ws/src/enc_turtle_cpp/src/enc_turtle_plant.cpp:16:22:[m[K [01;31m[Kerror: [m[K‘[01m[Klbcrypto::LWEPrivateKeyImpl[m[K’ is not a template
[2.170s]    16 | CEREAL_REGISTER_TYPE([01;31m[Klbcrypto[m[K::LWEPrivateKeyImpl<lbcrypto::DCRTPoly>);
[2.170s]       |                      [01;31m[K^~~~~~~~[m[K
[2.170s] [01m[K/home/sangwon/ROS2_turtlesim_ws/src/enc_turtle_cpp/src/enc_turtle_plant.cpp:16:22:[m[K [01;31m[Kerror: [m[K‘[01m[Klbcrypto::LWEPrivateKeyImpl[m[K’ is not a template
[2.170s]    16 | CEREAL_REGISTER_TYPE([01;31m[Klbcrypto[m[K::LWEPrivateKeyImpl<lbcrypto::DCRTPoly>);
[2.170s]       |                      [01;31m[K^~~~~~~~[m[K
[2.170s] [01m[K/home/sangwon/ROS2_turtlesim_ws/src/enc_turtle_cpp/src/enc_turtle_plant.cpp:16:70:[m[K [01;35m[Kwarning: [m[Kextra ‘[01m[K;[m[K’ [[01;35m[K-Wpedantic[m[K]
[2.170s]    16 | CEREAL_REGISTER_TYPE(lbcrypto::LWEPrivateKeyImpl<lbcrypto::DCRTPoly>)[01;35m[K;[m[K
[2.170s]       |                                                                      [01;35m[K^[m[K
[2.170s] In file included from [01m[K/usr/local/include/openfhe/core/utils/serializable.h:61[m[K,
[2.170s]                  from [01m[K/usr/local/include/openfhe/core/math/hal/bigintdyn/ubintdyn.h:51[m[K,
[2.170s]                  from [01m[K/usr/local/include/openfhe/core/math/hal/bigintdyn/mubintvecdyn.h:43[m[K,
[2.170s]                  from [01m[K/usr/local/include/openfhe/core/math/hal/bigintdyn/backenddyn.h:44[m[K,
[2.170s]                  from [01m[K/usr/local/include/openfhe/core/math/hal/bigintbackend.h:38[m[K,
[2.170s]                  from [01m[K/usr/local/include/openfhe/core/math/math-hal.h:48[m[K,
[2.170s]                  from [01m[K/usr/local/include/openfhe/core/lattice/hal/elemparams.h:39[m[K,
[2.171s]                  from [01m[K/usr/local/include/openfhe/core/lattice/hal/default/ilparams.h:39[m[K,
[2.171s]                  from [01m[K/usr/local/include/openfhe/core/lattice/hal/lat-backend.h:49[m[K,
[2.171s]                  from [01m[K/usr/local/include/openfhe/core/lattice/lat-hal.h:35[m[K,
[2.171s]                  from [01m[K/usr/local/include/openfhe/core/openfhecore.h:39[m[K,
[2.171s]                  from [01m[K/usr/local/include/openfhe/pke/openfhe.h:40[m[K,
[2.171s]                  from [01m[K/home/sangwon/ROS2_turtlesim_ws/src/enc_turtle_cpp/src/enc_turtle_plant.cpp:4[m[K:
[2.171s] [01m[K/home/sangwon/ROS2_turtlesim_ws/src/enc_turtle_cpp/src/enc_turtle_plant.cpp:17:22:[m[K [01;31m[Kerror: [m[K‘[01m[Klbcrypto::CryptoParametersRNS[m[K’ is not a template
[2.171s]    17 | CEREAL_REGISTER_TYPE([01;31m[Klbcrypto[m[K::CryptoParametersRNS<lbcrypto::DCRTPoly>);
[2.171s]       |                      [01;31m[K^~~~~~~~[m[K
[2.171s] In file included from [01m[K/usr/local/include/openfhe/cereal/types/polymorphic.hpp:39[m[K,
[2.171s]                  from [01m[K/usr/local/include/openfhe/core/utils/serializable.h:61[m[K,
[2.171s]                  from [01m[K/usr/local/include/openfhe/core/math/hal/bigintdyn/ubintdyn.h:51[m[K,
[2.171s]                  from [01m[K/usr/local/include/openfhe/core/math/hal/bigintdyn/mubintvecdyn.h:43[m[K,
[2.171s]                  from [01m[K/usr/local/include/openfhe/core/math/hal/bigintdyn/backenddyn.h:44[m[K,
[2.171s]                  from [01m[K/usr/local/include/openfhe/core/math/hal/bigintbackend.h:38[m[K,
[2.171s]                  from [01m[K/usr/local/include/openfhe/core/math/math-hal.h:48[m[K,
[2.171s]                  from [01m[K/usr/local/include/openfhe/core/lattice/hal/elemparams.h:39[m[K,
[2.171s]                  from [01m[K/usr/local/include/openfhe/core/lattice/hal/default/ilparams.h:39[m[K,
[2.171s]                  from [01m[K/usr/local/include/openfhe/core/lattice/hal/lat-backend.h:49[m[K,
[2.171s]                  from [01m[K/usr/local/include/openfhe/core/lattice/lat-hal.h:35[m[K,
[2.171s]                  from [01m[K/usr/local/include/openfhe/core/openfhecore.h:39[m[K,
[2.171s]                  from [01m[K/usr/local/include/openfhe/pke/openfhe.h:40[m[K,
[2.171s]                  from [01m[K/home/sangwon/ROS2_turtlesim_ws/src/enc_turtle_cpp/src/enc_turtle_plant.cpp:4[m[K:
[2.171s] [01m[K/home/sangwon/ROS2_turtlesim_ws/src/enc_turtle_cpp/src/enc_turtle_plant.cpp:17:22:[m[K [01;31m[Kerror: [m[K‘[01m[Klbcrypto::CryptoParametersRNS[m[K’ is not a template
[2.171s]    17 | CEREAL_REGISTER_TYPE([01;31m[Klbcrypto[m[K::CryptoParametersRNS<lbcrypto::DCRTPoly>);
[2.171s]       |                      [01;31m[K^~~~~~~~[m[K
[2.171s] [01m[K/home/sangwon/ROS2_turtlesim_ws/src/enc_turtle_cpp/src/enc_turtle_plant.cpp:17:22:[m[K [01;31m[Kerror: [m[K‘[01m[Klbcrypto::CryptoParametersRNS[m[K’ is not a template
[2.171s]    17 | CEREAL_REGISTER_TYPE([01;31m[Klbcrypto[m[K::CryptoParametersRNS<lbcrypto::DCRTPoly>);
[2.171s]       |                      [01;31m[K^~~~~~~~[m[K
[2.171s] [01m[K/home/sangwon/ROS2_turtlesim_ws/src/enc_turtle_cpp/src/enc_turtle_plant.cpp:17:22:[m[K [01;31m[Kerror: [m[K‘[01m[Klbcrypto::CryptoParametersRNS[m[K’ is not a template
[2.171s]    17 | CEREAL_REGISTER_TYPE([01;31m[Klbcrypto[m[K::CryptoParametersRNS<lbcrypto::DCRTPoly>);
[2.171s]       |                      [01;31m[K^~~~~~~~[m[K
[2.171s] [01m[K/home/sangwon/ROS2_turtlesim_ws/src/enc_turtle_cpp/src/enc_turtle_plant.cpp:17:72:[m[K [01;35m[Kwarning: [m[Kextra ‘[01m[K;[m[K’ [[01;35m[K-Wpedantic[m[K]
[2.171s]    17 | CEREAL_REGISTER_TYPE(lbcrypto::CryptoParametersRNS<lbcrypto::DCRTPoly>)[01;35m[K;[m[K
[2.171s]       |                                                                        [01;35m[K^[m[K
[2.171s] In file included from [01m[K/usr/local/include/openfhe/core/utils/serializable.h:61[m[K,
[2.171s]                  from [01m[K/usr/local/include/openfhe/core/math/hal/bigintdyn/ubintdyn.h:51[m[K,
[2.171s]                  from [01m[K/usr/local/include/openfhe/core/math/hal/bigintdyn/mubintvecdyn.h:43[m[K,
[2.171s]                  from [01m[K/usr/local/include/openfhe/core/math/hal/bigintdyn/backenddyn.h:44[m[K,
[2.172s]                  from [01m[K/usr/local/include/openfhe/core/math/hal/bigintbackend.h:38[m[K,
[2.172s]                  from [01m[K/usr/local/include/openfhe/core/math/math-hal.h:48[m[K,
[2.172s]                  from [01m[K/usr/local/include/openfhe/core/lattice/hal/elemparams.h:39[m[K,
[2.172s]                  from [01m[K/usr/local/include/openfhe/core/lattice/hal/default/ilparams.h:39[m[K,
[2.172s]                  from [01m[K/usr/local/include/openfhe/core/lattice/hal/lat-backend.h:49[m[K,
[2.172s]                  from [01m[K/usr/local/include/openfhe/core/lattice/lat-hal.h:35[m[K,
[2.172s]                  from [01m[K/usr/local/include/openfhe/core/openfhecore.h:39[m[K,
[2.172s]                  from [01m[K/usr/local/include/openfhe/pke/openfhe.h:40[m[K,
[2.172s]                  from [01m[K/home/sangwon/ROS2_turtlesim_ws/src/enc_turtle_cpp/src/enc_turtle_plant.cpp:4[m[K:
[2.172s] [01m[K/home/sangwon/ROS2_turtlesim_ws/src/enc_turtle_cpp/src/enc_turtle_plant.cpp:18:32:[m[K [01;31m[Kerror: [m[K‘[01m[KRationalCiphertext[m[K’ is not a member of ‘[01m[Klbcrypto[m[K’; did you mean ‘[01m[KReadOnlyCiphertext[m[K’?
[2.172s]    18 | CEREAL_REGISTER_TYPE(lbcrypto::[01;31m[KRationalCiphertext[m[K<lbcrypto::DCRTPoly>);
[2.172s]       |                                [01;31m[K^~~~~~~~~~~~~~~~~~[m[K
[2.172s] [01m[K/home/sangwon/ROS2_turtlesim_ws/src/enc_turtle_cpp/src/enc_turtle_plant.cpp:18:69:[m[K [01;31m[Kerror: [m[Ktemplate argument 1 is invalid
[2.172s]    18 | CEREAL_REGISTER_TYPE(lbcrypto::RationalCiphertext<lbcrypto::DCRTPoly[01;31m[K>[m[K);
[2.172s]       |                                                                     [01;31m[K^[m[K
[2.172s] [01m[K/home/sangwon/ROS2_turtlesim_ws/src/enc_turtle_cpp/src/enc_turtle_plant.cpp:18:1:[m[K [01;31m[Kerror: [m[Kexpected unqualified-id before ‘[01m[K>[m[K’ token
[2.172s]    18 | [01;31m[KCEREAL_REGISTER_TYPE[m[K(lbcrypto::RationalCiphertext<lbcrypto::DCRTPoly>);
[2.172s]       | [01;31m[K^~~~~~~~~~~~~~~~~~~~[m[K
[2.172s] In file included from [01m[K/usr/local/include/openfhe/cereal/types/polymorphic.hpp:39[m[K,
[2.172s]                  from [01m[K/usr/local/include/openfhe/core/utils/serializable.h:61[m[K,
[2.172s]                  from [01m[K/usr/local/include/openfhe/core/math/hal/bigintdyn/ubintdyn.h:51[m[K,
[2.172s]                  from [01m[K/usr/local/include/openfhe/core/math/hal/bigintdyn/mubintvecdyn.h:43[m[K,
[2.172s]                  from [01m[K/usr/local/include/openfhe/core/math/hal/bigintdyn/backenddyn.h:44[m[K,
[2.172s]                  from [01m[K/usr/local/include/openfhe/core/math/hal/bigintbackend.h:38[m[K,
[2.172s]                  from [01m[K/usr/local/include/openfhe/core/math/math-hal.h:48[m[K,
[2.172s]                  from [01m[K/usr/local/include/openfhe/core/lattice/hal/elemparams.h:39[m[K,
[2.172s]                  from [01m[K/usr/local/include/openfhe/core/lattice/hal/default/ilparams.h:39[m[K,
[2.172s]                  from [01m[K/usr/local/include/openfhe/core/lattice/hal/lat-backend.h:49[m[K,
[2.172s]                  from [01m[K/usr/local/include/openfhe/core/lattice/lat-hal.h:35[m[K,
[2.172s]                  from [01m[K/usr/local/include/openfhe/core/openfhecore.h:39[m[K,
[2.172s]                  from [01m[K/usr/local/include/openfhe/pke/openfhe.h:40[m[K,
[2.172s]                  from [01m[K/home/sangwon/ROS2_turtlesim_ws/src/enc_turtle_cpp/src/enc_turtle_plant.cpp:4[m[K:
[2.172s] [01m[K/home/sangwon/ROS2_turtlesim_ws/src/enc_turtle_cpp/src/enc_turtle_plant.cpp:18:32:[m[K [01;31m[Kerror: [m[K‘[01m[KRationalCiphertext[m[K’ is not a member of ‘[01m[Klbcrypto[m[K’; did you mean ‘[01m[KReadOnlyCiphertext[m[K’?
[2.172s]    18 | CEREAL_REGISTER_TYPE(lbcrypto::[01;31m[KRationalCiphertext[m[K<lbcrypto::DCRTPoly>);
[2.172s]       |                                [01;31m[K^~~~~~~~~~~~~~~~~~[m[K
[2.173s] [01m[K/home/sangwon/ROS2_turtlesim_ws/src/enc_turtle_cpp/src/enc_turtle_plant.cpp:18:69:[m[K [01;31m[Kerror: [m[Ktemplate argument 1 is invalid
[2.173s]    18 | CEREAL_REGISTER_TYPE(lbcrypto::RationalCiphertext<lbcrypto::DCRTPoly[01;31m[K>[m[K);
[2.173s]       |                                                                     [01;31m[K^[m[K
[2.173s] [01m[K/home/sangwon/ROS2_turtlesim_ws/src/enc_turtle_cpp/src/enc_turtle_plant.cpp:18:1:[m[K [01;31m[Kerror: [m[Kexpected unqualified-id before ‘[01m[K>[m[K’ token
[2.173s]    18 | [01;31m[KCEREAL_REGISTER_TYPE[m[K(lbcrypto::RationalCiphertext<lbcrypto::DCRTPoly>);
[2.173s]       | [01;31m[K^~~~~~~~~~~~~~~~~~~~[m[K
[2.173s] [01m[K/home/sangwon/ROS2_turtlesim_ws/src/enc_turtle_cpp/src/enc_turtle_plant.cpp:18:71:[m[K [01;35m[Kwarning: [m[Kextra ‘[01m[K;[m[K’ [[01;35m[K-Wpedantic[m[K]
[2.173s]    18 | CEREAL_REGISTER_TYPE(lbcrypto::RationalCiphertext<lbcrypto::DCRTPoly>)[01;35m[K;[m[K
[2.173s]       |                                                                       [01;35m[K^[m[K
[2.173s] [01m[K/home/sangwon/ROS2_turtlesim_ws/src/enc_turtle_cpp/src/enc_turtle_plant.cpp:19:63:[m[K [01;35m[Kwarning: [m[Kextra ‘[01m[K;[m[K’ [[01;35m[K-Wpedantic[m[K]
[2.173s]    19 | CEREAL_REGISTER_TYPE(lbcrypto::Ciphertext<lbcrypto::DCRTPoly>)[01;35m[K;[m[K
[2.173s]       |                                                               [01;35m[K^[m[K
[2.173s] [01m[K/home/sangwon/ROS2_turtlesim_ws/src/enc_turtle_cpp/src/enc_turtle_plant.cpp:21:123:[m[K [01;35m[Kwarning: [m[Kextra ‘[01m[K;[m[K’ [[01;35m[K-Wpedantic[m[K]
[2.173s]    21 | CEREAL_REGISTER_POLYMORPHIC_RELATION(lbcrypto::CryptoParametersBase<lbcrypto::DCRTPoly>, lbcrypto::CryptoParametersBGVRNS)[01;35m[K;[m[K
[2.173s]       |                                                                                                                           [01;35m[K^[m[K
[2.173s] [01m[K/home/sangwon/ROS2_turtlesim_ws/src/enc_turtle_cpp/src/enc_turtle_plant.cpp:22:103:[m[K [01;35m[Kwarning: [m[Kextra ‘[01m[K;[m[K’ [[01;35m[K-Wpedantic[m[K]
[2.173s]    22 | CEREAL_REGISTER_POLYMORPHIC_RELATION(lbcrypto::SchemeBase<lbcrypto::DCRTPoly>, lbcrypto::SchemeBGVRNS)[01;35m[K;[m[K
[2.173s]       |                                                                                                       [01;35m[K^[m[K
[2.173s] In file included from [01m[K/usr/local/include/openfhe/core/utils/serializable.h:61[m[K,
[2.173s]                  from [01m[K/usr/local/include/openfhe/core/math/hal/bigintdyn/ubintdyn.h:51[m[K,
[2.173s]                  from [01m[K/usr/local/include/openfhe/core/math/hal/bigintdyn/mubintvecdyn.h:43[m[K,
[2.173s]                  from [01m[K/usr/local/include/openfhe/core/math/hal/bigintdyn/backenddyn.h:44[m[K,
[2.173s]                  from [01m[K/usr/local/include/openfhe/core/math/hal/bigintbackend.h:38[m[K,
[2.173s]                  from [01m[K/usr/local/include/openfhe/core/math/math-hal.h:48[m[K,
[2.173s]                  from [01m[K/usr/local/include/openfhe/core/lattice/hal/elemparams.h:39[m[K,
[2.173s]                  from [01m[K/usr/local/include/openfhe/core/lattice/hal/default/ilparams.h:39[m[K,
[2.173s]                  from [01m[K/usr/local/include/openfhe/core/lattice/hal/lat-backend.h:49[m[K,
[2.173s]                  from [01m[K/usr/local/include/openfhe/core/lattice/lat-hal.h:35[m[K,
[2.173s]                  from [01m[K/usr/local/include/openfhe/core/openfhecore.h:39[m[K,
[2.173s]                  from [01m[K/usr/local/include/openfhe/pke/openfhe.h:40[m[K,
[2.173s]                  from [01m[K/home/sangwon/ROS2_turtlesim_ws/src/enc_turtle_cpp/src/enc_turtle_plant.cpp:4[m[K:
[2.173s] [01m[K/home/sangwon/ROS2_turtlesim_ws/src/enc_turtle_cpp/src/enc_turtle_plant.cpp:23:82:[m[K [01;31m[Kerror: [m[K‘[01m[Klbcrypto::LWEPublicKeyImpl[m[K’ is not a template
[2.173s]    23 | CEREAL_REGISTER_POLYMORPHIC_RELATION(lbcrypto::CryptoObject<lbcrypto::DCRTPoly>, [01;31m[Klbcrypto[m[K::LWEPublicKeyImpl<lbcrypto::DCRTPoly>);
[2.173s]       |                                                                                  [01;31m[K^~~~~~~~[m[K
[2.173s] [01m[K/home/sangwon/ROS2_turtlesim_ws/src/enc_turtle_cpp/src/enc_turtle_plant.cpp:[m[K In static member function ‘[01m[Kstatic void cereal::detail::PolymorphicRelation<lbcrypto::CryptoObject<lbcrypto::DCRTPolyImpl<bigintdyn::mubintvec<bigintdyn::ubint<long unsigned int> > > >, lbcrypto::LWEPublicKeyImpl>::bind()[m[K’:
[2.174s] [01m[K/home/sangwon/ROS2_turtlesim_ws/src/enc_turtle_cpp/src/enc_turtle_plant.cpp:23:82:[m[K [01;31m[Kerror: [m[K‘[01m[Klbcrypto::LWEPublicKeyImpl[m[K’ is not a template
[2.174s]    23 | CEREAL_REGISTER_POLYMORPHIC_RELATION(lbcrypto::CryptoObject<lbcrypto::DCRTPoly>, [01;31m[Klbcrypto[m[K::LWEPublicKeyImpl<lbcrypto::DCRTPoly>);
[2.174s]       |                                                                                  [01;31m[K^~~~~~~~[m[K
[2.174s] [01m[K/home/sangwon/ROS2_turtlesim_ws/src/enc_turtle_cpp/src/enc_turtle_plant.cpp:[m[K At global scope:
[2.174s] [01m[K/home/sangwon/ROS2_turtlesim_ws/src/enc_turtle_cpp/src/enc_turtle_plant.cpp:23:129:[m[K [01;35m[Kwarning: [m[Kextra ‘[01m[K;[m[K’ [[01;35m[K-Wpedantic[m[K]
[2.174s]    23 | CEREAL_REGISTER_POLYMORPHIC_RELATION(lbcrypto::CryptoObject<lbcrypto::DCRTPoly>, lbcrypto::LWEPublicKeyImpl<lbcrypto::DCRTPoly>)[01;35m[K;[m[K
[2.174s]       |                                                                                                                                 [01;35m[K^[m[K
[2.174s] In file included from [01m[K/usr/local/include/openfhe/core/utils/serializable.h:61[m[K,
[2.174s]                  from [01m[K/usr/local/include/openfhe/core/math/hal/bigintdyn/ubintdyn.h:51[m[K,
[2.174s]                  from [01m[K/usr/local/include/openfhe/core/math/hal/bigintdyn/mubintvecdyn.h:43[m[K,
[2.174s]                  from [01m[K/usr/local/include/openfhe/core/math/hal/bigintdyn/backenddyn.h:44[m[K,
[2.174s]                  from [01m[K/usr/local/include/openfhe/core/math/hal/bigintbackend.h:38[m[K,
[2.174s]                  from [01m[K/usr/local/include/openfhe/core/math/math-hal.h:48[m[K,
[2.174s]                  from [01m[K/usr/local/include/openfhe/core/lattice/hal/elemparams.h:39[m[K,
[2.174s]                  from [01m[K/usr/local/include/openfhe/core/lattice/hal/default/ilparams.h:39[m[K,
[2.174s]                  from [01m[K/usr/local/include/openfhe/core/lattice/hal/lat-backend.h:49[m[K,
[2.174s]                  from [01m[K/usr/local/include/openfhe/core/lattice/lat-hal.h:35[m[K,
[2.174s]                  from [01m[K/usr/local/include/openfhe/core/openfhecore.h:39[m[K,
[2.174s]                  from [01m[K/usr/local/include/openfhe/pke/openfhe.h:40[m[K,
[2.174s]                  from [01m[K/home/sangwon/ROS2_turtlesim_ws/src/enc_turtle_cpp/src/enc_turtle_plant.cpp:4[m[K:
[2.174s] [01m[K/home/sangwon/ROS2_turtlesim_ws/src/enc_turtle_cpp/src/enc_turtle_plant.cpp:24:82:[m[K [01;31m[Kerror: [m[K‘[01m[Klbcrypto::LWEPrivateKeyImpl[m[K’ is not a template
[2.174s]    24 | CEREAL_REGISTER_POLYMORPHIC_RELATION(lbcrypto::CryptoObject<lbcrypto::DCRTPoly>, [01;31m[Klbcrypto[m[K::LWEPrivateKeyImpl<lbcrypto::DCRTPoly>);
[2.174s]       |                                                                                  [01;31m[K^~~~~~~~[m[K
[2.174s] [01m[K/home/sangwon/ROS2_turtlesim_ws/src/enc_turtle_cpp/src/enc_turtle_plant.cpp:[m[K In static member function ‘[01m[Kstatic void cereal::detail::PolymorphicRelation<lbcrypto::CryptoObject<lbcrypto::DCRTPolyImpl<bigintdyn::mubintvec<bigintdyn::ubint<long unsigned int> > > >, lbcrypto::LWEPrivateKeyImpl>::bind()[m[K’:
[2.174s] [01m[K/home/sangwon/ROS2_turtlesim_ws/src/enc_turtle_cpp/src/enc_turtle_plant.cpp:24:82:[m[K [01;31m[Kerror: [m[K‘[01m[Klbcrypto::LWEPrivateKeyImpl[m[K’ is not a template
[2.174s]    24 | CEREAL_REGISTER_POLYMORPHIC_RELATION(lbcrypto::CryptoObject<lbcrypto::DCRTPoly>, [01;31m[Klbcrypto[m[K::LWEPrivateKeyImpl<lbcrypto::DCRTPoly>);
[2.174s]       |                                                                                  [01;31m[K^~~~~~~~[m[K
[2.174s] [01m[K/home/sangwon/ROS2_turtlesim_ws/src/enc_turtle_cpp/src/enc_turtle_plant.cpp:[m[K At global scope:
[2.174s] [01m[K/home/sangwon/ROS2_turtlesim_ws/src/enc_turtle_cpp/src/enc_turtle_plant.cpp:24:130:[m[K [01;35m[Kwarning: [m[Kextra ‘[01m[K;[m[K’ [[01;35m[K-Wpedantic[m[K]
[2.174s]    24 | CEREAL_REGISTER_POLYMORPHIC_RELATION(lbcrypto::CryptoObject<lbcrypto::DCRTPoly>, lbcrypto::LWEPrivateKeyImpl<lbcrypto::DCRTPoly>)[01;35m[K;[m[K
[2.174s]       |                                                                                                                                  [01;35m[K^[m[K
[2.174s] In file included from [01m[K/usr/local/include/openfhe/core/utils/serializable.h:61[m[K,
[2.175s]                  from [01m[K/usr/local/include/openfhe/core/math/hal/bigintdyn/ubintdyn.h:51[m[K,
[2.175s]                  from [01m[K/usr/local/include/openfhe/core/math/hal/bigintdyn/mubintvecdyn.h:43[m[K,
[2.175s]                  from [01m[K/usr/local/include/openfhe/core/math/hal/bigintdyn/backenddyn.h:44[m[K,
[2.175s]                  from [01m[K/usr/local/include/openfhe/core/math/hal/bigintbackend.h:38[m[K,
[2.175s]                  from [01m[K/usr/local/include/openfhe/core/math/math-hal.h:48[m[K,
[2.175s]                  from [01m[K/usr/local/include/openfhe/core/lattice/hal/elemparams.h:39[m[K,
[2.175s]                  from [01m[K/usr/local/include/openfhe/core/lattice/hal/default/ilparams.h:39[m[K,
[2.175s]                  from [01m[K/usr/local/include/openfhe/core/lattice/hal/lat-backend.h:49[m[K,
[2.175s]                  from [01m[K/usr/local/include/openfhe/core/lattice/lat-hal.h:35[m[K,
[2.175s]                  from [01m[K/usr/local/include/openfhe/core/openfhecore.h:39[m[K,
[2.175s]                  from [01m[K/usr/local/include/openfhe/pke/openfhe.h:40[m[K,
[2.175s]                  from [01m[K/home/sangwon/ROS2_turtlesim_ws/src/enc_turtle_cpp/src/enc_turtle_plant.cpp:4[m[K:
[2.175s] [01m[K/home/sangwon/ROS2_turtlesim_ws/src/enc_turtle_cpp/src/enc_turtle_plant.cpp:25:82:[m[K [01;31m[Kerror: [m[K‘[01m[Klbcrypto::CryptoParametersRNS[m[K’ is not a template
[2.175s]    25 | CEREAL_REGISTER_POLYMORPHIC_RELATION(lbcrypto::CryptoObject<lbcrypto::DCRTPoly>, [01;31m[Klbcrypto[m[K::CryptoParametersRNS<lbcrypto::DCRTPoly>);
[2.175s]       |                                                                                  [01;31m[K^~~~~~~~[m[K
[2.175s] [01m[K/home/sangwon/ROS2_turtlesim_ws/src/enc_turtle_cpp/src/enc_turtle_plant.cpp:[m[K In static member function ‘[01m[Kstatic void cereal::detail::PolymorphicRelation<lbcrypto::CryptoObject<lbcrypto::DCRTPolyImpl<bigintdyn::mubintvec<bigintdyn::ubint<long unsigned int> > > >, lbcrypto::CryptoParametersRNS>::bind()[m[K’:
[2.175s] [01m[K/home/sangwon/ROS2_turtlesim_ws/src/enc_turtle_cpp/src/enc_turtle_plant.cpp:25:82:[m[K [01;31m[Kerror: [m[K‘[01m[Klbcrypto::CryptoParametersRNS[m[K’ is not a template
[2.175s]    25 | CEREAL_REGISTER_POLYMORPHIC_RELATION(lbcrypto::CryptoObject<lbcrypto::DCRTPoly>, [01;31m[Klbcrypto[m[K::CryptoParametersRNS<lbcrypto::DCRTPoly>);
[2.175s]       |                                                                                  [01;31m[K^~~~~~~~[m[K
[2.175s] [01m[K/home/sangwon/ROS2_turtlesim_ws/src/enc_turtle_cpp/src/enc_turtle_plant.cpp:[m[K At global scope:
[2.175s] [01m[K/home/sangwon/ROS2_turtlesim_ws/src/enc_turtle_cpp/src/enc_turtle_plant.cpp:25:132:[m[K [01;35m[Kwarning: [m[Kextra ‘[01m[K;[m[K’ [[01;35m[K-Wpedantic[m[K]
[2.175s]    25 | CEREAL_REGISTER_POLYMORPHIC_RELATION(lbcrypto::CryptoObject<lbcrypto::DCRTPoly>, lbcrypto::CryptoParametersRNS<lbcrypto::DCRTPoly>)[01;35m[K;[m[K
[2.175s]       |                                                                                                                                    [01;35m[K^[m[K
[2.192s] [01m[K/home/sangwon/ROS2_turtlesim_ws/src/enc_turtle_cpp/src/enc_turtle_controller.cpp:9:55:[m[K [01;35m[Kwarning: [m[Kextra ‘[01m[K;[m[K’ [[01;35m[K-Wpedantic[m[K]
[2.192s]     9 | CEREAL_REGISTER_TYPE(lbcrypto::CryptoParametersBGVRNS)[01;35m[K;[m[K
[2.192s]       |                                                       [01;35m[K^[m[K
[2.192s] [01m[K/home/sangwon/ROS2_turtlesim_ws/src/enc_turtle_cpp/src/enc_turtle_controller.cpp:10:41:[m[K [01;35m[Kwarning: [m[Kextra ‘[01m[K;[m[K’ [[01;35m[K-Wpedantic[m[K]
[2.192s]    10 | CEREAL_REGISTER_TYPE(lbcrypto::DCRTPoly)[01;35m[K;[m[K
[2.193s]       |                                         [01;35m[K^[m[K
[2.193s] [01m[K/home/sangwon/ROS2_turtlesim_ws/src/enc_turtle_cpp/src/enc_turtle_controller.cpp:11:45:[m[K [01;35m[Kwarning: [m[Kextra ‘[01m[K;[m[K’ [[01;35m[K-Wpedantic[m[K]
[2.193s]    11 | CEREAL_REGISTER_TYPE(lbcrypto::SchemeBGVRNS)[01;35m[K;[m[K
[2.194s]       |                                             [01;35m[K^[m[K
[2.194s] [01m[K/home/sangwon/ROS2_turtlesim_ws/src/enc_turtle_cpp/src/enc_turtle_controller.cpp:12:67:[m[K [01;35m[Kwarning: [m[Kextra ‘[01m[K;[m[K’ [[01;35m[K-Wpedantic[m[K]
[2.194s]    12 | CEREAL_REGISTER_TYPE(lbcrypto::CiphertextImpl<lbcrypto::DCRTPoly>)[01;35m[K;[m[K
[2.194s]       |                                                                   [01;35m[K^[m[K
[2.194s] [01m[K/home/sangwon/ROS2_turtlesim_ws/src/enc_turtle_cpp/src/enc_turtle_controller.cpp:13:65:[m[K [01;35m[Kwarning: [m[Kextra ‘[01m[K;[m[K’ [[01;35m[K-Wpedantic[m[K]
[2.195s]    13 | CEREAL_REGISTER_TYPE(lbcrypto::CryptoObject<lbcrypto::DCRTPoly>)[01;35m[K;[m[K
[2.195s]       |                                                                 [01;35m[K^[m[K
[2.195s] In file included from [01m[K/usr/local/include/openfhe/core/utils/serializable.h:61[m[K,
[2.195s]                  from [01m[K/usr/local/include/openfhe/core/math/hal/bigintdyn/ubintdyn.h:51[m[K,
[2.195s]                  from [01m[K/usr/local/include/openfhe/core/math/hal/bigintdyn/mubintvecdyn.h:43[m[K,
[2.195s]                  from [01m[K/usr/local/include/openfhe/core/math/hal/bigintdyn/backenddyn.h:44[m[K,
[2.195s]                  from [01m[K/usr/local/include/openfhe/core/math/hal/bigintbackend.h:38[m[K,
[2.195s]                  from [01m[K/usr/local/include/openfhe/core/math/math-hal.h:48[m[K,
[2.195s]                  from [01m[K/usr/local/include/openfhe/core/lattice/hal/elemparams.h:39[m[K,
[2.195s]                  from [01m[K/usr/local/include/openfhe/core/lattice/hal/default/ilparams.h:39[m[K,
[2.196s]                  from [01m[K/usr/local/include/openfhe/core/lattice/hal/lat-backend.h:49[m[K,
[2.196s]                  from [01m[K/usr/local/include/openfhe/core/lattice/lat-hal.h:35[m[K,
[2.196s]                  from [01m[K/usr/local/include/openfhe/core/openfhecore.h:39[m[K,
[2.196s]                  from [01m[K/usr/local/include/openfhe/pke/openfhe.h:40[m[K,
[2.196s]                  from [01m[K/home/sangwon/ROS2_turtlesim_ws/src/enc_turtle_cpp/src/enc_turtle_controller.cpp:3[m[K:
[2.196s] [01m[K/home/sangwon/ROS2_turtlesim_ws/src/enc_turtle_cpp/src/enc_turtle_controller.cpp:14:22:[m[K [01;31m[Kerror: [m[K‘[01m[Klbcrypto::LWEPublicKeyImpl[m[K’ is not a template
[2.196s]    14 | CEREAL_REGISTER_TYPE([01;31m[Klbcrypto[m[K::LWEPublicKeyImpl<lbcrypto::DCRTPoly>);
[2.196s]       |                      [01;31m[K^~~~~~~~[m[K
[2.196s] In file included from [01m[K/usr/local/include/openfhe/cereal/types/polymorphic.hpp:39[m[K,
[2.196s]                  from [01m[K/usr/local/include/openfhe/core/utils/serializable.h:61[m[K,
[2.196s]                  from [01m[K/usr/local/include/openfhe/core/math/hal/bigintdyn/ubintdyn.h:51[m[K,
[2.196s]                  from [01m[K/usr/local/include/openfhe/core/math/hal/bigintdyn/mubintvecdyn.h:43[m[K,
[2.196s]                  from [01m[K/usr/local/include/openfhe/core/math/hal/bigintdyn/backenddyn.h:44[m[K,
[2.196s]                  from [01m[K/usr/local/include/openfhe/core/math/hal/bigintbackend.h:38[m[K,
[2.196s]                  from [01m[K/usr/local/include/openfhe/core/math/math-hal.h:48[m[K,
[2.196s]                  from [01m[K/usr/local/include/openfhe/core/lattice/hal/elemparams.h:39[m[K,
[2.196s]                  from [01m[K/usr/local/include/openfhe/core/lattice/hal/default/ilparams.h:39[m[K,
[2.196s]                  from [01m[K/usr/local/include/openfhe/core/lattice/hal/lat-backend.h:49[m[K,
[2.196s]                  from [01m[K/usr/local/include/openfhe/core/lattice/lat-hal.h:35[m[K,
[2.196s]                  from [01m[K/usr/local/include/openfhe/core/openfhecore.h:39[m[K,
[2.196s]                  from [01m[K/usr/local/include/openfhe/pke/openfhe.h:40[m[K,
[2.196s]                  from [01m[K/home/sangwon/ROS2_turtlesim_ws/src/enc_turtle_cpp/src/enc_turtle_controller.cpp:3[m[K:
[2.196s] [01m[K/home/sangwon/ROS2_turtlesim_ws/src/enc_turtle_cpp/src/enc_turtle_controller.cpp:14:22:[m[K [01;31m[Kerror: [m[K‘[01m[Klbcrypto::LWEPublicKeyImpl[m[K’ is not a template
[2.196s]    14 | CEREAL_REGISTER_TYPE([01;31m[Klbcrypto[m[K::LWEPublicKeyImpl<lbcrypto::DCRTPoly>);
[2.196s]       |                      [01;31m[K^~~~~~~~[m[K
[2.196s] [01m[K/home/sangwon/ROS2_turtlesim_ws/src/enc_turtle_cpp/src/enc_turtle_controller.cpp:14:22:[m[K [01;31m[Kerror: [m[K‘[01m[Klbcrypto::LWEPublicKeyImpl[m[K’ is not a template
[2.196s]    14 | CEREAL_REGISTER_TYPE([01;31m[Klbcrypto[m[K::LWEPublicKeyImpl<lbcrypto::DCRTPoly>);
[2.196s]       |                      [01;31m[K^~~~~~~~[m[K
[2.196s] [01m[K/home/sangwon/ROS2_turtlesim_ws/src/enc_turtle_cpp/src/enc_turtle_controller.cpp:14:22:[m[K [01;31m[Kerror: [m[K‘[01m[Klbcrypto::LWEPublicKeyImpl[m[K’ is not a template
[2.196s]    14 | CEREAL_REGISTER_TYPE([01;31m[Klbcrypto[m[K::LWEPublicKeyImpl<lbcrypto::DCRTPoly>);
[2.196s]       |                      [01;31m[K^~~~~~~~[m[K
[2.196s] [01m[K/home/sangwon/ROS2_turtlesim_ws/src/enc_turtle_cpp/src/enc_turtle_controller.cpp:14:69:[m[K [01;35m[Kwarning: [m[Kextra ‘[01m[K;[m[K’ [[01;35m[K-Wpedantic[m[K]
[2.196s]    14 | CEREAL_REGISTER_TYPE(lbcrypto::LWEPublicKeyImpl<lbcrypto::DCRTPoly>)[01;35m[K;[m[K
[2.196s]       |                                                                     [01;35m[K^[m[K
[2.196s] In file included from [01m[K/usr/local/include/openfhe/core/utils/serializable.h:61[m[K,
[2.196s]                  from [01m[K/usr/local/include/openfhe/core/math/hal/bigintdyn/ubintdyn.h:51[m[K,
[2.196s]                  from [01m[K/usr/local/include/openfhe/core/math/hal/bigintdyn/mubintvecdyn.h:43[m[K,
[2.196s]                  from [01m[K/usr/local/include/openfhe/core/math/hal/bigintdyn/backenddyn.h:44[m[K,
[2.197s]                  from [01m[K/usr/local/include/openfhe/core/math/hal/bigintbackend.h:38[m[K,
[2.197s]                  from [01m[K/usr/local/include/openfhe/core/math/math-hal.h:48[m[K,
[2.197s]                  from [01m[K/usr/local/include/openfhe/core/lattice/hal/elemparams.h:39[m[K,
[2.197s]                  from [01m[K/usr/local/include/openfhe/core/lattice/hal/default/ilparams.h:39[m[K,
[2.197s]                  from [01m[K/usr/local/include/openfhe/core/lattice/hal/lat-backend.h:49[m[K,
[2.197s]                  from [01m[K/usr/local/include/openfhe/core/lattice/lat-hal.h:35[m[K,
[2.197s]                  from [01m[K/usr/local/include/openfhe/core/openfhecore.h:39[m[K,
[2.197s]                  from [01m[K/usr/local/include/openfhe/pke/openfhe.h:40[m[K,
[2.197s]                  from [01m[K/home/sangwon/ROS2_turtlesim_ws/src/enc_turtle_cpp/src/enc_turtle_controller.cpp:3[m[K:
[2.197s] [01m[K/home/sangwon/ROS2_turtlesim_ws/src/enc_turtle_cpp/src/enc_turtle_controller.cpp:15:22:[m[K [01;31m[Kerror: [m[K‘[01m[Klbcrypto::LWEPrivateKeyImpl[m[K’ is not a template
[2.197s]    15 | CEREAL_REGISTER_TYPE([01;31m[Klbcrypto[m[K::LWEPrivateKeyImpl<lbcrypto::DCRTPoly>);
[2.197s]       |                      [01;31m[K^~~~~~~~[m[K
[2.197s] In file included from [01m[K/usr/local/include/openfhe/cereal/types/polymorphic.hpp:39[m[K,
[2.197s]                  from [01m[K/usr/local/include/openfhe/core/utils/serializable.h:61[m[K,
[2.197s]                  from [01m[K/usr/local/include/openfhe/core/math/hal/bigintdyn/ubintdyn.h:51[m[K,
[2.197s]                  from [01m[K/usr/local/include/openfhe/core/math/hal/bigintdyn/mubintvecdyn.h:43[m[K,
[2.197s]                  from [01m[K/usr/local/include/openfhe/core/math/hal/bigintdyn/backenddyn.h:44[m[K,
[2.197s]                  from [01m[K/usr/local/include/openfhe/core/math/hal/bigintbackend.h:38[m[K,
[2.197s]                  from [01m[K/usr/local/include/openfhe/core/math/math-hal.h:48[m[K,
[2.197s]                  from [01m[K/usr/local/include/openfhe/core/lattice/hal/elemparams.h:39[m[K,
[2.197s]                  from [01m[K/usr/local/include/openfhe/core/lattice/hal/default/ilparams.h:39[m[K,
[2.197s]                  from [01m[K/usr/local/include/openfhe/core/lattice/hal/lat-backend.h:49[m[K,
[2.197s]                  from [01m[K/usr/local/include/openfhe/core/lattice/lat-hal.h:35[m[K,
[2.197s]                  from [01m[K/usr/local/include/openfhe/core/openfhecore.h:39[m[K,
[2.197s]                  from [01m[K/usr/local/include/openfhe/pke/openfhe.h:40[m[K,
[2.197s]                  from [01m[K/home/sangwon/ROS2_turtlesim_ws/src/enc_turtle_cpp/src/enc_turtle_controller.cpp:3[m[K:
[2.197s] [01m[K/home/sangwon/ROS2_turtlesim_ws/src/enc_turtle_cpp/src/enc_turtle_controller.cpp:15:22:[m[K [01;31m[Kerror: [m[K‘[01m[Klbcrypto::LWEPrivateKeyImpl[m[K’ is not a template
[2.197s]    15 | CEREAL_REGISTER_TYPE([01;31m[Klbcrypto[m[K::LWEPrivateKeyImpl<lbcrypto::DCRTPoly>);
[2.197s]       |                      [01;31m[K^~~~~~~~[m[K
[2.197s] [01m[K/home/sangwon/ROS2_turtlesim_ws/src/enc_turtle_cpp/src/enc_turtle_controller.cpp:15:22:[m[K [01;31m[Kerror: [m[K‘[01m[Klbcrypto::LWEPrivateKeyImpl[m[K’ is not a template
[2.197s]    15 | CEREAL_REGISTER_TYPE([01;31m[Klbcrypto[m[K::LWEPrivateKeyImpl<lbcrypto::DCRTPoly>);
[2.197s]       |                      [01;31m[K^~~~~~~~[m[K
[2.197s] [01m[K/home/sangwon/ROS2_turtlesim_ws/src/enc_turtle_cpp/src/enc_turtle_controller.cpp:15:22:[m[K [01;31m[Kerror: [m[K‘[01m[Klbcrypto::LWEPrivateKeyImpl[m[K’ is not a template
[2.197s]    15 | CEREAL_REGISTER_TYPE([01;31m[Klbcrypto[m[K::LWEPrivateKeyImpl<lbcrypto::DCRTPoly>);
[2.197s]       |                      [01;31m[K^~~~~~~~[m[K
[2.197s] [01m[K/home/sangwon/ROS2_turtlesim_ws/src/enc_turtle_cpp/src/enc_turtle_controller.cpp:15:70:[m[K [01;35m[Kwarning: [m[Kextra ‘[01m[K;[m[K’ [[01;35m[K-Wpedantic[m[K]
[2.197s]    15 | CEREAL_REGISTER_TYPE(lbcrypto::LWEPrivateKeyImpl<lbcrypto::DCRTPoly>)[01;35m[K;[m[K
[2.198s]       |                                                                      [01;35m[K^[m[K
[2.198s] In file included from [01m[K/usr/local/include/openfhe/core/utils/serializable.h:61[m[K,
[2.198s]                  from [01m[K/usr/local/include/openfhe/core/math/hal/bigintdyn/ubintdyn.h:51[m[K,
[2.198s]                  from [01m[K/usr/local/include/openfhe/core/math/hal/bigintdyn/mubintvecdyn.h:43[m[K,
[2.198s]                  from [01m[K/usr/local/include/openfhe/core/math/hal/bigintdyn/backenddyn.h:44[m[K,
[2.198s]                  from [01m[K/usr/local/include/openfhe/core/math/hal/bigintbackend.h:38[m[K,
[2.198s]                  from [01m[K/usr/local/include/openfhe/core/math/math-hal.h:48[m[K,
[2.198s]                  from [01m[K/usr/local/include/openfhe/core/lattice/hal/elemparams.h:39[m[K,
[2.198s]                  from [01m[K/usr/local/include/openfhe/core/lattice/hal/default/ilparams.h:39[m[K,
[2.198s]                  from [01m[K/usr/local/include/openfhe/core/lattice/hal/lat-backend.h:49[m[K,
[2.198s]                  from [01m[K/usr/local/include/openfhe/core/lattice/lat-hal.h:35[m[K,
[2.198s]                  from [01m[K/usr/local/include/openfhe/core/openfhecore.h:39[m[K,
[2.198s]                  from [01m[K/usr/local/include/openfhe/pke/openfhe.h:40[m[K,
[2.198s]                  from [01m[K/home/sangwon/ROS2_turtlesim_ws/src/enc_turtle_cpp/src/enc_turtle_controller.cpp:3[m[K:
[2.198s] [01m[K/home/sangwon/ROS2_turtlesim_ws/src/enc_turtle_cpp/src/enc_turtle_controller.cpp:16:22:[m[K [01;31m[Kerror: [m[K‘[01m[Klbcrypto::CryptoParametersRNS[m[K’ is not a template
[2.198s]    16 | CEREAL_REGISTER_TYPE([01;31m[Klbcrypto[m[K::CryptoParametersRNS<lbcrypto::DCRTPoly>);
[2.198s]       |                      [01;31m[K^~~~~~~~[m[K
[2.198s] In file included from [01m[K/usr/local/include/openfhe/cereal/types/polymorphic.hpp:39[m[K,
[2.198s]                  from [01m[K/usr/local/include/openfhe/core/utils/serializable.h:61[m[K,
[2.198s]                  from [01m[K/usr/local/include/openfhe/core/math/hal/bigintdyn/ubintdyn.h:51[m[K,
[2.198s]                  from [01m[K/usr/local/include/openfhe/core/math/hal/bigintdyn/mubintvecdyn.h:43[m[K,
[2.198s]                  from [01m[K/usr/local/include/openfhe/core/math/hal/bigintdyn/backenddyn.h:44[m[K,
[2.198s]                  from [01m[K/usr/local/include/openfhe/core/math/hal/bigintbackend.h:38[m[K,
[2.198s]                  from [01m[K/usr/local/include/openfhe/core/math/math-hal.h:48[m[K,
[2.198s]                  from [01m[K/usr/local/include/openfhe/core/lattice/hal/elemparams.h:39[m[K,
[2.198s]                  from [01m[K/usr/local/include/openfhe/core/lattice/hal/default/ilparams.h:39[m[K,
[2.198s]                  from [01m[K/usr/local/include/openfhe/core/lattice/hal/lat-backend.h:49[m[K,
[2.198s]                  from [01m[K/usr/local/include/openfhe/core/lattice/lat-hal.h:35[m[K,
[2.198s]                  from [01m[K/usr/local/include/openfhe/core/openfhecore.h:39[m[K,
[2.198s]                  from [01m[K/usr/local/include/openfhe/pke/openfhe.h:40[m[K,
[2.198s]                  from [01m[K/home/sangwon/ROS2_turtlesim_ws/src/enc_turtle_cpp/src/enc_turtle_controller.cpp:3[m[K:
[2.198s] [01m[K/home/sangwon/ROS2_turtlesim_ws/src/enc_turtle_cpp/src/enc_turtle_controller.cpp:16:22:[m[K [01;31m[Kerror: [m[K‘[01m[Klbcrypto::CryptoParametersRNS[m[K’ is not a template
[2.198s]    16 | CEREAL_REGISTER_TYPE([01;31m[Klbcrypto[m[K::CryptoParametersRNS<lbcrypto::DCRTPoly>);
[2.198s]       |                      [01;31m[K^~~~~~~~[m[K
[2.198s] [01m[K/home/sangwon/ROS2_turtlesim_ws/src/enc_turtle_cpp/src/enc_turtle_controller.cpp:16:22:[m[K [01;31m[Kerror: [m[K‘[01m[Klbcrypto::CryptoParametersRNS[m[K’ is not a template
[2.198s]    16 | CEREAL_REGISTER_TYPE([01;31m[Klbcrypto[m[K::CryptoParametersRNS<lbcrypto::DCRTPoly>);
[2.199s]       |                      [01;31m[K^~~~~~~~[m[K
[2.199s] [01m[K/home/sangwon/ROS2_turtlesim_ws/src/enc_turtle_cpp/src/enc_turtle_controller.cpp:16:22:[m[K [01;31m[Kerror: [m[K‘[01m[Klbcrypto::CryptoParametersRNS[m[K’ is not a template
[2.199s]    16 | CEREAL_REGISTER_TYPE([01;31m[Klbcrypto[m[K::CryptoParametersRNS<lbcrypto::DCRTPoly>);
[2.199s]       |                      [01;31m[K^~~~~~~~[m[K
[2.199s] [01m[K/home/sangwon/ROS2_turtlesim_ws/src/enc_turtle_cpp/src/enc_turtle_controller.cpp:16:72:[m[K [01;35m[Kwarning: [m[Kextra ‘[01m[K;[m[K’ [[01;35m[K-Wpedantic[m[K]
[2.199s]    16 | PE(lbcrypto::CryptoParametersRNS<lbcrypto::DCRTPoly>)[01;35m[K;[m[K
[2.199s]       |                                                      [01;35m[K^[m[K
[2.199s] 
[2.199s] In file included from [01m[K/usr/local/include/openfhe/core/utils/serializable.h:61[m[K,
[2.199s]                  from [01m[K/usr/local/include/openfhe/core/math/hal/bigintdyn/ubintdyn.h:51[m[K,
[2.199s]                  from [01m[K/usr/local/include/openfhe/core/math/hal/bigintdyn/mubintvecdyn.h:43[m[K,
[2.199s]                  from [01m[K/usr/local/include/openfhe/core/math/hal/bigintdyn/backenddyn.h:44[m[K,
[2.199s]                  from [01m[K/usr/local/include/openfhe/core/math/hal/bigintbackend.h:38[m[K,
[2.199s]                  from [01m[K/usr/local/include/openfhe/core/math/math-hal.h:48[m[K,
[2.199s]                  from [01m[K/usr/local/include/openfhe/core/lattice/hal/elemparams.h:39[m[K,
[2.199s]                  from [01m[K/usr/local/include/openfhe/core/lattice/hal/default/ilparams.h:39[m[K,
[2.199s]                  from [01m[K/usr/local/include/openfhe/core/lattice/hal/lat-backend.h:49[m[K,
[2.199s]                  from [01m[K/usr/local/include/openfhe/core/lattice/lat-hal.h:35[m[K,
[2.199s]                  from [01m[K/usr/local/include/openfhe/core/openfhecore.h:39[m[K,
[2.199s]                  from [01m[K/usr/local/include/openfhe/pke/openfhe.h:40[m[K,
[2.199s]                  from [01m[K/home/sangwon/ROS2_turtlesim_ws/src/enc_turtle_cpp/src/enc_turtle_controller.cpp:3[m[K:
[2.199s] [01m[K/home/sangwon/ROS2_turtlesim_ws/src/enc_turtle_cpp/src/enc_turtle_controller.cpp:17:32:[m[K [01;31m[Kerror: [m[K‘[01m[KRationalCiphertext[m[K’ is not a member of ‘[01m[Klbcrypto[m[K’; did you mean ‘[01m[KReadOnlyCiphertext[m[K’?
[2.199s]    17 | CEREAL_REGISTER_TYPE(lbcrypto::[01;31m[KRationalCiphertext[m[K<lbcrypto::DCRTPoly>);
[2.199s]       |                                [01;31m[K^~~~~~~~~~~~~~~~~~[m[K
[2.199s] [01m[K/home/sangwon/ROS2_turtlesim_ws/src/enc_turtle_cpp/src/enc_turtle_controller.cpp:17:69:[m[K [01;31m[Kerror: [m[Ktemplate argument 1 is invalid
[2.199s]    17 | _TYPE(lbcrypto::RationalCiphertext<lbcrypto::DCRTPoly[01;31m[K>[m[K);
[2.199s]       |                                                      [01;31m[K^[m[K
[2.199s] 
[2.199s] [01m[K/home/sangwon/ROS2_turtlesim_ws/src/enc_turtle_cpp/src/enc_turtle_controller.cpp:17:1:[m[K [01;31m[Kerror: [m[Kexpected unqualified-id before ‘[01m[K>[m[K’ token
[2.199s]    17 | [01;31m[KCEREAL_REGISTER_TYPE[m[K(lbcrypto::RationalCiphertext<lbcrypto::DCRTPoly>);
[2.199s]       | [01;31m[K^~~~~~~~~~~~~~~~~~~~[m[K
[2.199s] In file included from [01m[K/usr/local/include/openfhe/cereal/types/polymorphic.hpp:39[m[K,
[2.199s]                  from [01m[K/usr/local/include/openfhe/core/utils/serializable.h:61[m[K,
[2.199s]                  from [01m[K/usr/local/include/openfhe/core/math/hal/bigintdyn/ubintdyn.h:51[m[K,
[2.200s]                  from [01m[K/usr/local/include/openfhe/core/math/hal/bigintdyn/mubintvecdyn.h:43[m[K,
[2.200s]                  from [01m[K/usr/local/include/openfhe/core/math/hal/bigintdyn/backenddyn.h:44[m[K,
[2.200s]                  from [01m[K/usr/local/include/openfhe/core/math/hal/bigintbackend.h:38[m[K,
[2.200s]                  from [01m[K/usr/local/include/openfhe/core/math/math-hal.h:48[m[K,
[2.200s]                  from [01m[K/usr/local/include/openfhe/core/lattice/hal/elemparams.h:39[m[K,
[2.200s]                  from [01m[K/usr/local/include/openfhe/core/lattice/hal/default/ilparams.h:39[m[K,
[2.200s]                  from [01m[K/usr/local/include/openfhe/core/lattice/hal/lat-backend.h:49[m[K,
[2.200s]                  from [01m[K/usr/local/include/openfhe/core/lattice/lat-hal.h:35[m[K,
[2.200s]                  from [01m[K/usr/local/include/openfhe/core/openfhecore.h:39[m[K,
[2.200s]                  from [01m[K/usr/local/include/openfhe/pke/openfhe.h:40[m[K,
[2.200s]                  from [01m[K/home/sangwon/ROS2_turtlesim_ws/src/enc_turtle_cpp/src/enc_turtle_controller.cpp:3[m[K:
[2.200s] [01m[K/home/sangwon/ROS2_turtlesim_ws/src/enc_turtle_cpp/src/enc_turtle_controller.cpp:17:32:[m[K [01;31m[Kerror: [m[K‘[01m[KRationalCiphertext[m[K’ is not a member of ‘[01m[Klbcrypto[m[K’; did you mean ‘[01m[KReadOnlyCiphertext[m[K’?
[2.200s]    17 | CEREAL_REGISTER_TYPE(lbcrypto::[01;31m[KRationalCiphertext[m[K<lbcrypto::DCRTPoly>);
[2.200s]       |                                [01;31m[K^~~~~~~~~~~~~~~~~~[m[K
[2.200s] [01m[K/home/sangwon/ROS2_turtlesim_ws/src/enc_turtle_cpp/src/enc_turtle_controller.cpp:17:69:[m[K [01;31m[Kerror: [m[Ktemplate argument 1 is invalid
[2.200s]    17 | _TYPE(lbcrypto::RationalCiphertext<lbcrypto::DCRTPoly[01;31m[K>[m[K);
[2.200s]       |                                                      [01;31m[K^[m[K
[2.200s] 
[2.200s] [01m[K/home/sangwon/ROS2_turtlesim_ws/src/enc_turtle_cpp/src/enc_turtle_controller.cpp:17:1:[m[K [01;31m[Kerror: [m[Kexpected unqualified-id before ‘[01m[K>[m[K’ token
[2.200s]    17 | [01;31m[KCEREAL_REGISTER_TYPE[m[K(lbcrypto::RationalCiphertext<lbcrypto::DCRTPoly>);
[2.200s]       | [01;31m[K^~~~~~~~~~~~~~~~~~~~[m[K
[2.200s] [01m[K/home/sangwon/ROS2_turtlesim_ws/src/enc_turtle_cpp/src/enc_turtle_controller.cpp:17:71:[m[K [01;35m[Kwarning: [m[Kextra ‘[01m[K;[m[K’ [[01;35m[K-Wpedantic[m[K]
[2.200s]    17 | YPE(lbcrypto::RationalCiphertext<lbcrypto::DCRTPoly>)[01;35m[K;[m[K
[2.200s]       |                                                      [01;35m[K^[m[K
[2.200s] 
[2.200s] [01m[K/home/sangwon/ROS2_turtlesim_ws/src/enc_turtle_cpp/src/enc_turtle_controller.cpp:18:63:[m[K [01;35m[Kwarning: [m[Kextra ‘[01m[K;[m[K’ [[01;35m[K-Wpedantic[m[K]
[2.200s]    18 | CEREAL_REGISTER_TYPE(lbcrypto::Ciphertext<lbcrypto::DCRTPoly>)[01;35m[K;[m[K
[2.200s]       |                                                               [01;35m[K^[m[K
[2.200s] [01m[K/home/sangwon/ROS2_turtlesim_ws/src/enc_turtle_cpp/src/enc_turtle_controller.cpp:20:123:[m[K [01;35m[Kwarning: [m[Kextra ‘[01m[K;[m[K’ [[01;35m[K-Wpedantic[m[K]
[2.200s]    20 | bcrypto::DCRTPoly>, lbcrypto::CryptoParametersBGVRNS)[01;35m[K;[m[K
[2.200s]       |                                                      [01;35m[K^[m[K
[2.200s] 
[2.200s] [01m[K/home/sangwon/ROS2_turtlesim_ws/src/enc_turtle_cpp/src/enc_turtle_controller.cpp:21:103:[m[K [01;35m[Kwarning: [m[Kextra ‘[01m[K;[m[K’ [[01;35m[K-Wpedantic[m[K]
[2.200s]    21 | hemeBase<lbcrypto::DCRTPoly>, lbcrypto::SchemeBGVRNS)[01;35m[K;[m[K
[2.200s]       |                                                      [01;35m[K^[m[K
[2.200s] 
[2.200s] In file included from [01m[K/usr/local/include/openfhe/core/utils/serializable.h:61[m[K,
[2.200s]                  from [01m[K/usr/local/include/openfhe/core/math/hal/bigintdyn/ubintdyn.h:51[m[K,
[2.200s]                  from [01m[K/usr/local/include/openfhe/core/math/hal/bigintdyn/mubintvecdyn.h:43[m[K,
[2.200s]                  from [01m[K/usr/local/include/openfhe/core/math/hal/bigintdyn/backenddyn.h:44[m[K,
[2.201s]                  from [01m[K/usr/local/include/openfhe/core/math/hal/bigintbackend.h:38[m[K,
[2.201s]                  from [01m[K/usr/local/include/openfhe/core/math/math-hal.h:48[m[K,
[2.201s]                  from [01m[K/usr/local/include/openfhe/core/lattice/hal/elemparams.h:39[m[K,
[2.201s]                  from [01m[K/usr/local/include/openfhe/core/lattice/hal/default/ilparams.h:39[m[K,
[2.201s]                  from [01m[K/usr/local/include/openfhe/core/lattice/hal/lat-backend.h:49[m[K,
[2.201s]                  from [01m[K/usr/local/include/openfhe/core/lattice/lat-hal.h:35[m[K,
[2.201s]                  from [01m[K/usr/local/include/openfhe/core/openfhecore.h:39[m[K,
[2.201s]                  from [01m[K/usr/local/include/openfhe/pke/openfhe.h:40[m[K,
[2.201s]                  from [01m[K/home/sangwon/ROS2_turtlesim_ws/src/enc_turtle_cpp/src/enc_turtle_controller.cpp:3[m[K:
[2.201s] [01m[K/home/sangwon/ROS2_turtlesim_ws/src/enc_turtle_cpp/src/enc_turtle_controller.cpp:22:82:[m[K [01;31m[Kerror: [m[K‘[01m[Klbcrypto::LWEPublicKeyImpl[m[K’ is not a template
[2.201s]    22 | RELATION(lbcrypto::CryptoObject<lbcrypto::DCRTPoly>, [01;31m[Klbcrypto[m[K::LWEPublicKeyImpl<lbcrypto::DCRTPoly>);
[2.201s]       |                                                      [01;31m[K^~~~~~~~[m[K
[2.201s] 
[2.201s] [01m[K/home/sangwon/ROS2_turtlesim_ws/src/enc_turtle_cpp/src/enc_turtle_controller.cpp:[m[K In static member function ‘[01m[Kstatic void cereal::detail::PolymorphicRelation<lbcrypto::CryptoObject<lbcrypto::DCRTPolyImpl<bigintdyn::mubintvec<bigintdyn::ubint<long unsigned int> > > >, lbcrypto::LWEPublicKeyImpl>::bind()[m[K’:
[2.201s] [01m[K/home/sangwon/ROS2_turtlesim_ws/src/enc_turtle_cpp/src/enc_turtle_controller.cpp:22:82:[m[K [01;31m[Kerror: [m[K‘[01m[Klbcrypto::LWEPublicKeyImpl[m[K’ is not a template
[2.201s]    22 | RELATION(lbcrypto::CryptoObject<lbcrypto::DCRTPoly>, [01;31m[Klbcrypto[m[K::LWEPublicKeyImpl<lbcrypto::DCRTPoly>);
[2.201s]       |                                                      [01;31m[K^~~~~~~~[m[K
[2.201s] 
[2.201s] [01m[K/home/sangwon/ROS2_turtlesim_ws/src/enc_turtle_cpp/src/enc_turtle_controller.cpp:[m[K At global scope:
[2.201s] [01m[K/home/sangwon/ROS2_turtlesim_ws/src/enc_turtle_cpp/src/enc_turtle_controller.cpp:22:129:[m[K [01;35m[Kwarning: [m[Kextra ‘[01m[K;[m[K’ [[01;35m[K-Wpedantic[m[K]
[2.201s]    22 | oly>, lbcrypto::LWEPublicKeyImpl<lbcrypto::DCRTPoly>)[01;35m[K;[m[K
[2.201s]       |                                                      [01;35m[K^[m[K
[2.201s] 
[2.201s] In file included from [01m[K/usr/local/include/openfhe/core/utils/serializable.h:61[m[K,
[2.201s]                  from [01m[K/usr/local/include/openfhe/core/math/hal/bigintdyn/ubintdyn.h:51[m[K,
[2.201s]                  from [01m[K/usr/local/include/openfhe/core/math/hal/bigintdyn/mubintvecdyn.h:43[m[K,
[2.201s]                  from [01m[K/usr/local/include/openfhe/core/math/hal/bigintdyn/backenddyn.h:44[m[K,
[2.201s]                  from [01m[K/usr/local/include/openfhe/core/math/hal/bigintbackend.h:38[m[K,
[2.201s]                  from [01m[K/usr/local/include/openfhe/core/math/math-hal.h:48[m[K,
[2.201s]                  from [01m[K/usr/local/include/openfhe/core/lattice/hal/elemparams.h:39[m[K,
[2.201s]                  from [01m[K/usr/local/include/openfhe/core/lattice/hal/default/ilparams.h:39[m[K,
[2.201s]                  from [01m[K/usr/local/include/openfhe/core/lattice/hal/lat-backend.h:49[m[K,
[2.202s]                  from [01m[K/usr/local/include/openfhe/core/lattice/lat-hal.h:35[m[K,
[2.202s]                  from [01m[K/usr/local/include/openfhe/core/openfhecore.h:39[m[K,
[2.202s]                  from [01m[K/usr/local/include/openfhe/pke/openfhe.h:40[m[K,
[2.202s]                  from [01m[K/home/sangwon/ROS2_turtlesim_ws/src/enc_turtle_cpp/src/enc_turtle_controller.cpp:3[m[K:
[2.202s] [01m[K/home/sangwon/ROS2_turtlesim_ws/src/enc_turtle_cpp/src/enc_turtle_controller.cpp:23:82:[m[K [01;31m[Kerror: [m[K‘[01m[Klbcrypto::LWEPrivateKeyImpl[m[K’ is not a template
[2.202s]    23 | RELATION(lbcrypto::CryptoObject<lbcrypto::DCRTPoly>, [01;31m[Klbcrypto[m[K::LWEPrivateKeyImpl<lbcrypto::DCRTPoly>);
[2.202s]       |                                                      [01;31m[K^~~~~~~~[m[K
[2.202s] 
[2.202s] [01m[K/home/sangwon/ROS2_turtlesim_ws/src/enc_turtle_cpp/src/enc_turtle_controller.cpp:[m[K In static member function ‘[01m[Kstatic void cereal::detail::PolymorphicRelation<lbcrypto::CryptoObject<lbcrypto::DCRTPolyImpl<bigintdyn::mubintvec<bigintdyn::ubint<long unsigned int> > > >, lbcrypto::LWEPrivateKeyImpl>::bind()[m[K’:
[2.202s] [01m[K/home/sangwon/ROS2_turtlesim_ws/src/enc_turtle_cpp/src/enc_turtle_controller.cpp:23:82:[m[K [01;31m[Kerror: [m[K‘[01m[Klbcrypto::LWEPrivateKeyImpl[m[K’ is not a template
[2.202s]    23 | RELATION(lbcrypto::CryptoObject<lbcrypto::DCRTPoly>, [01;31m[Klbcrypto[m[K::LWEPrivateKeyImpl<lbcrypto::DCRTPoly>);
[2.202s]       |                                                      [01;31m[K^~~~~~~~[m[K
[2.202s] 
[2.202s] [01m[K/home/sangwon/ROS2_turtlesim_ws/src/enc_turtle_cpp/src/enc_turtle_controller.cpp:[m[K At global scope:
[2.202s] [01m[K/home/sangwon/ROS2_turtlesim_ws/src/enc_turtle_cpp/src/enc_turtle_controller.cpp:23:130:[m[K [01;35m[Kwarning: [m[Kextra ‘[01m[K;[m[K’ [[01;35m[K-Wpedantic[m[K]
[2.202s]    23 | ly>, lbcrypto::LWEPrivateKeyImpl<lbcrypto::DCRTPoly>)[01;35m[K;[m[K
[2.202s]       |                                                      [01;35m[K^[m[K
[2.202s] 
[2.202s] In file included from [01m[K/usr/local/include/openfhe/core/utils/serializable.h:61[m[K,
[2.202s]                  from [01m[K/usr/local/include/openfhe/core/math/hal/bigintdyn/ubintdyn.h:51[m[K,
[2.202s]                  from [01m[K/usr/local/include/openfhe/core/math/hal/bigintdyn/mubintvecdyn.h:43[m[K,
[2.202s]                  from [01m[K/usr/local/include/openfhe/core/math/hal/bigintdyn/backenddyn.h:44[m[K,
[2.202s]                  from [01m[K/usr/local/include/openfhe/core/math/hal/bigintbackend.h:38[m[K,
[2.202s]                  from [01m[K/usr/local/include/openfhe/core/math/math-hal.h:48[m[K,
[2.202s]                  from [01m[K/usr/local/include/openfhe/core/lattice/hal/elemparams.h:39[m[K,
[2.202s]                  from [01m[K/usr/local/include/openfhe/core/lattice/hal/default/ilparams.h:39[m[K,
[2.202s]                  from [01m[K/usr/local/include/openfhe/core/lattice/hal/lat-backend.h:49[m[K,
[2.202s]                  from [01m[K/usr/local/include/openfhe/core/lattice/lat-hal.h:35[m[K,
[2.202s]                  from [01m[K/usr/local/include/openfhe/core/openfhecore.h:39[m[K,
[2.202s]                  from [01m[K/usr/local/include/openfhe/pke/openfhe.h:40[m[K,
[2.202s]                  from [01m[K/home/sangwon/ROS2_turtlesim_ws/src/enc_turtle_cpp/src/enc_turtle_controller.cpp:3[m[K:
[2.202s] [01m[K/home/sangwon/ROS2_turtlesim_ws/src/enc_turtle_cpp/src/enc_turtle_controller.cpp:24:82:[m[K [01;31m[Kerror: [m[K‘[01m[Klbcrypto::CryptoParametersRNS[m[K’ is not a template
[2.202s]    24 | RELATION(lbcrypto::CryptoObject<lbcrypto::DCRTPoly>, [01;31m[Klbcrypto[m[K::CryptoParametersRNS<lbcrypto::DCRTPoly>);
[2.202s]       |                                                      [01;31m[K^~~~~~~~[m[K
[2.202s] 
[2.202s] [01m[K/home/sangwon/ROS2_turtlesim_ws/src/enc_turtle_cpp/src/enc_turtle_controller.cpp:[m[K In static member function ‘[01m[Kstatic void cereal::detail::PolymorphicRelation<lbcrypto::CryptoObject<lbcrypto::DCRTPolyImpl<bigintdyn::mubintvec<bigintdyn::ubint<long unsigned int> > > >, lbcrypto::CryptoParametersRNS>::bind()[m[K’:
[2.203s] [01m[K/home/sangwon/ROS2_turtlesim_ws/src/enc_turtle_cpp/src/enc_turtle_controller.cpp:24:82:[m[K [01;31m[Kerror: [m[K‘[01m[Klbcrypto::CryptoParametersRNS[m[K’ is not a template
[2.203s]    24 | RELATION(lbcrypto::CryptoObject<lbcrypto::DCRTPoly>, [01;31m[Klbcrypto[m[K::CryptoParametersRNS<lbcrypto::DCRTPoly>);
[2.203s]       |                                                      [01;31m[K^~~~~~~~[m[K
[2.203s] 
[2.203s] [01m[K/home/sangwon/ROS2_turtlesim_ws/src/enc_turtle_cpp/src/enc_turtle_controller.cpp:[m[K At global scope:
[2.203s] [01m[K/home/sangwon/ROS2_turtlesim_ws/src/enc_turtle_cpp/src/enc_turtle_controller.cpp:24:132:[m[K [01;35m[Kwarning: [m[Kextra ‘[01m[K;[m[K’ [[01;35m[K-Wpedantic[m[K]
[2.203s]    24 | >, lbcrypto::CryptoParametersRNS<lbcrypto::DCRTPoly>)[01;35m[K;[m[K
[2.203s]       |                                                      [01;35m[K^[m[K
[2.203s] 
[2.376s] In file included from [01m[K/usr/local/include/openfhe/cereal/types/polymorphic.hpp:39[m[K,
[2.376s]                  from [01m[K/usr/local/include/openfhe/core/utils/serializable.h:61[m[K,
[2.376s]                  from [01m[K/usr/local/include/openfhe/core/math/hal/bigintdyn/ubintdyn.h:51[m[K,
[2.376s]                  from [01m[K/usr/local/include/openfhe/core/math/hal/bigintdyn/mubintvecdyn.h:43[m[K,
[2.377s]                  from [01m[K/usr/local/include/openfhe/core/math/hal/bigintdyn/backenddyn.h:44[m[K,
[2.377s]                  from [01m[K/usr/local/include/openfhe/core/math/hal/bigintbackend.h:38[m[K,
[2.377s]                  from [01m[K/usr/local/include/openfhe/core/math/math-hal.h:48[m[K,
[2.377s]                  from [01m[K/usr/local/include/openfhe/core/lattice/hal/elemparams.h:39[m[K,
[2.377s]                  from [01m[K/usr/local/include/openfhe/core/lattice/hal/default/ilparams.h:39[m[K,
[2.377s]                  from [01m[K/usr/local/include/openfhe/core/lattice/hal/lat-backend.h:49[m[K,
[2.377s]                  from [01m[K/usr/local/include/openfhe/core/lattice/lat-hal.h:35[m[K,
[2.377s]                  from [01m[K/usr/local/include/openfhe/core/openfhecore.h:39[m[K,
[2.377s]                  from [01m[K/usr/local/include/openfhe/pke/openfhe.h:40[m[K,
[2.377s]                  from [01m[K/home/sangwon/ROS2_turtlesim_ws/src/enc_turtle_cpp/src/enc_turtle_plant.cpp:4[m[K:
[2.377s] /usr/local/include/openfhe/cereal/details/polymorphic_impl.hpp: In instantiation of ‘[01m[Kconst cereal::detail::bind_to_archives<T, Tag>& cereal::detail::bind_to_archives<T, Tag>::bind() const [with T = std::shared_ptr<lbcrypto::CiphertextImpl<lbcrypto::DCRTPolyImpl<bigintdyn::mubintvec<bigintdyn::ubint<long unsigned int> > > > >; Tag = cereal::detail::polymorphic_binding_tag][m[K’:
[2.377s] [01m[K/home/sangwon/ROS2_turtlesim_ws/src/enc_turtle_cpp/src/enc_turtle_plant.cpp:19:1:[m[K   required from here
[2.377s] [01m[K/usr/local/include/openfhe/cereal/details/polymorphic_impl.hpp:797:48:[m[K [01;31m[Kerror: [m[Kstatic assertion failed: Attempting to register non polymorphic type
[2.377s]   797 |         static_assert( std::is_polymorphic<T>::[01;31m[Kvalue[m[K,
[2.377s]       |                                                [01;31m[K^~~~~[m[K
[2.384s] In file included from [01m[K/usr/local/include/openfhe/cereal/types/polymorphic.hpp:39[m[K,
[2.384s]                  from [01m[K/usr/local/include/openfhe/core/utils/serializable.h:61[m[K,
[2.384s]                  from [01m[K/usr/local/include/openfhe/core/math/hal/bigintdyn/ubintdyn.h:51[m[K,
[2.384s]                  from [01m[K/usr/local/include/openfhe/core/math/hal/bigintdyn/mubintvecdyn.h:43[m[K,
[2.384s]                  from [01m[K/usr/local/include/openfhe/core/math/hal/bigintdyn/backenddyn.h:44[m[K,
[2.384s]                  from [01m[K/usr/local/include/openfhe/core/math/hal/bigintbackend.h:38[m[K,
[2.385s]                  from [01m[K/usr/local/include/openfhe/core/math/math-hal.h:48[m[K,
[2.385s]                  from [01m[K/usr/local/include/openfhe/core/lattice/hal/elemparams.h:39[m[K,
[2.385s]                  from [01m[K/usr/local/include/openfhe/core/lattice/hal/default/ilparams.h:39[m[K,
[2.385s]                  from [01m[K/usr/local/include/openfhe/core/lattice/hal/lat-backend.h:49[m[K,
[2.385s]                  from [01m[K/usr/local/include/openfhe/core/lattice/lat-hal.h:35[m[K,
[2.385s]                  from [01m[K/usr/local/include/openfhe/core/openfhecore.h:39[m[K,
[2.385s]                  from [01m[K/usr/local/include/openfhe/pke/openfhe.h:40[m[K,
[2.385s]                  from [01m[K/home/sangwon/ROS2_turtlesim_ws/src/enc_turtle_cpp/src/enc_turtle_controller.cpp:3[m[K:
[2.385s] /usr/local/include/openfhe/cereal/details/polymorphic_impl.hpp: In instantiation of ‘[01m[Kconst cereal::detail::bind_to_archives<T, Tag>& cereal::detail::bind_to_archives<T, Tag>::bind() const [with T = std::shared_ptr<lbcrypto::CiphertextImpl<lbcrypto::DCRTPolyImpl<bigintdyn::mubintvec<bigintdyn::ubint<long unsigned int> > > > >; Tag = cereal::detail::polymorphic_binding_tag][m[K’:
[2.385s] [01m[K/home/sangwon/ROS2_turtlesim_ws/src/enc_turtle_cpp/src/enc_turtle_controller.cpp:18:1:[m[K   required from here
[2.385s] [01m[K/usr/local/include/openfhe/cereal/details/polymorphic_impl.hpp:797:48:[m[K [01;31m[Kerror: [m[Kstatic assertion failed: Attempting to register non polymorphic type
[2.385s]   797 |         static_assert( std::is_polymorphic<T>::[01;31m[Kvalue[m[K,
[2.385s]       |                                                [01;31m[K^~~~~[m[K
[8.372s] make[2]: *** [CMakeFiles/enc_turtle_controller.dir/build.make:63: CMakeFiles/enc_turtle_controller.dir/src/enc_turtle_controller.cpp.o] Error 1
[8.373s] make[1]: *** [CMakeFiles/Makefile2:159: CMakeFiles/enc_turtle_controller.dir/all] Error 2
[8.373s] make[1]: *** Waiting for unfinished jobs....
[8.660s] make[2]: *** [CMakeFiles/enc_turtle_plant.dir/build.make:63: CMakeFiles/enc_turtle_plant.dir/src/enc_turtle_plant.cpp.o] Error 1
[8.660s] make[1]: *** [CMakeFiles/Makefile2:445: CMakeFiles/enc_turtle_plant.dir/all] Error 2
[8.660s] make: *** [Makefile:141: all] Error 2
[8.663s] Invoked command in '/home/sangwon/ROS2_turtlesim_ws/build/enc_turtle_cpp' returned '2': CMAKE_PREFIX_PATH=${CMAKE_PREFIX_PATH}:/opt/ros/foxy /usr/bin/cmake --build /home/sangwon/ROS2_turtlesim_ws/build/enc_turtle_cpp -- -j12 -l12
