[01m[K/home/sangwon/ROS2_turtlesim_ws/src/enc_turtle_cpp/src/enc_turtle_controller.cpp:9:55:[m[K [01;35m[Kwarning: [m[Kextra ‘[01m[K;[m[K’ [[01;35m[K-Wpedantic[m[K]
    9 | CEREAL_REGISTER_TYPE(lbcrypto::CryptoParametersBGVRNS)[01;35m[K;[m[K
      |                                                       [01;35m[K^[m[K
[01m[K/home/sangwon/ROS2_turtlesim_ws/src/enc_turtle_cpp/src/enc_turtle_controller.cpp:10:41:[m[K [01;35m[Kwarning: [m[Kextra ‘[01m[K;[m[K’ [[01;35m[K-Wpedantic[m[K]
   10 | CEREAL_REGISTER_TYPE(lbcrypto::DCRTPoly)[01;35m[K;[m[K
      |                                         [01;35m[K^[m[K
[01m[K/home/sangwon/ROS2_turtlesim_ws/src/enc_turtle_cpp/src/enc_turtle_controller.cpp:11:45:[m[K [01;35m[Kwarning: [m[Kextra ‘[01m[K;[m[K’ [[01;35m[K-Wpedantic[m[K]
   11 | CEREAL_REGISTER_TYPE(lbcrypto::SchemeBGVRNS)[01;35m[K;[m[K
      |                                             [01;35m[K^[m[K
[01m[K/home/sangwon/ROS2_turtlesim_ws/src/enc_turtle_cpp/src/enc_turtle_controller.cpp:12:67:[m[K [01;35m[Kwarning: [m[Kextra ‘[01m[K;[m[K’ [[01;35m[K-Wpedantic[m[K]
   12 | CEREAL_REGISTER_TYPE(lbcrypto::CiphertextImpl<lbcrypto::DCRTPoly>)[01;35m[K;[m[K
      |                                                                   [01;35m[K^[m[K
[01m[K/home/sangwon/ROS2_turtlesim_ws/src/enc_turtle_cpp/src/enc_turtle_controller.cpp:13:123:[m[K [01;35m[Kwarning: [m[Kextra ‘[01m[K;[m[K’ [[01;35m[K-Wpedantic[m[K]
   13 | bcrypto::DCRTPoly>, lbcrypto::CryptoParametersBGVRNS)[01;35m[K;[m[K
      |                                                      [01;35m[K^[m[K

[01m[K/home/sangwon/ROS2_turtlesim_ws/src/enc_turtle_cpp/src/enc_turtle_controller.cpp:14:103:[m[K [01;35m[Kwarning: [m[Kextra ‘[01m[K;[m[K’ [[01;35m[K-Wpedantic[m[K]
   14 | hemeBase<lbcrypto::DCRTPoly>, lbcrypto::SchemeBGVRNS)[01;35m[K;[m[K
      |                                                      [01;35m[K^[m[K

[01m[K/home/sangwon/ROS2_turtlesim_ws/src/enc_turtle_cpp/src/enc_turtle_plant.cpp:9:55:[m[K [01;35m[Kwarning: [m[Kextra ‘[01m[K;[m[K’ [[01;35m[K-Wpedantic[m[K]
    9 | CEREAL_REGISTER_TYPE(lbcrypto::CryptoParametersBGVRNS)[01;35m[K;[m[K
      |                                                       [01;35m[K^[m[K
[01m[K/home/sangwon/ROS2_turtlesim_ws/src/enc_turtle_cpp/src/enc_turtle_plant.cpp:10:41:[m[K [01;35m[Kwarning: [m[Kextra ‘[01m[K;[m[K’ [[01;35m[K-Wpedantic[m[K]
   10 | CEREAL_REGISTER_TYPE(lbcrypto::DCRTPoly)[01;35m[K;[m[K
      |                                         [01;35m[K^[m[K
[01m[K/home/sangwon/ROS2_turtlesim_ws/src/enc_turtle_cpp/src/enc_turtle_plant.cpp:11:45:[m[K [01;35m[Kwarning: [m[Kextra ‘[01m[K;[m[K’ [[01;35m[K-Wpedantic[m[K]
   11 | CEREAL_REGISTER_TYPE(lbcrypto::SchemeBGVRNS)[01;35m[K;[m[K
      |                                             [01;35m[K^[m[K
[01m[K/home/sangwon/ROS2_turtlesim_ws/src/enc_turtle_cpp/src/enc_turtle_plant.cpp:12:67:[m[K [01;35m[Kwarning: [m[Kextra ‘[01m[K;[m[K’ [[01;35m[K-Wpedantic[m[K]
   12 | CEREAL_REGISTER_TYPE(lbcrypto::CiphertextImpl<lbcrypto::DCRTPoly>)[01;35m[K;[m[K
      |                                                                   [01;35m[K^[m[K
[01m[K/home/sangwon/ROS2_turtlesim_ws/src/enc_turtle_cpp/src/enc_turtle_plant.cpp:13:123:[m[K [01;35m[Kwarning: [m[Kextra ‘[01m[K;[m[K’ [[01;35m[K-Wpedantic[m[K]
   13 | CEREAL_REGISTER_POLYMORPHIC_RELATION(lbcrypto::CryptoParametersBase<lbcrypto::DCRTPoly>, lbcrypto::CryptoParametersBGVRNS)[01;35m[K;[m[K
      |                                                                                                                           [01;35m[K^[m[K
[01m[K/home/sangwon/ROS2_turtlesim_ws/src/enc_turtle_cpp/src/enc_turtle_plant.cpp:14:103:[m[K [01;35m[Kwarning: [m[Kextra ‘[01m[K;[m[K’ [[01;35m[K-Wpedantic[m[K]
   14 | CEREAL_REGISTER_POLYMORPHIC_RELATION(lbcrypto::SchemeBase<lbcrypto::DCRTPoly>, lbcrypto::SchemeBGVRNS)[01;35m[K;[m[K
      |                                                                                                       [01;35m[K^[m[K
[01m[K/home/sangwon/ROS2_turtlesim_ws/src/enc_turtle_cpp/src/enc_turtle_plant.cpp:[m[K In member function ‘[01m[Kvoid EncTurtlePlant::result_callback(enc_turtle_cpp::msg::EncryptedData_<std::allocator<void> >::SharedPtr)[m[K’:
[01m[K/home/sangwon/ROS2_turtlesim_ws/src/enc_turtle_cpp/src/enc_turtle_plant.cpp:120:33:[m[K [01;31m[Kerror: [m[K‘[01m[Kusing element_type = struct enc_turtle_cpp::msg::EncryptedData_<std::allocator<void> >[m[K’ {aka ‘[01m[Kstruct enc_turtle_cpp::msg::EncryptedData_<std::allocator<void> >[m[K’} has no member named ‘[01m[Kdata_result[m[K’
  120 |       std::stringstream ss(msg->[01;31m[Kdata_result[m[K);
      |                                 [01;31m[K^~~~~~~~~~~[m[K
make[2]: *** [CMakeFiles/enc_turtle_plant.dir/build.make:63: CMakeFiles/enc_turtle_plant.dir/src/enc_turtle_plant.cpp.o] Error 1
make[1]: *** [CMakeFiles/Makefile2:445: CMakeFiles/enc_turtle_plant.dir/all] Error 2
make[1]: *** Waiting for unfinished jobs....
make: *** [Makefile:141: all] Error 2
