[0.019s] Invoking command in '/home/sangwon/ROS2_turtlesim_ws/build/enc_turtle_cpp': CMAKE_PREFIX_PATH=${CMAKE_PREFIX_PATH}:/opt/ros/foxy /usr/bin/cmake /home/sangwon/ROS2_turtlesim_ws/src/enc_turtle_cpp -DAMENT_CMAKE_SYMLINK_INSTALL=1 -DCMAKE_INSTALL_PREFIX=/home/sangwon/ROS2_turtlesim_ws/install/enc_turtle_cpp
[0.028s] -- Found ament_cmake: 0.9.12 (/opt/ros/foxy/share/ament_cmake/cmake)
[0.044s] -- Found PythonInterp: /usr/bin/python3 (found suitable version "3.8.10", minimum required is "3") 
[0.044s] -- Using PYTHON_EXECUTABLE: /usr/bin/python3
[0.163s] -- Override CMake install command with custom implementation using symlinks instead of copying resources
[0.168s] -- Found rclcpp: 2.4.3 (/opt/ros/foxy/share/rclcpp/cmake)
[0.263s] -- Using all available rosidl_typesupport_c: rosidl_typesupport_fastrtps_c;rosidl_typesupport_introspection_c
[0.265s] -- Found rosidl_adapter: 1.3.1 (/opt/ros/foxy/share/rosidl_adapter/cmake)
[2.566s] -- Using all available rosidl_typesupport_cpp: rosidl_typesupport_fastrtps_cpp;rosidl_typesupport_introspection_cpp
[2.597s] -- Found rmw_implementation_cmake: 1.0.4 (/opt/ros/foxy/share/rmw_implementation_cmake/cmake)
[2.598s] -- Using RMW implementation 'rmw_fastrtps_cpp' as default
[2.679s] -- Found geometry_msgs: 2.0.5 (/opt/ros/foxy/share/geometry_msgs/cmake)
[2.698s] -- Found turtlesim: 1.2.6 (/opt/ros/foxy/share/turtlesim/cmake)
[2.758s] -- Found rosidl_default_generators: 1.0.1 (/opt/ros/foxy/share/rosidl_default_generators/cmake)
[2.782s] -- Found PythonInterp: /usr/bin/python3 (found version "3.8.10") 
[2.862s] -- Found ament_cmake_ros: 0.9.2 (/opt/ros/foxy/share/ament_cmake_ros/cmake)
[5.063s] -- Using all available rosidl_typesupport_c: rosidl_typesupport_fastrtps_c;rosidl_typesupport_introspection_c
[5.068s] -- Using all available rosidl_typesupport_cpp: rosidl_typesupport_fastrtps_cpp;rosidl_typesupport_introspection_cpp
[5.086s] -- Found PythonInterp: /usr/bin/python3 (found suitable version "3.8.10", minimum required is "3.5") 
[5.086s] -- Found python_cmake_module: 0.8.1 (/opt/ros/foxy/share/python_cmake_module/cmake)
[5.103s] -- Using PYTHON_EXECUTABLE: /usr/bin/python3
[5.103s] -- Using PYTHON_INCLUDE_DIRS: /usr/include/python3.8
[5.103s] -- Using PYTHON_LIBRARIES: /usr/lib/x86_64-linux-gnu/libpython3.8.so
[5.114s] -- Found OpenFHE
[5.114s] -- OpenFHE Version: 1.3.0
[5.114s] -- OpenFHE Include Dirs: 
[5.114s] -- OpenFHE Libraries: 
[5.117s] -- Found ament_lint_auto: 0.9.8 (/opt/ros/foxy/share/ament_lint_auto/cmake)
[5.125s] -- Added test 'copyright' to check source files copyright and LICENSE
[5.126s] -- Added test 'cppcheck' to perform static code analysis on C / C++ code
[5.127s] -- Configured cppcheck include dirs: $<BUILD_INTERFACE:/home/sangwon/ROS2_turtlesim_ws/src/enc_turtle_cpp/include>
[5.127s] -- Configured cppcheck exclude dirs and/or files: 
[5.128s] -- Added test 'cpplint' to check C / C++ code against the Google style
[5.128s] -- Configured cpplint exclude dirs and/or files: 
[5.129s] -- Added test 'flake8' to check Python code syntax and style conventions
[5.129s] -- Added test 'lint_cmake' to check CMake code style
[5.129s] -- Added test 'pep257' to check Python code against some of the style conventions in PEP 257
[5.130s] -- Added test 'uncrustify' to check C / C++ code style
[5.130s] -- Configured uncrustify additional arguments: 
[5.131s] -- Added test 'xmllint' to check XML markup files
[5.136s] -- Configuring done
[5.176s] -- Generating done
[5.180s] -- Build files have been written to: /home/sangwon/ROS2_turtlesim_ws/build/enc_turtle_cpp
[5.190s] Invoked command in '/home/sangwon/ROS2_turtlesim_ws/build/enc_turtle_cpp' returned '0': CMAKE_PREFIX_PATH=${CMAKE_PREFIX_PATH}:/opt/ros/foxy /usr/bin/cmake /home/sangwon/ROS2_turtlesim_ws/src/enc_turtle_cpp -DAMENT_CMAKE_SYMLINK_INSTALL=1 -DCMAKE_INSTALL_PREFIX=/home/sangwon/ROS2_turtlesim_ws/install/enc_turtle_cpp
[5.193s] Invoking command in '/home/sangwon/ROS2_turtlesim_ws/build/enc_turtle_cpp': CMAKE_PREFIX_PATH=${CMAKE_PREFIX_PATH}:/opt/ros/foxy /usr/bin/cmake --build /home/sangwon/ROS2_turtlesim_ws/build/enc_turtle_cpp -- -j12 -l12
[5.236s] [35m[1mScanning dependencies of target bgv_test[0m
[5.246s] [  7%] Built target enc_turtle_cpp__cpp
[5.246s] [  9%] Built target enc_turtle_cpp__rosidl_generator_c
[5.247s] [ 12%] [32mBuilding CXX object CMakeFiles/bgv_test.dir/src/bgv_test.cpp.o[0m
[5.253s] [ 21%] Built target turtle_plant
[5.253s] [ 21%] Built target turtle_controller
[5.269s] [ 36%] Built target enc_turtle_cpp__rosidl_typesupport_introspection_cpp
[5.269s] [ 36%] Built target enc_turtle_cpp__rosidl_typesupport_cpp
[5.270s] [ 43%] Built target enc_turtle_cpp__rosidl_typesupport_c
[5.272s] [ 51%] Built target enc_turtle_cpp__rosidl_typesupport_fastrtps_cpp
[5.275s] [ 58%] Built target enc_turtle_cpp__rosidl_typesupport_introspection_c
[5.297s] [ 65%] Built target enc_turtle_cpp__rosidl_typesupport_fastrtps_c
[5.323s] [ 65%] Built target enc_turtle_cpp
[5.340s] [35m[1mScanning dependencies of target enc_turtle_plant[0m
[5.349s] [ 68%] Built target enc_turtle_cpp__py
[5.357s] [ 73%] Built target enc_turtle_controller
[5.377s] [ 80%] Built target enc_turtle_cpp__python
[5.377s] [ 80%] [32mBuilding CXX object CMakeFiles/enc_turtle_plant.dir/src/enc_turtle_plant.cpp.o[0m
[5.406s] [ 85%] Built target enc_turtle_cpp__rosidl_typesupport_introspection_c__pyext
[5.406s] [ 90%] Built target enc_turtle_cpp__rosidl_typesupport_fastrtps_c__pyext
[5.407s] [ 95%] Built target enc_turtle_cpp__rosidl_typesupport_c__pyext
[22.061s] [ 97%] [32m[1mLinking CXX executable bgv_test[0m
[22.219s] [ 97%] Built target bgv_test
[30.400s] [100%] [32m[1mLinking CXX executable enc_turtle_plant[0m
[30.602s] [100%] Built target enc_turtle_plant
[30.616s] Invoked command in '/home/sangwon/ROS2_turtlesim_ws/build/enc_turtle_cpp' returned '0': CMAKE_PREFIX_PATH=${CMAKE_PREFIX_PATH}:/opt/ros/foxy /usr/bin/cmake --build /home/sangwon/ROS2_turtlesim_ws/build/enc_turtle_cpp -- -j12 -l12
[30.694s] Invoking command in '/home/sangwon/ROS2_turtlesim_ws/build/enc_turtle_cpp': CMAKE_PREFIX_PATH=${CMAKE_PREFIX_PATH}:/opt/ros/foxy /usr/bin/cmake --install /home/sangwon/ROS2_turtlesim_ws/build/enc_turtle_cpp
[30.702s] -- Install configuration: ""
[30.703s] -- Execute custom install script
[30.703s] -- Up-to-date symlink: /home/sangwon/ROS2_turtlesim_ws/install/enc_turtle_cpp/share/ament_index/resource_index/rosidl_interfaces/enc_turtle_cpp
[30.704s] -- Up-to-date symlink: /home/sangwon/ROS2_turtlesim_ws/install/enc_turtle_cpp/include/enc_turtle_cpp/msg/detail/encrypted_data__functions.h
[30.704s] -- Up-to-date symlink: /home/sangwon/ROS2_turtlesim_ws/install/enc_turtle_cpp/include/enc_turtle_cpp/msg/detail/encrypted_data__struct.h
[30.704s] -- Up-to-date symlink: /home/sangwon/ROS2_turtlesim_ws/install/enc_turtle_cpp/include/enc_turtle_cpp/msg/detail/encrypted_data__type_support.h
[30.704s] -- Up-to-date symlink: /home/sangwon/ROS2_turtlesim_ws/install/enc_turtle_cpp/include/enc_turtle_cpp/msg/encrypted_data.h
[30.704s] -- Up-to-date symlink: /home/sangwon/ROS2_turtlesim_ws/install/enc_turtle_cpp/include/enc_turtle_cpp/msg/rosidl_generator_c__visibility_control.h
[30.705s] -- Up-to-date symlink: /home/sangwon/ROS2_turtlesim_ws/install/enc_turtle_cpp/share/enc_turtle_cpp/environment/library_path.sh
[30.705s] -- Up-to-date symlink: /home/sangwon/ROS2_turtlesim_ws/install/enc_turtle_cpp/share/enc_turtle_cpp/environment/library_path.dsv
[30.705s] -- Up-to-date symlink: /home/sangwon/ROS2_turtlesim_ws/install/enc_turtle_cpp/include/enc_turtle_cpp/msg/detail/encrypted_data__rosidl_typesupport_fastrtps_c.h
[30.706s] -- Up-to-date symlink: /home/sangwon/ROS2_turtlesim_ws/install/enc_turtle_cpp/include/enc_turtle_cpp/msg/rosidl_typesupport_fastrtps_c__visibility_control.h
[30.706s] -- Up-to-date symlink: /home/sangwon/ROS2_turtlesim_ws/install/enc_turtle_cpp/lib/libenc_turtle_cpp__rosidl_typesupport_fastrtps_c.so
[30.707s] -- Up-to-date symlink: /home/sangwon/ROS2_turtlesim_ws/install/enc_turtle_cpp/include/enc_turtle_cpp/msg/detail/encrypted_data__rosidl_typesupport_fastrtps_cpp.hpp
[30.707s] -- Up-to-date symlink: /home/sangwon/ROS2_turtlesim_ws/install/enc_turtle_cpp/include/enc_turtle_cpp/msg/rosidl_typesupport_fastrtps_cpp__visibility_control.h
[30.707s] -- Up-to-date symlink: /home/sangwon/ROS2_turtlesim_ws/install/enc_turtle_cpp/lib/libenc_turtle_cpp__rosidl_typesupport_fastrtps_cpp.so
[30.707s] -- Up-to-date symlink: /home/sangwon/ROS2_turtlesim_ws/install/enc_turtle_cpp/include/enc_turtle_cpp/msg/detail/encrypted_data__rosidl_typesupport_introspection_c.h
[30.708s] -- Up-to-date symlink: /home/sangwon/ROS2_turtlesim_ws/install/enc_turtle_cpp/include/enc_turtle_cpp/msg/rosidl_typesupport_introspection_c__visibility_control.h
[30.708s] -- Up-to-date symlink: /home/sangwon/ROS2_turtlesim_ws/install/enc_turtle_cpp/include/enc_turtle_cpp/msg/detail/encrypted_data__builder.hpp
[30.708s] -- Up-to-date symlink: /home/sangwon/ROS2_turtlesim_ws/install/enc_turtle_cpp/include/enc_turtle_cpp/msg/detail/encrypted_data__struct.hpp
[30.708s] -- Up-to-date symlink: /home/sangwon/ROS2_turtlesim_ws/install/enc_turtle_cpp/include/enc_turtle_cpp/msg/detail/encrypted_data__traits.hpp
[30.709s] -- Up-to-date symlink: /home/sangwon/ROS2_turtlesim_ws/install/enc_turtle_cpp/include/enc_turtle_cpp/msg/detail/encrypted_data__type_support.hpp
[30.709s] -- Up-to-date symlink: /home/sangwon/ROS2_turtlesim_ws/install/enc_turtle_cpp/include/enc_turtle_cpp/msg/encrypted_data.hpp
[30.709s] -- Up-to-date symlink: /home/sangwon/ROS2_turtlesim_ws/install/enc_turtle_cpp/include/enc_turtle_cpp/msg/rosidl_generator_cpp__visibility_control.hpp
[30.710s] -- Up-to-date symlink: /home/sangwon/ROS2_turtlesim_ws/install/enc_turtle_cpp/include/enc_turtle_cpp/msg/detail/encrypted_data__rosidl_typesupport_introspection_cpp.hpp
[30.710s] -- Up-to-date symlink: /home/sangwon/ROS2_turtlesim_ws/install/enc_turtle_cpp/share/enc_turtle_cpp/environment/pythonpath.sh
[30.710s] -- Up-to-date symlink: /home/sangwon/ROS2_turtlesim_ws/install/enc_turtle_cpp/share/enc_turtle_cpp/environment/pythonpath.dsv
[30.710s] -- Up-to-date symlink: /home/sangwon/ROS2_turtlesim_ws/install/enc_turtle_cpp/lib/python3.8/site-packages/enc_turtle_cpp/__init__.py
[30.710s] -- Up-to-date symlink: /home/sangwon/ROS2_turtlesim_ws/install/enc_turtle_cpp/lib/python3.8/site-packages/enc_turtle_cpp/msg/__init__.py
[30.711s] -- Up-to-date symlink: /home/sangwon/ROS2_turtlesim_ws/install/enc_turtle_cpp/lib/python3.8/site-packages/enc_turtle_cpp/msg/_encrypted_data.py
[30.711s] -- Up-to-date symlink: /home/sangwon/ROS2_turtlesim_ws/install/enc_turtle_cpp/lib/python3.8/site-packages/enc_turtle_cpp/enc_turtle_cpp_s__rosidl_typesupport_fastrtps_c.cpython-38-x86_64-linux-gnu.so
[30.711s] -- Up-to-date symlink: /home/sangwon/ROS2_turtlesim_ws/install/enc_turtle_cpp/lib/python3.8/site-packages/enc_turtle_cpp/enc_turtle_cpp_s__rosidl_typesupport_introspection_c.cpython-38-x86_64-linux-gnu.so
[30.711s] -- Up-to-date symlink: /home/sangwon/ROS2_turtlesim_ws/install/enc_turtle_cpp/lib/python3.8/site-packages/enc_turtle_cpp/enc_turtle_cpp_s__rosidl_typesupport_c.cpython-38-x86_64-linux-gnu.so
[30.712s] -- Up-to-date symlink: /home/sangwon/ROS2_turtlesim_ws/install/enc_turtle_cpp/lib/libenc_turtle_cpp__python.so
[30.712s] -- Up-to-date symlink: /home/sangwon/ROS2_turtlesim_ws/install/enc_turtle_cpp/share/enc_turtle_cpp/msg/EncryptedData.idl
[30.712s] -- Up-to-date symlink: /home/sangwon/ROS2_turtlesim_ws/install/enc_turtle_cpp/share/enc_turtle_cpp/msg/EncryptedData.msg
[30.712s] -- Up-to-date symlink: /home/sangwon/ROS2_turtlesim_ws/install/enc_turtle_cpp/share/enc_turtle_cpp/launch/enc_turtle_demo.launch.py
[30.713s] -- Up-to-date symlink: /home/sangwon/ROS2_turtlesim_ws/install/enc_turtle_cpp/share/enc_turtle_cpp/launch/turtle_demo.launch.py
[30.713s] -- Up-to-date symlink: /home/sangwon/ROS2_turtlesim_ws/install/enc_turtle_cpp/lib/enc_turtle_cpp/enc_turtle_plant
[30.713s] -- Up-to-date symlink: /home/sangwon/ROS2_turtlesim_ws/install/enc_turtle_cpp/lib/enc_turtle_cpp/enc_turtle_controller
[30.713s] -- Up-to-date symlink: /home/sangwon/ROS2_turtlesim_ws/install/enc_turtle_cpp/lib/enc_turtle_cpp/bgv_test
[30.714s] -- Up-to-date symlink: /home/sangwon/ROS2_turtlesim_ws/install/enc_turtle_cpp/share/ament_index/resource_index/package_run_dependencies/enc_turtle_cpp
[30.714s] -- Up-to-date symlink: /home/sangwon/ROS2_turtlesim_ws/install/enc_turtle_cpp/share/ament_index/resource_index/parent_prefix_path/enc_turtle_cpp
[30.714s] -- Up-to-date symlink: /home/sangwon/ROS2_turtlesim_ws/install/enc_turtle_cpp/share/enc_turtle_cpp/environment/ament_prefix_path.sh
[30.714s] -- Up-to-date symlink: /home/sangwon/ROS2_turtlesim_ws/install/enc_turtle_cpp/share/enc_turtle_cpp/environment/ament_prefix_path.dsv
[30.714s] -- Up-to-date symlink: /home/sangwon/ROS2_turtlesim_ws/install/enc_turtle_cpp/share/enc_turtle_cpp/environment/path.sh
[30.715s] -- Up-to-date symlink: /home/sangwon/ROS2_turtlesim_ws/install/enc_turtle_cpp/share/enc_turtle_cpp/environment/path.dsv
[30.715s] -- Up-to-date symlink: /home/sangwon/ROS2_turtlesim_ws/install/enc_turtle_cpp/share/enc_turtle_cpp/local_setup.bash
[30.715s] -- Up-to-date symlink: /home/sangwon/ROS2_turtlesim_ws/install/enc_turtle_cpp/share/enc_turtle_cpp/local_setup.sh
[30.715s] -- Up-to-date symlink: /home/sangwon/ROS2_turtlesim_ws/install/enc_turtle_cpp/share/enc_turtle_cpp/local_setup.zsh
[30.715s] -- Up-to-date symlink: /home/sangwon/ROS2_turtlesim_ws/install/enc_turtle_cpp/share/enc_turtle_cpp/local_setup.dsv
[30.716s] -- Symlinking: /home/sangwon/ROS2_turtlesim_ws/install/enc_turtle_cpp/share/enc_turtle_cpp/package.dsv
[30.726s] -- Up-to-date symlink: /home/sangwon/ROS2_turtlesim_ws/install/enc_turtle_cpp/share/ament_index/resource_index/packages/enc_turtle_cpp
[30.727s] -- Up-to-date symlink: /home/sangwon/ROS2_turtlesim_ws/install/enc_turtle_cpp/share/enc_turtle_cpp/cmake/rosidl_cmake-extras.cmake
[30.727s] -- Up-to-date symlink: /home/sangwon/ROS2_turtlesim_ws/install/enc_turtle_cpp/share/enc_turtle_cpp/cmake/ament_cmake_export_dependencies-extras.cmake
[30.727s] -- Up-to-date symlink: /home/sangwon/ROS2_turtlesim_ws/install/enc_turtle_cpp/share/enc_turtle_cpp/cmake/ament_cmake_export_libraries-extras.cmake
[30.727s] -- Up-to-date symlink: /home/sangwon/ROS2_turtlesim_ws/install/enc_turtle_cpp/share/enc_turtle_cpp/cmake/ament_cmake_export_targets-extras.cmake
[30.728s] -- Up-to-date symlink: /home/sangwon/ROS2_turtlesim_ws/install/enc_turtle_cpp/share/enc_turtle_cpp/cmake/ament_cmake_export_include_directories-extras.cmake
[30.728s] -- Up-to-date symlink: /home/sangwon/ROS2_turtlesim_ws/install/enc_turtle_cpp/share/enc_turtle_cpp/cmake/rosidl_cmake_export_typesupport_libraries-extras.cmake
[30.728s] -- Up-to-date symlink: /home/sangwon/ROS2_turtlesim_ws/install/enc_turtle_cpp/share/enc_turtle_cpp/cmake/rosidl_cmake_export_typesupport_targets-extras.cmake
[30.728s] -- Up-to-date symlink: /home/sangwon/ROS2_turtlesim_ws/install/enc_turtle_cpp/share/enc_turtle_cpp/cmake/enc_turtle_cppConfig.cmake
[30.729s] -- Up-to-date symlink: /home/sangwon/ROS2_turtlesim_ws/install/enc_turtle_cpp/share/enc_turtle_cpp/cmake/enc_turtle_cppConfig-version.cmake
[30.729s] -- Up-to-date symlink: /home/sangwon/ROS2_turtlesim_ws/install/enc_turtle_cpp/share/enc_turtle_cpp/package.xml
[30.729s] -- Up-to-date: /home/sangwon/ROS2_turtlesim_ws/install/enc_turtle_cpp/lib/libenc_turtle_cpp__rosidl_generator_c.so
[30.729s] -- Up-to-date: /home/sangwon/ROS2_turtlesim_ws/install/enc_turtle_cpp/lib/libenc_turtle_cpp__rosidl_typesupport_introspection_c.so
[30.730s] -- Up-to-date: /home/sangwon/ROS2_turtlesim_ws/install/enc_turtle_cpp/lib/libenc_turtle_cpp__rosidl_typesupport_c.so
[30.730s] -- Up-to-date: /home/sangwon/ROS2_turtlesim_ws/install/enc_turtle_cpp/lib/libenc_turtle_cpp__rosidl_typesupport_introspection_cpp.so
[30.730s] -- Up-to-date: /home/sangwon/ROS2_turtlesim_ws/install/enc_turtle_cpp/lib/libenc_turtle_cpp__rosidl_typesupport_cpp.so
[30.752s] Compiling '/home/sangwon/ROS2_turtlesim_ws/install/enc_turtle_cpp/lib/python3.8/site-packages/enc_turtle_cpp/__init__.py'...
[30.755s] -- Up-to-date: /home/sangwon/ROS2_turtlesim_ws/install/enc_turtle_cpp/share/enc_turtle_cpp/cmake/enc_turtle_cpp__rosidl_generator_cExport.cmake
[30.756s] -- Installing: /home/sangwon/ROS2_turtlesim_ws/install/enc_turtle_cpp/share/enc_turtle_cpp/cmake/enc_turtle_cpp__rosidl_generator_cExport-noconfig.cmake
[30.756s] -- Up-to-date: /home/sangwon/ROS2_turtlesim_ws/install/enc_turtle_cpp/share/enc_turtle_cpp/cmake/enc_turtle_cpp__rosidl_typesupport_introspection_cExport.cmake
[30.756s] -- Installing: /home/sangwon/ROS2_turtlesim_ws/install/enc_turtle_cpp/share/enc_turtle_cpp/cmake/enc_turtle_cpp__rosidl_typesupport_introspection_cExport-noconfig.cmake
[30.756s] -- Up-to-date: /home/sangwon/ROS2_turtlesim_ws/install/enc_turtle_cpp/share/enc_turtle_cpp/cmake/enc_turtle_cpp__rosidl_typesupport_cExport.cmake
[30.756s] -- Installing: /home/sangwon/ROS2_turtlesim_ws/install/enc_turtle_cpp/share/enc_turtle_cpp/cmake/enc_turtle_cpp__rosidl_typesupport_cExport-noconfig.cmake
[30.757s] -- Up-to-date: /home/sangwon/ROS2_turtlesim_ws/install/enc_turtle_cpp/share/enc_turtle_cpp/cmake/enc_turtle_cpp__rosidl_generator_cppExport.cmake
[30.757s] -- Up-to-date: /home/sangwon/ROS2_turtlesim_ws/install/enc_turtle_cpp/share/enc_turtle_cpp/cmake/enc_turtle_cpp__rosidl_typesupport_introspection_cppExport.cmake
[30.757s] -- Installing: /home/sangwon/ROS2_turtlesim_ws/install/enc_turtle_cpp/share/enc_turtle_cpp/cmake/enc_turtle_cpp__rosidl_typesupport_introspection_cppExport-noconfig.cmake
[30.758s] -- Up-to-date: /home/sangwon/ROS2_turtlesim_ws/install/enc_turtle_cpp/share/enc_turtle_cpp/cmake/enc_turtle_cpp__rosidl_typesupport_cppExport.cmake
[30.758s] -- Installing: /home/sangwon/ROS2_turtlesim_ws/install/enc_turtle_cpp/share/enc_turtle_cpp/cmake/enc_turtle_cpp__rosidl_typesupport_cppExport-noconfig.cmake
[30.761s] Invoked command in '/home/sangwon/ROS2_turtlesim_ws/build/enc_turtle_cpp' returned '0': CMAKE_PREFIX_PATH=${CMAKE_PREFIX_PATH}:/opt/ros/foxy /usr/bin/cmake --install /home/sangwon/ROS2_turtlesim_ws/build/enc_turtle_cpp
