[01m[K/home/sangwon/ROS2_turtlesim_ws/src/enc_turtle_cpp/src/enc_turtle_plant.cpp:[m[K In member function ‘[01m[Kvoid EncTurtlePlant::result_callback(enc_turtle_cpp::msg::EncryptedData_<std::allocator<void> >::SharedPtr)[m[K’:
[01m[K/home/sangwon/ROS2_turtlesim_ws/src/enc_turtle_cpp/src/enc_turtle_plant.cpp:111:37:[m[K [01;31m[Kerror: [m[Kno matching function for call to ‘[01m[Kstd::__cxx11::basic_stringstream<char>::basic_stringstream(enc_turtle_cpp::msg::EncryptedData_<std::allocator<void> >::_data_type&)[m[K’
  111 |       std::stringstream ss(msg->data[01;31m[K)[m[K;
      |                                     [01;31m[K^[m[K
In file included from [01m[K/opt/ros/foxy/include/rclcpp/client.hpp:22[m[K,
                 from [01m[K/opt/ros/foxy/include/rclcpp/callback_group.hpp:23[m[K,
                 from [01m[K/opt/ros/foxy/include/rclcpp/any_executable.hpp:20[m[K,
                 from [01m[K/opt/ros/foxy/include/rclcpp/memory_strategy.hpp:24[m[K,
                 from [01m[K/opt/ros/foxy/include/rclcpp/memory_strategies.hpp:18[m[K,
                 from [01m[K/opt/ros/foxy/include/rclcpp/executor_options.hpp:20[m[K,
                 from [01m[K/opt/ros/foxy/include/rclcpp/executor.hpp:33[m[K,
                 from [01m[K/opt/ros/foxy/include/rclcpp/executors/multi_threaded_executor.hpp:26[m[K,
                 from [01m[K/opt/ros/foxy/include/rclcpp/executors.hpp:21[m[K,
                 from [01m[K/opt/ros/foxy/include/rclcpp/rclcpp.hpp:146[m[K,
                 from [01m[K/home/sangwon/ROS2_turtlesim_ws/src/enc_turtle_cpp/src/enc_turtle_plant.cpp:1[m[K:
[01m[K/usr/include/c++/9/sstream:789:7:[m[K [01;36m[Knote: [m[Kcandidate: ‘[01m[Kstd::__cxx11::basic_stringstream<_CharT, _Traits, _Alloc>::basic_stringstream(std::__cxx11::basic_stringstream<_CharT, _Traits, _Alloc>&&) [with _CharT = char; _Traits = std::char_traits<char>; _Alloc = std::allocator<char>][m[K’
  789 |       [01;36m[Kbasic_stringstream[m[K(basic_stringstream&& __rhs)
      |       [01;36m[K^~~~~~~~~~~~~~~~~~[m[K
[01m[K/usr/include/c++/9/sstream:789:47:[m[K [01;36m[Knote: [m[K  no known conversion for argument 1 from ‘[01m[Kenc_turtle_cpp::msg::EncryptedData_<std::allocator<void> >::_data_type[m[K’ {aka ‘[01m[Kstd::vector<unsigned char, std::allocator<unsigned char> >[m[K’} to ‘[01m[Kstd::__cxx11::basic_stringstream<char>&&[m[K’
  789 |       basic_stringstream([01;36m[Kbasic_stringstream&& __rhs[m[K)
      |                          [01;36m[K~~~~~~~~~~~~~~~~~~~~~^~~~~[m[K
[01m[K/usr/include/c++/9/sstream:772:7:[m[K [01;36m[Knote: [m[Kcandidate: ‘[01m[Kstd::__cxx11::basic_stringstream<_CharT, _Traits, _Alloc>::basic_stringstream(const __string_type&, std::ios_base::openmode) [with _CharT = char; _Traits = std::char_traits<char>; _Alloc = std::allocator<char>; std::__cxx11::basic_stringstream<_CharT, _Traits, _Alloc>::__string_type = std::__cxx11::basic_string<char>; std::ios_base::openmode = std::_Ios_Openmode][m[K’
  772 |       [01;36m[Kbasic_stringstream[m[K(const __string_type& __str,
      |       [01;36m[K^~~~~~~~~~~~~~~~~~[m[K
[01m[K/usr/include/c++/9/sstream:772:47:[m[K [01;36m[Knote: [m[K  no known conversion for argument 1 from ‘[01m[Kenc_turtle_cpp::msg::EncryptedData_<std::allocator<void> >::_data_type[m[K’ {aka ‘[01m[Kstd::vector<unsigned char, std::allocator<unsigned char> >[m[K’} to ‘[01m[Kconst __string_type&[m[K’ {aka ‘[01m[Kconst std::__cxx11::basic_string<char>&[m[K’}
  772 |       basic_stringstream([01;36m[Kconst __string_type& __str[m[K,
      |                          [01;36m[K~~~~~~~~~~~~~~~~~~~~~^~~~~[m[K
[01m[K/usr/include/c++/9/sstream:756:7:[m[K [01;36m[Knote: [m[Kcandidate: ‘[01m[Kstd::__cxx11::basic_stringstream<_CharT, _Traits, _Alloc>::basic_stringstream(std::ios_base::openmode) [with _CharT = char; _Traits = std::char_traits<char>; _Alloc = std::allocator<char>; std::ios_base::openmode = std::_Ios_Openmode][m[K’
  756 |       [01;36m[Kbasic_stringstream[m[K(ios_base::openmode __m)
      |       [01;36m[K^~~~~~~~~~~~~~~~~~[m[K
[01m[K/usr/include/c++/9/sstream:756:45:[m[K [01;36m[Knote: [m[K  no known conversion for argument 1 from ‘[01m[Kenc_turtle_cpp::msg::EncryptedData_<std::allocator<void> >::_data_type[m[K’ {aka ‘[01m[Kstd::vector<unsigned char, std::allocator<unsigned char> >[m[K’} to ‘[01m[Kstd::ios_base::openmode[m[K’ {aka ‘[01m[Kstd::_Ios_Openmode[m[K’}
  756 |       basic_stringstream([01;36m[Kios_base::openmode __m[m[K)
      |                          [01;36m[K~~~~~~~~~~~~~~~~~~~^~~[m[K
[01m[K/usr/include/c++/9/sstream:741:7:[m[K [01;36m[Knote: [m[Kcandidate: ‘[01m[Kstd::__cxx11::basic_stringstream<_CharT, _Traits, _Alloc>::basic_stringstream() [with _CharT = char; _Traits = std::char_traits<char>; _Alloc = std::allocator<char>][m[K’
  741 |       [01;36m[Kbasic_stringstream[m[K()
      |       [01;36m[K^~~~~~~~~~~~~~~~~~[m[K
[01m[K/usr/include/c++/9/sstream:741:7:[m[K [01;36m[Knote: [m[K  candidate expects 0 arguments, 1 provided
make[2]: *** [CMakeFiles/enc_turtle_plant.dir/build.make:63: CMakeFiles/enc_turtle_plant.dir/src/enc_turtle_plant.cpp.o] Error 1
make[1]: *** [CMakeFiles/Makefile2:445: CMakeFiles/enc_turtle_plant.dir/all] Error 2
make[1]: *** Waiting for unfinished jobs....
make: *** [Makefile:141: all] Error 2
