-- Found ament_cmake: 0.9.12 (/opt/ros/foxy/share/ament_cmake/cmake)
-- Found PythonInterp: /usr/bin/python3 (found suitable version "3.8.10", minimum required is "3") 
-- Using PYTHON_EXECUTABLE: /usr/bin/python3
-- Override CMake install command with custom implementation using symlinks instead of copying resources
-- Found rclcpp: 2.4.3 (/opt/ros/foxy/share/rclcpp/cmake)
-- Using all available rosidl_typesupport_c: rosidl_typesupport_fastrtps_c;rosidl_typesupport_introspection_c
-- Found rosidl_adapter: 1.3.1 (/opt/ros/foxy/share/rosidl_adapter/cmake)
-- Using all available rosidl_typesupport_cpp: rosidl_typesupport_fastrtps_cpp;rosidl_typesupport_introspection_cpp
-- Found rmw_implementation_cmake: 1.0.4 (/opt/ros/foxy/share/rmw_implementation_cmake/cmake)
-- Using RMW implementation 'rmw_fastrtps_cpp' as default
-- Found geometry_msgs: 2.0.5 (/opt/ros/foxy/share/geometry_msgs/cmake)
-- Found turtlesim: 1.2.6 (/opt/ros/foxy/share/turtlesim/cmake)
-- Found rosidl_default_generators: 1.0.1 (/opt/ros/foxy/share/rosidl_default_generators/cmake)
-- Found PythonInterp: /usr/bin/python3 (found version "3.8.10") 
-- Found ament_cmake_ros: 0.9.2 (/opt/ros/foxy/share/ament_cmake_ros/cmake)
-- Using all available rosidl_typesupport_c: rosidl_typesupport_fastrtps_c;rosidl_typesupport_introspection_c
-- Using all available rosidl_typesupport_cpp: rosidl_typesupport_fastrtps_cpp;rosidl_typesupport_introspection_cpp
-- Found PythonInterp: /usr/bin/python3 (found suitable version "3.8.10", minimum required is "3.5") 
-- Found python_cmake_module: 0.8.1 (/opt/ros/foxy/share/python_cmake_module/cmake)
-- Using PYTHON_EXECUTABLE: /usr/bin/python3
-- Using PYTHON_INCLUDE_DIRS: /usr/include/python3.8
-- Using PYTHON_LIBRARIES: /usr/lib/x86_64-linux-gnu/libpython3.8.so
-- Found OpenFHE
-- OpenFHE Version: 1.3.0
-- OpenFHE Include Dirs: 
-- OpenFHE Libraries: 
-- Found ament_lint_auto: 0.9.8 (/opt/ros/foxy/share/ament_lint_auto/cmake)
-- Added test 'copyright' to check source files copyright and LICENSE
-- Added test 'cppcheck' to perform static code analysis on C / C++ code
-- Configured cppcheck include dirs: $<BUILD_INTERFACE:/home/sangwon/ROS2_turtlesim_ws/src/enc_turtle_cpp/include>
-- Configured cppcheck exclude dirs and/or files: 
-- Added test 'cpplint' to check C / C++ code against the Google style
-- Configured cpplint exclude dirs and/or files: 
-- Added test 'flake8' to check Python code syntax and style conventions
-- Added test 'lint_cmake' to check CMake code style
-- Added test 'pep257' to check Python code against some of the style conventions in PEP 257
-- Added test 'uncrustify' to check C / C++ code style
-- Configured uncrustify additional arguments: 
-- Added test 'xmllint' to check XML markup files
-- Configuring done
-- Generating done
-- Build files have been written to: /home/sangwon/ROS2_turtlesim_ws/build/enc_turtle_cpp
[  2%] [34m[1mGenerating C code for ROS interfaces[0m
[  4%] [34m[1mGenerating C++ code for ROS interfaces[0m
[  9%] Built target bgv_test
[ 14%] Built target turtle_controller
[ 19%] Built target turtle_plant
[35m[1mScanning dependencies of target enc_turtle_cpp__rosidl_generator_c[0m
[ 19%] Built target enc_turtle_cpp__cpp
[ 21%] [32mBuilding C object CMakeFiles/enc_turtle_cpp__rosidl_generator_c.dir/rosidl_generator_c/enc_turtle_cpp/msg/detail/encrypted_data__functions.c.o[0m
[ 24%] [34m[1mGenerating C++ type support dispatch for ROS interfaces[0m
[ 26%] [34m[1mGenerating C++ introspection for ROS interfaces[0m
[ 29%] [34m[1mGenerating C++ type support for eProsima Fast-RTPS[0m
[ 31%] [32m[1mLinking C shared library libenc_turtle_cpp__rosidl_generator_c.so[0m
[ 31%] Built target enc_turtle_cpp__rosidl_generator_c
[35m[1mScanning dependencies of target enc_turtle_cpp__rosidl_typesupport_cpp[0m
[ 36%] [34m[1mGenerating C type support dispatch for ROS interfaces[0m
[ 36%] [34m[1mGenerating C introspection for ROS interfaces[0m
[ 39%] [32mBuilding CXX object CMakeFiles/enc_turtle_cpp__rosidl_typesupport_cpp.dir/rosidl_typesupport_cpp/enc_turtle_cpp/msg/encrypted_data__type_support.cpp.o[0m
[35m[1mScanning dependencies of target enc_turtle_cpp__rosidl_typesupport_introspection_cpp[0m
[35m[1mScanning dependencies of target enc_turtle_cpp__rosidl_typesupport_fastrtps_cpp[0m
[ 41%] [32mBuilding CXX object CMakeFiles/enc_turtle_cpp__rosidl_typesupport_introspection_cpp.dir/rosidl_typesupport_introspection_cpp/enc_turtle_cpp/msg/detail/encrypted_data__type_support.cpp.o[0m
[ 43%] [32mBuilding CXX object CMakeFiles/enc_turtle_cpp__rosidl_typesupport_fastrtps_cpp.dir/rosidl_typesupport_fastrtps_cpp/enc_turtle_cpp/msg/detail/dds_fastrtps/encrypted_data__type_support.cpp.o[0m
[35m[1mScanning dependencies of target enc_turtle_cpp__rosidl_typesupport_c[0m
[ 46%] [32mBuilding CXX object CMakeFiles/enc_turtle_cpp__rosidl_typesupport_c.dir/rosidl_typesupport_c/enc_turtle_cpp/msg/encrypted_data__type_support.cpp.o[0m
[35m[1mScanning dependencies of target enc_turtle_cpp__rosidl_typesupport_introspection_c[0m
[ 48%] [32mBuilding C object CMakeFiles/enc_turtle_cpp__rosidl_typesupport_introspection_c.dir/rosidl_typesupport_introspection_c/enc_turtle_cpp/msg/detail/encrypted_data__type_support.c.o[0m
[ 51%] [32m[1mLinking CXX shared library libenc_turtle_cpp__rosidl_typesupport_c.so[0m
[ 53%] [32m[1mLinking C shared library libenc_turtle_cpp__rosidl_typesupport_introspection_c.so[0m
[ 56%] [32m[1mLinking CXX shared library libenc_turtle_cpp__rosidl_typesupport_cpp.so[0m
[ 56%] Built target enc_turtle_cpp__rosidl_typesupport_c
[ 58%] [32m[1mLinking CXX shared library libenc_turtle_cpp__rosidl_typesupport_introspection_cpp.so[0m
[ 58%] Built target enc_turtle_cpp__rosidl_typesupport_introspection_c
[ 58%] Built target enc_turtle_cpp__rosidl_typesupport_cpp
[ 60%] [32m[1mLinking CXX shared library libenc_turtle_cpp__rosidl_typesupport_fastrtps_cpp.so[0m
[ 60%] Built target enc_turtle_cpp__rosidl_typesupport_introspection_cpp
[ 60%] Built target enc_turtle_cpp__rosidl_typesupport_fastrtps_cpp
[ 63%] [34m[1mGenerating C type support for eProsima Fast-RTPS[0m
[35m[1mScanning dependencies of target enc_turtle_cpp__rosidl_typesupport_fastrtps_c[0m
[ 65%] [32mBuilding CXX object CMakeFiles/enc_turtle_cpp__rosidl_typesupport_fastrtps_c.dir/rosidl_typesupport_fastrtps_c/enc_turtle_cpp/msg/detail/encrypted_data__type_support_c.cpp.o[0m
[ 68%] [32m[1mLinking CXX shared library libenc_turtle_cpp__rosidl_typesupport_fastrtps_c.so[0m
[ 68%] Built target enc_turtle_cpp__rosidl_typesupport_fastrtps_c
[ 68%] Built target enc_turtle_cpp
[35m[1mScanning dependencies of target enc_turtle_controller[0m
[35m[1mScanning dependencies of target enc_turtle_plant[0m
[ 70%] [34m[1mGenerating Python code for ROS interfaces[0m
[ 73%] [32mBuilding CXX object CMakeFiles/enc_turtle_controller.dir/src/enc_turtle_controller.cpp.o[0m
[ 75%] [32mBuilding CXX object CMakeFiles/enc_turtle_plant.dir/src/enc_turtle_plant.cpp.o[0m
[ 75%] Built target enc_turtle_cpp__py
[35m[1mScanning dependencies of target enc_turtle_cpp__python[0m
[ 78%] [32mBuilding C object CMakeFiles/enc_turtle_cpp__python.dir/rosidl_generator_py/enc_turtle_cpp/msg/_encrypted_data_s.c.o[0m
[ 80%] [32m[1mLinking C shared library rosidl_generator_py/enc_turtle_cpp/libenc_turtle_cpp__python.so[0m
[ 80%] Built target enc_turtle_cpp__python
[35m[1mScanning dependencies of target enc_turtle_cpp__rosidl_typesupport_c__pyext[0m
[35m[1mScanning dependencies of target enc_turtle_cpp__rosidl_typesupport_fastrtps_c__pyext[0m
[35m[1mScanning dependencies of target enc_turtle_cpp__rosidl_typesupport_introspection_c__pyext[0m
[ 85%] [32mBuilding C object CMakeFiles/enc_turtle_cpp__rosidl_typesupport_c__pyext.dir/rosidl_generator_py/enc_turtle_cpp/_enc_turtle_cpp_s.ep.rosidl_typesupport_c.c.o[0m
[ 85%] [32mBuilding C object CMakeFiles/enc_turtle_cpp__rosidl_typesupport_fastrtps_c__pyext.dir/rosidl_generator_py/enc_turtle_cpp/_enc_turtle_cpp_s.ep.rosidl_typesupport_fastrtps_c.c.o[0m
[ 87%] [32mBuilding C object CMakeFiles/enc_turtle_cpp__rosidl_typesupport_introspection_c__pyext.dir/rosidl_generator_py/enc_turtle_cpp/_enc_turtle_cpp_s.ep.rosidl_typesupport_introspection_c.c.o[0m
[ 92%] [32m[1mLinking CXX shared library rosidl_generator_py/enc_turtle_cpp/enc_turtle_cpp_s__rosidl_typesupport_fastrtps_c.cpython-38-x86_64-linux-gnu.so[0m
[ 92%] [32m[1mLinking C shared library rosidl_generator_py/enc_turtle_cpp/enc_turtle_cpp_s__rosidl_typesupport_c.cpython-38-x86_64-linux-gnu.so[0m
[ 95%] [32m[1mLinking C shared library rosidl_generator_py/enc_turtle_cpp/enc_turtle_cpp_s__rosidl_typesupport_introspection_c.cpython-38-x86_64-linux-gnu.so[0m
[ 95%] Built target enc_turtle_cpp__rosidl_typesupport_c__pyext
[ 95%] Built target enc_turtle_cpp__rosidl_typesupport_introspection_c__pyext
[ 95%] Built target enc_turtle_cpp__rosidl_typesupport_fastrtps_c__pyext
[01m[K/home/sangwon/ROS2_turtlesim_ws/src/enc_turtle_cpp/src/enc_turtle_plant.cpp:[m[K In member function ‘[01m[Kvoid EncTurtlePlant::result_callback(enc_turtle_cpp::msg::EncryptedData_<std::allocator<void> >::SharedPtr)[m[K’:
[01m[K/home/sangwon/ROS2_turtlesim_ws/src/enc_turtle_cpp/src/enc_turtle_plant.cpp:111:37:[m[K [01;31m[Kerror: [m[Kno matching function for call to ‘[01m[Kstd::__cxx11::basic_stringstream<char>::basic_stringstream(enc_turtle_cpp::msg::EncryptedData_<std::allocator<void> >::_data_type&)[m[K’
  111 |       std::stringstream ss(msg->data[01;31m[K)[m[K;
      |                                     [01;31m[K^[m[K
In file included from [01m[K/opt/ros/foxy/include/rclcpp/client.hpp:22[m[K,
                 from [01m[K/opt/ros/foxy/include/rclcpp/callback_group.hpp:23[m[K,
                 from [01m[K/opt/ros/foxy/include/rclcpp/any_executable.hpp:20[m[K,
                 from [01m[K/opt/ros/foxy/include/rclcpp/memory_strategy.hpp:24[m[K,
                 from [01m[K/opt/ros/foxy/include/rclcpp/memory_strategies.hpp:18[m[K,
                 from [01m[K/opt/ros/foxy/include/rclcpp/executor_options.hpp:20[m[K,
                 from [01m[K/opt/ros/foxy/include/rclcpp/executor.hpp:33[m[K,
                 from [01m[K/opt/ros/foxy/include/rclcpp/executors/multi_threaded_executor.hpp:26[m[K,
                 from [01m[K/opt/ros/foxy/include/rclcpp/executors.hpp:21[m[K,
                 from [01m[K/opt/ros/foxy/include/rclcpp/rclcpp.hpp:146[m[K,
                 from [01m[K/home/sangwon/ROS2_turtlesim_ws/src/enc_turtle_cpp/src/enc_turtle_plant.cpp:1[m[K:
[01m[K/usr/include/c++/9/sstream:789:7:[m[K [01;36m[Knote: [m[Kcandidate: ‘[01m[Kstd::__cxx11::basic_stringstream<_CharT, _Traits, _Alloc>::basic_stringstream(std::__cxx11::basic_stringstream<_CharT, _Traits, _Alloc>&&) [with _CharT = char; _Traits = std::char_traits<char>; _Alloc = std::allocator<char>][m[K’
  789 |       [01;36m[Kbasic_stringstream[m[K(basic_stringstream&& __rhs)
      |       [01;36m[K^~~~~~~~~~~~~~~~~~[m[K
[01m[K/usr/include/c++/9/sstream:789:47:[m[K [01;36m[Knote: [m[K  no known conversion for argument 1 from ‘[01m[Kenc_turtle_cpp::msg::EncryptedData_<std::allocator<void> >::_data_type[m[K’ {aka ‘[01m[Kstd::vector<unsigned char, std::allocator<unsigned char> >[m[K’} to ‘[01m[Kstd::__cxx11::basic_stringstream<char>&&[m[K’
  789 |       basic_stringstream([01;36m[Kbasic_stringstream&& __rhs[m[K)
      |                          [01;36m[K~~~~~~~~~~~~~~~~~~~~~^~~~~[m[K
[01m[K/usr/include/c++/9/sstream:772:7:[m[K [01;36m[Knote: [m[Kcandidate: ‘[01m[Kstd::__cxx11::basic_stringstream<_CharT, _Traits, _Alloc>::basic_stringstream(const __string_type&, std::ios_base::openmode) [with _CharT = char; _Traits = std::char_traits<char>; _Alloc = std::allocator<char>; std::__cxx11::basic_stringstream<_CharT, _Traits, _Alloc>::__string_type = std::__cxx11::basic_string<char>; std::ios_base::openmode = std::_Ios_Openmode][m[K’
  772 |       [01;36m[Kbasic_stringstream[m[K(const __string_type& __str,
      |       [01;36m[K^~~~~~~~~~~~~~~~~~[m[K
[01m[K/usr/include/c++/9/sstream:772:47:[m[K [01;36m[Knote: [m[K  no known conversion for argument 1 from ‘[01m[Kenc_turtle_cpp::msg::EncryptedData_<std::allocator<void> >::_data_type[m[K’ {aka ‘[01m[Kstd::vector<unsigned char, std::allocator<unsigned char> >[m[K’} to ‘[01m[Kconst __string_type&[m[K’ {aka ‘[01m[Kconst std::__cxx11::basic_string<char>&[m[K’}
  772 |       basic_stringstream([01;36m[Kconst __string_type& __str[m[K,
      |                          [01;36m[K~~~~~~~~~~~~~~~~~~~~~^~~~~[m[K
[01m[K/usr/include/c++/9/sstream:756:7:[m[K [01;36m[Knote: [m[Kcandidate: ‘[01m[Kstd::__cxx11::basic_stringstream<_CharT, _Traits, _Alloc>::basic_stringstream(std::ios_base::openmode) [with _CharT = char; _Traits = std::char_traits<char>; _Alloc = std::allocator<char>; std::ios_base::openmode = std::_Ios_Openmode][m[K’
  756 |       [01;36m[Kbasic_stringstream[m[K(ios_base::openmode __m)
      |       [01;36m[K^~~~~~~~~~~~~~~~~~[m[K
[01m[K/usr/include/c++/9/sstream:756:45:[m[K [01;36m[Knote: [m[K  no known conversion for argument 1 from ‘[01m[Kenc_turtle_cpp::msg::EncryptedData_<std::allocator<void> >::_data_type[m[K’ {aka ‘[01m[Kstd::vector<unsigned char, std::allocator<unsigned char> >[m[K’} to ‘[01m[Kstd::ios_base::openmode[m[K’ {aka ‘[01m[Kstd::_Ios_Openmode[m[K’}
  756 |       basic_stringstream([01;36m[Kios_base::openmode __m[m[K)
      |                          [01;36m[K~~~~~~~~~~~~~~~~~~~^~~[m[K
[01m[K/usr/include/c++/9/sstream:741:7:[m[K [01;36m[Knote: [m[Kcandidate: ‘[01m[Kstd::__cxx11::basic_stringstream<_CharT, _Traits, _Alloc>::basic_stringstream() [with _CharT = char; _Traits = std::char_traits<char>; _Alloc = std::allocator<char>][m[K’
  741 |       [01;36m[Kbasic_stringstream[m[K()
      |       [01;36m[K^~~~~~~~~~~~~~~~~~[m[K
[01m[K/usr/include/c++/9/sstream:741:7:[m[K [01;36m[Knote: [m[K  candidate expects 0 arguments, 1 provided
make[2]: *** [CMakeFiles/enc_turtle_plant.dir/build.make:63: CMakeFiles/enc_turtle_plant.dir/src/enc_turtle_plant.cpp.o] Error 1
make[1]: *** [CMakeFiles/Makefile2:445: CMakeFiles/enc_turtle_plant.dir/all] Error 2
make[1]: *** Waiting for unfinished jobs....
[ 97%] [32m[1mLinking CXX executable enc_turtle_controller[0m
[ 97%] Built target enc_turtle_controller
make: *** [Makefile:141: all] Error 2
