[0.017s] Invoking command in '/home/sangwon/ROS2_turtlesim_ws/build/enc_turtle_cpp': CMAKE_PREFIX_PATH=${CMAKE_PREFIX_PATH}:/opt/ros/foxy /usr/bin/cmake --build /home/sangwon/ROS2_turtlesim_ws/build/enc_turtle_cpp -- -j12 -l12
[0.072s] [  7%] Built target enc_turtle_cpp__cpp
[0.072s] [  9%] Built target enc_turtle_cpp__rosidl_generator_c
[0.074s] [ 14%] Built target bgv_test
[0.085s] [ 19%] Built target turtle_controller
[0.085s] [ 24%] Built target turtle_plant
[0.097s] [ 31%] Built target enc_turtle_cpp__rosidl_typesupport_cpp
[0.098s] [ 39%] Built target enc_turtle_cpp__rosidl_typesupport_introspection_c
[0.098s] [ 46%] Built target enc_turtle_cpp__rosidl_typesupport_introspection_cpp
[0.098s] [ 53%] Built target enc_turtle_cpp__rosidl_typesupport_c
[0.105s] [ 60%] Built target enc_turtle_cpp__rosidl_typesupport_fastrtps_cpp
[0.130s] [ 68%] Built target enc_turtle_cpp__rosidl_typesupport_fastrtps_c
[0.149s] [ 68%] Built target enc_turtle_cpp
[0.162s] [35m[1mScanning dependencies of target enc_turtle_plant[0m
[0.171s] [ 70%] Built target enc_turtle_cpp__py
[0.180s] [ 75%] Built target enc_turtle_controller
[0.198s] [ 80%] [32mBuilding CXX object CMakeFiles/enc_turtle_plant.dir/src/enc_turtle_plant.cpp.o[0m
[0.198s] [ 82%] Built target enc_turtle_cpp__python
[0.227s] [ 87%] Built target enc_turtle_cpp__rosidl_typesupport_introspection_c__pyext
[0.227s] [ 92%] Built target enc_turtle_cpp__rosidl_typesupport_fastrtps_c__pyext
[0.227s] [ 97%] Built target enc_turtle_cpp__rosidl_typesupport_c__pyext
[2.114s] [01m[K/home/sangwon/ROS2_turtlesim_ws/src/enc_turtle_cpp/src/enc_turtle_plant.cpp:[m[K In member function ‘[01m[Kvoid EncTurtlePlant::result_callback(enc_turtle_cpp::msg::EncryptedData_<std::allocator<void> >::SharedPtr)[m[K’:
[2.114s] [01m[K/home/sangwon/ROS2_turtlesim_ws/src/enc_turtle_cpp/src/enc_turtle_plant.cpp:156:14:[m[K [01;35m[Kwarning: [m[Kunused variable ‘[01m[Kresult[m[K’ [[01;35m[K-Wunused-variable[m[K]
[2.114s]   156 |       double [01;35m[Kresult[m[K = static_cast<double>(plaintext->GetPackedValue()[0]) / 1000.0;
[2.114s]       |              [01;35m[K^~~~~~[m[K
[23.150s] [100%] [32m[1mLinking CXX executable enc_turtle_plant[0m
[23.342s] [100%] Built target enc_turtle_plant
[23.355s] Invoked command in '/home/sangwon/ROS2_turtlesim_ws/build/enc_turtle_cpp' returned '0': CMAKE_PREFIX_PATH=${CMAKE_PREFIX_PATH}:/opt/ros/foxy /usr/bin/cmake --build /home/sangwon/ROS2_turtlesim_ws/build/enc_turtle_cpp -- -j12 -l12
[23.431s] Invoking command in '/home/sangwon/ROS2_turtlesim_ws/build/enc_turtle_cpp': CMAKE_PREFIX_PATH=${CMAKE_PREFIX_PATH}:/opt/ros/foxy /usr/bin/cmake --install /home/sangwon/ROS2_turtlesim_ws/build/enc_turtle_cpp
[23.438s] -- Install configuration: ""
[23.439s] -- Execute custom install script
[23.439s] -- Up-to-date symlink: /home/sangwon/ROS2_turtlesim_ws/install/enc_turtle_cpp/share/ament_index/resource_index/rosidl_interfaces/enc_turtle_cpp
[23.439s] -- Up-to-date symlink: /home/sangwon/ROS2_turtlesim_ws/install/enc_turtle_cpp/include/enc_turtle_cpp/msg/detail/encrypted_data__functions.h
[23.440s] -- Up-to-date symlink: /home/sangwon/ROS2_turtlesim_ws/install/enc_turtle_cpp/include/enc_turtle_cpp/msg/detail/encrypted_data__struct.h
[23.440s] -- Up-to-date symlink: /home/sangwon/ROS2_turtlesim_ws/install/enc_turtle_cpp/include/enc_turtle_cpp/msg/detail/encrypted_data__type_support.h
[23.440s] -- Up-to-date symlink: /home/sangwon/ROS2_turtlesim_ws/install/enc_turtle_cpp/include/enc_turtle_cpp/msg/encrypted_data.h
[23.440s] -- Up-to-date symlink: /home/sangwon/ROS2_turtlesim_ws/install/enc_turtle_cpp/include/enc_turtle_cpp/msg/rosidl_generator_c__visibility_control.h
[23.440s] -- Up-to-date symlink: /home/sangwon/ROS2_turtlesim_ws/install/enc_turtle_cpp/share/enc_turtle_cpp/environment/library_path.sh
[23.441s] -- Up-to-date symlink: /home/sangwon/ROS2_turtlesim_ws/install/enc_turtle_cpp/share/enc_turtle_cpp/environment/library_path.dsv
[23.441s] -- Up-to-date symlink: /home/sangwon/ROS2_turtlesim_ws/install/enc_turtle_cpp/include/enc_turtle_cpp/msg/detail/encrypted_data__rosidl_typesupport_fastrtps_c.h
[23.441s] -- Up-to-date symlink: /home/sangwon/ROS2_turtlesim_ws/install/enc_turtle_cpp/include/enc_turtle_cpp/msg/rosidl_typesupport_fastrtps_c__visibility_control.h
[23.441s] -- Up-to-date symlink: /home/sangwon/ROS2_turtlesim_ws/install/enc_turtle_cpp/lib/libenc_turtle_cpp__rosidl_typesupport_fastrtps_c.so
[23.442s] -- Up-to-date symlink: /home/sangwon/ROS2_turtlesim_ws/install/enc_turtle_cpp/include/enc_turtle_cpp/msg/detail/encrypted_data__rosidl_typesupport_fastrtps_cpp.hpp
[23.442s] -- Up-to-date symlink: /home/sangwon/ROS2_turtlesim_ws/install/enc_turtle_cpp/include/enc_turtle_cpp/msg/rosidl_typesupport_fastrtps_cpp__visibility_control.h
[23.442s] -- Up-to-date symlink: /home/sangwon/ROS2_turtlesim_ws/install/enc_turtle_cpp/lib/libenc_turtle_cpp__rosidl_typesupport_fastrtps_cpp.so
[23.443s] -- Up-to-date symlink: /home/sangwon/ROS2_turtlesim_ws/install/enc_turtle_cpp/include/enc_turtle_cpp/msg/detail/encrypted_data__rosidl_typesupport_introspection_c.h
[23.443s] -- Up-to-date symlink: /home/sangwon/ROS2_turtlesim_ws/install/enc_turtle_cpp/include/enc_turtle_cpp/msg/rosidl_typesupport_introspection_c__visibility_control.h
[23.443s] -- Up-to-date symlink: /home/sangwon/ROS2_turtlesim_ws/install/enc_turtle_cpp/include/enc_turtle_cpp/msg/detail/encrypted_data__builder.hpp
[23.444s] -- Up-to-date symlink: /home/sangwon/ROS2_turtlesim_ws/install/enc_turtle_cpp/include/enc_turtle_cpp/msg/detail/encrypted_data__struct.hpp
[23.444s] -- Up-to-date symlink: /home/sangwon/ROS2_turtlesim_ws/install/enc_turtle_cpp/include/enc_turtle_cpp/msg/detail/encrypted_data__traits.hpp
[23.444s] -- Up-to-date symlink: /home/sangwon/ROS2_turtlesim_ws/install/enc_turtle_cpp/include/enc_turtle_cpp/msg/detail/encrypted_data__type_support.hpp
[23.444s] -- Up-to-date symlink: /home/sangwon/ROS2_turtlesim_ws/install/enc_turtle_cpp/include/enc_turtle_cpp/msg/encrypted_data.hpp
[23.444s] -- Up-to-date symlink: /home/sangwon/ROS2_turtlesim_ws/install/enc_turtle_cpp/include/enc_turtle_cpp/msg/rosidl_generator_cpp__visibility_control.hpp
[23.445s] -- Up-to-date symlink: /home/sangwon/ROS2_turtlesim_ws/install/enc_turtle_cpp/include/enc_turtle_cpp/msg/detail/encrypted_data__rosidl_typesupport_introspection_cpp.hpp
[23.445s] -- Up-to-date symlink: /home/sangwon/ROS2_turtlesim_ws/install/enc_turtle_cpp/share/enc_turtle_cpp/environment/pythonpath.sh
[23.445s] -- Up-to-date symlink: /home/sangwon/ROS2_turtlesim_ws/install/enc_turtle_cpp/share/enc_turtle_cpp/environment/pythonpath.dsv
[23.445s] -- Up-to-date symlink: /home/sangwon/ROS2_turtlesim_ws/install/enc_turtle_cpp/lib/python3.8/site-packages/enc_turtle_cpp/__init__.py
[23.446s] -- Up-to-date symlink: /home/sangwon/ROS2_turtlesim_ws/install/enc_turtle_cpp/lib/python3.8/site-packages/enc_turtle_cpp/msg/__init__.py
[23.446s] -- Up-to-date symlink: /home/sangwon/ROS2_turtlesim_ws/install/enc_turtle_cpp/lib/python3.8/site-packages/enc_turtle_cpp/msg/_encrypted_data.py
[23.446s] -- Up-to-date symlink: /home/sangwon/ROS2_turtlesim_ws/install/enc_turtle_cpp/lib/python3.8/site-packages/enc_turtle_cpp/enc_turtle_cpp_s__rosidl_typesupport_fastrtps_c.cpython-38-x86_64-linux-gnu.so
[23.446s] -- Up-to-date symlink: /home/sangwon/ROS2_turtlesim_ws/install/enc_turtle_cpp/lib/python3.8/site-packages/enc_turtle_cpp/enc_turtle_cpp_s__rosidl_typesupport_introspection_c.cpython-38-x86_64-linux-gnu.so
[23.447s] -- Up-to-date symlink: /home/sangwon/ROS2_turtlesim_ws/install/enc_turtle_cpp/lib/python3.8/site-packages/enc_turtle_cpp/enc_turtle_cpp_s__rosidl_typesupport_c.cpython-38-x86_64-linux-gnu.so
[23.447s] -- Up-to-date symlink: /home/sangwon/ROS2_turtlesim_ws/install/enc_turtle_cpp/lib/libenc_turtle_cpp__python.so
[23.447s] -- Up-to-date symlink: /home/sangwon/ROS2_turtlesim_ws/install/enc_turtle_cpp/share/enc_turtle_cpp/msg/EncryptedData.idl
[23.447s] -- Up-to-date symlink: /home/sangwon/ROS2_turtlesim_ws/install/enc_turtle_cpp/share/enc_turtle_cpp/msg/EncryptedData.msg
[23.448s] -- Up-to-date symlink: /home/sangwon/ROS2_turtlesim_ws/install/enc_turtle_cpp/share/enc_turtle_cpp/launch/enc_turtle_demo.launch.py
[23.448s] -- Up-to-date symlink: /home/sangwon/ROS2_turtlesim_ws/install/enc_turtle_cpp/share/enc_turtle_cpp/launch/turtle_demo.launch.py
[23.448s] -- Up-to-date symlink: /home/sangwon/ROS2_turtlesim_ws/install/enc_turtle_cpp/lib/enc_turtle_cpp/enc_turtle_plant
[23.448s] -- Up-to-date symlink: /home/sangwon/ROS2_turtlesim_ws/install/enc_turtle_cpp/lib/enc_turtle_cpp/enc_turtle_controller
[23.449s] -- Up-to-date symlink: /home/sangwon/ROS2_turtlesim_ws/install/enc_turtle_cpp/lib/enc_turtle_cpp/bgv_test
[23.449s] -- Up-to-date symlink: /home/sangwon/ROS2_turtlesim_ws/install/enc_turtle_cpp/share/ament_index/resource_index/package_run_dependencies/enc_turtle_cpp
[23.449s] -- Up-to-date symlink: /home/sangwon/ROS2_turtlesim_ws/install/enc_turtle_cpp/share/ament_index/resource_index/parent_prefix_path/enc_turtle_cpp
[23.449s] -- Up-to-date symlink: /home/sangwon/ROS2_turtlesim_ws/install/enc_turtle_cpp/share/enc_turtle_cpp/environment/ament_prefix_path.sh
[23.450s] -- Up-to-date symlink: /home/sangwon/ROS2_turtlesim_ws/install/enc_turtle_cpp/share/enc_turtle_cpp/environment/ament_prefix_path.dsv
[23.450s] -- Up-to-date symlink: /home/sangwon/ROS2_turtlesim_ws/install/enc_turtle_cpp/share/enc_turtle_cpp/environment/path.sh
[23.450s] -- Up-to-date symlink: /home/sangwon/ROS2_turtlesim_ws/install/enc_turtle_cpp/share/enc_turtle_cpp/environment/path.dsv
[23.450s] -- Up-to-date symlink: /home/sangwon/ROS2_turtlesim_ws/install/enc_turtle_cpp/share/enc_turtle_cpp/local_setup.bash
[23.450s] -- Up-to-date symlink: /home/sangwon/ROS2_turtlesim_ws/install/enc_turtle_cpp/share/enc_turtle_cpp/local_setup.sh
[23.451s] -- Up-to-date symlink: /home/sangwon/ROS2_turtlesim_ws/install/enc_turtle_cpp/share/enc_turtle_cpp/local_setup.zsh
[23.451s] -- Up-to-date symlink: /home/sangwon/ROS2_turtlesim_ws/install/enc_turtle_cpp/share/enc_turtle_cpp/local_setup.dsv
[23.451s] -- Symlinking: /home/sangwon/ROS2_turtlesim_ws/install/enc_turtle_cpp/share/enc_turtle_cpp/package.dsv
[23.460s] -- Up-to-date symlink: /home/sangwon/ROS2_turtlesim_ws/install/enc_turtle_cpp/share/ament_index/resource_index/packages/enc_turtle_cpp
[23.460s] -- Up-to-date symlink: /home/sangwon/ROS2_turtlesim_ws/install/enc_turtle_cpp/share/enc_turtle_cpp/cmake/rosidl_cmake-extras.cmake
[23.461s] -- Up-to-date symlink: /home/sangwon/ROS2_turtlesim_ws/install/enc_turtle_cpp/share/enc_turtle_cpp/cmake/ament_cmake_export_dependencies-extras.cmake
[23.461s] -- Up-to-date symlink: /home/sangwon/ROS2_turtlesim_ws/install/enc_turtle_cpp/share/enc_turtle_cpp/cmake/ament_cmake_export_libraries-extras.cmake
[23.461s] -- Up-to-date symlink: /home/sangwon/ROS2_turtlesim_ws/install/enc_turtle_cpp/share/enc_turtle_cpp/cmake/ament_cmake_export_targets-extras.cmake
[23.461s] -- Up-to-date symlink: /home/sangwon/ROS2_turtlesim_ws/install/enc_turtle_cpp/share/enc_turtle_cpp/cmake/ament_cmake_export_include_directories-extras.cmake
[23.462s] -- Up-to-date symlink: /home/sangwon/ROS2_turtlesim_ws/install/enc_turtle_cpp/share/enc_turtle_cpp/cmake/rosidl_cmake_export_typesupport_libraries-extras.cmake
[23.462s] -- Up-to-date symlink: /home/sangwon/ROS2_turtlesim_ws/install/enc_turtle_cpp/share/enc_turtle_cpp/cmake/rosidl_cmake_export_typesupport_targets-extras.cmake
[23.462s] -- Up-to-date symlink: /home/sangwon/ROS2_turtlesim_ws/install/enc_turtle_cpp/share/enc_turtle_cpp/cmake/enc_turtle_cppConfig.cmake
[23.462s] -- Up-to-date symlink: /home/sangwon/ROS2_turtlesim_ws/install/enc_turtle_cpp/share/enc_turtle_cpp/cmake/enc_turtle_cppConfig-version.cmake
[23.463s] -- Up-to-date symlink: /home/sangwon/ROS2_turtlesim_ws/install/enc_turtle_cpp/share/enc_turtle_cpp/package.xml
[23.463s] -- Up-to-date: /home/sangwon/ROS2_turtlesim_ws/install/enc_turtle_cpp/lib/libenc_turtle_cpp__rosidl_generator_c.so
[23.463s] -- Up-to-date: /home/sangwon/ROS2_turtlesim_ws/install/enc_turtle_cpp/lib/libenc_turtle_cpp__rosidl_typesupport_introspection_c.so
[23.463s] -- Up-to-date: /home/sangwon/ROS2_turtlesim_ws/install/enc_turtle_cpp/lib/libenc_turtle_cpp__rosidl_typesupport_c.so
[23.464s] -- Up-to-date: /home/sangwon/ROS2_turtlesim_ws/install/enc_turtle_cpp/lib/libenc_turtle_cpp__rosidl_typesupport_introspection_cpp.so
[23.464s] -- Up-to-date: /home/sangwon/ROS2_turtlesim_ws/install/enc_turtle_cpp/lib/libenc_turtle_cpp__rosidl_typesupport_cpp.so
[23.487s] -- Up-to-date: /home/sangwon/ROS2_turtlesim_ws/install/enc_turtle_cpp/share/enc_turtle_cpp/cmake/enc_turtle_cpp__rosidl_generator_cExport.cmake
[23.487s] -- Up-to-date: /home/sangwon/ROS2_turtlesim_ws/install/enc_turtle_cpp/share/enc_turtle_cpp/cmake/enc_turtle_cpp__rosidl_generator_cExport-noconfig.cmake
[23.487s] -- Up-to-date: /home/sangwon/ROS2_turtlesim_ws/install/enc_turtle_cpp/share/enc_turtle_cpp/cmake/enc_turtle_cpp__rosidl_typesupport_introspection_cExport.cmake
[23.487s] -- Up-to-date: /home/sangwon/ROS2_turtlesim_ws/install/enc_turtle_cpp/share/enc_turtle_cpp/cmake/enc_turtle_cpp__rosidl_typesupport_introspection_cExport-noconfig.cmake
[23.487s] -- Up-to-date: /home/sangwon/ROS2_turtlesim_ws/install/enc_turtle_cpp/share/enc_turtle_cpp/cmake/enc_turtle_cpp__rosidl_typesupport_cExport.cmake
[23.488s] -- Up-to-date: /home/sangwon/ROS2_turtlesim_ws/install/enc_turtle_cpp/share/enc_turtle_cpp/cmake/enc_turtle_cpp__rosidl_typesupport_cExport-noconfig.cmake
[23.488s] -- Up-to-date: /home/sangwon/ROS2_turtlesim_ws/install/enc_turtle_cpp/share/enc_turtle_cpp/cmake/enc_turtle_cpp__rosidl_generator_cppExport.cmake
[23.488s] -- Up-to-date: /home/sangwon/ROS2_turtlesim_ws/install/enc_turtle_cpp/share/enc_turtle_cpp/cmake/enc_turtle_cpp__rosidl_typesupport_introspection_cppExport.cmake
[23.488s] -- Up-to-date: /home/sangwon/ROS2_turtlesim_ws/install/enc_turtle_cpp/share/enc_turtle_cpp/cmake/enc_turtle_cpp__rosidl_typesupport_introspection_cppExport-noconfig.cmake
[23.488s] -- Up-to-date: /home/sangwon/ROS2_turtlesim_ws/install/enc_turtle_cpp/share/enc_turtle_cpp/cmake/enc_turtle_cpp__rosidl_typesupport_cppExport.cmake
[23.488s] -- Up-to-date: /home/sangwon/ROS2_turtlesim_ws/install/enc_turtle_cpp/share/enc_turtle_cpp/cmake/enc_turtle_cpp__rosidl_typesupport_cppExport-noconfig.cmake
[23.491s] Invoked command in '/home/sangwon/ROS2_turtlesim_ws/build/enc_turtle_cpp' returned '0': CMAKE_PREFIX_PATH=${CMAKE_PREFIX_PATH}:/opt/ros/foxy /usr/bin/cmake --install /home/sangwon/ROS2_turtlesim_ws/build/enc_turtle_cpp
