[01m[K/home/sangwon/ROS2_turtlesim_ws/src/enc_turtle_cpp/src/enc_turtle_controller.cpp:9:58:[m[K [01;35m[Kwarning: [m[Kextra ‘[01m[K;[m[K’ [[01;35m[K-Wpedantic[m[K]
    9 | CEREAL_CLASS_VERSION(lbcrypto::CryptoParametersBGVRNS, 1)[01;35m[K;[m[K
      |                                                          [01;35m[K^[m[K
[01m[K/home/sangwon/ROS2_turtlesim_ws/src/enc_turtle_cpp/src/enc_turtle_controller.cpp:10:44:[m[K [01;35m[Kwarning: [m[Kextra ‘[01m[K;[m[K’ [[01;35m[K-Wpedantic[m[K]
   10 | CEREAL_CLASS_VERSION(lbcrypto::DCRTPoly, 1)[01;35m[K;[m[K
      |                                            [01;35m[K^[m[K
[01m[K/home/sangwon/ROS2_turtlesim_ws/src/enc_turtle_cpp/src/enc_turtle_controller.cpp:11:48:[m[K [01;35m[Kwarning: [m[Kextra ‘[01m[K;[m[K’ [[01;35m[K-Wpedantic[m[K]
   11 | CEREAL_CLASS_VERSION(lbcrypto::SchemeBGVRNS, 1)[01;35m[K;[m[K
      |                                                [01;35m[K^[m[K
[01m[K/home/sangwon/ROS2_turtlesim_ws/src/enc_turtle_cpp/src/enc_turtle_controller.cpp:12:70:[m[K [01;35m[Kwarning: [m[Kextra ‘[01m[K;[m[K’ [[01;35m[K-Wpedantic[m[K]
   12 | CEREAL_CLASS_VERSION(lbcrypto::CiphertextImpl<lbcrypto::DCRTPoly>, 1)[01;35m[K;[m[K
      |                                                                      [01;35m[K^[m[K
[01m[K/home/sangwon/ROS2_turtlesim_ws/src/enc_turtle_cpp/src/enc_turtle_controller.cpp:15:123:[m[K [01;35m[Kwarning: [m[Kextra ‘[01m[K;[m[K’ [[01;35m[K-Wpedantic[m[K]
   15 | bcrypto::DCRTPoly>, lbcrypto::CryptoParametersBGVRNS)[01;35m[K;[m[K
      |                                                      [01;35m[K^[m[K

[01m[K/home/sangwon/ROS2_turtlesim_ws/src/enc_turtle_cpp/src/enc_turtle_controller.cpp:16:103:[m[K [01;35m[Kwarning: [m[Kextra ‘[01m[K;[m[K’ [[01;35m[K-Wpedantic[m[K]
   16 | hemeBase<lbcrypto::DCRTPoly>, lbcrypto::SchemeBGVRNS)[01;35m[K;[m[K
      |                                                      [01;35m[K^[m[K

In file included from [01m[K/usr/local/include/openfhe/core/utils/serializable.h:61[m[K,
                 from [01m[K/usr/local/include/openfhe/core/math/hal/bigintdyn/ubintdyn.h:51[m[K,
                 from [01m[K/usr/local/include/openfhe/core/math/hal/bigintdyn/mubintvecdyn.h:43[m[K,
                 from [01m[K/usr/local/include/openfhe/core/math/hal/bigintdyn/backenddyn.h:44[m[K,
                 from [01m[K/usr/local/include/openfhe/core/math/hal/bigintbackend.h:38[m[K,
                 from [01m[K/usr/local/include/openfhe/core/math/math-hal.h:48[m[K,
                 from [01m[K/usr/local/include/openfhe/core/lattice/hal/elemparams.h:39[m[K,
                 from [01m[K/usr/local/include/openfhe/core/lattice/hal/default/ilparams.h:39[m[K,
                 from [01m[K/usr/local/include/openfhe/core/lattice/hal/lat-backend.h:49[m[K,
                 from [01m[K/usr/local/include/openfhe/core/lattice/lat-hal.h:35[m[K,
                 from [01m[K/usr/local/include/openfhe/core/openfhecore.h:39[m[K,
                 from [01m[K/usr/local/include/openfhe/pke/openfhe.h:40[m[K,
                 from [01m[K/home/sangwon/ROS2_turtlesim_ws/src/enc_turtle_cpp/src/enc_turtle_controller.cpp:3[m[K:
[01m[K/home/sangwon/ROS2_turtlesim_ws/src/enc_turtle_cpp/src/enc_turtle_controller.cpp:17:82:[m[K [01;31m[Kerror: [m[K‘[01m[Klbcrypto::LWEPublicKeyImpl[m[K’ is not a template
   17 | RELATION(lbcrypto::CryptoObject<lbcrypto::DCRTPoly>, [01;31m[Klbcrypto[m[K::LWEPublicKeyImpl<lbcrypto::DCRTPoly>);
      |                                                      [01;31m[K^~~~~~~~[m[K

[01m[K/home/sangwon/ROS2_turtlesim_ws/src/enc_turtle_cpp/src/enc_turtle_controller.cpp:[m[K In static member function ‘[01m[Kstatic void cereal::detail::PolymorphicRelation<lbcrypto::CryptoObject<lbcrypto::DCRTPolyImpl<bigintdyn::mubintvec<bigintdyn::ubint<long unsigned int> > > >, lbcrypto::LWEPublicKeyImpl>::bind()[m[K’:
[01m[K/home/sangwon/ROS2_turtlesim_ws/src/enc_turtle_cpp/src/enc_turtle_controller.cpp:17:82:[m[K [01;31m[Kerror: [m[K‘[01m[Klbcrypto::LWEPublicKeyImpl[m[K’ is not a template
   17 | RELATION(lbcrypto::CryptoObject<lbcrypto::DCRTPoly>, [01;31m[Klbcrypto[m[K::LWEPublicKeyImpl<lbcrypto::DCRTPoly>);
      |                                                      [01;31m[K^~~~~~~~[m[K

[01m[K/home/sangwon/ROS2_turtlesim_ws/src/enc_turtle_cpp/src/enc_turtle_controller.cpp:[m[K At global scope:
[01m[K/home/sangwon/ROS2_turtlesim_ws/src/enc_turtle_cpp/src/enc_turtle_controller.cpp:17:129:[m[K [01;35m[Kwarning: [m[Kextra ‘[01m[K;[m[K’ [[01;35m[K-Wpedantic[m[K]
   17 | oly>, lbcrypto::LWEPublicKeyImpl<lbcrypto::DCRTPoly>)[01;35m[K;[m[K
      |                                                      [01;35m[K^[m[K

In file included from [01m[K/usr/local/include/openfhe/core/utils/serializable.h:61[m[K,
                 from [01m[K/usr/local/include/openfhe/core/math/hal/bigintdyn/ubintdyn.h:51[m[K,
                 from [01m[K/usr/local/include/openfhe/core/math/hal/bigintdyn/mubintvecdyn.h:43[m[K,
                 from [01m[K/usr/local/include/openfhe/core/math/hal/bigintdyn/backenddyn.h:44[m[K,
                 from [01m[K/usr/local/include/openfhe/core/math/hal/bigintbackend.h:38[m[K,
                 from [01m[K/usr/local/include/openfhe/core/math/math-hal.h:48[m[K,
                 from [01m[K/usr/local/include/openfhe/core/lattice/hal/elemparams.h:39[m[K,
                 from [01m[K/usr/local/include/openfhe/core/lattice/hal/default/ilparams.h:39[m[K,
                 from [01m[K/usr/local/include/openfhe/core/lattice/hal/lat-backend.h:49[m[K,
                 from [01m[K/usr/local/include/openfhe/core/lattice/lat-hal.h:35[m[K,
                 from [01m[K/usr/local/include/openfhe/core/openfhecore.h:39[m[K,
                 from [01m[K/usr/local/include/openfhe/pke/openfhe.h:40[m[K,
                 from [01m[K/home/sangwon/ROS2_turtlesim_ws/src/enc_turtle_cpp/src/enc_turtle_controller.cpp:3[m[K:
[01m[K/home/sangwon/ROS2_turtlesim_ws/src/enc_turtle_cpp/src/enc_turtle_controller.cpp:18:82:[m[K [01;31m[Kerror: [m[K‘[01m[Klbcrypto::LWEPrivateKeyImpl[m[K’ is not a template
   18 | RELATION(lbcrypto::CryptoObject<lbcrypto::DCRTPoly>, [01;31m[Klbcrypto[m[K::LWEPrivateKeyImpl<lbcrypto::DCRTPoly>);
      |                                                      [01;31m[K^~~~~~~~[m[K

[01m[K/home/sangwon/ROS2_turtlesim_ws/src/enc_turtle_cpp/src/enc_turtle_controller.cpp:[m[K In static member function ‘[01m[Kstatic void cereal::detail::PolymorphicRelation<lbcrypto::CryptoObject<lbcrypto::DCRTPolyImpl<bigintdyn::mubintvec<bigintdyn::ubint<long unsigned int> > > >, lbcrypto::LWEPrivateKeyImpl>::bind()[m[K’:
[01m[K/home/sangwon/ROS2_turtlesim_ws/src/enc_turtle_cpp/src/enc_turtle_controller.cpp:18:82:[m[K [01;31m[Kerror: [m[K‘[01m[Klbcrypto::LWEPrivateKeyImpl[m[K’ is not a template
   18 | RELATION(lbcrypto::CryptoObject<lbcrypto::DCRTPoly>, [01;31m[Klbcrypto[m[K::LWEPrivateKeyImpl<lbcrypto::DCRTPoly>);
      |                                                      [01;31m[K^~~~~~~~[m[K

[01m[K/home/sangwon/ROS2_turtlesim_ws/src/enc_turtle_cpp/src/enc_turtle_controller.cpp:[m[K At global scope:
[01m[K/home/sangwon/ROS2_turtlesim_ws/src/enc_turtle_cpp/src/enc_turtle_controller.cpp:18:130:[m[K [01;35m[Kwarning: [m[Kextra ‘[01m[K;[m[K’ [[01;35m[K-Wpedantic[m[K]
   18 | ly>, lbcrypto::LWEPrivateKeyImpl<lbcrypto::DCRTPoly>)[01;35m[K;[m[K
      |                                                      [01;35m[K^[m[K

In file included from [01m[K/usr/local/include/openfhe/core/utils/serializable.h:61[m[K,
                 from [01m[K/usr/local/include/openfhe/core/math/hal/bigintdyn/ubintdyn.h:51[m[K,
                 from [01m[K/usr/local/include/openfhe/core/math/hal/bigintdyn/mubintvecdyn.h:43[m[K,
                 from [01m[K/usr/local/include/openfhe/core/math/hal/bigintdyn/backenddyn.h:44[m[K,
                 from [01m[K/usr/local/include/openfhe/core/math/hal/bigintbackend.h:38[m[K,
                 from [01m[K/usr/local/include/openfhe/core/math/math-hal.h:48[m[K,
                 from [01m[K/usr/local/include/openfhe/core/lattice/hal/elemparams.h:39[m[K,
                 from [01m[K/usr/local/include/openfhe/core/lattice/hal/default/ilparams.h:39[m[K,
                 from [01m[K/usr/local/include/openfhe/core/lattice/hal/lat-backend.h:49[m[K,
                 from [01m[K/usr/local/include/openfhe/core/lattice/lat-hal.h:35[m[K,
                 from [01m[K/usr/local/include/openfhe/core/openfhecore.h:39[m[K,
                 from [01m[K/usr/local/include/openfhe/pke/openfhe.h:40[m[K,
                 from [01m[K/home/sangwon/ROS2_turtlesim_ws/src/enc_turtle_cpp/src/enc_turtle_controller.cpp:3[m[K:
[01m[K/home/sangwon/ROS2_turtlesim_ws/src/enc_turtle_cpp/src/enc_turtle_controller.cpp:19:82:[m[K [01;31m[Kerror: [m[K‘[01m[Klbcrypto::CryptoParametersRNS[m[K’ is not a template
   19 | RELATION(lbcrypto::CryptoObject<lbcrypto::DCRTPoly>, [01;31m[Klbcrypto[m[K::CryptoParametersRNS<lbcrypto::DCRTPoly>);
      |                                                      [01;31m[K^~~~~~~~[m[K

[01m[K/home/sangwon/ROS2_turtlesim_ws/src/enc_turtle_cpp/src/enc_turtle_controller.cpp:[m[K In static member function ‘[01m[Kstatic void cereal::detail::PolymorphicRelation<lbcrypto::CryptoObject<lbcrypto::DCRTPolyImpl<bigintdyn::mubintvec<bigintdyn::ubint<long unsigned int> > > >, lbcrypto::CryptoParametersRNS>::bind()[m[K’:
[01m[K/home/sangwon/ROS2_turtlesim_ws/src/enc_turtle_cpp/src/enc_turtle_controller.cpp:19:82:[m[K [01;31m[Kerror: [m[K‘[01m[Klbcrypto::CryptoParametersRNS[m[K’ is not a template
   19 | RELATION(lbcrypto::CryptoObject<lbcrypto::DCRTPoly>, [01;31m[Klbcrypto[m[K::CryptoParametersRNS<lbcrypto::DCRTPoly>);
      |                                                      [01;31m[K^~~~~~~~[m[K

[01m[K/home/sangwon/ROS2_turtlesim_ws/src/enc_turtle_cpp/src/enc_turtle_controller.cpp:[m[K At global scope:
[01m[K/home/sangwon/ROS2_turtlesim_ws/src/enc_turtle_cpp/src/enc_turtle_controller.cpp:19:132:[m[K [01;35m[Kwarning: [m[Kextra ‘[01m[K;[m[K’ [[01;35m[K-Wpedantic[m[K]
   19 | >, lbcrypto::CryptoParametersRNS<lbcrypto::DCRTPoly>)[01;35m[K;[m[K
      |                                                      [01;35m[K^[m[K

make[2]: *** [CMakeFiles/enc_turtle_controller.dir/build.make:63: CMakeFiles/enc_turtle_controller.dir/src/enc_turtle_controller.cpp.o] Error 1
make[1]: *** [CMakeFiles/Makefile2:159: CMakeFiles/enc_turtle_controller.dir/all] Error 2
make[1]: *** Waiting for unfinished jobs....
make: *** [Makefile:141: all] Error 2
