[0.185s] DEBUG:colcon:Command line arguments: ['/usr/bin/colcon', 'build', '--symlink-install']
[0.185s] DEBUG:colcon:Parsed command line arguments: Namespace(allow_overriding=[], ament_cmake_args=None, base_paths=['.'], build_base='build', catkin_cmake_args=None, catkin_skip_building_tests=False, cmake_args=None, cmake_clean_cache=False, cmake_clean_first=False, cmake_force_configure=False, cmake_target=None, cmake_target_skip_unavailable=False, continue_on_error=False, event_handlers=None, executor='parallel', ignore_user_meta=False, install_base='install', log_base=None, log_level=None, main=<bound method BuildVerb.main of <colcon_core.verb.build.BuildVerb object at 0x78527b2d4be0>>, merge_install=False, metas=['./colcon.meta'], packages_above=None, packages_above_and_dependencies=None, packages_above_depth=None, packages_end=None, packages_ignore=None, packages_ignore_regex=None, packages_select=None, packages_select_build_failed=False, packages_select_by_dep=None, packages_select_regex=None, packages_select_test_failures=False, packages_skip=None, packages_skip_build_finished=False, packages_skip_by_dep=None, packages_skip_regex=None, packages_skip_test_passed=False, packages_skip_up_to=None, packages_start=None, packages_up_to=None, packages_up_to_regex=None, parallel_workers=12, paths=None, symlink_install=True, test_result_base=None, verb_extension=<colcon_core.verb.build.BuildVerb object at 0x78527b2d4be0>, verb_name='build', verb_parser=<colcon_defaults.argument_parser.defaults.DefaultArgumentsDecorator object at 0x78527b1f5a00>)
[0.276s] Level 1:colcon.colcon_core.package_discovery:discover_packages(colcon_meta) check parameters
[0.277s] Level 1:colcon.colcon_core.package_discovery:discover_packages(recursive) check parameters
[0.277s] Level 1:colcon.colcon_core.package_discovery:discover_packages(ignore) check parameters
[0.277s] Level 1:colcon.colcon_core.package_discovery:discover_packages(path) check parameters
[0.277s] Level 1:colcon.colcon_core.package_discovery:discover_packages(colcon_meta) discover
[0.277s] Level 1:colcon.colcon_core.package_discovery:discover_packages(recursive) discover
[0.277s] INFO:colcon.colcon_core.package_discovery:Crawling recursively for packages in '/home/sangwon/ROS2_turtlesim_ws'
[0.277s] Level 1:colcon.colcon_core.package_identification:_identify(.) by extensions ['ignore', 'ignore_ament_install']
[0.277s] Level 1:colcon.colcon_core.package_identification:_identify(.) by extension 'ignore'
[0.277s] Level 1:colcon.colcon_core.package_identification:_identify(.) by extension 'ignore_ament_install'
[0.277s] Level 1:colcon.colcon_core.package_identification:_identify(.) by extensions ['colcon_pkg']
[0.277s] Level 1:colcon.colcon_core.package_identification:_identify(.) by extension 'colcon_pkg'
[0.277s] Level 1:colcon.colcon_core.package_identification:_identify(.) by extensions ['colcon_meta']
[0.277s] Level 1:colcon.colcon_core.package_identification:_identify(.) by extension 'colcon_meta'
[0.277s] Level 1:colcon.colcon_core.package_identification:_identify(.) by extensions ['ros']
[0.277s] Level 1:colcon.colcon_core.package_identification:_identify(.) by extension 'ros'
[0.285s] Level 1:colcon.colcon_core.package_identification:_identify(.) by extensions ['cmake', 'python']
[0.285s] Level 1:colcon.colcon_core.package_identification:_identify(.) by extension 'cmake'
[0.285s] Level 1:colcon.colcon_core.package_identification:_identify(.) by extension 'python'
[0.285s] Level 1:colcon.colcon_core.package_identification:_identify(.) by extensions ['python_setup_py']
[0.285s] Level 1:colcon.colcon_core.package_identification:_identify(.) by extension 'python_setup_py'
[0.285s] Level 1:colcon.colcon_core.package_identification:_identify(build) by extensions ['ignore', 'ignore_ament_install']
[0.285s] Level 1:colcon.colcon_core.package_identification:_identify(build) by extension 'ignore'
[0.285s] Level 1:colcon.colcon_core.package_identification:_identify(build) ignored
[0.285s] Level 1:colcon.colcon_core.package_identification:_identify(install) by extensions ['ignore', 'ignore_ament_install']
[0.285s] Level 1:colcon.colcon_core.package_identification:_identify(install) by extension 'ignore'
[0.285s] Level 1:colcon.colcon_core.package_identification:_identify(install) ignored
[0.285s] Level 1:colcon.colcon_core.package_identification:_identify(log) by extensions ['ignore', 'ignore_ament_install']
[0.286s] Level 1:colcon.colcon_core.package_identification:_identify(log) by extension 'ignore'
[0.286s] Level 1:colcon.colcon_core.package_identification:_identify(log) ignored
[0.286s] Level 1:colcon.colcon_core.package_identification:_identify(src) by extensions ['ignore', 'ignore_ament_install']
[0.286s] Level 1:colcon.colcon_core.package_identification:_identify(src) by extension 'ignore'
[0.286s] Level 1:colcon.colcon_core.package_identification:_identify(src) by extension 'ignore_ament_install'
[0.286s] Level 1:colcon.colcon_core.package_identification:_identify(src) by extensions ['colcon_pkg']
[0.286s] Level 1:colcon.colcon_core.package_identification:_identify(src) by extension 'colcon_pkg'
[0.286s] Level 1:colcon.colcon_core.package_identification:_identify(src) by extensions ['colcon_meta']
[0.286s] Level 1:colcon.colcon_core.package_identification:_identify(src) by extension 'colcon_meta'
[0.286s] Level 1:colcon.colcon_core.package_identification:_identify(src) by extensions ['ros']
[0.286s] Level 1:colcon.colcon_core.package_identification:_identify(src) by extension 'ros'
[0.286s] Level 1:colcon.colcon_core.package_identification:_identify(src) by extensions ['cmake', 'python']
[0.286s] Level 1:colcon.colcon_core.package_identification:_identify(src) by extension 'cmake'
[0.286s] Level 1:colcon.colcon_core.package_identification:_identify(src) by extension 'python'
[0.286s] Level 1:colcon.colcon_core.package_identification:_identify(src) by extensions ['python_setup_py']
[0.286s] Level 1:colcon.colcon_core.package_identification:_identify(src) by extension 'python_setup_py'
[0.286s] Level 1:colcon.colcon_core.package_identification:_identify(src/enc_turtle_cpp) by extensions ['ignore', 'ignore_ament_install']
[0.286s] Level 1:colcon.colcon_core.package_identification:_identify(src/enc_turtle_cpp) by extension 'ignore'
[0.286s] Level 1:colcon.colcon_core.package_identification:_identify(src/enc_turtle_cpp) by extension 'ignore_ament_install'
[0.286s] Level 1:colcon.colcon_core.package_identification:_identify(src/enc_turtle_cpp) by extensions ['colcon_pkg']
[0.286s] Level 1:colcon.colcon_core.package_identification:_identify(src/enc_turtle_cpp) by extension 'colcon_pkg'
[0.286s] Level 1:colcon.colcon_core.package_identification:_identify(src/enc_turtle_cpp) by extensions ['colcon_meta']
[0.286s] Level 1:colcon.colcon_core.package_identification:_identify(src/enc_turtle_cpp) by extension 'colcon_meta'
[0.286s] Level 1:colcon.colcon_core.package_identification:_identify(src/enc_turtle_cpp) by extensions ['ros']
[0.286s] Level 1:colcon.colcon_core.package_identification:_identify(src/enc_turtle_cpp) by extension 'ros'
[0.288s] DEBUG:colcon.colcon_core.package_identification:Package 'src/enc_turtle_cpp' with type 'ros.ament_cmake' and name 'enc_turtle_cpp'
[0.288s] Level 1:colcon.colcon_core.package_identification:_identify(src/turtle_demo_controller) by extensions ['ignore', 'ignore_ament_install']
[0.288s] Level 1:colcon.colcon_core.package_identification:_identify(src/turtle_demo_controller) by extension 'ignore'
[0.288s] Level 1:colcon.colcon_core.package_identification:_identify(src/turtle_demo_controller) by extension 'ignore_ament_install'
[0.288s] Level 1:colcon.colcon_core.package_identification:_identify(src/turtle_demo_controller) by extensions ['colcon_pkg']
[0.288s] Level 1:colcon.colcon_core.package_identification:_identify(src/turtle_demo_controller) by extension 'colcon_pkg'
[0.288s] Level 1:colcon.colcon_core.package_identification:_identify(src/turtle_demo_controller) by extensions ['colcon_meta']
[0.288s] Level 1:colcon.colcon_core.package_identification:_identify(src/turtle_demo_controller) by extension 'colcon_meta'
[0.288s] Level 1:colcon.colcon_core.package_identification:_identify(src/turtle_demo_controller) by extensions ['ros']
[0.288s] Level 1:colcon.colcon_core.package_identification:_identify(src/turtle_demo_controller) by extension 'ros'
[0.289s] DEBUG:colcon.colcon_core.package_identification:Package 'src/turtle_demo_controller' with type 'ros.ament_cmake' and name 'turtle_demo_controller'
[0.289s] Level 1:colcon.colcon_core.package_discovery:discover_packages(recursive) using defaults
[0.289s] Level 1:colcon.colcon_core.package_discovery:discover_packages(ignore) discover
[0.289s] Level 1:colcon.colcon_core.package_discovery:discover_packages(ignore) using defaults
[0.289s] Level 1:colcon.colcon_core.package_discovery:discover_packages(path) discover
[0.289s] Level 1:colcon.colcon_core.package_discovery:discover_packages(path) using defaults
[0.302s] Level 1:colcon.colcon_core.package_discovery:discover_packages(prefix_path) check parameters
[0.302s] Level 1:colcon.colcon_core.package_discovery:discover_packages(prefix_path) discover
[0.303s] DEBUG:colcon.colcon_installed_package_information.package_discovery:Found 2 installed packages in /home/sangwon/ROS2_turtlesim_ws/install
[0.304s] DEBUG:colcon.colcon_installed_package_information.package_discovery:Found 308 installed packages in /opt/ros/foxy
[0.305s] Level 1:colcon.colcon_core.package_discovery:discover_packages(prefix_path) using defaults
[0.355s] Level 5:colcon.colcon_core.verb:set package 'enc_turtle_cpp' build argument 'cmake_args' from command line to 'None'
[0.355s] Level 5:colcon.colcon_core.verb:set package 'enc_turtle_cpp' build argument 'cmake_target' from command line to 'None'
[0.355s] Level 5:colcon.colcon_core.verb:set package 'enc_turtle_cpp' build argument 'cmake_target_skip_unavailable' from command line to 'False'
[0.355s] Level 5:colcon.colcon_core.verb:set package 'enc_turtle_cpp' build argument 'cmake_clean_cache' from command line to 'False'
[0.355s] Level 5:colcon.colcon_core.verb:set package 'enc_turtle_cpp' build argument 'cmake_clean_first' from command line to 'False'
[0.355s] Level 5:colcon.colcon_core.verb:set package 'enc_turtle_cpp' build argument 'cmake_force_configure' from command line to 'False'
[0.355s] Level 5:colcon.colcon_core.verb:set package 'enc_turtle_cpp' build argument 'ament_cmake_args' from command line to 'None'
[0.355s] Level 5:colcon.colcon_core.verb:set package 'enc_turtle_cpp' build argument 'catkin_cmake_args' from command line to 'None'
[0.355s] Level 5:colcon.colcon_core.verb:set package 'enc_turtle_cpp' build argument 'catkin_skip_building_tests' from command line to 'False'
[0.355s] DEBUG:colcon.colcon_core.verb:Building package 'enc_turtle_cpp' with the following arguments: {'ament_cmake_args': None, 'build_base': '/home/sangwon/ROS2_turtlesim_ws/build/enc_turtle_cpp', 'catkin_cmake_args': None, 'catkin_skip_building_tests': False, 'cmake_args': None, 'cmake_clean_cache': False, 'cmake_clean_first': False, 'cmake_force_configure': False, 'cmake_target': None, 'cmake_target_skip_unavailable': False, 'install_base': '/home/sangwon/ROS2_turtlesim_ws/install/enc_turtle_cpp', 'merge_install': False, 'path': '/home/sangwon/ROS2_turtlesim_ws/src/enc_turtle_cpp', 'symlink_install': True, 'test_result_base': None}
[0.356s] Level 5:colcon.colcon_core.verb:set package 'turtle_demo_controller' build argument 'cmake_args' from command line to 'None'
[0.356s] Level 5:colcon.colcon_core.verb:set package 'turtle_demo_controller' build argument 'cmake_target' from command line to 'None'
[0.356s] Level 5:colcon.colcon_core.verb:set package 'turtle_demo_controller' build argument 'cmake_target_skip_unavailable' from command line to 'False'
[0.356s] Level 5:colcon.colcon_core.verb:set package 'turtle_demo_controller' build argument 'cmake_clean_cache' from command line to 'False'
[0.356s] Level 5:colcon.colcon_core.verb:set package 'turtle_demo_controller' build argument 'cmake_clean_first' from command line to 'False'
[0.356s] Level 5:colcon.colcon_core.verb:set package 'turtle_demo_controller' build argument 'cmake_force_configure' from command line to 'False'
[0.356s] Level 5:colcon.colcon_core.verb:set package 'turtle_demo_controller' build argument 'ament_cmake_args' from command line to 'None'
[0.356s] Level 5:colcon.colcon_core.verb:set package 'turtle_demo_controller' build argument 'catkin_cmake_args' from command line to 'None'
[0.356s] Level 5:colcon.colcon_core.verb:set package 'turtle_demo_controller' build argument 'catkin_skip_building_tests' from command line to 'False'
[0.356s] DEBUG:colcon.colcon_core.verb:Building package 'turtle_demo_controller' with the following arguments: {'ament_cmake_args': None, 'build_base': '/home/sangwon/ROS2_turtlesim_ws/build/turtle_demo_controller', 'catkin_cmake_args': None, 'catkin_skip_building_tests': False, 'cmake_args': None, 'cmake_clean_cache': False, 'cmake_clean_first': False, 'cmake_force_configure': False, 'cmake_target': None, 'cmake_target_skip_unavailable': False, 'install_base': '/home/sangwon/ROS2_turtlesim_ws/install/turtle_demo_controller', 'merge_install': False, 'path': '/home/sangwon/ROS2_turtlesim_ws/src/turtle_demo_controller', 'symlink_install': True, 'test_result_base': None}
[0.356s] INFO:colcon.colcon_core.executor:Executing jobs using 'parallel' executor
[0.357s] DEBUG:colcon.colcon_parallel_executor.executor.parallel:run_until_complete
[0.357s] INFO:colcon.colcon_ros.task.ament_cmake.build:Building ROS package in '/home/sangwon/ROS2_turtlesim_ws/src/enc_turtle_cpp' with build type 'ament_cmake'
[0.358s] INFO:colcon.colcon_cmake.task.cmake.build:Building CMake package in '/home/sangwon/ROS2_turtlesim_ws/src/enc_turtle_cpp'
[0.359s] INFO:colcon.colcon_core.plugin_system:Skipping extension 'colcon_core.shell.bat': Not used on non-Windows systems
[0.359s] INFO:colcon.colcon_core.shell:Skip shell extension 'powershell' for command environment: Not usable outside of PowerShell
[0.360s] DEBUG:colcon.colcon_core.shell:Skip shell extension 'dsv' for command environment
[0.364s] INFO:colcon.colcon_ros.task.ament_cmake.build:Building ROS package in '/home/sangwon/ROS2_turtlesim_ws/src/turtle_demo_controller' with build type 'ament_cmake'
[0.364s] INFO:colcon.colcon_cmake.task.cmake.build:Building CMake package in '/home/sangwon/ROS2_turtlesim_ws/src/turtle_demo_controller'
[0.365s] INFO:colcon.colcon_core.shell:Skip shell extension 'powershell' for command environment: Not usable outside of PowerShell
[0.365s] DEBUG:colcon.colcon_core.shell:Skip shell extension 'dsv' for command environment
[0.378s] DEBUG:colcon.colcon_core.event_handler.log_command:Invoking command in '/home/sangwon/ROS2_turtlesim_ws/build/enc_turtle_cpp': CMAKE_PREFIX_PATH=${CMAKE_PREFIX_PATH}:/opt/ros/foxy /usr/bin/cmake --build /home/sangwon/ROS2_turtlesim_ws/build/enc_turtle_cpp -- -j12 -l12
[0.384s] DEBUG:colcon.colcon_core.event_handler.log_command:Invoking command in '/home/sangwon/ROS2_turtlesim_ws/build/turtle_demo_controller': CMAKE_PREFIX_PATH=${CMAKE_PREFIX_PATH}:/opt/ros/foxy /usr/bin/cmake --build /home/sangwon/ROS2_turtlesim_ws/build/turtle_demo_controller -- -j12 -l12
[0.667s] DEBUG:colcon.colcon_core.event_handler.log_command:Invoked command in '/home/sangwon/ROS2_turtlesim_ws/build/turtle_demo_controller' returned '0': CMAKE_PREFIX_PATH=${CMAKE_PREFIX_PATH}:/opt/ros/foxy /usr/bin/cmake --build /home/sangwon/ROS2_turtlesim_ws/build/turtle_demo_controller -- -j12 -l12
[0.757s] DEBUG:colcon.colcon_core.event_handler.log_command:Invoking command in '/home/sangwon/ROS2_turtlesim_ws/build/turtle_demo_controller': CMAKE_PREFIX_PATH=${CMAKE_PREFIX_PATH}:/opt/ros/foxy /usr/bin/cmake --install /home/sangwon/ROS2_turtlesim_ws/build/turtle_demo_controller
[0.903s] Level 1:colcon.colcon_core.environment:create_environment_scripts_only(turtle_demo_controller)
[0.904s] DEBUG:colcon.colcon_core.event_handler.log_command:Invoked command in '/home/sangwon/ROS2_turtlesim_ws/build/turtle_demo_controller' returned '0': CMAKE_PREFIX_PATH=${CMAKE_PREFIX_PATH}:/opt/ros/foxy /usr/bin/cmake --install /home/sangwon/ROS2_turtlesim_ws/build/turtle_demo_controller
[0.906s] Level 1:colcon.colcon_core.environment:checking '/home/sangwon/ROS2_turtlesim_ws/install/turtle_demo_controller' for CMake module files
[0.906s] Level 1:colcon.colcon_core.environment:checking '/home/sangwon/ROS2_turtlesim_ws/install/turtle_demo_controller' for CMake config files
[0.907s] Level 1:colcon.colcon_core.shell:create_environment_hook('turtle_demo_controller', 'cmake_prefix_path')
[0.908s] INFO:colcon.colcon_core.shell:Creating environment hook '/home/sangwon/ROS2_turtlesim_ws/install/turtle_demo_controller/share/turtle_demo_controller/hook/cmake_prefix_path.ps1'
[0.908s] INFO:colcon.colcon_core.shell:Creating environment descriptor '/home/sangwon/ROS2_turtlesim_ws/install/turtle_demo_controller/share/turtle_demo_controller/hook/cmake_prefix_path.dsv'
[0.909s] INFO:colcon.colcon_core.shell:Creating environment hook '/home/sangwon/ROS2_turtlesim_ws/install/turtle_demo_controller/share/turtle_demo_controller/hook/cmake_prefix_path.sh'
[0.909s] Level 1:colcon.colcon_core.environment:checking '/home/sangwon/ROS2_turtlesim_ws/install/turtle_demo_controller/lib'
[0.909s] Level 1:colcon.colcon_core.shell:create_environment_hook('turtle_demo_controller', 'ld_library_path_lib')
[0.910s] INFO:colcon.colcon_core.shell:Creating environment hook '/home/sangwon/ROS2_turtlesim_ws/install/turtle_demo_controller/share/turtle_demo_controller/hook/ld_library_path_lib.ps1'
[0.910s] INFO:colcon.colcon_core.shell:Creating environment descriptor '/home/sangwon/ROS2_turtlesim_ws/install/turtle_demo_controller/share/turtle_demo_controller/hook/ld_library_path_lib.dsv'
[0.910s] INFO:colcon.colcon_core.shell:Creating environment hook '/home/sangwon/ROS2_turtlesim_ws/install/turtle_demo_controller/share/turtle_demo_controller/hook/ld_library_path_lib.sh'
[0.910s] Level 1:colcon.colcon_core.environment:checking '/home/sangwon/ROS2_turtlesim_ws/install/turtle_demo_controller/bin'
[0.910s] Level 1:colcon.colcon_core.environment:checking '/home/sangwon/ROS2_turtlesim_ws/install/turtle_demo_controller/lib/pkgconfig/turtle_demo_controller.pc'
[0.911s] Level 1:colcon.colcon_core.environment:checking '/home/sangwon/ROS2_turtlesim_ws/install/turtle_demo_controller/lib/python3.8/site-packages'
[0.911s] Level 1:colcon.colcon_core.shell:create_environment_hook('turtle_demo_controller', 'pythonpath')
[0.911s] INFO:colcon.colcon_core.shell:Creating environment hook '/home/sangwon/ROS2_turtlesim_ws/install/turtle_demo_controller/share/turtle_demo_controller/hook/pythonpath.ps1'
[0.911s] INFO:colcon.colcon_core.shell:Creating environment descriptor '/home/sangwon/ROS2_turtlesim_ws/install/turtle_demo_controller/share/turtle_demo_controller/hook/pythonpath.dsv'
[0.911s] INFO:colcon.colcon_core.shell:Creating environment hook '/home/sangwon/ROS2_turtlesim_ws/install/turtle_demo_controller/share/turtle_demo_controller/hook/pythonpath.sh'
[0.912s] Level 1:colcon.colcon_core.environment:checking '/home/sangwon/ROS2_turtlesim_ws/install/turtle_demo_controller/bin'
[0.912s] INFO:colcon.colcon_core.shell:Creating package script '/home/sangwon/ROS2_turtlesim_ws/install/turtle_demo_controller/share/turtle_demo_controller/package.ps1'
[0.912s] INFO:colcon.colcon_core.shell:Creating package descriptor '/home/sangwon/ROS2_turtlesim_ws/install/turtle_demo_controller/share/turtle_demo_controller/package.dsv'
[0.913s] INFO:colcon.colcon_core.shell:Creating package script '/home/sangwon/ROS2_turtlesim_ws/install/turtle_demo_controller/share/turtle_demo_controller/package.sh'
[0.913s] INFO:colcon.colcon_core.shell:Creating package script '/home/sangwon/ROS2_turtlesim_ws/install/turtle_demo_controller/share/turtle_demo_controller/package.bash'
[0.914s] INFO:colcon.colcon_core.shell:Creating package script '/home/sangwon/ROS2_turtlesim_ws/install/turtle_demo_controller/share/turtle_demo_controller/package.zsh'
[0.914s] Level 1:colcon.colcon_core.environment:create_file_with_runtime_dependencies(/home/sangwon/ROS2_turtlesim_ws/install/turtle_demo_controller/share/colcon-core/packages/turtle_demo_controller)
[0.983s] Level 1:colcon.colcon_core.environment:create_environment_scripts_only(turtle_demo_controller)
[0.984s] Level 1:colcon.colcon_core.environment:checking '/home/sangwon/ROS2_turtlesim_ws/install/turtle_demo_controller' for CMake module files
[0.984s] Level 1:colcon.colcon_core.environment:checking '/home/sangwon/ROS2_turtlesim_ws/install/turtle_demo_controller' for CMake config files
[0.985s] Level 1:colcon.colcon_core.shell:create_environment_hook('turtle_demo_controller', 'cmake_prefix_path')
[0.985s] INFO:colcon.colcon_core.shell:Creating environment hook '/home/sangwon/ROS2_turtlesim_ws/install/turtle_demo_controller/share/turtle_demo_controller/hook/cmake_prefix_path.ps1'
[0.986s] INFO:colcon.colcon_core.shell:Creating environment descriptor '/home/sangwon/ROS2_turtlesim_ws/install/turtle_demo_controller/share/turtle_demo_controller/hook/cmake_prefix_path.dsv'
[0.986s] INFO:colcon.colcon_core.shell:Creating environment hook '/home/sangwon/ROS2_turtlesim_ws/install/turtle_demo_controller/share/turtle_demo_controller/hook/cmake_prefix_path.sh'
[0.987s] Level 1:colcon.colcon_core.environment:checking '/home/sangwon/ROS2_turtlesim_ws/install/turtle_demo_controller/lib'
[0.987s] Level 1:colcon.colcon_core.shell:create_environment_hook('turtle_demo_controller', 'ld_library_path_lib')
[0.987s] INFO:colcon.colcon_core.shell:Creating environment hook '/home/sangwon/ROS2_turtlesim_ws/install/turtle_demo_controller/share/turtle_demo_controller/hook/ld_library_path_lib.ps1'
[0.987s] INFO:colcon.colcon_core.shell:Creating environment descriptor '/home/sangwon/ROS2_turtlesim_ws/install/turtle_demo_controller/share/turtle_demo_controller/hook/ld_library_path_lib.dsv'
[0.987s] INFO:colcon.colcon_core.shell:Creating environment hook '/home/sangwon/ROS2_turtlesim_ws/install/turtle_demo_controller/share/turtle_demo_controller/hook/ld_library_path_lib.sh'
[0.988s] Level 1:colcon.colcon_core.environment:checking '/home/sangwon/ROS2_turtlesim_ws/install/turtle_demo_controller/bin'
[0.988s] Level 1:colcon.colcon_core.environment:checking '/home/sangwon/ROS2_turtlesim_ws/install/turtle_demo_controller/lib/pkgconfig/turtle_demo_controller.pc'
[0.988s] Level 1:colcon.colcon_core.environment:checking '/home/sangwon/ROS2_turtlesim_ws/install/turtle_demo_controller/lib/python3.8/site-packages'
[0.988s] Level 1:colcon.colcon_core.shell:create_environment_hook('turtle_demo_controller', 'pythonpath')
[0.988s] INFO:colcon.colcon_core.shell:Creating environment hook '/home/sangwon/ROS2_turtlesim_ws/install/turtle_demo_controller/share/turtle_demo_controller/hook/pythonpath.ps1'
[0.988s] INFO:colcon.colcon_core.shell:Creating environment descriptor '/home/sangwon/ROS2_turtlesim_ws/install/turtle_demo_controller/share/turtle_demo_controller/hook/pythonpath.dsv'
[0.989s] INFO:colcon.colcon_core.shell:Creating environment hook '/home/sangwon/ROS2_turtlesim_ws/install/turtle_demo_controller/share/turtle_demo_controller/hook/pythonpath.sh'
[0.989s] Level 1:colcon.colcon_core.environment:checking '/home/sangwon/ROS2_turtlesim_ws/install/turtle_demo_controller/bin'
[0.989s] INFO:colcon.colcon_core.shell:Creating package script '/home/sangwon/ROS2_turtlesim_ws/install/turtle_demo_controller/share/turtle_demo_controller/package.ps1'
[0.990s] INFO:colcon.colcon_core.shell:Creating package descriptor '/home/sangwon/ROS2_turtlesim_ws/install/turtle_demo_controller/share/turtle_demo_controller/package.dsv'
[0.990s] INFO:colcon.colcon_core.shell:Creating package script '/home/sangwon/ROS2_turtlesim_ws/install/turtle_demo_controller/share/turtle_demo_controller/package.sh'
[0.990s] INFO:colcon.colcon_core.shell:Creating package script '/home/sangwon/ROS2_turtlesim_ws/install/turtle_demo_controller/share/turtle_demo_controller/package.bash'
[0.991s] INFO:colcon.colcon_core.shell:Creating package script '/home/sangwon/ROS2_turtlesim_ws/install/turtle_demo_controller/share/turtle_demo_controller/package.zsh'
[0.991s] Level 1:colcon.colcon_core.environment:create_file_with_runtime_dependencies(/home/sangwon/ROS2_turtlesim_ws/install/turtle_demo_controller/share/colcon-core/packages/turtle_demo_controller)
[24.325s] DEBUG:colcon.colcon_core.event_handler.log_command:Invoked command in '/home/sangwon/ROS2_turtlesim_ws/build/enc_turtle_cpp' returned '0': CMAKE_PREFIX_PATH=${CMAKE_PREFIX_PATH}:/opt/ros/foxy /usr/bin/cmake --build /home/sangwon/ROS2_turtlesim_ws/build/enc_turtle_cpp -- -j12 -l12
[24.400s] DEBUG:colcon.colcon_core.event_handler.log_command:Invoking command in '/home/sangwon/ROS2_turtlesim_ws/build/enc_turtle_cpp': CMAKE_PREFIX_PATH=${CMAKE_PREFIX_PATH}:/opt/ros/foxy /usr/bin/cmake --install /home/sangwon/ROS2_turtlesim_ws/build/enc_turtle_cpp
[24.461s] Level 1:colcon.colcon_core.environment:create_environment_scripts_only(enc_turtle_cpp)
[24.461s] Level 1:colcon.colcon_core.environment:checking '/home/sangwon/ROS2_turtlesim_ws/install/enc_turtle_cpp' for CMake module files
[24.462s] DEBUG:colcon.colcon_core.event_handler.log_command:Invoked command in '/home/sangwon/ROS2_turtlesim_ws/build/enc_turtle_cpp' returned '0': CMAKE_PREFIX_PATH=${CMAKE_PREFIX_PATH}:/opt/ros/foxy /usr/bin/cmake --install /home/sangwon/ROS2_turtlesim_ws/build/enc_turtle_cpp
[24.462s] Level 1:colcon.colcon_core.environment:checking '/home/sangwon/ROS2_turtlesim_ws/install/enc_turtle_cpp' for CMake config files
[24.463s] Level 1:colcon.colcon_core.shell:create_environment_hook('enc_turtle_cpp', 'cmake_prefix_path')
[24.463s] INFO:colcon.colcon_core.shell:Creating environment hook '/home/sangwon/ROS2_turtlesim_ws/install/enc_turtle_cpp/share/enc_turtle_cpp/hook/cmake_prefix_path.ps1'
[24.463s] INFO:colcon.colcon_core.shell:Creating environment descriptor '/home/sangwon/ROS2_turtlesim_ws/install/enc_turtle_cpp/share/enc_turtle_cpp/hook/cmake_prefix_path.dsv'
[24.464s] INFO:colcon.colcon_core.shell:Creating environment hook '/home/sangwon/ROS2_turtlesim_ws/install/enc_turtle_cpp/share/enc_turtle_cpp/hook/cmake_prefix_path.sh'
[24.464s] Level 1:colcon.colcon_core.environment:checking '/home/sangwon/ROS2_turtlesim_ws/install/enc_turtle_cpp/lib'
[24.464s] Level 1:colcon.colcon_core.shell:create_environment_hook('enc_turtle_cpp', 'ld_library_path_lib')
[24.464s] INFO:colcon.colcon_core.shell:Creating environment hook '/home/sangwon/ROS2_turtlesim_ws/install/enc_turtle_cpp/share/enc_turtle_cpp/hook/ld_library_path_lib.ps1'
[24.465s] INFO:colcon.colcon_core.shell:Creating environment descriptor '/home/sangwon/ROS2_turtlesim_ws/install/enc_turtle_cpp/share/enc_turtle_cpp/hook/ld_library_path_lib.dsv'
[24.465s] INFO:colcon.colcon_core.shell:Creating environment hook '/home/sangwon/ROS2_turtlesim_ws/install/enc_turtle_cpp/share/enc_turtle_cpp/hook/ld_library_path_lib.sh'
[24.465s] Level 1:colcon.colcon_core.environment:checking '/home/sangwon/ROS2_turtlesim_ws/install/enc_turtle_cpp/bin'
[24.465s] Level 1:colcon.colcon_core.environment:checking '/home/sangwon/ROS2_turtlesim_ws/install/enc_turtle_cpp/lib/pkgconfig/enc_turtle_cpp.pc'
[24.465s] Level 1:colcon.colcon_core.environment:checking '/home/sangwon/ROS2_turtlesim_ws/install/enc_turtle_cpp/lib/python3.8/site-packages'
[24.465s] Level 1:colcon.colcon_core.shell:create_environment_hook('enc_turtle_cpp', 'pythonpath')
[24.465s] INFO:colcon.colcon_core.shell:Creating environment hook '/home/sangwon/ROS2_turtlesim_ws/install/enc_turtle_cpp/share/enc_turtle_cpp/hook/pythonpath.ps1'
[24.466s] INFO:colcon.colcon_core.shell:Creating environment descriptor '/home/sangwon/ROS2_turtlesim_ws/install/enc_turtle_cpp/share/enc_turtle_cpp/hook/pythonpath.dsv'
[24.466s] INFO:colcon.colcon_core.shell:Creating environment hook '/home/sangwon/ROS2_turtlesim_ws/install/enc_turtle_cpp/share/enc_turtle_cpp/hook/pythonpath.sh'
[24.466s] Level 1:colcon.colcon_core.environment:checking '/home/sangwon/ROS2_turtlesim_ws/install/enc_turtle_cpp/bin'
[24.466s] INFO:colcon.colcon_core.shell:Creating package script '/home/sangwon/ROS2_turtlesim_ws/install/enc_turtle_cpp/share/enc_turtle_cpp/package.ps1'
[24.467s] INFO:colcon.colcon_core.shell:Creating package descriptor '/home/sangwon/ROS2_turtlesim_ws/install/enc_turtle_cpp/share/enc_turtle_cpp/package.dsv'
[24.467s] INFO:colcon.colcon_core.shell:Creating package script '/home/sangwon/ROS2_turtlesim_ws/install/enc_turtle_cpp/share/enc_turtle_cpp/package.sh'
[24.467s] INFO:colcon.colcon_core.shell:Creating package script '/home/sangwon/ROS2_turtlesim_ws/install/enc_turtle_cpp/share/enc_turtle_cpp/package.bash'
[24.468s] INFO:colcon.colcon_core.shell:Creating package script '/home/sangwon/ROS2_turtlesim_ws/install/enc_turtle_cpp/share/enc_turtle_cpp/package.zsh'
[24.468s] Level 1:colcon.colcon_core.environment:create_file_with_runtime_dependencies(/home/sangwon/ROS2_turtlesim_ws/install/enc_turtle_cpp/share/colcon-core/packages/enc_turtle_cpp)
[24.543s] Level 1:colcon.colcon_core.environment:create_environment_scripts_only(enc_turtle_cpp)
[24.543s] Level 1:colcon.colcon_core.environment:checking '/home/sangwon/ROS2_turtlesim_ws/install/enc_turtle_cpp' for CMake module files
[24.544s] Level 1:colcon.colcon_core.environment:checking '/home/sangwon/ROS2_turtlesim_ws/install/enc_turtle_cpp' for CMake config files
[24.545s] Level 1:colcon.colcon_core.shell:create_environment_hook('enc_turtle_cpp', 'cmake_prefix_path')
[24.545s] INFO:colcon.colcon_core.shell:Creating environment hook '/home/sangwon/ROS2_turtlesim_ws/install/enc_turtle_cpp/share/enc_turtle_cpp/hook/cmake_prefix_path.ps1'
[24.546s] INFO:colcon.colcon_core.shell:Creating environment descriptor '/home/sangwon/ROS2_turtlesim_ws/install/enc_turtle_cpp/share/enc_turtle_cpp/hook/cmake_prefix_path.dsv'
[24.546s] INFO:colcon.colcon_core.shell:Creating environment hook '/home/sangwon/ROS2_turtlesim_ws/install/enc_turtle_cpp/share/enc_turtle_cpp/hook/cmake_prefix_path.sh'
[24.546s] Level 1:colcon.colcon_core.environment:checking '/home/sangwon/ROS2_turtlesim_ws/install/enc_turtle_cpp/lib'
[24.546s] Level 1:colcon.colcon_core.shell:create_environment_hook('enc_turtle_cpp', 'ld_library_path_lib')
[24.546s] INFO:colcon.colcon_core.shell:Creating environment hook '/home/sangwon/ROS2_turtlesim_ws/install/enc_turtle_cpp/share/enc_turtle_cpp/hook/ld_library_path_lib.ps1'
[24.547s] INFO:colcon.colcon_core.shell:Creating environment descriptor '/home/sangwon/ROS2_turtlesim_ws/install/enc_turtle_cpp/share/enc_turtle_cpp/hook/ld_library_path_lib.dsv'
[24.547s] INFO:colcon.colcon_core.shell:Creating environment hook '/home/sangwon/ROS2_turtlesim_ws/install/enc_turtle_cpp/share/enc_turtle_cpp/hook/ld_library_path_lib.sh'
[24.547s] Level 1:colcon.colcon_core.environment:checking '/home/sangwon/ROS2_turtlesim_ws/install/enc_turtle_cpp/bin'
[24.547s] Level 1:colcon.colcon_core.environment:checking '/home/sangwon/ROS2_turtlesim_ws/install/enc_turtle_cpp/lib/pkgconfig/enc_turtle_cpp.pc'
[24.547s] Level 1:colcon.colcon_core.environment:checking '/home/sangwon/ROS2_turtlesim_ws/install/enc_turtle_cpp/lib/python3.8/site-packages'
[24.547s] Level 1:colcon.colcon_core.shell:create_environment_hook('enc_turtle_cpp', 'pythonpath')
[24.548s] INFO:colcon.colcon_core.shell:Creating environment hook '/home/sangwon/ROS2_turtlesim_ws/install/enc_turtle_cpp/share/enc_turtle_cpp/hook/pythonpath.ps1'
[24.548s] INFO:colcon.colcon_core.shell:Creating environment descriptor '/home/sangwon/ROS2_turtlesim_ws/install/enc_turtle_cpp/share/enc_turtle_cpp/hook/pythonpath.dsv'
[24.548s] INFO:colcon.colcon_core.shell:Creating environment hook '/home/sangwon/ROS2_turtlesim_ws/install/enc_turtle_cpp/share/enc_turtle_cpp/hook/pythonpath.sh'
[24.548s] Level 1:colcon.colcon_core.environment:checking '/home/sangwon/ROS2_turtlesim_ws/install/enc_turtle_cpp/bin'
[24.549s] INFO:colcon.colcon_core.shell:Creating package script '/home/sangwon/ROS2_turtlesim_ws/install/enc_turtle_cpp/share/enc_turtle_cpp/package.ps1'
[24.549s] INFO:colcon.colcon_core.shell:Creating package descriptor '/home/sangwon/ROS2_turtlesim_ws/install/enc_turtle_cpp/share/enc_turtle_cpp/package.dsv'
[24.549s] INFO:colcon.colcon_core.shell:Creating package script '/home/sangwon/ROS2_turtlesim_ws/install/enc_turtle_cpp/share/enc_turtle_cpp/package.sh'
[24.550s] INFO:colcon.colcon_core.shell:Creating package script '/home/sangwon/ROS2_turtlesim_ws/install/enc_turtle_cpp/share/enc_turtle_cpp/package.bash'
[24.550s] INFO:colcon.colcon_core.shell:Creating package script '/home/sangwon/ROS2_turtlesim_ws/install/enc_turtle_cpp/share/enc_turtle_cpp/package.zsh'
[24.550s] Level 1:colcon.colcon_core.environment:create_file_with_runtime_dependencies(/home/sangwon/ROS2_turtlesim_ws/install/enc_turtle_cpp/share/colcon-core/packages/enc_turtle_cpp)
[24.551s] DEBUG:colcon.colcon_parallel_executor.executor.parallel:closing loop
[24.551s] DEBUG:colcon.colcon_parallel_executor.executor.parallel:loop closed
[24.551s] DEBUG:colcon.colcon_parallel_executor.executor.parallel:run_until_complete finished with '0'
[24.551s] DEBUG:colcon.colcon_core.event_reactor:joining thread
[24.577s] INFO:colcon.colcon_core.plugin_system:Skipping extension 'colcon_notification.desktop_notification.notify_send': Could not find 'notify-send'
[24.578s] INFO:colcon.colcon_core.plugin_system:Skipping extension 'colcon_notification.desktop_notification.terminal_notifier': Not used on non-Darwin systems
[24.578s] INFO:colcon.colcon_core.plugin_system:Skipping extension 'colcon_notification.desktop_notification.win32': Not used on non-Windows systems
[24.578s] INFO:colcon.colcon_notification.desktop_notification:Sending desktop notification using 'notify2'
[24.579s] DEBUG:colcon.colcon_notification.desktop_notification.notify2:Failed to initialize notify2: org.freedesktop.DBus.Error.ServiceUnknown: The name org.freedesktop.Notifications was not provided by any .service files
[24.579s] DEBUG:colcon.colcon_core.event_reactor:joined thread
[24.579s] INFO:colcon.colcon_core.shell:Creating prefix script '/home/sangwon/ROS2_turtlesim_ws/install/local_setup.ps1'
[24.580s] INFO:colcon.colcon_core.shell:Creating prefix util module '/home/sangwon/ROS2_turtlesim_ws/install/_local_setup_util_ps1.py'
[24.580s] INFO:colcon.colcon_core.shell:Creating prefix chain script '/home/sangwon/ROS2_turtlesim_ws/install/setup.ps1'
[24.581s] INFO:colcon.colcon_core.shell:Creating prefix script '/home/sangwon/ROS2_turtlesim_ws/install/local_setup.sh'
[24.581s] INFO:colcon.colcon_core.shell:Creating prefix util module '/home/sangwon/ROS2_turtlesim_ws/install/_local_setup_util_sh.py'
[24.582s] INFO:colcon.colcon_core.shell:Creating prefix chain script '/home/sangwon/ROS2_turtlesim_ws/install/setup.sh'
[24.582s] INFO:colcon.colcon_core.shell:Creating prefix script '/home/sangwon/ROS2_turtlesim_ws/install/local_setup.bash'
[24.583s] INFO:colcon.colcon_core.shell:Creating prefix chain script '/home/sangwon/ROS2_turtlesim_ws/install/setup.bash'
[24.583s] INFO:colcon.colcon_core.shell:Creating prefix script '/home/sangwon/ROS2_turtlesim_ws/install/local_setup.zsh'
[24.584s] INFO:colcon.colcon_core.shell:Creating prefix chain script '/home/sangwon/ROS2_turtlesim_ws/install/setup.zsh'
