[0.017s] Invoking command in '/home/sangwon/ROS2_turtlesim_ws/build/enc_turtle_cpp': CMAKE_PREFIX_PATH=${CMAKE_PREFIX_PATH}:/opt/ros/foxy /usr/bin/cmake --build /home/sangwon/ROS2_turtlesim_ws/build/enc_turtle_cpp -- -j12 -l12
[0.040s] -- Found ament_cmake: 0.9.12 (/opt/ros/foxy/share/ament_cmake/cmake)
[0.058s] -- Found PythonInterp: /usr/bin/python3 (found suitable version "3.8.10", minimum required is "3") 
[0.058s] -- Using PYTHON_EXECUTABLE: /usr/bin/python3
[0.182s] -- Override CMake install command with custom implementation using symlinks instead of copying resources
[0.186s] -- Found rclcpp: 2.4.3 (/opt/ros/foxy/share/rclcpp/cmake)
[0.299s] -- Using all available rosidl_typesupport_c: rosidl_typesupport_fastrtps_c;rosidl_typesupport_introspection_c
[0.300s] -- Found rosidl_adapter: 1.3.1 (/opt/ros/foxy/share/rosidl_adapter/cmake)
[2.303s] -- Using all available rosidl_typesupport_cpp: rosidl_typesupport_fastrtps_cpp;rosidl_typesupport_introspection_cpp
[2.331s] -- Found rmw_implementation_cmake: 1.0.4 (/opt/ros/foxy/share/rmw_implementation_cmake/cmake)
[2.332s] -- Using RMW implementation 'rmw_fastrtps_cpp' as default
[2.410s] -- Found geometry_msgs: 2.0.5 (/opt/ros/foxy/share/geometry_msgs/cmake)
[2.429s] -- Found turtlesim: 1.2.6 (/opt/ros/foxy/share/turtlesim/cmake)
[2.486s] -- Found rosidl_default_generators: 1.0.1 (/opt/ros/foxy/share/rosidl_default_generators/cmake)
[2.510s] -- Found PythonInterp: /usr/bin/python3 (found version "3.8.10") 
[2.585s] -- Found ament_cmake_ros: 0.9.2 (/opt/ros/foxy/share/ament_cmake_ros/cmake)
[4.633s] -- Using all available rosidl_typesupport_c: rosidl_typesupport_fastrtps_c;rosidl_typesupport_introspection_c
[4.638s] -- Using all available rosidl_typesupport_cpp: rosidl_typesupport_fastrtps_cpp;rosidl_typesupport_introspection_cpp
[4.655s] -- Found PythonInterp: /usr/bin/python3 (found suitable version "3.8.10", minimum required is "3.5") 
[4.655s] -- Found python_cmake_module: 0.8.1 (/opt/ros/foxy/share/python_cmake_module/cmake)
[4.671s] -- Using PYTHON_EXECUTABLE: /usr/bin/python3
[4.671s] -- Using PYTHON_INCLUDE_DIRS: /usr/include/python3.8
[4.671s] -- Using PYTHON_LIBRARIES: /usr/lib/x86_64-linux-gnu/libpython3.8.so
[4.681s] -- Found OpenFHE
[4.681s] -- OpenFHE Version: 1.3.0
[4.681s] -- OpenFHE Include Dirs: 
[4.681s] -- OpenFHE Libraries: 
[4.684s] -- Found ament_lint_auto: 0.9.8 (/opt/ros/foxy/share/ament_lint_auto/cmake)
[4.691s] -- Added test 'copyright' to check source files copyright and LICENSE
[4.692s] -- Added test 'cppcheck' to perform static code analysis on C / C++ code
[4.693s] -- Configured cppcheck include dirs: $<BUILD_INTERFACE:/home/sangwon/ROS2_turtlesim_ws/src/enc_turtle_cpp/include>
[4.694s] -- Configured cppcheck exclude dirs and/or files: 
[4.695s] -- Added test 'cpplint' to check C / C++ code against the Google style
[4.695s] -- Configured cpplint exclude dirs and/or files: 
[4.695s] -- Added test 'flake8' to check Python code syntax and style conventions
[4.695s] -- Added test 'lint_cmake' to check CMake code style
[4.696s] -- Added test 'pep257' to check Python code against some of the style conventions in PEP 257
[4.697s] -- Added test 'uncrustify' to check C / C++ code style
[4.697s] -- Configured uncrustify additional arguments: 
[4.697s] -- Added test 'xmllint' to check XML markup files
[4.701s] -- Configuring done
[4.741s] -- Generating done
[4.744s] -- Build files have been written to: /home/sangwon/ROS2_turtlesim_ws/build/enc_turtle_cpp
[4.771s] [  2%] [34m[1mGenerating C code for ROS interfaces[0m
[4.781s] [  4%] [34m[1mGenerating C++ code for ROS interfaces[0m
[4.783s] [  9%] Built target bgv_test
[4.789s] [ 19%] Built target turtle_plant
[4.790s] [ 19%] Built target turtle_controller
[4.914s] [35m[1mScanning dependencies of target enc_turtle_cpp__rosidl_generator_c[0m
[4.925s] [ 21%] [32mBuilding C object CMakeFiles/enc_turtle_cpp__rosidl_generator_c.dir/rosidl_generator_c/enc_turtle_cpp/msg/detail/encrypted_data__functions.c.o[0m
[4.926s] [ 21%] Built target enc_turtle_cpp__cpp
[4.935s] [ 24%] [34m[1mGenerating C++ type support dispatch for ROS interfaces[0m
[4.935s] [ 26%] [34m[1mGenerating C++ type support for eProsima Fast-RTPS[0m
[4.935s] [ 29%] [34m[1mGenerating C++ introspection for ROS interfaces[0m
[4.969s] [ 31%] [32m[1mLinking C shared library libenc_turtle_cpp__rosidl_generator_c.so[0m
[5.050s] [ 31%] Built target enc_turtle_cpp__rosidl_generator_c
[5.061s] [ 34%] [34m[1mGenerating C type support dispatch for ROS interfaces[0m
[5.062s] [ 36%] [34m[1mGenerating C introspection for ROS interfaces[0m
[5.073s] [35m[1mScanning dependencies of target enc_turtle_cpp__rosidl_typesupport_fastrtps_cpp[0m
[5.075s] [35m[1mScanning dependencies of target enc_turtle_cpp__rosidl_typesupport_cpp[0m
[5.087s] [ 39%] [32mBuilding CXX object CMakeFiles/enc_turtle_cpp__rosidl_typesupport_fastrtps_cpp.dir/rosidl_typesupport_fastrtps_cpp/enc_turtle_cpp/msg/detail/dds_fastrtps/encrypted_data__type_support.cpp.o[0m
[5.088s] [ 41%] [32mBuilding CXX object CMakeFiles/enc_turtle_cpp__rosidl_typesupport_cpp.dir/rosidl_typesupport_cpp/enc_turtle_cpp/msg/encrypted_data__type_support.cpp.o[0m
[5.093s] [35m[1mScanning dependencies of target enc_turtle_cpp__rosidl_typesupport_introspection_cpp[0m
[5.108s] [ 43%] [32mBuilding CXX object CMakeFiles/enc_turtle_cpp__rosidl_typesupport_introspection_cpp.dir/rosidl_typesupport_introspection_cpp/enc_turtle_cpp/msg/detail/encrypted_data__type_support.cpp.o[0m
[5.206s] [35m[1mScanning dependencies of target enc_turtle_cpp__rosidl_typesupport_c[0m
[5.218s] [35m[1mScanning dependencies of target enc_turtle_cpp__rosidl_typesupport_introspection_c[0m
[5.219s] [ 46%] [32mBuilding CXX object CMakeFiles/enc_turtle_cpp__rosidl_typesupport_c.dir/rosidl_typesupport_c/enc_turtle_cpp/msg/encrypted_data__type_support.cpp.o[0m
[5.230s] [ 48%] [32mBuilding C object CMakeFiles/enc_turtle_cpp__rosidl_typesupport_introspection_c.dir/rosidl_typesupport_introspection_c/enc_turtle_cpp/msg/detail/encrypted_data__type_support.c.o[0m
[5.257s] [ 51%] [32m[1mLinking CXX shared library libenc_turtle_cpp__rosidl_typesupport_c.so[0m
[5.268s] [ 53%] [32m[1mLinking C shared library libenc_turtle_cpp__rosidl_typesupport_introspection_c.so[0m
[5.300s] [ 56%] [32m[1mLinking CXX shared library libenc_turtle_cpp__rosidl_typesupport_cpp.so[0m
[5.337s] [ 58%] [32m[1mLinking CXX shared library libenc_turtle_cpp__rosidl_typesupport_introspection_cpp.so[0m
[5.347s] [ 58%] Built target enc_turtle_cpp__rosidl_typesupport_introspection_c
[5.348s] [ 58%] Built target enc_turtle_cpp__rosidl_typesupport_c
[5.385s] [ 58%] Built target enc_turtle_cpp__rosidl_typesupport_cpp
[5.427s] [ 60%] [32m[1mLinking CXX shared library libenc_turtle_cpp__rosidl_typesupport_fastrtps_cpp.so[0m
[5.436s] [ 60%] Built target enc_turtle_cpp__rosidl_typesupport_introspection_cpp
[5.534s] [ 60%] Built target enc_turtle_cpp__rosidl_typesupport_fastrtps_cpp
[5.544s] [ 63%] [34m[1mGenerating C type support for eProsima Fast-RTPS[0m
[5.675s] [35m[1mScanning dependencies of target enc_turtle_cpp__rosidl_typesupport_fastrtps_c[0m
[5.687s] [ 65%] [32mBuilding CXX object CMakeFiles/enc_turtle_cpp__rosidl_typesupport_fastrtps_c.dir/rosidl_typesupport_fastrtps_c/enc_turtle_cpp/msg/detail/encrypted_data__type_support_c.cpp.o[0m
[5.923s] [ 68%] [32m[1mLinking CXX shared library libenc_turtle_cpp__rosidl_typesupport_fastrtps_c.so[0m
[6.037s] [ 68%] Built target enc_turtle_cpp__rosidl_typesupport_fastrtps_c
[6.056s] [ 68%] Built target enc_turtle_cpp
[6.068s] [35m[1mScanning dependencies of target enc_turtle_controller[0m
[6.069s] [35m[1mScanning dependencies of target enc_turtle_plant[0m
[6.076s] [ 70%] [34m[1mGenerating Python code for ROS interfaces[0m
[6.099s] [ 73%] [32mBuilding CXX object CMakeFiles/enc_turtle_plant.dir/src/enc_turtle_plant.cpp.o[0m
[6.099s] [ 75%] [32mBuilding CXX object CMakeFiles/enc_turtle_controller.dir/src/enc_turtle_controller.cpp.o[0m
[6.358s] [ 75%] Built target enc_turtle_cpp__py
[6.368s] [35m[1mScanning dependencies of target enc_turtle_cpp__python[0m
[6.383s] [ 78%] [32mBuilding C object CMakeFiles/enc_turtle_cpp__python.dir/rosidl_generator_py/enc_turtle_cpp/msg/_encrypted_data_s.c.o[0m
[6.465s] [ 80%] [32m[1mLinking C shared library rosidl_generator_py/enc_turtle_cpp/libenc_turtle_cpp__python.so[0m
[6.549s] [ 80%] Built target enc_turtle_cpp__python
[6.561s] [35m[1mScanning dependencies of target enc_turtle_cpp__rosidl_typesupport_fastrtps_c__pyext[0m
[6.562s] [35m[1mScanning dependencies of target enc_turtle_cpp__rosidl_typesupport_c__pyext[0m
[6.562s] [35m[1mScanning dependencies of target enc_turtle_cpp__rosidl_typesupport_introspection_c__pyext[0m
[6.579s] [ 82%] [32mBuilding C object CMakeFiles/enc_turtle_cpp__rosidl_typesupport_fastrtps_c__pyext.dir/rosidl_generator_py/enc_turtle_cpp/_enc_turtle_cpp_s.ep.rosidl_typesupport_fastrtps_c.c.o[0m
[6.579s] [ 85%] [32mBuilding C object CMakeFiles/enc_turtle_cpp__rosidl_typesupport_c__pyext.dir/rosidl_generator_py/enc_turtle_cpp/_enc_turtle_cpp_s.ep.rosidl_typesupport_c.c.o[0m
[6.580s] [ 87%] [32mBuilding C object CMakeFiles/enc_turtle_cpp__rosidl_typesupport_introspection_c__pyext.dir/rosidl_generator_py/enc_turtle_cpp/_enc_turtle_cpp_s.ep.rosidl_typesupport_introspection_c.c.o[0m
[6.658s] [ 92%] [32m[1mLinking C shared library rosidl_generator_py/enc_turtle_cpp/enc_turtle_cpp_s__rosidl_typesupport_introspection_c.cpython-38-x86_64-linux-gnu.so[0m
[6.658s] [ 92%] [32m[1mLinking C shared library rosidl_generator_py/enc_turtle_cpp/enc_turtle_cpp_s__rosidl_typesupport_c.cpython-38-x86_64-linux-gnu.so[0m
[6.659s] [ 95%] [32m[1mLinking CXX shared library rosidl_generator_py/enc_turtle_cpp/enc_turtle_cpp_s__rosidl_typesupport_fastrtps_c.cpython-38-x86_64-linux-gnu.so[0m
[6.727s] [ 95%] Built target enc_turtle_cpp__rosidl_typesupport_c__pyext
[6.733s] [ 95%] Built target enc_turtle_cpp__rosidl_typesupport_introspection_c__pyext
[6.768s] [ 95%] Built target enc_turtle_cpp__rosidl_typesupport_fastrtps_c__pyext
[8.048s] [01m[K/home/sangwon/ROS2_turtlesim_ws/src/enc_turtle_cpp/src/enc_turtle_controller.cpp:[m[K In member function ‘[01m[Kvoid EncTurtleController::process_complete_data(const string&, const string&)[m[K’:
[8.048s] [01m[K/home/sangwon/ROS2_turtlesim_ws/src/enc_turtle_cpp/src/enc_turtle_controller.cpp:147:19:[m[K [01;31m[Kerror: [m[K‘[01m[Kstruct enc_turtle_cpp::msg::EncryptedData_<std::allocator<void> >[m[K’ has no member named ‘[01m[Kchunk_id[m[K’
[8.048s]   147 |           msg_out.[01;31m[Kchunk_id[m[K = i;
[8.048s]       |                   [01;31m[K^~~~~~~~[m[K
[8.048s] [01m[K/home/sangwon/ROS2_turtlesim_ws/src/enc_turtle_cpp/src/enc_turtle_controller.cpp:148:19:[m[K [01;31m[Kerror: [m[K‘[01m[Kstruct enc_turtle_cpp::msg::EncryptedData_<std::allocator<void> >[m[K’ has no member named ‘[01m[Ktotal_chunks[m[K’
[8.048s]   148 |           msg_out.[01;31m[Ktotal_chunks[m[K = total_chunks;
[8.048s]       |                   [01;31m[K^~~~~~~~~~~~[m[K
[8.049s] [01m[K/home/sangwon/ROS2_turtlesim_ws/src/enc_turtle_cpp/src/enc_turtle_controller.cpp:154:19:[m[K [01;31m[Kerror: [m[K‘[01m[Kstruct enc_turtle_cpp::msg::EncryptedData_<std::allocator<void> >[m[K’ has no member named ‘[01m[Kis_last[m[K’
[8.049s]   154 |           msg_out.[01;31m[Kis_last[m[K = (i == total_chunks - 1);
[8.049s]       |                   [01;31m[K^~~~~~~[m[K
[13.538s] make[2]: *** [CMakeFiles/enc_turtle_controller.dir/build.make:63: CMakeFiles/enc_turtle_controller.dir/src/enc_turtle_controller.cpp.o] Error 1
[13.538s] make[1]: *** [CMakeFiles/Makefile2:159: CMakeFiles/enc_turtle_controller.dir/all] Error 2
[13.538s] make[1]: *** Waiting for unfinished jobs....
[26.968s] [ 97%] [32m[1mLinking CXX executable enc_turtle_plant[0m
[27.150s] [ 97%] Built target enc_turtle_plant
[27.151s] make: *** [Makefile:141: all] Error 2
[27.153s] Invoked command in '/home/sangwon/ROS2_turtlesim_ws/build/enc_turtle_cpp' returned '2': CMAKE_PREFIX_PATH=${CMAKE_PREFIX_PATH}:/opt/ros/foxy /usr/bin/cmake --build /home/sangwon/ROS2_turtlesim_ws/build/enc_turtle_cpp -- -j12 -l12
