[0.019s] Invoking command in '/home/sangwon/ROS2_turtlesim_ws/build/enc_turtle_cpp': CMAKE_PREFIX_PATH=${CMAKE_PREFIX_PATH}:/opt/ros/foxy /usr/bin/cmake --build /home/sangwon/ROS2_turtlesim_ws/build/enc_turtle_cpp -- -j12 -l12
[0.043s] -- Found ament_cmake: 0.9.12 (/opt/ros/foxy/share/ament_cmake/cmake)
[0.060s] -- Found PythonInterp: /usr/bin/python3 (found suitable version "3.8.10", minimum required is "3") 
[0.060s] -- Using PYTHON_EXECUTABLE: /usr/bin/python3
[0.183s] -- Override CMake install command with custom implementation using symlinks instead of copying resources
[0.188s] -- Found rclcpp: 2.4.3 (/opt/ros/foxy/share/rclcpp/cmake)
[0.317s] -- Using all available rosidl_typesupport_c: rosidl_typesupport_fastrtps_c;rosidl_typesupport_introspection_c
[0.317s] -- Found rosidl_adapter: 1.3.1 (/opt/ros/foxy/share/rosidl_adapter/cmake)
[2.599s] -- Using all available rosidl_typesupport_cpp: rosidl_typesupport_fastrtps_cpp;rosidl_typesupport_introspection_cpp
[2.628s] -- Found rmw_implementation_cmake: 1.0.4 (/opt/ros/foxy/share/rmw_implementation_cmake/cmake)
[2.628s] -- Using RMW implementation 'rmw_fastrtps_cpp' as default
[2.707s] -- Found geometry_msgs: 2.0.5 (/opt/ros/foxy/share/geometry_msgs/cmake)
[2.725s] -- Found turtlesim: 1.2.6 (/opt/ros/foxy/share/turtlesim/cmake)
[2.781s] -- Found rosidl_default_generators: 1.0.1 (/opt/ros/foxy/share/rosidl_default_generators/cmake)
[2.805s] -- Found PythonInterp: /usr/bin/python3 (found version "3.8.10") 
[2.884s] -- Found ament_cmake_ros: 0.9.2 (/opt/ros/foxy/share/ament_cmake_ros/cmake)
[5.034s] -- Using all available rosidl_typesupport_c: rosidl_typesupport_fastrtps_c;rosidl_typesupport_introspection_c
[5.039s] -- Using all available rosidl_typesupport_cpp: rosidl_typesupport_fastrtps_cpp;rosidl_typesupport_introspection_cpp
[5.055s] -- Found PythonInterp: /usr/bin/python3 (found suitable version "3.8.10", minimum required is "3.5") 
[5.055s] -- Found python_cmake_module: 0.8.1 (/opt/ros/foxy/share/python_cmake_module/cmake)
[5.072s] -- Using PYTHON_EXECUTABLE: /usr/bin/python3
[5.072s] -- Using PYTHON_INCLUDE_DIRS: /usr/include/python3.8
[5.072s] -- Using PYTHON_LIBRARIES: /usr/lib/x86_64-linux-gnu/libpython3.8.so
[5.082s] -- Found OpenFHE
[5.082s] -- OpenFHE Version: 1.3.0
[5.082s] -- OpenFHE Include Dirs: 
[5.082s] -- OpenFHE Libraries: 
[5.085s] CMake Error at /opt/ros/foxy/share/ament_cmake_core/cmake/symlink_install/ament_cmake_symlink_install_targets.cmake:67 (message):
[5.085s]   ament_cmake_symlink_install_targets() 'test_plant' is not a target
[5.085s] Call Stack (most recent call first):
[5.085s]   /opt/ros/foxy/share/ament_cmake_core/cmake/symlink_install/install.cmake:37 (ament_cmake_symlink_install_targets)
[5.085s]   CMakeLists.txt:163 (install)
[5.085s] 
[5.085s] 
[5.087s] -- Configuring incomplete, errors occurred!
[5.087s] See also "/home/sangwon/ROS2_turtlesim_ws/build/enc_turtle_cpp/CMakeFiles/CMakeOutput.log".
[5.094s] make: *** [Makefile:968: cmake_check_build_system] Error 1
[5.099s] Invoked command in '/home/sangwon/ROS2_turtlesim_ws/build/enc_turtle_cpp' returned '2': CMAKE_PREFIX_PATH=${CMAKE_PREFIX_PATH}:/opt/ros/foxy /usr/bin/cmake --build /home/sangwon/ROS2_turtlesim_ws/build/enc_turtle_cpp -- -j12 -l12
