[0.019s] Invoking command in '/home/sangwon/ROS2_turtlesim_ws/build/enc_turtle_cpp': CMAKE_PREFIX_PATH=${CMAKE_PREFIX_PATH}:/opt/ros/foxy /usr/bin/cmake --build /home/sangwon/ROS2_turtlesim_ws/build/enc_turtle_cpp -- -j12 -l12
[0.073s] [  7%] Built target enc_turtle_cpp__rosidl_generator_c
[0.073s] [  9%] Built target enc_turtle_cpp__cpp
[0.077s] [ 14%] Built target bgv_test
[0.085s] [ 19%] Built target turtle_plant
[0.086s] [ 24%] Built target turtle_controller
[0.104s] [ 31%] Built target enc_turtle_cpp__rosidl_typesupport_introspection_cpp
[0.105s] [ 46%] Built target enc_turtle_cpp__rosidl_typesupport_introspection_c
[0.105s] [ 46%] Built target enc_turtle_cpp__rosidl_typesupport_cpp
[0.105s] [ 53%] Built target enc_turtle_cpp__rosidl_typesupport_fastrtps_cpp
[0.112s] [ 60%] Built target enc_turtle_cpp__rosidl_typesupport_c
[0.133s] [ 68%] Built target enc_turtle_cpp__rosidl_typesupport_fastrtps_c
[0.155s] [ 68%] Built target enc_turtle_cpp
[0.168s] [35m[1mScanning dependencies of target enc_turtle_controller[0m
[0.169s] [35m[1mScanning dependencies of target enc_turtle_plant[0m
[0.178s] [ 70%] Built target enc_turtle_cpp__py
[0.200s] [ 73%] [32mBuilding CXX object CMakeFiles/enc_turtle_controller.dir/src/enc_turtle_controller.cpp.o[0m
[0.202s] [ 78%] Built target enc_turtle_cpp__python
[0.205s] [ 80%] [32mBuilding CXX object CMakeFiles/enc_turtle_plant.dir/src/enc_turtle_plant.cpp.o[0m
[0.232s] [ 90%] Built target enc_turtle_cpp__rosidl_typesupport_introspection_c__pyext
[0.232s] [ 90%] Built target enc_turtle_cpp__rosidl_typesupport_c__pyext
[0.232s] [ 95%] Built target enc_turtle_cpp__rosidl_typesupport_fastrtps_c__pyext
[20.655s] [ 97%] [32m[1mLinking CXX executable enc_turtle_controller[0m
[20.858s] [ 97%] Built target enc_turtle_controller
[22.130s] [100%] [32m[1mLinking CXX executable enc_turtle_plant[0m
[22.312s] [100%] Built target enc_turtle_plant
[22.326s] Invoked command in '/home/sangwon/ROS2_turtlesim_ws/build/enc_turtle_cpp' returned '0': CMAKE_PREFIX_PATH=${CMAKE_PREFIX_PATH}:/opt/ros/foxy /usr/bin/cmake --build /home/sangwon/ROS2_turtlesim_ws/build/enc_turtle_cpp -- -j12 -l12
[22.405s] Invoking command in '/home/sangwon/ROS2_turtlesim_ws/build/enc_turtle_cpp': CMAKE_PREFIX_PATH=${CMAKE_PREFIX_PATH}:/opt/ros/foxy /usr/bin/cmake --install /home/sangwon/ROS2_turtlesim_ws/build/enc_turtle_cpp
[22.413s] -- Install configuration: ""
[22.413s] -- Execute custom install script
[22.414s] -- Up-to-date symlink: /home/sangwon/ROS2_turtlesim_ws/install/enc_turtle_cpp/share/ament_index/resource_index/rosidl_interfaces/enc_turtle_cpp
[22.414s] -- Up-to-date symlink: /home/sangwon/ROS2_turtlesim_ws/install/enc_turtle_cpp/include/enc_turtle_cpp/msg/detail/encrypted_data__functions.h
[22.414s] -- Up-to-date symlink: /home/sangwon/ROS2_turtlesim_ws/install/enc_turtle_cpp/include/enc_turtle_cpp/msg/detail/encrypted_data__struct.h
[22.414s] -- Up-to-date symlink: /home/sangwon/ROS2_turtlesim_ws/install/enc_turtle_cpp/include/enc_turtle_cpp/msg/detail/encrypted_data__type_support.h
[22.415s] -- Up-to-date symlink: /home/sangwon/ROS2_turtlesim_ws/install/enc_turtle_cpp/include/enc_turtle_cpp/msg/encrypted_data.h
[22.415s] -- Up-to-date symlink: /home/sangwon/ROS2_turtlesim_ws/install/enc_turtle_cpp/include/enc_turtle_cpp/msg/rosidl_generator_c__visibility_control.h
[22.415s] -- Up-to-date symlink: /home/sangwon/ROS2_turtlesim_ws/install/enc_turtle_cpp/share/enc_turtle_cpp/environment/library_path.sh
[22.415s] -- Up-to-date symlink: /home/sangwon/ROS2_turtlesim_ws/install/enc_turtle_cpp/share/enc_turtle_cpp/environment/library_path.dsv
[22.416s] -- Up-to-date symlink: /home/sangwon/ROS2_turtlesim_ws/install/enc_turtle_cpp/include/enc_turtle_cpp/msg/detail/encrypted_data__rosidl_typesupport_fastrtps_c.h
[22.416s] -- Up-to-date symlink: /home/sangwon/ROS2_turtlesim_ws/install/enc_turtle_cpp/include/enc_turtle_cpp/msg/rosidl_typesupport_fastrtps_c__visibility_control.h
[22.416s] -- Up-to-date symlink: /home/sangwon/ROS2_turtlesim_ws/install/enc_turtle_cpp/lib/libenc_turtle_cpp__rosidl_typesupport_fastrtps_c.so
[22.417s] -- Up-to-date symlink: /home/sangwon/ROS2_turtlesim_ws/install/enc_turtle_cpp/include/enc_turtle_cpp/msg/detail/encrypted_data__rosidl_typesupport_fastrtps_cpp.hpp
[22.417s] -- Up-to-date symlink: /home/sangwon/ROS2_turtlesim_ws/install/enc_turtle_cpp/include/enc_turtle_cpp/msg/rosidl_typesupport_fastrtps_cpp__visibility_control.h
[22.417s] -- Up-to-date symlink: /home/sangwon/ROS2_turtlesim_ws/install/enc_turtle_cpp/lib/libenc_turtle_cpp__rosidl_typesupport_fastrtps_cpp.so
[22.418s] -- Up-to-date symlink: /home/sangwon/ROS2_turtlesim_ws/install/enc_turtle_cpp/include/enc_turtle_cpp/msg/detail/encrypted_data__rosidl_typesupport_introspection_c.h
[22.418s] -- Up-to-date symlink: /home/sangwon/ROS2_turtlesim_ws/install/enc_turtle_cpp/include/enc_turtle_cpp/msg/rosidl_typesupport_introspection_c__visibility_control.h
[22.418s] -- Up-to-date symlink: /home/sangwon/ROS2_turtlesim_ws/install/enc_turtle_cpp/include/enc_turtle_cpp/msg/detail/encrypted_data__builder.hpp
[22.418s] -- Up-to-date symlink: /home/sangwon/ROS2_turtlesim_ws/install/enc_turtle_cpp/include/enc_turtle_cpp/msg/detail/encrypted_data__struct.hpp
[22.419s] -- Up-to-date symlink: /home/sangwon/ROS2_turtlesim_ws/install/enc_turtle_cpp/include/enc_turtle_cpp/msg/detail/encrypted_data__traits.hpp
[22.419s] -- Up-to-date symlink: /home/sangwon/ROS2_turtlesim_ws/install/enc_turtle_cpp/include/enc_turtle_cpp/msg/detail/encrypted_data__type_support.hpp
[22.419s] -- Up-to-date symlink: /home/sangwon/ROS2_turtlesim_ws/install/enc_turtle_cpp/include/enc_turtle_cpp/msg/encrypted_data.hpp
[22.419s] -- Up-to-date symlink: /home/sangwon/ROS2_turtlesim_ws/install/enc_turtle_cpp/include/enc_turtle_cpp/msg/rosidl_generator_cpp__visibility_control.hpp
[22.419s] -- Up-to-date symlink: /home/sangwon/ROS2_turtlesim_ws/install/enc_turtle_cpp/include/enc_turtle_cpp/msg/detail/encrypted_data__rosidl_typesupport_introspection_cpp.hpp
[22.420s] -- Up-to-date symlink: /home/sangwon/ROS2_turtlesim_ws/install/enc_turtle_cpp/share/enc_turtle_cpp/environment/pythonpath.sh
[22.420s] -- Up-to-date symlink: /home/sangwon/ROS2_turtlesim_ws/install/enc_turtle_cpp/share/enc_turtle_cpp/environment/pythonpath.dsv
[22.420s] -- Up-to-date symlink: /home/sangwon/ROS2_turtlesim_ws/install/enc_turtle_cpp/lib/python3.8/site-packages/enc_turtle_cpp/__init__.py
[22.420s] -- Up-to-date symlink: /home/sangwon/ROS2_turtlesim_ws/install/enc_turtle_cpp/lib/python3.8/site-packages/enc_turtle_cpp/msg/__init__.py
[22.420s] -- Up-to-date symlink: /home/sangwon/ROS2_turtlesim_ws/install/enc_turtle_cpp/lib/python3.8/site-packages/enc_turtle_cpp/msg/_encrypted_data.py
[22.421s] -- Up-to-date symlink: /home/sangwon/ROS2_turtlesim_ws/install/enc_turtle_cpp/lib/python3.8/site-packages/enc_turtle_cpp/enc_turtle_cpp_s__rosidl_typesupport_fastrtps_c.cpython-38-x86_64-linux-gnu.so
[22.421s] -- Up-to-date symlink: /home/sangwon/ROS2_turtlesim_ws/install/enc_turtle_cpp/lib/python3.8/site-packages/enc_turtle_cpp/enc_turtle_cpp_s__rosidl_typesupport_introspection_c.cpython-38-x86_64-linux-gnu.so
[22.421s] -- Up-to-date symlink: /home/sangwon/ROS2_turtlesim_ws/install/enc_turtle_cpp/lib/python3.8/site-packages/enc_turtle_cpp/enc_turtle_cpp_s__rosidl_typesupport_c.cpython-38-x86_64-linux-gnu.so
[22.422s] -- Up-to-date symlink: /home/sangwon/ROS2_turtlesim_ws/install/enc_turtle_cpp/lib/libenc_turtle_cpp__python.so
[22.422s] -- Up-to-date symlink: /home/sangwon/ROS2_turtlesim_ws/install/enc_turtle_cpp/share/enc_turtle_cpp/msg/EncryptedData.idl
[22.422s] -- Up-to-date symlink: /home/sangwon/ROS2_turtlesim_ws/install/enc_turtle_cpp/share/enc_turtle_cpp/msg/EncryptedData.msg
[22.422s] -- Up-to-date symlink: /home/sangwon/ROS2_turtlesim_ws/install/enc_turtle_cpp/share/enc_turtle_cpp/launch/enc_turtle.launch.py
[22.423s] -- Up-to-date symlink: /home/sangwon/ROS2_turtlesim_ws/install/enc_turtle_cpp/share/enc_turtle_cpp/launch/enc_turtle_demo.launch.py
[22.423s] -- Up-to-date symlink: /home/sangwon/ROS2_turtlesim_ws/install/enc_turtle_cpp/share/enc_turtle_cpp/launch/turtle_demo.launch.py
[22.423s] -- Up-to-date symlink: /home/sangwon/ROS2_turtlesim_ws/install/enc_turtle_cpp/lib/enc_turtle_cpp/enc_turtle_plant
[22.423s] -- Up-to-date symlink: /home/sangwon/ROS2_turtlesim_ws/install/enc_turtle_cpp/lib/enc_turtle_cpp/enc_turtle_controller
[22.424s] -- Up-to-date symlink: /home/sangwon/ROS2_turtlesim_ws/install/enc_turtle_cpp/lib/enc_turtle_cpp/bgv_test
[22.424s] -- Up-to-date symlink: /home/sangwon/ROS2_turtlesim_ws/install/enc_turtle_cpp/share/ament_index/resource_index/package_run_dependencies/enc_turtle_cpp
[22.424s] -- Up-to-date symlink: /home/sangwon/ROS2_turtlesim_ws/install/enc_turtle_cpp/share/ament_index/resource_index/parent_prefix_path/enc_turtle_cpp
[22.424s] -- Up-to-date symlink: /home/sangwon/ROS2_turtlesim_ws/install/enc_turtle_cpp/share/enc_turtle_cpp/environment/ament_prefix_path.sh
[22.425s] -- Up-to-date symlink: /home/sangwon/ROS2_turtlesim_ws/install/enc_turtle_cpp/share/enc_turtle_cpp/environment/ament_prefix_path.dsv
[22.425s] -- Up-to-date symlink: /home/sangwon/ROS2_turtlesim_ws/install/enc_turtle_cpp/share/enc_turtle_cpp/environment/path.sh
[22.425s] -- Up-to-date symlink: /home/sangwon/ROS2_turtlesim_ws/install/enc_turtle_cpp/share/enc_turtle_cpp/environment/path.dsv
[22.425s] -- Up-to-date symlink: /home/sangwon/ROS2_turtlesim_ws/install/enc_turtle_cpp/share/enc_turtle_cpp/local_setup.bash
[22.426s] -- Up-to-date symlink: /home/sangwon/ROS2_turtlesim_ws/install/enc_turtle_cpp/share/enc_turtle_cpp/local_setup.sh
[22.426s] -- Up-to-date symlink: /home/sangwon/ROS2_turtlesim_ws/install/enc_turtle_cpp/share/enc_turtle_cpp/local_setup.zsh
[22.426s] -- Up-to-date symlink: /home/sangwon/ROS2_turtlesim_ws/install/enc_turtle_cpp/share/enc_turtle_cpp/local_setup.dsv
[22.426s] -- Symlinking: /home/sangwon/ROS2_turtlesim_ws/install/enc_turtle_cpp/share/enc_turtle_cpp/package.dsv
[22.436s] -- Up-to-date symlink: /home/sangwon/ROS2_turtlesim_ws/install/enc_turtle_cpp/share/ament_index/resource_index/packages/enc_turtle_cpp
[22.436s] -- Up-to-date symlink: /home/sangwon/ROS2_turtlesim_ws/install/enc_turtle_cpp/share/enc_turtle_cpp/cmake/rosidl_cmake-extras.cmake
[22.436s] -- Up-to-date symlink: /home/sangwon/ROS2_turtlesim_ws/install/enc_turtle_cpp/share/enc_turtle_cpp/cmake/ament_cmake_export_dependencies-extras.cmake
[22.436s] -- Up-to-date symlink: /home/sangwon/ROS2_turtlesim_ws/install/enc_turtle_cpp/share/enc_turtle_cpp/cmake/ament_cmake_export_libraries-extras.cmake
[22.437s] -- Up-to-date symlink: /home/sangwon/ROS2_turtlesim_ws/install/enc_turtle_cpp/share/enc_turtle_cpp/cmake/ament_cmake_export_targets-extras.cmake
[22.437s] -- Up-to-date symlink: /home/sangwon/ROS2_turtlesim_ws/install/enc_turtle_cpp/share/enc_turtle_cpp/cmake/ament_cmake_export_include_directories-extras.cmake
[22.437s] -- Up-to-date symlink: /home/sangwon/ROS2_turtlesim_ws/install/enc_turtle_cpp/share/enc_turtle_cpp/cmake/rosidl_cmake_export_typesupport_libraries-extras.cmake
[22.437s] -- Up-to-date symlink: /home/sangwon/ROS2_turtlesim_ws/install/enc_turtle_cpp/share/enc_turtle_cpp/cmake/rosidl_cmake_export_typesupport_targets-extras.cmake
[22.438s] -- Up-to-date symlink: /home/sangwon/ROS2_turtlesim_ws/install/enc_turtle_cpp/share/enc_turtle_cpp/cmake/enc_turtle_cppConfig.cmake
[22.438s] -- Up-to-date symlink: /home/sangwon/ROS2_turtlesim_ws/install/enc_turtle_cpp/share/enc_turtle_cpp/cmake/enc_turtle_cppConfig-version.cmake
[22.438s] -- Up-to-date symlink: /home/sangwon/ROS2_turtlesim_ws/install/enc_turtle_cpp/share/enc_turtle_cpp/package.xml
[22.438s] -- Up-to-date: /home/sangwon/ROS2_turtlesim_ws/install/enc_turtle_cpp/lib/libenc_turtle_cpp__rosidl_generator_c.so
[22.439s] -- Up-to-date: /home/sangwon/ROS2_turtlesim_ws/install/enc_turtle_cpp/lib/libenc_turtle_cpp__rosidl_typesupport_introspection_c.so
[22.439s] -- Up-to-date: /home/sangwon/ROS2_turtlesim_ws/install/enc_turtle_cpp/lib/libenc_turtle_cpp__rosidl_typesupport_c.so
[22.439s] -- Up-to-date: /home/sangwon/ROS2_turtlesim_ws/install/enc_turtle_cpp/lib/libenc_turtle_cpp__rosidl_typesupport_introspection_cpp.so
[22.440s] -- Up-to-date: /home/sangwon/ROS2_turtlesim_ws/install/enc_turtle_cpp/lib/libenc_turtle_cpp__rosidl_typesupport_cpp.so
[22.463s] -- Up-to-date: /home/sangwon/ROS2_turtlesim_ws/install/enc_turtle_cpp/share/enc_turtle_cpp/cmake/enc_turtle_cpp__rosidl_generator_cExport.cmake
[22.463s] -- Up-to-date: /home/sangwon/ROS2_turtlesim_ws/install/enc_turtle_cpp/share/enc_turtle_cpp/cmake/enc_turtle_cpp__rosidl_generator_cExport-noconfig.cmake
[22.463s] -- Up-to-date: /home/sangwon/ROS2_turtlesim_ws/install/enc_turtle_cpp/share/enc_turtle_cpp/cmake/enc_turtle_cpp__rosidl_typesupport_introspection_cExport.cmake
[22.463s] -- Up-to-date: /home/sangwon/ROS2_turtlesim_ws/install/enc_turtle_cpp/share/enc_turtle_cpp/cmake/enc_turtle_cpp__rosidl_typesupport_introspection_cExport-noconfig.cmake
[22.464s] -- Up-to-date: /home/sangwon/ROS2_turtlesim_ws/install/enc_turtle_cpp/share/enc_turtle_cpp/cmake/enc_turtle_cpp__rosidl_typesupport_cExport.cmake
[22.464s] -- Up-to-date: /home/sangwon/ROS2_turtlesim_ws/install/enc_turtle_cpp/share/enc_turtle_cpp/cmake/enc_turtle_cpp__rosidl_typesupport_cExport-noconfig.cmake
[22.464s] -- Up-to-date: /home/sangwon/ROS2_turtlesim_ws/install/enc_turtle_cpp/share/enc_turtle_cpp/cmake/enc_turtle_cpp__rosidl_generator_cppExport.cmake
[22.464s] -- Up-to-date: /home/sangwon/ROS2_turtlesim_ws/install/enc_turtle_cpp/share/enc_turtle_cpp/cmake/enc_turtle_cpp__rosidl_typesupport_introspection_cppExport.cmake
[22.464s] -- Up-to-date: /home/sangwon/ROS2_turtlesim_ws/install/enc_turtle_cpp/share/enc_turtle_cpp/cmake/enc_turtle_cpp__rosidl_typesupport_introspection_cppExport-noconfig.cmake
[22.464s] -- Up-to-date: /home/sangwon/ROS2_turtlesim_ws/install/enc_turtle_cpp/share/enc_turtle_cpp/cmake/enc_turtle_cpp__rosidl_typesupport_cppExport.cmake
[22.464s] -- Up-to-date: /home/sangwon/ROS2_turtlesim_ws/install/enc_turtle_cpp/share/enc_turtle_cpp/cmake/enc_turtle_cpp__rosidl_typesupport_cppExport-noconfig.cmake
[22.467s] Invoked command in '/home/sangwon/ROS2_turtlesim_ws/build/enc_turtle_cpp' returned '0': CMAKE_PREFIX_PATH=${CMAKE_PREFIX_PATH}:/opt/ros/foxy /usr/bin/cmake --install /home/sangwon/ROS2_turtlesim_ws/build/enc_turtle_cpp
